13-Mar-2018 10:28:13.062 SEVERE [main] org.apache.catalina.startup.Catalina.initDirs Cannot find specified temporary folder at [C:\Users\Devon\Documents\NetBeansProjects\Filehost\FSManager\conf\temp]
13-Mar-2018 10:28:13.795 INFO [main] org.apache.catalina.startup.VersionLoggerListener.log Server version:        Apache Tomcat/9.0.2
13-Mar-2018 10:28:13.795 INFO [main] org.apache.catalina.startup.VersionLoggerListener.log Server built:          Nov 25 2017 21:08:02 UTC
13-Mar-2018 10:28:13.796 INFO [main] org.apache.catalina.startup.VersionLoggerListener.log Server number:         9.0.2.0
13-Mar-2018 10:28:13.796 INFO [main] org.apache.catalina.startup.VersionLoggerListener.log OS Name:               Windows 10
13-Mar-2018 10:28:13.796 INFO [main] org.apache.catalina.startup.VersionLoggerListener.log OS Version:            10.0
13-Mar-2018 10:28:13.797 INFO [main] org.apache.catalina.startup.VersionLoggerListener.log Architecture:          amd64
13-Mar-2018 10:28:13.797 INFO [main] org.apache.catalina.startup.VersionLoggerListener.log Java Home:             C:\Program Files\Java\jdk1.8.0_144\jre
13-Mar-2018 10:28:13.797 INFO [main] org.apache.catalina.startup.VersionLoggerListener.log JVM Version:           1.8.0_144-b01
13-Mar-2018 10:28:13.797 INFO [main] org.apache.catalina.startup.VersionLoggerListener.log JVM Vendor:            Oracle Corporation
13-Mar-2018 10:28:13.798 INFO [main] org.apache.catalina.startup.VersionLoggerListener.log CATALINA_BASE:         C:\Users\Devon\Documents\NetBeansProjects\Filehost\FSManager\conf
13-Mar-2018 10:28:13.799 INFO [main] org.apache.catalina.startup.VersionLoggerListener.log CATALINA_HOME:         C:\Program Files\Apache Software Foundation\Tomcat 9.0
13-Mar-2018 10:28:13.799 INFO [main] org.apache.catalina.startup.VersionLoggerListener.log Command line argument: -Djava.util.logging.config.file=C:\Users\Devon\Documents\NetBeansProjects\Filehost\FSManager\conf\conf\logging.properties
13-Mar-2018 10:28:13.799 INFO [main] org.apache.catalina.startup.VersionLoggerListener.log Command line argument: -Djava.util.logging.manager=org.apache.juli.ClassLoaderLogManager
13-Mar-2018 10:28:13.799 INFO [main] org.apache.catalina.startup.VersionLoggerListener.log Command line argument: -Dhttp.nonProxyHosts=localhost|127.0.0.1|Devon-Laptop
13-Mar-2018 10:28:13.800 INFO [main] org.apache.catalina.startup.VersionLoggerListener.log Command line argument: -Djdk.tls.ephemeralDHKeySize=2048
13-Mar-2018 10:28:13.800 INFO [main] org.apache.catalina.startup.VersionLoggerListener.log Command line argument: -Djava.protocol.handler.pkgs=org.apache.catalina.webresources
13-Mar-2018 10:28:13.800 INFO [main] org.apache.catalina.startup.VersionLoggerListener.log Command line argument: -Dignore.endorsed.dirs=
13-Mar-2018 10:28:13.803 INFO [main] org.apache.catalina.startup.VersionLoggerListener.log Command line argument: -Dcatalina.base=C:\Users\Devon\Documents\NetBeansProjects\Filehost\FSManager\conf
13-Mar-2018 10:28:13.803 INFO [main] org.apache.catalina.startup.VersionLoggerListener.log Command line argument: -Dcatalina.home=C:\Program Files\Apache Software Foundation\Tomcat 9.0
13-Mar-2018 10:28:13.803 INFO [main] org.apache.catalina.startup.VersionLoggerListener.log Command line argument: -Djava.io.tmpdir=C:\Users\Devon\Documents\NetBeansProjects\Filehost\FSManager\conf\temp
13-Mar-2018 10:28:13.803 INFO [main] org.apache.catalina.core.AprLifecycleListener.lifecycleEvent The APR based Apache Tomcat Native library which allows optimal performance in production environments was not found on the java.library.path: [C:\Program Files\Java\jdk1.8.0_144\bin;C:\WINDOWS\Sun\Java\bin;C:\WINDOWS\system32;C:\WINDOWS;C:\ProgramData\Oracle\Java\javapath;C:\Program Files (x86)\Intel\iCLS Client\;C:\Program Files\Intel\iCLS Client\;C:\WINDOWS\system32;C:\WINDOWS;C:\WINDOWS\System32\Wbem;C:\WINDOWS\System32\WindowsPowerShell\v1.0\;C:\Program Files\Intel\Intel(R) Management Engine Components\DAL;C:\Program Files (x86)\Intel\Intel(R) Management Engine Components\DAL;C:\Program Files\Intel\Intel(R) Management Engine Components\IPT;C:\Program Files (x86)\Intel\Intel(R) Management Engine Components\IPT;C:\Program Files (x86)\pgmodeler;C:\Program Files\Java\jdk1.8.0_144\bin;C:\Program Files (x86)\NVIDIA Corporation\PhysX\Common;C:\WINDOWS\system32;C:\WINDOWS;C:\WINDOWS\System32\Wbem;C:\WINDOWS\System32\WindowsPowerShell\v1.0\;C:\Users\Devon\.dnx\bin;C:\Program Files\Microsoft DNX\Dnvm\;C:\Program Files\Microsoft SQL Server\120\Tools\Binn\;C:\Program Files\Microsoft SQL Server\130\Tools\Binn\;C:\Program Files\MySQL\MySQL Utilities 1.6\;C:\Program Files\Git\cmd;C:\Program Files (x86)\Skype\Phone\;C:\CooCox\CoIDE_V2Beta\gcc\bin;C:\CooCox\CoIDE_V2Beta\bin;C:\Program Files\dotnet\;C:\Program Files\nodejs\;C:\Users\Devon\AppData\Local\Microsoft\WindowsApps;C:\Users\Devon\AppData\Local\GitHubDesktop\bin;C:\Program Files\Microsoft VS Code\bin;C:\Users\Devon\AppData\Roaming\npm;.]
13-Mar-2018 10:28:14.080 INFO [main] org.apache.coyote.AbstractProtocol.init Initializing ProtocolHandler ["http-nio-8080"]
13-Mar-2018 10:28:14.376 INFO [main] org.apache.tomcat.util.net.NioSelectorPool.getSharedSelector Using a shared selector for servlet write/read
13-Mar-2018 10:28:14.384 INFO [main] org.apache.coyote.AbstractProtocol.init Initializing ProtocolHandler ["ajp-nio-8009"]
13-Mar-2018 10:28:14.387 INFO [main] org.apache.tomcat.util.net.NioSelectorPool.getSharedSelector Using a shared selector for servlet write/read
13-Mar-2018 10:28:14.387 INFO [main] org.apache.catalina.startup.Catalina.load Initialization processed in 1326 ms
13-Mar-2018 10:28:14.429 INFO [main] org.apache.catalina.core.StandardService.startInternal Starting service [Catalina]
13-Mar-2018 10:28:14.430 INFO [main] org.apache.catalina.core.StandardEngine.startInternal Starting Servlet Engine: Apache Tomcat/9.0.2
13-Mar-2018 10:28:14.441 INFO [main] org.apache.catalina.startup.HostConfig.deployDescriptor Deploying configuration descriptor [C:\Users\Devon\Documents\NetBeansProjects\Filehost\FSManager\conf\conf\Catalina\localhost\FSManager.xml]
13-Mar-2018 10:28:15.531 INFO [main] org.apache.jasper.servlet.TldScanner.scanJars At least one JAR was scanned for TLDs yet contained no TLDs. Enable debug logging for this logger for a complete list of JARs that were scanned but no TLDs were found in them. Skipping unneeded JARs during scanning can improve startup time and JSP compilation time.
13-Mar-2018 10:28:15.611 SEVERE [main] org.apache.catalina.core.StandardContext.startInternal One or more listeners failed to start. Full details will be found in the appropriate container log file
13-Mar-2018 10:28:15.613 SEVERE [main] org.apache.catalina.core.StandardContext.startInternal Context [/FSManager] startup failed due to previous errors
13-Mar-2018 10:28:15.648 INFO [main] org.apache.catalina.startup.HostConfig.deployDescriptor Deployment of configuration descriptor [C:\Users\Devon\Documents\NetBeansProjects\Filehost\FSManager\conf\conf\Catalina\localhost\FSManager.xml] has finished in [1,205] ms
13-Mar-2018 10:28:15.650 INFO [main] org.apache.catalina.startup.HostConfig.deployDescriptor Deploying configuration descriptor [C:\Users\Devon\Documents\NetBeansProjects\Filehost\FSManager\conf\conf\Catalina\localhost\manager.xml]
13-Mar-2018 10:28:16.355 INFO [main] org.apache.catalina.startup.HostConfig.deployDescriptor Deployment of configuration descriptor [C:\Users\Devon\Documents\NetBeansProjects\Filehost\FSManager\conf\conf\Catalina\localhost\manager.xml] has finished in [704] ms
13-Mar-2018 10:28:16.355 INFO [main] org.apache.catalina.startup.HostConfig.deployDescriptor Deploying configuration descriptor [C:\Users\Devon\Documents\NetBeansProjects\Filehost\FSManager\conf\conf\Catalina\localhost\ROOT.xml]
13-Mar-2018 10:28:17.070 INFO [main] org.apache.catalina.startup.HostConfig.deployDescriptor Deployment of configuration descriptor [C:\Users\Devon\Documents\NetBeansProjects\Filehost\FSManager\conf\conf\Catalina\localhost\ROOT.xml] has finished in [714] ms
13-Mar-2018 10:28:17.075 INFO [main] org.apache.coyote.AbstractProtocol.start Starting ProtocolHandler ["http-nio-8080"]
13-Mar-2018 10:28:17.088 INFO [main] org.apache.coyote.AbstractProtocol.start Starting ProtocolHandler ["ajp-nio-8009"]
13-Mar-2018 10:28:17.093 INFO [main] org.apache.catalina.startup.Catalina.start Server startup in 2705 ms
13-Mar-2018 10:28:22.378 INFO [http-nio-8080-exec-9] org.apache.catalina.startup.HostConfig.undeploy Undeploying context []
13-Mar-2018 10:28:22.417 INFO [http-nio-8080-exec-4] org.apache.catalina.startup.HostConfig.deployDescriptor Deploying configuration descriptor [C:\Users\Devon\Documents\NetBeansProjects\Filehost\FSManager\conf\conf\Catalina\localhost\ROOT.xml]
13-Mar-2018 10:28:22.701 INFO [http-nio-8080-exec-4] org.apache.catalina.startup.HostConfig.deployDescriptor Deployment of configuration descriptor [C:\Users\Devon\Documents\NetBeansProjects\Filehost\FSManager\conf\conf\Catalina\localhost\ROOT.xml] has finished in [284] ms
13-Mar-2018 10:28:22.706 INFO [http-nio-8080-exec-2] org.apache.catalina.util.LifecycleBase.start The start() method was called on component [StandardEngine[Catalina].StandardHost[localhost].StandardContext[]] after start() had already been called. The second call will be ignored.
13-Mar-2018 10:34:23.820 INFO [http-nio-8080-exec-18] org.apache.catalina.core.StandardContext.reload Reloading Context with name [] has started
13-Mar-2018 10:34:24.114 INFO [http-nio-8080-exec-18] org.apache.catalina.core.StandardContext.reload Reloading Context with name [] is completed
13-Mar-2018 10:37:58.577 INFO [http-nio-8080-exec-28] org.apache.catalina.core.StandardContext.reload Reloading Context with name [] has started
13-Mar-2018 10:37:58.823 INFO [http-nio-8080-exec-28] org.apache.catalina.core.StandardContext.reload Reloading Context with name [] is completed
13-Mar-2018 10:44:21.434 INFO [http-nio-8080-exec-35] org.apache.catalina.core.StandardContext.reload Reloading Context with name [] has started
13-Mar-2018 10:44:21.766 INFO [http-nio-8080-exec-35] org.apache.catalina.core.StandardContext.reload Reloading Context with name [] is completed
13-Mar-2018 10:44:28.506 INFO [http-nio-8080-exec-38] org.apache.catalina.core.StandardContext.reload Reloading Context with name [] has started
13-Mar-2018 10:44:28.716 INFO [http-nio-8080-exec-38] org.apache.catalina.core.StandardContext.reload Reloading Context with name [] is completed
13-Mar-2018 10:46:22.586 INFO [http-nio-8080-exec-39] org.apache.catalina.core.StandardContext.reload Reloading Context with name [] has started
13-Mar-2018 10:46:22.810 INFO [http-nio-8080-exec-39] org.apache.catalina.core.StandardContext.reload Reloading Context with name [] is completed
13-Mar-2018 10:47:13.831 INFO [main] org.apache.catalina.core.StandardServer.await A valid shutdown command was received via the shutdown port. Stopping the Server instance.
13-Mar-2018 10:47:13.831 INFO [main] org.apache.coyote.AbstractProtocol.pause Pausing ProtocolHandler ["http-nio-8080"]
13-Mar-2018 10:47:13.980 INFO [main] org.apache.coyote.AbstractProtocol.pause Pausing ProtocolHandler ["ajp-nio-8009"]
13-Mar-2018 10:47:14.123 INFO [main] org.apache.catalina.core.StandardService.stopInternal Stopping service [Catalina]
13-Mar-2018 10:47:14.136 INFO [main] org.apache.coyote.AbstractProtocol.stop Stopping ProtocolHandler ["http-nio-8080"]
13-Mar-2018 10:47:14.139 INFO [main] org.apache.coyote.AbstractProtocol.stop Stopping ProtocolHandler ["ajp-nio-8009"]
13-Mar-2018 10:47:14.141 INFO [main] org.apache.coyote.AbstractProtocol.destroy Destroying ProtocolHandler ["http-nio-8080"]
13-Mar-2018 10:47:14.143 INFO [main] org.apache.coyote.AbstractProtocol.destroy Destroying ProtocolHandler ["ajp-nio-8009"]
