06-Mar-2018 18:02:02.081 SEVERE [main] org.apache.catalina.startup.Catalina.initDirs Cannot find specified temporary folder at [C:\Users\Devon\Documents\NetBeansProjects\Filehost\FSManager\conf\temp]
06-Mar-2018 18:02:02.605 INFO [main] org.apache.catalina.startup.VersionLoggerListener.log Server version:        Apache Tomcat/9.0.2
06-Mar-2018 18:02:02.606 INFO [main] org.apache.catalina.startup.VersionLoggerListener.log Server built:          Nov 25 2017 21:08:02 UTC
06-Mar-2018 18:02:02.606 INFO [main] org.apache.catalina.startup.VersionLoggerListener.log Server number:         9.0.2.0
06-Mar-2018 18:02:02.606 INFO [main] org.apache.catalina.startup.VersionLoggerListener.log OS Name:               Windows 10
06-Mar-2018 18:02:02.606 INFO [main] org.apache.catalina.startup.VersionLoggerListener.log OS Version:            10.0
06-Mar-2018 18:02:02.606 INFO [main] org.apache.catalina.startup.VersionLoggerListener.log Architecture:          amd64
06-Mar-2018 18:02:02.606 INFO [main] org.apache.catalina.startup.VersionLoggerListener.log Java Home:             C:\Program Files\Java\jdk1.8.0_144\jre
06-Mar-2018 18:02:02.606 INFO [main] org.apache.catalina.startup.VersionLoggerListener.log JVM Version:           1.8.0_144-b01
06-Mar-2018 18:02:02.607 INFO [main] org.apache.catalina.startup.VersionLoggerListener.log JVM Vendor:            Oracle Corporation
06-Mar-2018 18:02:02.607 INFO [main] org.apache.catalina.startup.VersionLoggerListener.log CATALINA_BASE:         C:\Users\Devon\Documents\NetBeansProjects\Filehost\FSManager\conf
06-Mar-2018 18:02:02.607 INFO [main] org.apache.catalina.startup.VersionLoggerListener.log CATALINA_HOME:         C:\Program Files\Apache Software Foundation\Tomcat 9.0
06-Mar-2018 18:02:02.607 INFO [main] org.apache.catalina.startup.VersionLoggerListener.log Command line argument: -Djava.util.logging.config.file=C:\Users\Devon\Documents\NetBeansProjects\Filehost\FSManager\conf\conf\logging.properties
06-Mar-2018 18:02:02.608 INFO [main] org.apache.catalina.startup.VersionLoggerListener.log Command line argument: -Djava.util.logging.manager=org.apache.juli.ClassLoaderLogManager
06-Mar-2018 18:02:02.608 INFO [main] org.apache.catalina.startup.VersionLoggerListener.log Command line argument: -Dhttp.nonProxyHosts=localhost|127.0.0.1|Devon-Laptop
06-Mar-2018 18:02:02.608 INFO [main] org.apache.catalina.startup.VersionLoggerListener.log Command line argument: -Djdk.tls.ephemeralDHKeySize=2048
06-Mar-2018 18:02:02.608 INFO [main] org.apache.catalina.startup.VersionLoggerListener.log Command line argument: -Djava.protocol.handler.pkgs=org.apache.catalina.webresources
06-Mar-2018 18:02:02.608 INFO [main] org.apache.catalina.startup.VersionLoggerListener.log Command line argument: -Dignore.endorsed.dirs=
06-Mar-2018 18:02:02.611 INFO [main] org.apache.catalina.startup.VersionLoggerListener.log Command line argument: -Dcatalina.base=C:\Users\Devon\Documents\NetBeansProjects\Filehost\FSManager\conf
06-Mar-2018 18:02:02.611 INFO [main] org.apache.catalina.startup.VersionLoggerListener.log Command line argument: -Dcatalina.home=C:\Program Files\Apache Software Foundation\Tomcat 9.0
06-Mar-2018 18:02:02.611 INFO [main] org.apache.catalina.startup.VersionLoggerListener.log Command line argument: -Djava.io.tmpdir=C:\Users\Devon\Documents\NetBeansProjects\Filehost\FSManager\conf\temp
06-Mar-2018 18:02:02.611 INFO [main] org.apache.catalina.core.AprLifecycleListener.lifecycleEvent The APR based Apache Tomcat Native library which allows optimal performance in production environments was not found on the java.library.path: [C:\Program Files\Java\jdk1.8.0_144\bin;C:\WINDOWS\Sun\Java\bin;C:\WINDOWS\system32;C:\WINDOWS;C:\ProgramData\Oracle\Java\javapath;C:\Program Files (x86)\Intel\iCLS Client\;C:\Program Files\Intel\iCLS Client\;C:\WINDOWS\system32;C:\WINDOWS;C:\WINDOWS\System32\Wbem;C:\WINDOWS\System32\WindowsPowerShell\v1.0\;C:\Program Files\Intel\Intel(R) Management Engine Components\DAL;C:\Program Files (x86)\Intel\Intel(R) Management Engine Components\DAL;C:\Program Files\Intel\Intel(R) Management Engine Components\IPT;C:\Program Files (x86)\Intel\Intel(R) Management Engine Components\IPT;C:\Program Files (x86)\pgmodeler;C:\Program Files\Java\jdk1.8.0_144\bin;C:\Program Files (x86)\NVIDIA Corporation\PhysX\Common;C:\WINDOWS\system32;C:\WINDOWS;C:\WINDOWS\System32\Wbem;C:\WINDOWS\System32\WindowsPowerShell\v1.0\;C:\Users\Devon\.dnx\bin;C:\Program Files\Microsoft DNX\Dnvm\;C:\Program Files\Microsoft SQL Server\120\Tools\Binn\;C:\Program Files\Microsoft SQL Server\130\Tools\Binn\;C:\Program Files\MySQL\MySQL Utilities 1.6\;C:\Program Files\Git\cmd;C:\Program Files (x86)\Skype\Phone\;C:\CooCox\CoIDE_V2Beta\gcc\bin;C:\CooCox\CoIDE_V2Beta\bin;C:\Program Files\dotnet\;C:\Program Files\nodejs\;C:\Users\Devon\AppData\Local\Microsoft\WindowsApps;C:\Users\Devon\AppData\Local\GitHubDesktop\bin;C:\Program Files\Microsoft VS Code\bin;C:\Users\Devon\AppData\Roaming\npm;.]
06-Mar-2018 18:02:02.808 INFO [main] org.apache.coyote.AbstractProtocol.init Initializing ProtocolHandler ["http-nio-8080"]
06-Mar-2018 18:02:02.957 INFO [main] org.apache.tomcat.util.net.NioSelectorPool.getSharedSelector Using a shared selector for servlet write/read
06-Mar-2018 18:02:02.964 INFO [main] org.apache.coyote.AbstractProtocol.init Initializing ProtocolHandler ["ajp-nio-8009"]
06-Mar-2018 18:02:02.966 INFO [main] org.apache.tomcat.util.net.NioSelectorPool.getSharedSelector Using a shared selector for servlet write/read
06-Mar-2018 18:02:02.966 INFO [main] org.apache.catalina.startup.Catalina.load Initialization processed in 886 ms
06-Mar-2018 18:02:03.020 INFO [main] org.apache.catalina.core.StandardService.startInternal Starting service [Catalina]
06-Mar-2018 18:02:03.020 INFO [main] org.apache.catalina.core.StandardEngine.startInternal Starting Servlet Engine: Apache Tomcat/9.0.2
06-Mar-2018 18:02:03.032 INFO [main] org.apache.catalina.startup.HostConfig.deployDescriptor Deploying configuration descriptor [C:\Users\Devon\Documents\NetBeansProjects\Filehost\FSManager\conf\conf\Catalina\localhost\FSManager.xml]
06-Mar-2018 18:02:03.971 INFO [main] org.apache.catalina.startup.HostConfig.deployDescriptor Deployment of configuration descriptor [C:\Users\Devon\Documents\NetBeansProjects\Filehost\FSManager\conf\conf\Catalina\localhost\FSManager.xml] has finished in [938] ms
06-Mar-2018 18:02:03.971 INFO [main] org.apache.catalina.startup.HostConfig.deployDescriptor Deploying configuration descriptor [C:\Users\Devon\Documents\NetBeansProjects\Filehost\FSManager\conf\conf\Catalina\localhost\manager.xml]
06-Mar-2018 18:02:04.044 INFO [main] org.apache.catalina.startup.HostConfig.deployDescriptor Deployment of configuration descriptor [C:\Users\Devon\Documents\NetBeansProjects\Filehost\FSManager\conf\conf\Catalina\localhost\manager.xml] has finished in [73] ms
06-Mar-2018 18:02:04.044 INFO [main] org.apache.catalina.startup.HostConfig.deployDescriptor Deploying configuration descriptor [C:\Users\Devon\Documents\NetBeansProjects\Filehost\FSManager\conf\conf\Catalina\localhost\ROOT.xml]
06-Mar-2018 18:02:04.046 WARNING [main] org.apache.catalina.core.StandardContext.setPath A context path must either be an empty string or start with a '/' and do not end with a '/'. The path [/] does not meet these criteria and has been changed to []
06-Mar-2018 18:02:04.487 INFO [main] org.apache.jasper.servlet.TldScanner.scanJars At least one JAR was scanned for TLDs yet contained no TLDs. Enable debug logging for this logger for a complete list of JARs that were scanned but no TLDs were found in them. Skipping unneeded JARs during scanning can improve startup time and JSP compilation time.
06-Mar-2018 18:02:04.490 INFO [main] org.apache.catalina.startup.HostConfig.deployDescriptor Deployment of configuration descriptor [C:\Users\Devon\Documents\NetBeansProjects\Filehost\FSManager\conf\conf\Catalina\localhost\ROOT.xml] has finished in [446] ms
06-Mar-2018 18:02:04.492 INFO [main] org.apache.coyote.AbstractProtocol.start Starting ProtocolHandler ["http-nio-8080"]
06-Mar-2018 18:02:04.507 INFO [main] org.apache.coyote.AbstractProtocol.start Starting ProtocolHandler ["ajp-nio-8009"]
06-Mar-2018 18:02:04.510 INFO [main] org.apache.catalina.startup.Catalina.start Server startup in 1543 ms
06-Mar-2018 18:02:24.708 INFO [main] org.apache.catalina.core.StandardServer.await A valid shutdown command was received via the shutdown port. Stopping the Server instance.
06-Mar-2018 18:02:24.709 INFO [main] org.apache.coyote.AbstractProtocol.pause Pausing ProtocolHandler ["http-nio-8080"]
06-Mar-2018 18:02:24.862 INFO [main] org.apache.coyote.AbstractProtocol.pause Pausing ProtocolHandler ["ajp-nio-8009"]
06-Mar-2018 18:02:25.092 INFO [main] org.apache.catalina.core.StandardService.stopInternal Stopping service [Catalina]
06-Mar-2018 18:02:25.113 INFO [main] org.apache.coyote.AbstractProtocol.stop Stopping ProtocolHandler ["http-nio-8080"]
06-Mar-2018 18:02:25.116 INFO [main] org.apache.coyote.AbstractProtocol.stop Stopping ProtocolHandler ["ajp-nio-8009"]
06-Mar-2018 18:02:25.119 INFO [main] org.apache.coyote.AbstractProtocol.destroy Destroying ProtocolHandler ["http-nio-8080"]
06-Mar-2018 18:02:25.121 INFO [main] org.apache.coyote.AbstractProtocol.destroy Destroying ProtocolHandler ["ajp-nio-8009"]
06-Mar-2018 18:03:35.739 SEVERE [main] org.apache.catalina.startup.Catalina.initDirs Cannot find specified temporary folder at [C:\Users\Devon\Documents\NetBeansProjects\Filehost\FSManager\conf\temp]
06-Mar-2018 18:03:36.258 INFO [main] org.apache.catalina.startup.VersionLoggerListener.log Server version:        Apache Tomcat/9.0.2
06-Mar-2018 18:03:36.259 INFO [main] org.apache.catalina.startup.VersionLoggerListener.log Server built:          Nov 25 2017 21:08:02 UTC
06-Mar-2018 18:03:36.259 INFO [main] org.apache.catalina.startup.VersionLoggerListener.log Server number:         9.0.2.0
06-Mar-2018 18:03:36.259 INFO [main] org.apache.catalina.startup.VersionLoggerListener.log OS Name:               Windows 10
06-Mar-2018 18:03:36.259 INFO [main] org.apache.catalina.startup.VersionLoggerListener.log OS Version:            10.0
06-Mar-2018 18:03:36.259 INFO [main] org.apache.catalina.startup.VersionLoggerListener.log Architecture:          amd64
06-Mar-2018 18:03:36.259 INFO [main] org.apache.catalina.startup.VersionLoggerListener.log Java Home:             C:\Program Files\Java\jdk1.8.0_144\jre
06-Mar-2018 18:03:36.259 INFO [main] org.apache.catalina.startup.VersionLoggerListener.log JVM Version:           1.8.0_144-b01
06-Mar-2018 18:03:36.260 INFO [main] org.apache.catalina.startup.VersionLoggerListener.log JVM Vendor:            Oracle Corporation
06-Mar-2018 18:03:36.260 INFO [main] org.apache.catalina.startup.VersionLoggerListener.log CATALINA_BASE:         C:\Users\Devon\Documents\NetBeansProjects\Filehost\FSManager\conf
06-Mar-2018 18:03:36.260 INFO [main] org.apache.catalina.startup.VersionLoggerListener.log CATALINA_HOME:         C:\Program Files\Apache Software Foundation\Tomcat 9.0
06-Mar-2018 18:03:36.260 INFO [main] org.apache.catalina.startup.VersionLoggerListener.log Command line argument: -Djava.util.logging.config.file=C:\Users\Devon\Documents\NetBeansProjects\Filehost\FSManager\conf\conf\logging.properties
06-Mar-2018 18:03:36.260 INFO [main] org.apache.catalina.startup.VersionLoggerListener.log Command line argument: -Djava.util.logging.manager=org.apache.juli.ClassLoaderLogManager
06-Mar-2018 18:03:36.260 INFO [main] org.apache.catalina.startup.VersionLoggerListener.log Command line argument: -Dhttp.nonProxyHosts=localhost|127.0.0.1|Devon-Laptop
06-Mar-2018 18:03:36.260 INFO [main] org.apache.catalina.startup.VersionLoggerListener.log Command line argument: -Djdk.tls.ephemeralDHKeySize=2048
06-Mar-2018 18:03:36.261 INFO [main] org.apache.catalina.startup.VersionLoggerListener.log Command line argument: -Djava.protocol.handler.pkgs=org.apache.catalina.webresources
06-Mar-2018 18:03:36.261 INFO [main] org.apache.catalina.startup.VersionLoggerListener.log Command line argument: -Dignore.endorsed.dirs=
06-Mar-2018 18:03:36.261 INFO [main] org.apache.catalina.startup.VersionLoggerListener.log Command line argument: -Dcatalina.base=C:\Users\Devon\Documents\NetBeansProjects\Filehost\FSManager\conf
06-Mar-2018 18:03:36.261 INFO [main] org.apache.catalina.startup.VersionLoggerListener.log Command line argument: -Dcatalina.home=C:\Program Files\Apache Software Foundation\Tomcat 9.0
06-Mar-2018 18:03:36.261 INFO [main] org.apache.catalina.startup.VersionLoggerListener.log Command line argument: -Djava.io.tmpdir=C:\Users\Devon\Documents\NetBeansProjects\Filehost\FSManager\conf\temp
06-Mar-2018 18:03:36.261 INFO [main] org.apache.catalina.core.AprLifecycleListener.lifecycleEvent The APR based Apache Tomcat Native library which allows optimal performance in production environments was not found on the java.library.path: [C:\Program Files\Java\jdk1.8.0_144\bin;C:\WINDOWS\Sun\Java\bin;C:\WINDOWS\system32;C:\WINDOWS;C:\ProgramData\Oracle\Java\javapath;C:\Program Files (x86)\Intel\iCLS Client\;C:\Program Files\Intel\iCLS Client\;C:\WINDOWS\system32;C:\WINDOWS;C:\WINDOWS\System32\Wbem;C:\WINDOWS\System32\WindowsPowerShell\v1.0\;C:\Program Files\Intel\Intel(R) Management Engine Components\DAL;C:\Program Files (x86)\Intel\Intel(R) Management Engine Components\DAL;C:\Program Files\Intel\Intel(R) Management Engine Components\IPT;C:\Program Files (x86)\Intel\Intel(R) Management Engine Components\IPT;C:\Program Files (x86)\pgmodeler;C:\Program Files\Java\jdk1.8.0_144\bin;C:\Program Files (x86)\NVIDIA Corporation\PhysX\Common;C:\WINDOWS\system32;C:\WINDOWS;C:\WINDOWS\System32\Wbem;C:\WINDOWS\System32\WindowsPowerShell\v1.0\;C:\Users\Devon\.dnx\bin;C:\Program Files\Microsoft DNX\Dnvm\;C:\Program Files\Microsoft SQL Server\120\Tools\Binn\;C:\Program Files\Microsoft SQL Server\130\Tools\Binn\;C:\Program Files\MySQL\MySQL Utilities 1.6\;C:\Program Files\Git\cmd;C:\Program Files (x86)\Skype\Phone\;C:\CooCox\CoIDE_V2Beta\gcc\bin;C:\CooCox\CoIDE_V2Beta\bin;C:\Program Files\dotnet\;C:\Program Files\nodejs\;C:\Users\Devon\AppData\Local\Microsoft\WindowsApps;C:\Users\Devon\AppData\Local\GitHubDesktop\bin;C:\Program Files\Microsoft VS Code\bin;C:\Users\Devon\AppData\Roaming\npm;.]
06-Mar-2018 18:03:36.439 INFO [main] org.apache.coyote.AbstractProtocol.init Initializing ProtocolHandler ["http-nio-8080"]
06-Mar-2018 18:03:36.597 INFO [main] org.apache.tomcat.util.net.NioSelectorPool.getSharedSelector Using a shared selector for servlet write/read
06-Mar-2018 18:03:36.602 INFO [main] org.apache.coyote.AbstractProtocol.init Initializing ProtocolHandler ["ajp-nio-8009"]
06-Mar-2018 18:03:36.604 INFO [main] org.apache.tomcat.util.net.NioSelectorPool.getSharedSelector Using a shared selector for servlet write/read
06-Mar-2018 18:03:36.604 INFO [main] org.apache.catalina.startup.Catalina.load Initialization processed in 866 ms
06-Mar-2018 18:03:36.634 INFO [main] org.apache.catalina.core.StandardService.startInternal Starting service [Catalina]
06-Mar-2018 18:03:36.634 INFO [main] org.apache.catalina.core.StandardEngine.startInternal Starting Servlet Engine: Apache Tomcat/9.0.2
06-Mar-2018 18:03:36.644 INFO [main] org.apache.catalina.startup.HostConfig.deployDescriptor Deploying configuration descriptor [C:\Users\Devon\Documents\NetBeansProjects\Filehost\FSManager\conf\conf\Catalina\localhost\FSManager.xml]
06-Mar-2018 18:03:37.070 INFO [main] org.apache.catalina.startup.HostConfig.deployDescriptor Deployment of configuration descriptor [C:\Users\Devon\Documents\NetBeansProjects\Filehost\FSManager\conf\conf\Catalina\localhost\FSManager.xml] has finished in [426] ms
06-Mar-2018 18:03:37.070 INFO [main] org.apache.catalina.startup.HostConfig.deployDescriptor Deploying configuration descriptor [C:\Users\Devon\Documents\NetBeansProjects\Filehost\FSManager\conf\conf\Catalina\localhost\manager.xml]
06-Mar-2018 18:03:37.117 INFO [main] org.apache.catalina.startup.HostConfig.deployDescriptor Deployment of configuration descriptor [C:\Users\Devon\Documents\NetBeansProjects\Filehost\FSManager\conf\conf\Catalina\localhost\manager.xml] has finished in [47] ms
06-Mar-2018 18:03:37.117 INFO [main] org.apache.catalina.startup.HostConfig.deployDescriptor Deploying configuration descriptor [C:\Users\Devon\Documents\NetBeansProjects\Filehost\FSManager\conf\conf\Catalina\localhost\ROOT.xml]
06-Mar-2018 18:03:37.119 WARNING [main] org.apache.catalina.core.StandardContext.setPath A context path must either be an empty string or start with a '/' and do not end with a '/'. The path [/] does not meet these criteria and has been changed to []
06-Mar-2018 18:03:37.441 INFO [main] org.apache.jasper.servlet.TldScanner.scanJars At least one JAR was scanned for TLDs yet contained no TLDs. Enable debug logging for this logger for a complete list of JARs that were scanned but no TLDs were found in them. Skipping unneeded JARs during scanning can improve startup time and JSP compilation time.
06-Mar-2018 18:03:37.445 INFO [main] org.apache.catalina.startup.HostConfig.deployDescriptor Deployment of configuration descriptor [C:\Users\Devon\Documents\NetBeansProjects\Filehost\FSManager\conf\conf\Catalina\localhost\ROOT.xml] has finished in [328] ms
06-Mar-2018 18:03:37.448 INFO [main] org.apache.coyote.AbstractProtocol.start Starting ProtocolHandler ["http-nio-8080"]
06-Mar-2018 18:03:37.460 INFO [main] org.apache.coyote.AbstractProtocol.start Starting ProtocolHandler ["ajp-nio-8009"]
06-Mar-2018 18:03:37.465 INFO [main] org.apache.catalina.startup.Catalina.start Server startup in 860 ms
06-Mar-2018 18:03:38.032 INFO [http-nio-8080-exec-6] org.apache.catalina.core.StandardContext.reload Reloading Context with name [/FSManager] has started
06-Mar-2018 18:03:38.085 INFO [http-nio-8080-exec-6] org.apache.catalina.core.StandardContext.reload Reloading Context with name [/FSManager] is completed
06-Mar-2018 18:04:01.051 INFO [main] org.apache.catalina.core.StandardServer.await A valid shutdown command was received via the shutdown port. Stopping the Server instance.
06-Mar-2018 18:04:01.052 INFO [main] org.apache.coyote.AbstractProtocol.pause Pausing ProtocolHandler ["http-nio-8080"]
06-Mar-2018 18:04:01.211 INFO [main] org.apache.coyote.AbstractProtocol.pause Pausing ProtocolHandler ["ajp-nio-8009"]
06-Mar-2018 18:04:01.353 INFO [main] org.apache.catalina.core.StandardService.stopInternal Stopping service [Catalina]
06-Mar-2018 18:04:01.368 INFO [main] org.apache.coyote.AbstractProtocol.stop Stopping ProtocolHandler ["http-nio-8080"]
06-Mar-2018 18:04:01.370 INFO [main] org.apache.coyote.AbstractProtocol.stop Stopping ProtocolHandler ["ajp-nio-8009"]
06-Mar-2018 18:04:01.372 INFO [main] org.apache.coyote.AbstractProtocol.destroy Destroying ProtocolHandler ["http-nio-8080"]
06-Mar-2018 18:04:01.373 INFO [main] org.apache.coyote.AbstractProtocol.destroy Destroying ProtocolHandler ["ajp-nio-8009"]
06-Mar-2018 18:07:15.375 SEVERE [main] org.apache.catalina.startup.Catalina.initDirs Cannot find specified temporary folder at [C:\Users\Devon\Documents\NetBeansProjects\Filehost\FSManager\conf\temp]
06-Mar-2018 18:07:15.960 INFO [main] org.apache.catalina.startup.VersionLoggerListener.log Server version:        Apache Tomcat/9.0.2
06-Mar-2018 18:07:15.960 INFO [main] org.apache.catalina.startup.VersionLoggerListener.log Server built:          Nov 25 2017 21:08:02 UTC
06-Mar-2018 18:07:15.960 INFO [main] org.apache.catalina.startup.VersionLoggerListener.log Server number:         9.0.2.0
06-Mar-2018 18:07:15.960 INFO [main] org.apache.catalina.startup.VersionLoggerListener.log OS Name:               Windows 10
06-Mar-2018 18:07:15.961 INFO [main] org.apache.catalina.startup.VersionLoggerListener.log OS Version:            10.0
06-Mar-2018 18:07:15.961 INFO [main] org.apache.catalina.startup.VersionLoggerListener.log Architecture:          amd64
06-Mar-2018 18:07:15.961 INFO [main] org.apache.catalina.startup.VersionLoggerListener.log Java Home:             C:\Program Files\Java\jdk1.8.0_144\jre
06-Mar-2018 18:07:15.961 INFO [main] org.apache.catalina.startup.VersionLoggerListener.log JVM Version:           1.8.0_144-b01
06-Mar-2018 18:07:15.961 INFO [main] org.apache.catalina.startup.VersionLoggerListener.log JVM Vendor:            Oracle Corporation
06-Mar-2018 18:07:15.961 INFO [main] org.apache.catalina.startup.VersionLoggerListener.log CATALINA_BASE:         C:\Users\Devon\Documents\NetBeansProjects\Filehost\FSManager\conf
06-Mar-2018 18:07:15.961 INFO [main] org.apache.catalina.startup.VersionLoggerListener.log CATALINA_HOME:         C:\Program Files\Apache Software Foundation\Tomcat 9.0
06-Mar-2018 18:07:15.962 INFO [main] org.apache.catalina.startup.VersionLoggerListener.log Command line argument: -Djava.util.logging.config.file=C:\Users\Devon\Documents\NetBeansProjects\Filehost\FSManager\conf\conf\logging.properties
06-Mar-2018 18:07:15.962 INFO [main] org.apache.catalina.startup.VersionLoggerListener.log Command line argument: -Djava.util.logging.manager=org.apache.juli.ClassLoaderLogManager
06-Mar-2018 18:07:15.962 INFO [main] org.apache.catalina.startup.VersionLoggerListener.log Command line argument: -Dhttp.nonProxyHosts=localhost|127.0.0.1|Devon-Laptop
06-Mar-2018 18:07:15.962 INFO [main] org.apache.catalina.startup.VersionLoggerListener.log Command line argument: -Djdk.tls.ephemeralDHKeySize=2048
06-Mar-2018 18:07:15.962 INFO [main] org.apache.catalina.startup.VersionLoggerListener.log Command line argument: -Djava.protocol.handler.pkgs=org.apache.catalina.webresources
06-Mar-2018 18:07:15.962 INFO [main] org.apache.catalina.startup.VersionLoggerListener.log Command line argument: -Dignore.endorsed.dirs=
06-Mar-2018 18:07:15.964 INFO [main] org.apache.catalina.startup.VersionLoggerListener.log Command line argument: -Dcatalina.base=C:\Users\Devon\Documents\NetBeansProjects\Filehost\FSManager\conf
06-Mar-2018 18:07:15.964 INFO [main] org.apache.catalina.startup.VersionLoggerListener.log Command line argument: -Dcatalina.home=C:\Program Files\Apache Software Foundation\Tomcat 9.0
06-Mar-2018 18:07:15.964 INFO [main] org.apache.catalina.startup.VersionLoggerListener.log Command line argument: -Djava.io.tmpdir=C:\Users\Devon\Documents\NetBeansProjects\Filehost\FSManager\conf\temp
06-Mar-2018 18:07:15.964 INFO [main] org.apache.catalina.core.AprLifecycleListener.lifecycleEvent The APR based Apache Tomcat Native library which allows optimal performance in production environments was not found on the java.library.path: [C:\Program Files\Java\jdk1.8.0_144\bin;C:\WINDOWS\Sun\Java\bin;C:\WINDOWS\system32;C:\WINDOWS;C:\ProgramData\Oracle\Java\javapath;C:\Program Files (x86)\Intel\iCLS Client\;C:\Program Files\Intel\iCLS Client\;C:\WINDOWS\system32;C:\WINDOWS;C:\WINDOWS\System32\Wbem;C:\WINDOWS\System32\WindowsPowerShell\v1.0\;C:\Program Files\Intel\Intel(R) Management Engine Components\DAL;C:\Program Files (x86)\Intel\Intel(R) Management Engine Components\DAL;C:\Program Files\Intel\Intel(R) Management Engine Components\IPT;C:\Program Files (x86)\Intel\Intel(R) Management Engine Components\IPT;C:\Program Files (x86)\pgmodeler;C:\Program Files\Java\jdk1.8.0_144\bin;C:\Program Files (x86)\NVIDIA Corporation\PhysX\Common;C:\WINDOWS\system32;C:\WINDOWS;C:\WINDOWS\System32\Wbem;C:\WINDOWS\System32\WindowsPowerShell\v1.0\;C:\Users\Devon\.dnx\bin;C:\Program Files\Microsoft DNX\Dnvm\;C:\Program Files\Microsoft SQL Server\120\Tools\Binn\;C:\Program Files\Microsoft SQL Server\130\Tools\Binn\;C:\Program Files\MySQL\MySQL Utilities 1.6\;C:\Program Files\Git\cmd;C:\Program Files (x86)\Skype\Phone\;C:\CooCox\CoIDE_V2Beta\gcc\bin;C:\CooCox\CoIDE_V2Beta\bin;C:\Program Files\dotnet\;C:\Program Files\nodejs\;C:\Users\Devon\AppData\Local\Microsoft\WindowsApps;C:\Users\Devon\AppData\Local\GitHubDesktop\bin;C:\Program Files\Microsoft VS Code\bin;C:\Users\Devon\AppData\Roaming\npm;.]
06-Mar-2018 18:07:16.177 INFO [main] org.apache.coyote.AbstractProtocol.init Initializing ProtocolHandler ["http-nio-8080"]
06-Mar-2018 18:07:16.307 INFO [main] org.apache.tomcat.util.net.NioSelectorPool.getSharedSelector Using a shared selector for servlet write/read
06-Mar-2018 18:07:16.313 INFO [main] org.apache.coyote.AbstractProtocol.init Initializing ProtocolHandler ["ajp-nio-8009"]
06-Mar-2018 18:07:16.315 INFO [main] org.apache.tomcat.util.net.NioSelectorPool.getSharedSelector Using a shared selector for servlet write/read
06-Mar-2018 18:07:16.315 INFO [main] org.apache.catalina.startup.Catalina.load Initialization processed in 940 ms
06-Mar-2018 18:07:16.343 INFO [main] org.apache.catalina.core.StandardService.startInternal Starting service [Catalina]
06-Mar-2018 18:07:16.343 INFO [main] org.apache.catalina.core.StandardEngine.startInternal Starting Servlet Engine: Apache Tomcat/9.0.2
06-Mar-2018 18:07:16.353 INFO [main] org.apache.catalina.startup.HostConfig.deployDescriptor Deploying configuration descriptor [C:\Users\Devon\Documents\NetBeansProjects\Filehost\FSManager\conf\conf\Catalina\localhost\FSManager.xml]
06-Mar-2018 18:07:16.793 INFO [main] org.apache.catalina.startup.HostConfig.deployDescriptor Deployment of configuration descriptor [C:\Users\Devon\Documents\NetBeansProjects\Filehost\FSManager\conf\conf\Catalina\localhost\FSManager.xml] has finished in [439] ms
06-Mar-2018 18:07:16.794 INFO [main] org.apache.catalina.startup.HostConfig.deployDescriptor Deploying configuration descriptor [C:\Users\Devon\Documents\NetBeansProjects\Filehost\FSManager\conf\conf\Catalina\localhost\manager.xml]
06-Mar-2018 18:07:16.860 INFO [main] org.apache.catalina.startup.HostConfig.deployDescriptor Deployment of configuration descriptor [C:\Users\Devon\Documents\NetBeansProjects\Filehost\FSManager\conf\conf\Catalina\localhost\manager.xml] has finished in [66] ms
06-Mar-2018 18:07:16.860 INFO [main] org.apache.catalina.startup.HostConfig.deployDescriptor Deploying configuration descriptor [C:\Users\Devon\Documents\NetBeansProjects\Filehost\FSManager\conf\conf\Catalina\localhost\ROOT.xml]
06-Mar-2018 18:07:16.861 WARNING [main] org.apache.catalina.core.StandardContext.setPath A context path must either be an empty string or start with a '/' and do not end with a '/'. The path [/] does not meet these criteria and has been changed to []
06-Mar-2018 18:07:17.467 INFO [main] org.apache.jasper.servlet.TldScanner.scanJars At least one JAR was scanned for TLDs yet contained no TLDs. Enable debug logging for this logger for a complete list of JARs that were scanned but no TLDs were found in them. Skipping unneeded JARs during scanning can improve startup time and JSP compilation time.
06-Mar-2018 18:07:17.472 INFO [main] org.apache.catalina.startup.HostConfig.deployDescriptor Deployment of configuration descriptor [C:\Users\Devon\Documents\NetBeansProjects\Filehost\FSManager\conf\conf\Catalina\localhost\ROOT.xml] has finished in [612] ms
06-Mar-2018 18:07:17.474 INFO [main] org.apache.coyote.AbstractProtocol.start Starting ProtocolHandler ["http-nio-8080"]
06-Mar-2018 18:07:17.484 INFO [main] org.apache.coyote.AbstractProtocol.start Starting ProtocolHandler ["ajp-nio-8009"]
06-Mar-2018 18:07:17.487 INFO [main] org.apache.catalina.startup.Catalina.start Server startup in 1171 ms
06-Mar-2018 18:07:17.900 INFO [http-nio-8080-exec-6] org.apache.catalina.core.StandardContext.reload Reloading Context with name [/FSManager] has started
06-Mar-2018 18:07:17.958 INFO [http-nio-8080-exec-6] org.apache.catalina.core.StandardContext.reload Reloading Context with name [/FSManager] is completed
06-Mar-2018 18:07:30.422 INFO [main] org.apache.catalina.core.StandardServer.await A valid shutdown command was received via the shutdown port. Stopping the Server instance.
06-Mar-2018 18:07:30.422 INFO [main] org.apache.coyote.AbstractProtocol.pause Pausing ProtocolHandler ["http-nio-8080"]
06-Mar-2018 18:07:30.582 INFO [main] org.apache.coyote.AbstractProtocol.pause Pausing ProtocolHandler ["ajp-nio-8009"]
06-Mar-2018 18:07:30.727 INFO [main] org.apache.catalina.core.StandardService.stopInternal Stopping service [Catalina]
06-Mar-2018 18:07:30.744 INFO [main] org.apache.coyote.AbstractProtocol.stop Stopping ProtocolHandler ["http-nio-8080"]
06-Mar-2018 18:07:30.747 INFO [main] org.apache.coyote.AbstractProtocol.stop Stopping ProtocolHandler ["ajp-nio-8009"]
06-Mar-2018 18:07:30.749 INFO [main] org.apache.coyote.AbstractProtocol.destroy Destroying ProtocolHandler ["http-nio-8080"]
06-Mar-2018 18:07:30.749 INFO [main] org.apache.coyote.AbstractProtocol.destroy Destroying ProtocolHandler ["ajp-nio-8009"]
06-Mar-2018 19:40:55.384 SEVERE [main] org.apache.catalina.startup.Catalina.initDirs Cannot find specified temporary folder at [C:\Users\Devon\Documents\NetBeansProjects\Filehost\FSManager\conf\temp]
06-Mar-2018 19:40:55.865 INFO [main] org.apache.catalina.startup.VersionLoggerListener.log Server version:        Apache Tomcat/9.0.2
06-Mar-2018 19:40:55.866 INFO [main] org.apache.catalina.startup.VersionLoggerListener.log Server built:          Nov 25 2017 21:08:02 UTC
06-Mar-2018 19:40:55.866 INFO [main] org.apache.catalina.startup.VersionLoggerListener.log Server number:         9.0.2.0
06-Mar-2018 19:40:55.866 INFO [main] org.apache.catalina.startup.VersionLoggerListener.log OS Name:               Windows 10
06-Mar-2018 19:40:55.866 INFO [main] org.apache.catalina.startup.VersionLoggerListener.log OS Version:            10.0
06-Mar-2018 19:40:55.866 INFO [main] org.apache.catalina.startup.VersionLoggerListener.log Architecture:          amd64
06-Mar-2018 19:40:55.866 INFO [main] org.apache.catalina.startup.VersionLoggerListener.log Java Home:             C:\Program Files\Java\jdk1.8.0_144\jre
06-Mar-2018 19:40:55.866 INFO [main] org.apache.catalina.startup.VersionLoggerListener.log JVM Version:           1.8.0_144-b01
06-Mar-2018 19:40:55.867 INFO [main] org.apache.catalina.startup.VersionLoggerListener.log JVM Vendor:            Oracle Corporation
06-Mar-2018 19:40:55.867 INFO [main] org.apache.catalina.startup.VersionLoggerListener.log CATALINA_BASE:         C:\Users\Devon\Documents\NetBeansProjects\Filehost\FSManager\conf
06-Mar-2018 19:40:55.867 INFO [main] org.apache.catalina.startup.VersionLoggerListener.log CATALINA_HOME:         C:\Program Files\Apache Software Foundation\Tomcat 9.0
06-Mar-2018 19:40:55.868 INFO [main] org.apache.catalina.startup.VersionLoggerListener.log Command line argument: -Djava.util.logging.config.file=C:\Users\Devon\Documents\NetBeansProjects\Filehost\FSManager\conf\conf\logging.properties
06-Mar-2018 19:40:55.869 INFO [main] org.apache.catalina.startup.VersionLoggerListener.log Command line argument: -Djava.util.logging.manager=org.apache.juli.ClassLoaderLogManager
06-Mar-2018 19:40:55.869 INFO [main] org.apache.catalina.startup.VersionLoggerListener.log Command line argument: -Dhttp.nonProxyHosts=localhost|127.0.0.1|Devon-Laptop
06-Mar-2018 19:40:55.869 INFO [main] org.apache.catalina.startup.VersionLoggerListener.log Command line argument: -Djdk.tls.ephemeralDHKeySize=2048
06-Mar-2018 19:40:55.869 INFO [main] org.apache.catalina.startup.VersionLoggerListener.log Command line argument: -Djava.protocol.handler.pkgs=org.apache.catalina.webresources
06-Mar-2018 19:40:55.870 INFO [main] org.apache.catalina.startup.VersionLoggerListener.log Command line argument: -Dignore.endorsed.dirs=
06-Mar-2018 19:40:55.870 INFO [main] org.apache.catalina.startup.VersionLoggerListener.log Command line argument: -Dcatalina.base=C:\Users\Devon\Documents\NetBeansProjects\Filehost\FSManager\conf
06-Mar-2018 19:40:55.874 INFO [main] org.apache.catalina.startup.VersionLoggerListener.log Command line argument: -Dcatalina.home=C:\Program Files\Apache Software Foundation\Tomcat 9.0
06-Mar-2018 19:40:55.874 INFO [main] org.apache.catalina.startup.VersionLoggerListener.log Command line argument: -Djava.io.tmpdir=C:\Users\Devon\Documents\NetBeansProjects\Filehost\FSManager\conf\temp
06-Mar-2018 19:40:55.876 INFO [main] org.apache.catalina.core.AprLifecycleListener.lifecycleEvent The APR based Apache Tomcat Native library which allows optimal performance in production environments was not found on the java.library.path: [C:\Program Files\Java\jdk1.8.0_144\bin;C:\WINDOWS\Sun\Java\bin;C:\WINDOWS\system32;C:\WINDOWS;C:\ProgramData\Oracle\Java\javapath;C:\Program Files (x86)\Intel\iCLS Client\;C:\Program Files\Intel\iCLS Client\;C:\WINDOWS\system32;C:\WINDOWS;C:\WINDOWS\System32\Wbem;C:\WINDOWS\System32\WindowsPowerShell\v1.0\;C:\Program Files\Intel\Intel(R) Management Engine Components\DAL;C:\Program Files (x86)\Intel\Intel(R) Management Engine Components\DAL;C:\Program Files\Intel\Intel(R) Management Engine Components\IPT;C:\Program Files (x86)\Intel\Intel(R) Management Engine Components\IPT;C:\Program Files (x86)\pgmodeler;C:\Program Files\Java\jdk1.8.0_144\bin;C:\Program Files (x86)\NVIDIA Corporation\PhysX\Common;C:\WINDOWS\system32;C:\WINDOWS;C:\WINDOWS\System32\Wbem;C:\WINDOWS\System32\WindowsPowerShell\v1.0\;C:\Users\Devon\.dnx\bin;C:\Program Files\Microsoft DNX\Dnvm\;C:\Program Files\Microsoft SQL Server\120\Tools\Binn\;C:\Program Files\Microsoft SQL Server\130\Tools\Binn\;C:\Program Files\MySQL\MySQL Utilities 1.6\;C:\Program Files\Git\cmd;C:\Program Files (x86)\Skype\Phone\;C:\CooCox\CoIDE_V2Beta\gcc\bin;C:\CooCox\CoIDE_V2Beta\bin;C:\Program Files\dotnet\;C:\Program Files\nodejs\;C:\Users\Devon\AppData\Local\Microsoft\WindowsApps;C:\Users\Devon\AppData\Local\GitHubDesktop\bin;C:\Program Files\Microsoft VS Code\bin;C:\Users\Devon\AppData\Roaming\npm;.]
06-Mar-2018 19:40:56.130 INFO [main] org.apache.coyote.AbstractProtocol.init Initializing ProtocolHandler ["http-nio-8080"]
06-Mar-2018 19:40:56.320 INFO [main] org.apache.tomcat.util.net.NioSelectorPool.getSharedSelector Using a shared selector for servlet write/read
06-Mar-2018 19:40:56.330 INFO [main] org.apache.coyote.AbstractProtocol.init Initializing ProtocolHandler ["ajp-nio-8009"]
06-Mar-2018 19:40:56.332 INFO [main] org.apache.tomcat.util.net.NioSelectorPool.getSharedSelector Using a shared selector for servlet write/read
06-Mar-2018 19:40:56.333 INFO [main] org.apache.catalina.startup.Catalina.load Initialization processed in 949 ms
06-Mar-2018 19:40:56.377 INFO [main] org.apache.catalina.core.StandardService.startInternal Starting service [Catalina]
06-Mar-2018 19:40:56.377 INFO [main] org.apache.catalina.core.StandardEngine.startInternal Starting Servlet Engine: Apache Tomcat/9.0.2
06-Mar-2018 19:40:56.388 INFO [main] org.apache.catalina.startup.HostConfig.deployDescriptor Deploying configuration descriptor [C:\Users\Devon\Documents\NetBeansProjects\Filehost\FSManager\conf\conf\Catalina\localhost\FSManager.xml]
06-Mar-2018 19:40:56.989 INFO [main] org.apache.catalina.startup.HostConfig.deployDescriptor Deployment of configuration descriptor [C:\Users\Devon\Documents\NetBeansProjects\Filehost\FSManager\conf\conf\Catalina\localhost\FSManager.xml] has finished in [600] ms
06-Mar-2018 19:40:56.990 INFO [main] org.apache.catalina.startup.HostConfig.deployDescriptor Deploying configuration descriptor [C:\Users\Devon\Documents\NetBeansProjects\Filehost\FSManager\conf\conf\Catalina\localhost\manager.xml]
06-Mar-2018 19:40:57.065 INFO [main] org.apache.catalina.startup.HostConfig.deployDescriptor Deployment of configuration descriptor [C:\Users\Devon\Documents\NetBeansProjects\Filehost\FSManager\conf\conf\Catalina\localhost\manager.xml] has finished in [74] ms
06-Mar-2018 19:40:57.065 INFO [main] org.apache.catalina.startup.HostConfig.deployDescriptor Deploying configuration descriptor [C:\Users\Devon\Documents\NetBeansProjects\Filehost\FSManager\conf\conf\Catalina\localhost\ROOT.xml]
06-Mar-2018 19:40:57.073 WARNING [main] org.apache.catalina.core.StandardContext.setPath A context path must either be an empty string or start with a '/' and do not end with a '/'. The path [/] does not meet these criteria and has been changed to []
06-Mar-2018 19:40:57.533 INFO [main] org.apache.jasper.servlet.TldScanner.scanJars At least one JAR was scanned for TLDs yet contained no TLDs. Enable debug logging for this logger for a complete list of JARs that were scanned but no TLDs were found in them. Skipping unneeded JARs during scanning can improve startup time and JSP compilation time.
06-Mar-2018 19:40:57.536 INFO [main] org.apache.catalina.startup.HostConfig.deployDescriptor Deployment of configuration descriptor [C:\Users\Devon\Documents\NetBeansProjects\Filehost\FSManager\conf\conf\Catalina\localhost\ROOT.xml] has finished in [471] ms
06-Mar-2018 19:40:57.539 INFO [main] org.apache.coyote.AbstractProtocol.start Starting ProtocolHandler ["http-nio-8080"]
06-Mar-2018 19:40:57.548 INFO [main] org.apache.coyote.AbstractProtocol.start Starting ProtocolHandler ["ajp-nio-8009"]
06-Mar-2018 19:40:57.551 INFO [main] org.apache.catalina.startup.Catalina.start Server startup in 1218 ms
06-Mar-2018 19:41:01.287 INFO [http-nio-8080-exec-9] org.apache.catalina.core.StandardContext.reload Reloading Context with name [/FSManager] has started
06-Mar-2018 19:41:01.374 INFO [26] org.apache.catalina.core.StandardContext.reload Reloading Context with name [/FSManager] is completed
06-Mar-2018 19:44:24.092 INFO [main] org.apache.catalina.core.StandardServer.await A valid shutdown command was received via the shutdown port. Stopping the Server instance.
06-Mar-2018 19:44:24.093 INFO [main] org.apache.coyote.AbstractProtocol.pause Pausing ProtocolHandler ["http-nio-8080"]
06-Mar-2018 19:44:24.241 INFO [main] org.apache.coyote.AbstractProtocol.pause Pausing ProtocolHandler ["ajp-nio-8009"]
06-Mar-2018 19:44:24.395 INFO [main] org.apache.catalina.core.StandardService.stopInternal Stopping service [Catalina]
06-Mar-2018 19:44:24.426 INFO [main] org.apache.coyote.AbstractProtocol.stop Stopping ProtocolHandler ["http-nio-8080"]
06-Mar-2018 19:44:24.430 INFO [main] org.apache.coyote.AbstractProtocol.stop Stopping ProtocolHandler ["ajp-nio-8009"]
06-Mar-2018 19:44:24.440 INFO [main] org.apache.coyote.AbstractProtocol.destroy Destroying ProtocolHandler ["http-nio-8080"]
06-Mar-2018 19:44:24.442 INFO [main] org.apache.coyote.AbstractProtocol.destroy Destroying ProtocolHandler ["ajp-nio-8009"]
06-Mar-2018 19:44:32.772 SEVERE [main] org.apache.catalina.startup.Catalina.initDirs Cannot find specified temporary folder at [C:\Users\Devon\Documents\NetBeansProjects\Filehost\FSManager\conf\temp]
06-Mar-2018 19:44:33.355 INFO [main] org.apache.catalina.startup.VersionLoggerListener.log Server version:        Apache Tomcat/9.0.2
06-Mar-2018 19:44:33.355 INFO [main] org.apache.catalina.startup.VersionLoggerListener.log Server built:          Nov 25 2017 21:08:02 UTC
06-Mar-2018 19:44:33.355 INFO [main] org.apache.catalina.startup.VersionLoggerListener.log Server number:         9.0.2.0
06-Mar-2018 19:44:33.355 INFO [main] org.apache.catalina.startup.VersionLoggerListener.log OS Name:               Windows 10
06-Mar-2018 19:44:33.356 INFO [main] org.apache.catalina.startup.VersionLoggerListener.log OS Version:            10.0
06-Mar-2018 19:44:33.356 INFO [main] org.apache.catalina.startup.VersionLoggerListener.log Architecture:          amd64
06-Mar-2018 19:44:33.356 INFO [main] org.apache.catalina.startup.VersionLoggerListener.log Java Home:             C:\Program Files\Java\jdk1.8.0_144\jre
06-Mar-2018 19:44:33.356 INFO [main] org.apache.catalina.startup.VersionLoggerListener.log JVM Version:           1.8.0_144-b01
06-Mar-2018 19:44:33.356 INFO [main] org.apache.catalina.startup.VersionLoggerListener.log JVM Vendor:            Oracle Corporation
06-Mar-2018 19:44:33.356 INFO [main] org.apache.catalina.startup.VersionLoggerListener.log CATALINA_BASE:         C:\Users\Devon\Documents\NetBeansProjects\Filehost\FSManager\conf
06-Mar-2018 19:44:33.356 INFO [main] org.apache.catalina.startup.VersionLoggerListener.log CATALINA_HOME:         C:\Program Files\Apache Software Foundation\Tomcat 9.0
06-Mar-2018 19:44:33.356 INFO [main] org.apache.catalina.startup.VersionLoggerListener.log Command line argument: -Djava.util.logging.config.file=C:\Users\Devon\Documents\NetBeansProjects\Filehost\FSManager\conf\conf\logging.properties
06-Mar-2018 19:44:33.356 INFO [main] org.apache.catalina.startup.VersionLoggerListener.log Command line argument: -Djava.util.logging.manager=org.apache.juli.ClassLoaderLogManager
06-Mar-2018 19:44:33.356 INFO [main] org.apache.catalina.startup.VersionLoggerListener.log Command line argument: -Dhttp.nonProxyHosts=localhost|127.0.0.1|Devon-Laptop
06-Mar-2018 19:44:33.356 INFO [main] org.apache.catalina.startup.VersionLoggerListener.log Command line argument: -Djdk.tls.ephemeralDHKeySize=2048
06-Mar-2018 19:44:33.356 INFO [main] org.apache.catalina.startup.VersionLoggerListener.log Command line argument: -Djava.protocol.handler.pkgs=org.apache.catalina.webresources
06-Mar-2018 19:44:33.357 INFO [main] org.apache.catalina.startup.VersionLoggerListener.log Command line argument: -Dignore.endorsed.dirs=
06-Mar-2018 19:44:33.357 INFO [main] org.apache.catalina.startup.VersionLoggerListener.log Command line argument: -Dcatalina.base=C:\Users\Devon\Documents\NetBeansProjects\Filehost\FSManager\conf
06-Mar-2018 19:44:33.357 INFO [main] org.apache.catalina.startup.VersionLoggerListener.log Command line argument: -Dcatalina.home=C:\Program Files\Apache Software Foundation\Tomcat 9.0
06-Mar-2018 19:44:33.357 INFO [main] org.apache.catalina.startup.VersionLoggerListener.log Command line argument: -Djava.io.tmpdir=C:\Users\Devon\Documents\NetBeansProjects\Filehost\FSManager\conf\temp
06-Mar-2018 19:44:33.357 INFO [main] org.apache.catalina.core.AprLifecycleListener.lifecycleEvent The APR based Apache Tomcat Native library which allows optimal performance in production environments was not found on the java.library.path: [C:\Program Files\Java\jdk1.8.0_144\bin;C:\WINDOWS\Sun\Java\bin;C:\WINDOWS\system32;C:\WINDOWS;C:\ProgramData\Oracle\Java\javapath;C:\Program Files (x86)\Intel\iCLS Client\;C:\Program Files\Intel\iCLS Client\;C:\WINDOWS\system32;C:\WINDOWS;C:\WINDOWS\System32\Wbem;C:\WINDOWS\System32\WindowsPowerShell\v1.0\;C:\Program Files\Intel\Intel(R) Management Engine Components\DAL;C:\Program Files (x86)\Intel\Intel(R) Management Engine Components\DAL;C:\Program Files\Intel\Intel(R) Management Engine Components\IPT;C:\Program Files (x86)\Intel\Intel(R) Management Engine Components\IPT;C:\Program Files (x86)\pgmodeler;C:\Program Files\Java\jdk1.8.0_144\bin;C:\Program Files (x86)\NVIDIA Corporation\PhysX\Common;C:\WINDOWS\system32;C:\WINDOWS;C:\WINDOWS\System32\Wbem;C:\WINDOWS\System32\WindowsPowerShell\v1.0\;C:\Users\Devon\.dnx\bin;C:\Program Files\Microsoft DNX\Dnvm\;C:\Program Files\Microsoft SQL Server\120\Tools\Binn\;C:\Program Files\Microsoft SQL Server\130\Tools\Binn\;C:\Program Files\MySQL\MySQL Utilities 1.6\;C:\Program Files\Git\cmd;C:\Program Files (x86)\Skype\Phone\;C:\CooCox\CoIDE_V2Beta\gcc\bin;C:\CooCox\CoIDE_V2Beta\bin;C:\Program Files\dotnet\;C:\Program Files\nodejs\;C:\Users\Devon\AppData\Local\Microsoft\WindowsApps;C:\Users\Devon\AppData\Local\GitHubDesktop\bin;C:\Program Files\Microsoft VS Code\bin;C:\Users\Devon\AppData\Roaming\npm;.]
06-Mar-2018 19:44:33.587 INFO [main] org.apache.coyote.AbstractProtocol.init Initializing ProtocolHandler ["http-nio-8080"]
06-Mar-2018 19:44:33.730 INFO [main] org.apache.tomcat.util.net.NioSelectorPool.getSharedSelector Using a shared selector for servlet write/read
06-Mar-2018 19:44:33.736 INFO [main] org.apache.coyote.AbstractProtocol.init Initializing ProtocolHandler ["ajp-nio-8009"]
06-Mar-2018 19:44:33.738 INFO [main] org.apache.tomcat.util.net.NioSelectorPool.getSharedSelector Using a shared selector for servlet write/read
06-Mar-2018 19:44:33.738 INFO [main] org.apache.catalina.startup.Catalina.load Initialization processed in 967 ms
06-Mar-2018 19:44:33.778 INFO [main] org.apache.catalina.core.StandardService.startInternal Starting service [Catalina]
06-Mar-2018 19:44:33.778 INFO [main] org.apache.catalina.core.StandardEngine.startInternal Starting Servlet Engine: Apache Tomcat/9.0.2
06-Mar-2018 19:44:33.786 INFO [main] org.apache.catalina.startup.HostConfig.deployDescriptor Deploying configuration descriptor [C:\Users\Devon\Documents\NetBeansProjects\Filehost\FSManager\conf\conf\Catalina\localhost\FSManager.xml]
06-Mar-2018 19:44:34.237 INFO [main] org.apache.catalina.startup.HostConfig.deployDescriptor Deployment of configuration descriptor [C:\Users\Devon\Documents\NetBeansProjects\Filehost\FSManager\conf\conf\Catalina\localhost\FSManager.xml] has finished in [450] ms
06-Mar-2018 19:44:34.237 INFO [main] org.apache.catalina.startup.HostConfig.deployDescriptor Deploying configuration descriptor [C:\Users\Devon\Documents\NetBeansProjects\Filehost\FSManager\conf\conf\Catalina\localhost\manager.xml]
06-Mar-2018 19:44:34.278 INFO [main] org.apache.catalina.startup.HostConfig.deployDescriptor Deployment of configuration descriptor [C:\Users\Devon\Documents\NetBeansProjects\Filehost\FSManager\conf\conf\Catalina\localhost\manager.xml] has finished in [41] ms
06-Mar-2018 19:44:34.279 INFO [main] org.apache.catalina.startup.HostConfig.deployDescriptor Deploying configuration descriptor [C:\Users\Devon\Documents\NetBeansProjects\Filehost\FSManager\conf\conf\Catalina\localhost\ROOT.xml]
06-Mar-2018 19:44:34.280 WARNING [main] org.apache.catalina.core.StandardContext.setPath A context path must either be an empty string or start with a '/' and do not end with a '/'. The path [/] does not meet these criteria and has been changed to []
06-Mar-2018 19:44:34.695 INFO [main] org.apache.jasper.servlet.TldScanner.scanJars At least one JAR was scanned for TLDs yet contained no TLDs. Enable debug logging for this logger for a complete list of JARs that were scanned but no TLDs were found in them. Skipping unneeded JARs during scanning can improve startup time and JSP compilation time.
06-Mar-2018 19:44:34.699 INFO [main] org.apache.catalina.startup.HostConfig.deployDescriptor Deployment of configuration descriptor [C:\Users\Devon\Documents\NetBeansProjects\Filehost\FSManager\conf\conf\Catalina\localhost\ROOT.xml] has finished in [419] ms
06-Mar-2018 19:44:34.701 INFO [main] org.apache.coyote.AbstractProtocol.start Starting ProtocolHandler ["http-nio-8080"]
06-Mar-2018 19:44:34.710 INFO [main] org.apache.coyote.AbstractProtocol.start Starting ProtocolHandler ["ajp-nio-8009"]
06-Mar-2018 19:44:34.713 INFO [main] org.apache.catalina.startup.Catalina.start Server startup in 974 ms
06-Mar-2018 19:49:56.469 INFO [http-nio-8080-exec-1] org.apache.catalina.core.StandardContext.reload Reloading Context with name [/FSManager] has started
06-Mar-2018 19:49:56.534 INFO [http-nio-8080-exec-1] org.apache.catalina.core.StandardContext.reload Reloading Context with name [/FSManager] is completed
06-Mar-2018 19:51:59.820 INFO [http-nio-8080-exec-14] org.apache.catalina.core.StandardContext.reload Reloading Context with name [/FSManager] has started
06-Mar-2018 19:51:59.878 INFO [http-nio-8080-exec-14] org.apache.catalina.core.StandardContext.reload Reloading Context with name [/FSManager] is completed
06-Mar-2018 20:03:46.726 INFO [http-nio-8080-exec-18] org.apache.catalina.core.StandardContext.reload Reloading Context with name [/FSManager] has started
06-Mar-2018 20:03:46.828 INFO [http-nio-8080-exec-18] org.apache.catalina.core.StandardContext.reload Reloading Context with name [/FSManager] is completed
06-Mar-2018 20:07:38.726 INFO [http-nio-8080-exec-33] org.apache.catalina.core.StandardContext.reload Reloading Context with name [/FSManager] has started
06-Mar-2018 20:07:38.879 INFO [http-nio-8080-exec-33] org.apache.catalina.core.StandardContext.reload Reloading Context with name [/FSManager] is completed
06-Mar-2018 20:11:08.928 INFO [http-nio-8080-exec-39] org.apache.catalina.core.StandardContext.reload Reloading Context with name [/FSManager] has started
06-Mar-2018 20:11:09.046 INFO [http-nio-8080-exec-39] org.apache.catalina.core.StandardContext.reload Reloading Context with name [/FSManager] is completed
06-Mar-2018 20:14:46.496 INFO [http-nio-8080-exec-48] org.apache.catalina.core.StandardContext.reload Reloading Context with name [/FSManager] has started
06-Mar-2018 20:14:46.653 INFO [http-nio-8080-exec-48] org.apache.catalina.core.StandardContext.reload Reloading Context with name [/FSManager] is completed
06-Mar-2018 20:17:26.954 INFO [http-nio-8080-exec-57] org.apache.catalina.core.StandardContext.reload Reloading Context with name [/FSManager] has started
06-Mar-2018 20:17:27.014 INFO [http-nio-8080-exec-57] org.apache.catalina.core.StandardContext.reload Reloading Context with name [/FSManager] is completed
06-Mar-2018 20:18:29.724 INFO [http-nio-8080-exec-62] org.apache.catalina.core.StandardContext.reload Reloading Context with name [/FSManager] has started
06-Mar-2018 20:18:29.791 INFO [http-nio-8080-exec-62] org.apache.catalina.core.StandardContext.reload Reloading Context with name [/FSManager] is completed
06-Mar-2018 20:19:24.096 INFO [http-nio-8080-exec-66] org.apache.catalina.core.StandardContext.reload Reloading Context with name [/FSManager] has started
06-Mar-2018 20:19:24.149 INFO [http-nio-8080-exec-66] org.apache.catalina.core.StandardContext.reload Reloading Context with name [/FSManager] is completed
06-Mar-2018 20:23:05.070 INFO [http-nio-8080-exec-63] org.apache.catalina.core.StandardContext.reload Reloading Context with name [/FSManager] has started
06-Mar-2018 20:23:05.184 INFO [http-nio-8080-exec-63] org.apache.catalina.core.StandardContext.reload Reloading Context with name [/FSManager] is completed
06-Mar-2018 20:26:31.646 INFO [main] org.apache.catalina.core.StandardServer.await A valid shutdown command was received via the shutdown port. Stopping the Server instance.
06-Mar-2018 20:26:31.647 INFO [main] org.apache.coyote.AbstractProtocol.pause Pausing ProtocolHandler ["http-nio-8080"]
06-Mar-2018 20:26:31.879 INFO [main] org.apache.coyote.AbstractProtocol.pause Pausing ProtocolHandler ["ajp-nio-8009"]
06-Mar-2018 20:26:32.018 INFO [main] org.apache.catalina.core.StandardService.stopInternal Stopping service [Catalina]
06-Mar-2018 20:26:32.038 INFO [main] org.apache.coyote.AbstractProtocol.stop Stopping ProtocolHandler ["http-nio-8080"]
06-Mar-2018 20:26:32.040 INFO [main] org.apache.coyote.AbstractProtocol.stop Stopping ProtocolHandler ["ajp-nio-8009"]
06-Mar-2018 20:26:32.041 INFO [main] org.apache.coyote.AbstractProtocol.destroy Destroying ProtocolHandler ["http-nio-8080"]
06-Mar-2018 20:26:32.042 INFO [main] org.apache.coyote.AbstractProtocol.destroy Destroying ProtocolHandler ["ajp-nio-8009"]
