09-Feb-2018 02:08:32.010 INFO [main] org.apache.catalina.startup.VersionLoggerListener.log Server version:        Apache Tomcat/9.0.2
09-Feb-2018 02:08:32.012 INFO [main] org.apache.catalina.startup.VersionLoggerListener.log Server built:          Nov 25 2017 21:08:02 UTC
09-Feb-2018 02:08:32.012 INFO [main] org.apache.catalina.startup.VersionLoggerListener.log Server number:         9.0.2.0
09-Feb-2018 02:08:32.012 INFO [main] org.apache.catalina.startup.VersionLoggerListener.log OS Name:               Windows 10
09-Feb-2018 02:08:32.012 INFO [main] org.apache.catalina.startup.VersionLoggerListener.log OS Version:            10.0
09-Feb-2018 02:08:32.012 INFO [main] org.apache.catalina.startup.VersionLoggerListener.log Architecture:          amd64
09-Feb-2018 02:08:32.013 INFO [main] org.apache.catalina.startup.VersionLoggerListener.log Java Home:             C:\Program Files\Java\jdk1.8.0_151\jre
09-Feb-2018 02:08:32.013 INFO [main] org.apache.catalina.startup.VersionLoggerListener.log JVM Version:           1.8.0_151-b12
09-Feb-2018 02:08:32.013 INFO [main] org.apache.catalina.startup.VersionLoggerListener.log JVM Vendor:            Oracle Corporation
09-Feb-2018 02:08:32.013 INFO [main] org.apache.catalina.startup.VersionLoggerListener.log CATALINA_BASE:         C:\Users\Byzantian\Documents\NetBeansProjects\Filehost\JavaApp\src\conf
09-Feb-2018 02:08:32.013 INFO [main] org.apache.catalina.startup.VersionLoggerListener.log CATALINA_HOME:         C:\Program Files\Apache Software Foundation\Tomcat 9.0
09-Feb-2018 02:08:32.013 INFO [main] org.apache.catalina.startup.VersionLoggerListener.log Command line argument: -Djava.util.logging.config.file=C:\Users\Byzantian\Documents\NetBeansProjects\Filehost\JavaApp\src\conf\conf\logging.properties
09-Feb-2018 02:08:32.013 INFO [main] org.apache.catalina.startup.VersionLoggerListener.log Command line argument: -Djava.util.logging.manager=org.apache.juli.ClassLoaderLogManager
09-Feb-2018 02:08:32.013 INFO [main] org.apache.catalina.startup.VersionLoggerListener.log Command line argument: -Dhttp.nonProxyHosts=localhost|127.0.0.1|DESKTOP-U84629Q
09-Feb-2018 02:08:32.013 INFO [main] org.apache.catalina.startup.VersionLoggerListener.log Command line argument: -Djdk.tls.ephemeralDHKeySize=2048
09-Feb-2018 02:08:32.013 INFO [main] org.apache.catalina.startup.VersionLoggerListener.log Command line argument: -Djava.protocol.handler.pkgs=org.apache.catalina.webresources
09-Feb-2018 02:08:32.013 INFO [main] org.apache.catalina.startup.VersionLoggerListener.log Command line argument: -Dignore.endorsed.dirs=
09-Feb-2018 02:08:32.013 INFO [main] org.apache.catalina.startup.VersionLoggerListener.log Command line argument: -Dcatalina.base=C:\Users\Byzantian\Documents\NetBeansProjects\Filehost\JavaApp\src\conf
09-Feb-2018 02:08:32.013 INFO [main] org.apache.catalina.startup.VersionLoggerListener.log Command line argument: -Dcatalina.home=C:\Program Files\Apache Software Foundation\Tomcat 9.0
09-Feb-2018 02:08:32.013 INFO [main] org.apache.catalina.startup.VersionLoggerListener.log Command line argument: -Djava.io.tmpdir=C:\Users\Byzantian\Documents\NetBeansProjects\Filehost\JavaApp\src\conf\temp
09-Feb-2018 02:08:32.014 INFO [main] org.apache.catalina.core.AprLifecycleListener.lifecycleEvent The APR based Apache Tomcat Native library which allows optimal performance in production environments was not found on the java.library.path: [C:\Program Files\Java\jdk1.8.0_151\bin;C:\Windows\Sun\Java\bin;C:\Windows\system32;C:\Windows;C:\Program Files\NVIDIA GPU Computing Toolkit\CUDA\v9.1\bin;C:\Program Files\NVIDIA GPU Computing Toolkit\CUDA\v9.1\libnvvp;C:\ProgramData\Oracle\Java\javapath;C:\Windows\system32;C:\Windows;C:\Windows\System32\Wbem;C:\Windows\System32\WindowsPowerShell\v1.0\;C:\Program Files\dotnet\;C:\Program Files (x86)\NVIDIA Corporation\PhysX\Common;C:\Program Files\MATLAB\R2017a\runtime\win64;C:\Program Files\MATLAB\R2017a\bin;C:\Program Files\Git\cmd;C:\Program Files\Microsoft SQL Server\130\Tools\Binn\;C:\Program Files\nodejs\;C:\PostgreSQL\pg96\bin;C:\MinGW\bin;C:\Gradle\gradle-4.4.1\bin;C:\Program Files (x86)\Microsoft Emulator Manager\1.0\;C:\Users\Byzantian\AppData\Local\Microsoft\WindowsApps;;C:\Program Files\Microsoft VS Code\bin;C:\Users\Byzantian\AppData\Roaming\npm;.]
09-Feb-2018 02:08:32.163 INFO [main] org.apache.coyote.AbstractProtocol.init Initializing ProtocolHandler ["http-nio-8080"]
09-Feb-2018 02:08:32.301 INFO [main] org.apache.tomcat.util.net.NioSelectorPool.getSharedSelector Using a shared selector for servlet write/read
09-Feb-2018 02:08:32.306 INFO [main] org.apache.coyote.AbstractProtocol.init Initializing ProtocolHandler ["ajp-nio-8009"]
09-Feb-2018 02:08:32.307 INFO [main] org.apache.tomcat.util.net.NioSelectorPool.getSharedSelector Using a shared selector for servlet write/read
09-Feb-2018 02:08:32.307 INFO [main] org.apache.catalina.startup.Catalina.load Initialization processed in 618 ms
09-Feb-2018 02:08:32.329 INFO [main] org.apache.catalina.core.StandardService.startInternal Starting service [Catalina]
09-Feb-2018 02:08:32.330 INFO [main] org.apache.catalina.core.StandardEngine.startInternal Starting Servlet Engine: Apache Tomcat/9.0.2
09-Feb-2018 02:08:32.335 INFO [main] org.apache.catalina.startup.HostConfig.deployDescriptor Deploying configuration descriptor [C:\Users\Byzantian\Documents\NetBeansProjects\Filehost\JavaApp\src\conf\conf\Catalina\localhost\manager.xml]
09-Feb-2018 02:08:32.623 INFO [main] org.apache.catalina.startup.HostConfig.deployDescriptor Deployment of configuration descriptor [C:\Users\Byzantian\Documents\NetBeansProjects\Filehost\JavaApp\src\conf\conf\Catalina\localhost\manager.xml] has finished in [287] ms
09-Feb-2018 02:08:32.623 INFO [main] org.apache.catalina.startup.HostConfig.deployDescriptor Deploying configuration descriptor [C:\Users\Byzantian\Documents\NetBeansProjects\Filehost\JavaApp\src\conf\conf\Catalina\localhost\ROOT.xml]
09-Feb-2018 02:08:32.646 INFO [main] org.apache.catalina.startup.HostConfig.deployDescriptor Deployment of configuration descriptor [C:\Users\Byzantian\Documents\NetBeansProjects\Filehost\JavaApp\src\conf\conf\Catalina\localhost\ROOT.xml] has finished in [23] ms
09-Feb-2018 02:08:32.649 INFO [main] org.apache.coyote.AbstractProtocol.start Starting ProtocolHandler ["http-nio-8080"]
09-Feb-2018 02:08:32.664 INFO [main] org.apache.coyote.AbstractProtocol.start Starting ProtocolHandler ["ajp-nio-8009"]
09-Feb-2018 02:08:32.668 INFO [main] org.apache.catalina.startup.Catalina.start Server startup in 360 ms
09-Feb-2018 02:08:34.834 INFO [http-nio-8080-exec-6] org.apache.catalina.startup.HostConfig.deployDescriptor Deploying configuration descriptor [C:\Users\Byzantian\Documents\NetBeansProjects\Filehost\JavaApp\src\conf\conf\Catalina\localhost\JavaApp.xml]
09-Feb-2018 02:08:35.078 INFO [http-nio-8080-exec-6] org.apache.jasper.servlet.TldScanner.scanJars At least one JAR was scanned for TLDs yet contained no TLDs. Enable debug logging for this logger for a complete list of JARs that were scanned but no TLDs were found in them. Skipping unneeded JARs during scanning can improve startup time and JSP compilation time.
09-Feb-2018 02:08:35.083 INFO [http-nio-8080-exec-6] org.apache.catalina.startup.HostConfig.deployDescriptor Deployment of configuration descriptor [C:\Users\Byzantian\Documents\NetBeansProjects\Filehost\JavaApp\src\conf\conf\Catalina\localhost\JavaApp.xml] has finished in [249] ms
09-Feb-2018 02:08:35.087 INFO [http-nio-8080-exec-10] org.apache.catalina.util.LifecycleBase.start The start() method was called on component [StandardEngine[Catalina].StandardHost[localhost].StandardContext[/JavaApp]] after start() had already been called. The second call will be ignored.
09-Feb-2018 02:25:53.437 INFO [http-nio-8080-exec-6] org.apache.catalina.core.StandardContext.reload Reloading Context with name [/JavaApp] has started
09-Feb-2018 02:25:53.585 INFO [http-nio-8080-exec-6] org.apache.jasper.servlet.TldScanner.scanJars At least one JAR was scanned for TLDs yet contained no TLDs. Enable debug logging for this logger for a complete list of JARs that were scanned but no TLDs were found in them. Skipping unneeded JARs during scanning can improve startup time and JSP compilation time.
09-Feb-2018 02:25:53.587 INFO [http-nio-8080-exec-6] org.apache.catalina.core.StandardContext.reload Reloading Context with name [/JavaApp] is completed
09-Feb-2018 02:28:16.443 INFO [http-nio-8080-exec-9] org.apache.catalina.core.StandardContext.reload Reloading Context with name [/JavaApp] has started
09-Feb-2018 02:28:16.587 INFO [http-nio-8080-exec-9] org.apache.jasper.servlet.TldScanner.scanJars At least one JAR was scanned for TLDs yet contained no TLDs. Enable debug logging for this logger for a complete list of JARs that were scanned but no TLDs were found in them. Skipping unneeded JARs during scanning can improve startup time and JSP compilation time.
09-Feb-2018 02:28:16.588 INFO [http-nio-8080-exec-9] org.apache.catalina.core.StandardContext.reload Reloading Context with name [/JavaApp] is completed
09-Feb-2018 02:28:16.611 INFO [http-nio-8080-exec-15] org.apache.catalina.core.StandardContext.reload Reloading Context with name [/JavaApp] has started
09-Feb-2018 02:28:16.706 INFO [http-nio-8080-exec-15] org.apache.jasper.servlet.TldScanner.scanJars At least one JAR was scanned for TLDs yet contained no TLDs. Enable debug logging for this logger for a complete list of JARs that were scanned but no TLDs were found in them. Skipping unneeded JARs during scanning can improve startup time and JSP compilation time.
09-Feb-2018 02:28:16.707 INFO [http-nio-8080-exec-15] org.apache.catalina.core.StandardContext.reload Reloading Context with name [/JavaApp] is completed
09-Feb-2018 02:58:59.534 INFO [http-nio-8080-exec-19] org.apache.catalina.core.StandardContext.reload Reloading Context with name [/JavaApp] has started
09-Feb-2018 02:58:59.656 INFO [http-nio-8080-exec-19] org.apache.jasper.servlet.TldScanner.scanJars At least one JAR was scanned for TLDs yet contained no TLDs. Enable debug logging for this logger for a complete list of JARs that were scanned but no TLDs were found in them. Skipping unneeded JARs during scanning can improve startup time and JSP compilation time.
09-Feb-2018 02:58:59.659 INFO [http-nio-8080-exec-19] org.apache.catalina.core.StandardContext.reload Reloading Context with name [/JavaApp] is completed
09-Feb-2018 03:16:02.046 INFO [http-nio-8080-exec-31] org.apache.catalina.startup.HostConfig.undeploy Undeploying context []
09-Feb-2018 03:16:02.056 INFO [http-nio-8080-exec-29] org.apache.catalina.startup.HostConfig.deployDescriptor Deploying configuration descriptor [C:\Users\Byzantian\Documents\NetBeansProjects\Filehost\JavaApp\src\conf\conf\Catalina\localhost\FSManager.xml]
09-Feb-2018 03:16:02.095 INFO [http-nio-8080-exec-29] org.apache.catalina.startup.HostConfig.deployDescriptor Deployment of configuration descriptor [C:\Users\Byzantian\Documents\NetBeansProjects\Filehost\JavaApp\src\conf\conf\Catalina\localhost\FSManager.xml] has finished in [38] ms
09-Feb-2018 03:16:02.098 INFO [http-nio-8080-exec-33] org.apache.catalina.util.LifecycleBase.start The start() method was called on component [StandardEngine[Catalina].StandardHost[localhost].StandardContext[/FSManager]] after start() had already been called. The second call will be ignored.
09-Feb-2018 10:22:12.632 INFO [main] org.apache.catalina.core.StandardServer.await A valid shutdown command was received via the shutdown port. Stopping the Server instance.
09-Feb-2018 10:22:12.632 INFO [main] org.apache.coyote.AbstractProtocol.pause Pausing ProtocolHandler ["http-nio-8080"]
09-Feb-2018 10:22:12.776 INFO [main] org.apache.coyote.AbstractProtocol.pause Pausing ProtocolHandler ["ajp-nio-8009"]
09-Feb-2018 10:22:12.908 INFO [main] org.apache.catalina.core.StandardService.stopInternal Stopping service [Catalina]
09-Feb-2018 10:22:12.924 INFO [main] org.apache.coyote.AbstractProtocol.stop Stopping ProtocolHandler ["http-nio-8080"]
09-Feb-2018 10:22:12.924 INFO [main] org.apache.coyote.AbstractProtocol.stop Stopping ProtocolHandler ["ajp-nio-8009"]
09-Feb-2018 10:22:12.928 INFO [main] org.apache.coyote.AbstractProtocol.destroy Destroying ProtocolHandler ["http-nio-8080"]
09-Feb-2018 10:22:12.928 INFO [main] org.apache.coyote.AbstractProtocol.destroy Destroying ProtocolHandler ["ajp-nio-8009"]
