06-Apr-2018 11:16:42.941 INFO [http-nio-80-exec-4] org.apache.catalina.core.ApplicationContext.log Manager: init: Associated with Deployer 'Catalina:type=Deployer,host=localhost'
06-Apr-2018 11:16:42.942 INFO [http-nio-80-exec-4] org.apache.catalina.core.ApplicationContext.log Manager: init: Global resources are available
06-Apr-2018 11:16:43.588 INFO [http-nio-80-exec-7] org.apache.catalina.core.ApplicationContext.log Manager: list: Listing contexts for virtual host 'localhost'
06-Apr-2018 11:16:43.588 INFO [http-nio-80-exec-6] org.apache.catalina.core.ApplicationContext.log Manager: list: Listing contexts for virtual host 'localhost'
06-Apr-2018 11:16:43.635 INFO [http-nio-80-exec-9] org.apache.catalina.core.ApplicationContext.log Manager: restart: Reloading web application '/'
06-Apr-2018 11:16:51.667 INFO [http-nio-80-exec-7] org.apache.catalina.core.ApplicationContext.log Manager: list: Listing contexts for virtual host 'localhost'
06-Apr-2018 11:21:22.903 INFO [http-nio-80-exec-3] org.apache.catalina.core.ApplicationContext.log Manager: list: Listing contexts for virtual host 'localhost'
06-Apr-2018 11:21:22.903 INFO [http-nio-80-exec-11] org.apache.catalina.core.ApplicationContext.log Manager: restart: Reloading web application '/'
06-Apr-2018 11:26:58.707 INFO [http-nio-80-exec-21] org.apache.catalina.core.ApplicationContext.log Manager: list: Listing contexts for virtual host 'localhost'
06-Apr-2018 11:26:58.707 INFO [http-nio-80-exec-23] org.apache.catalina.core.ApplicationContext.log Manager: restart: Reloading web application '/'
06-Apr-2018 11:27:00.004 INFO [http-nio-80-exec-23] org.apache.catalina.core.ApplicationContext.log Manager: list: Listing contexts for virtual host 'localhost'
06-Apr-2018 11:31:43.990 INFO [http-nio-80-exec-26] org.apache.catalina.core.ApplicationContext.log Manager: list: Listing contexts for virtual host 'localhost'
06-Apr-2018 11:37:24.689 INFO [http-nio-80-exec-31] org.apache.catalina.core.ApplicationContext.log Manager: list: Listing contexts for virtual host 'localhost'
06-Apr-2018 11:38:51.748 INFO [http-nio-80-exec-28] org.apache.catalina.core.ApplicationContext.log Manager: list: Listing contexts for virtual host 'localhost'
06-Apr-2018 11:38:51.748 INFO [http-nio-80-exec-32] org.apache.catalina.core.ApplicationContext.log Manager: restart: Reloading web application '/'
06-Apr-2018 11:40:34.194 INFO [http-nio-80-exec-38] org.apache.catalina.core.ApplicationContext.log Manager: list: Listing contexts for virtual host 'localhost'
06-Apr-2018 11:40:34.194 INFO [http-nio-80-exec-28] org.apache.catalina.core.ApplicationContext.log Manager: restart: Reloading web application '/'
06-Apr-2018 11:41:21.075 INFO [http-nio-80-exec-2] org.apache.catalina.core.ApplicationContext.log Manager: init: Associated with Deployer 'Catalina:type=Deployer,host=localhost'
06-Apr-2018 11:41:21.075 INFO [http-nio-80-exec-2] org.apache.catalina.core.ApplicationContext.log Manager: init: Global resources are available
06-Apr-2018 11:41:21.262 INFO [http-nio-80-exec-10] org.apache.catalina.core.ApplicationContext.log Manager: list: Listing contexts for virtual host 'localhost'
06-Apr-2018 11:41:21.262 INFO [http-nio-80-exec-1] org.apache.catalina.core.ApplicationContext.log Manager: list: Listing contexts for virtual host 'localhost'
06-Apr-2018 11:41:21.294 INFO [http-nio-80-exec-2] org.apache.catalina.core.ApplicationContext.log Manager: restart: Reloading web application '/'
06-Apr-2018 11:41:38.179 INFO [http-nio-80-exec-13] org.apache.catalina.core.ApplicationContext.log Manager: list: Listing contexts for virtual host 'localhost'
06-Apr-2018 11:41:39.679 INFO [http-nio-80-exec-13] org.apache.catalina.core.ApplicationContext.log Manager: list: Listing contexts for virtual host 'localhost'
06-Apr-2018 11:41:48.700 INFO [http-nio-80-exec-14] org.apache.catalina.core.ApplicationContext.log Manager: list: Listing contexts for virtual host 'localhost'
06-Apr-2018 11:43:24.241 INFO [http-nio-80-exec-13] org.apache.catalina.core.ApplicationContext.log Manager: list: Listing contexts for virtual host 'localhost'
06-Apr-2018 11:43:24.241 INFO [http-nio-80-exec-12] org.apache.catalina.core.ApplicationContext.log Manager: restart: Reloading web application '/'
06-Apr-2018 12:08:48.529 INFO [http-nio-80-exec-18] org.apache.catalina.core.ApplicationContext.log Manager: list: Listing contexts for virtual host 'localhost'
06-Apr-2018 12:08:48.529 INFO [http-nio-80-exec-19] org.apache.catalina.core.ApplicationContext.log Manager: stop: Stopping web application '/'
06-Apr-2018 12:08:48.560 INFO [http-nio-80-exec-22] org.apache.catalina.core.ApplicationContext.log Manager: start: Starting web application '/'
06-Apr-2018 12:08:48.732 SEVERE [http-nio-80-exec-22] org.apache.catalina.core.ApplicationContext.log FAIL - Application at context path [/] could not be started
 org.apache.catalina.LifecycleException: Failed to start component [StandardEngine[Catalina].StandardHost[localhost].StandardContext[]]
	at org.apache.catalina.util.LifecycleBase.handleSubClassException(LifecycleBase.java:441)
	at org.apache.catalina.util.LifecycleBase.start(LifecycleBase.java:198)
	at org.apache.catalina.manager.ManagerServlet.start(ManagerServlet.java:1381)
	at org.apache.catalina.manager.ManagerServlet.doGet(ManagerServlet.java:366)
	at javax.servlet.http.HttpServlet.service(HttpServlet.java:634)
	at javax.servlet.http.HttpServlet.service(HttpServlet.java:741)
	at org.apache.catalina.core.ApplicationFilterChain.internalDoFilter(ApplicationFilterChain.java:231)
	at org.apache.catalina.core.ApplicationFilterChain.doFilter(ApplicationFilterChain.java:166)
	at org.apache.tomcat.websocket.server.WsFilter.doFilter(WsFilter.java:53)
	at org.apache.catalina.core.ApplicationFilterChain.internalDoFilter(ApplicationFilterChain.java:193)
	at org.apache.catalina.core.ApplicationFilterChain.doFilter(ApplicationFilterChain.java:166)
	at org.apache.catalina.core.StandardWrapperValve.invoke(StandardWrapperValve.java:199)
	at org.apache.catalina.core.StandardContextValve.invoke(StandardContextValve.java:96)
	at org.apache.catalina.authenticator.AuthenticatorBase.invoke(AuthenticatorBase.java:611)
	at org.apache.catalina.core.StandardHostValve.invoke(StandardHostValve.java:137)
	at org.apache.catalina.valves.ErrorReportValve.invoke(ErrorReportValve.java:81)
	at org.apache.catalina.valves.AbstractAccessLogValve.invoke(AbstractAccessLogValve.java:651)
	at org.apache.catalina.core.StandardEngineValve.invoke(StandardEngineValve.java:87)
	at org.apache.catalina.connector.CoyoteAdapter.service(CoyoteAdapter.java:342)
	at org.apache.coyote.http11.Http11Processor.service(Http11Processor.java:409)
	at org.apache.coyote.AbstractProcessorLight.process(AbstractProcessorLight.java:66)
	at org.apache.coyote.AbstractProtocol$ConnectionHandler.process(AbstractProtocol.java:754)
	at org.apache.tomcat.util.net.NioEndpoint$SocketProcessor.doRun(NioEndpoint.java:1376)
	at org.apache.tomcat.util.net.SocketProcessorBase.run(SocketProcessorBase.java:49)
	at java.util.concurrent.ThreadPoolExecutor.runWorker(ThreadPoolExecutor.java:1149)
	at java.util.concurrent.ThreadPoolExecutor$Worker.run(ThreadPoolExecutor.java:624)
	at org.apache.tomcat.util.threads.TaskThread$WrappingRunnable.run(TaskThread.java:61)
	at java.lang.Thread.run(Thread.java:748)
Caused by: java.lang.IllegalArgumentException: Invalid <url-pattern> [null] in servlet mapping
	at org.apache.catalina.core.StandardContext.addServletMappingDecoded(StandardContext.java:3105)
	at org.apache.catalina.Context.addServletMappingDecoded(Context.java:879)
	at org.apache.catalina.startup.ContextConfig.configureContext(ContextConfig.java:1385)
	at org.apache.catalina.startup.ContextConfig.webConfig(ContextConfig.java:1196)
	at org.apache.catalina.startup.ContextConfig.configureStart(ContextConfig.java:774)
	at org.apache.catalina.startup.ContextConfig.lifecycleEvent(ContextConfig.java:299)
	at org.apache.catalina.util.LifecycleBase.fireLifecycleEvent(LifecycleBase.java:123)
	at org.apache.catalina.core.StandardContext.startInternal(StandardContext.java:4997)
	at org.apache.catalina.util.LifecycleBase.start(LifecycleBase.java:183)
	... 26 more

06-Apr-2018 12:10:40.279 INFO [http-nio-80-exec-2] org.apache.catalina.core.ApplicationContext.log Manager: init: Associated with Deployer 'Catalina:type=Deployer,host=localhost'
06-Apr-2018 12:10:40.279 INFO [http-nio-80-exec-2] org.apache.catalina.core.ApplicationContext.log Manager: init: Global resources are available
06-Apr-2018 12:10:40.310 INFO [http-nio-80-exec-9] org.apache.catalina.core.ApplicationContext.log Manager: list: Listing contexts for virtual host 'localhost'
06-Apr-2018 12:10:40.310 INFO [http-nio-80-exec-3] org.apache.catalina.core.ApplicationContext.log Manager: list: Listing contexts for virtual host 'localhost'
06-Apr-2018 12:10:40.310 INFO [http-nio-80-exec-7] org.apache.catalina.core.ApplicationContext.log Manager: undeploy: Undeploying web application at '/'
06-Apr-2018 12:10:41.107 INFO [http-nio-80-exec-8] org.apache.catalina.core.ApplicationContext.log Manager: install: Installing context configuration at 'file:/C:/Users/jp972/AppData/Local/Temp/context3254529631425343466.xml'
06-Apr-2018 12:10:41.404 INFO [http-nio-80-exec-3] org.apache.catalina.core.ApplicationContext.log Manager: start: Starting web application '/'
06-Apr-2018 12:11:46.302 INFO [http-nio-80-exec-3] org.apache.catalina.core.ApplicationContext.log Manager: init: Associated with Deployer 'Catalina:type=Deployer,host=localhost'
06-Apr-2018 12:11:46.302 INFO [http-nio-80-exec-3] org.apache.catalina.core.ApplicationContext.log Manager: init: Global resources are available
06-Apr-2018 12:11:46.489 INFO [http-nio-80-exec-2] org.apache.catalina.core.ApplicationContext.log Manager: list: Listing contexts for virtual host 'localhost'
06-Apr-2018 12:11:46.489 INFO [http-nio-80-exec-4] org.apache.catalina.core.ApplicationContext.log Manager: list: Listing contexts for virtual host 'localhost'
06-Apr-2018 12:11:46.520 INFO [http-nio-80-exec-5] org.apache.catalina.core.ApplicationContext.log Manager: stop: Stopping web application '/'
06-Apr-2018 12:11:46.536 INFO [http-nio-80-exec-2] org.apache.catalina.core.ApplicationContext.log Manager: start: Starting web application '/'
06-Apr-2018 12:13:26.792 INFO [http-nio-80-exec-2] org.apache.catalina.core.ApplicationContext.log Manager: init: Associated with Deployer 'Catalina:type=Deployer,host=localhost'
06-Apr-2018 12:13:26.792 INFO [http-nio-80-exec-2] org.apache.catalina.core.ApplicationContext.log Manager: init: Global resources are available
06-Apr-2018 12:13:26.964 INFO [http-nio-80-exec-10] org.apache.catalina.core.ApplicationContext.log Manager: list: Listing contexts for virtual host 'localhost'
06-Apr-2018 12:13:26.964 INFO [http-nio-80-exec-1] org.apache.catalina.core.ApplicationContext.log Manager: list: Listing contexts for virtual host 'localhost'
06-Apr-2018 12:14:52.541 INFO [http-nio-80-exec-6] org.apache.catalina.core.ApplicationContext.log Manager: init: Associated with Deployer 'Catalina:type=Deployer,host=localhost'
06-Apr-2018 12:14:52.541 INFO [http-nio-80-exec-6] org.apache.catalina.core.ApplicationContext.log Manager: init: Global resources are available
06-Apr-2018 12:14:52.775 INFO [http-nio-80-exec-2] org.apache.catalina.core.ApplicationContext.log Manager: list: Listing contexts for virtual host 'localhost'
06-Apr-2018 12:14:52.775 INFO [http-nio-80-exec-7] org.apache.catalina.core.ApplicationContext.log Manager: list: Listing contexts for virtual host 'localhost'
06-Apr-2018 12:15:10.732 INFO [http-nio-80-exec-2] org.apache.catalina.core.ApplicationContext.log Manager: init: Associated with Deployer 'Catalina:type=Deployer,host=localhost'
06-Apr-2018 12:15:10.732 INFO [http-nio-80-exec-2] org.apache.catalina.core.ApplicationContext.log Manager: init: Global resources are available
06-Apr-2018 12:15:10.904 INFO [http-nio-80-exec-3] org.apache.catalina.core.ApplicationContext.log Manager: list: Listing contexts for virtual host 'localhost'
06-Apr-2018 12:15:10.904 INFO [http-nio-80-exec-5] org.apache.catalina.core.ApplicationContext.log Manager: list: Listing contexts for virtual host 'localhost'
06-Apr-2018 12:15:10.935 INFO [http-nio-80-exec-6] org.apache.catalina.core.ApplicationContext.log Manager: undeploy: Undeploying web application at '/'
06-Apr-2018 12:15:11.451 INFO [http-nio-80-exec-4] org.apache.catalina.core.ApplicationContext.log Manager: install: Installing context configuration at 'file:/C:/Users/jp972/AppData/Local/Temp/context982254448823010090.xml'
06-Apr-2018 12:16:06.224 INFO [http-nio-80-exec-14] org.apache.catalina.core.ApplicationContext.log Manager: list: Listing contexts for virtual host 'localhost'
06-Apr-2018 12:16:06.239 INFO [http-nio-80-exec-1] org.apache.catalina.core.ApplicationContext.log Manager: restart: Reloading web application '/'
06-Apr-2018 12:19:29.032 INFO [http-nio-80-exec-16] org.apache.catalina.core.ApplicationContext.log Manager: list: Listing contexts for virtual host 'localhost'
06-Apr-2018 12:19:29.047 INFO [http-nio-80-exec-2] org.apache.catalina.core.ApplicationContext.log Manager: restart: Reloading web application '/'
06-Apr-2018 12:23:04.884 INFO [http-nio-80-exec-19] org.apache.catalina.core.ApplicationContext.log Manager: list: Listing contexts for virtual host 'localhost'
06-Apr-2018 12:23:04.884 INFO [http-nio-80-exec-20] org.apache.catalina.core.ApplicationContext.log Manager: restart: Reloading web application '/'
06-Apr-2018 12:23:05.322 INFO [http-nio-80-exec-18] org.apache.catalina.core.ApplicationContext.log Manager: list: Listing contexts for virtual host 'localhost'
06-Apr-2018 12:23:05.337 INFO [http-nio-80-exec-17] org.apache.catalina.core.ApplicationContext.log Manager: restart: Reloading web application '/'
06-Apr-2018 12:25:56.126 INFO [http-nio-80-exec-20] org.apache.catalina.core.ApplicationContext.log Manager: list: Listing contexts for virtual host 'localhost'
06-Apr-2018 12:25:56.126 INFO [http-nio-80-exec-19] org.apache.catalina.core.ApplicationContext.log Manager: restart: Reloading web application '/'
06-Apr-2018 12:27:30.589 INFO [http-nio-80-exec-20] org.apache.catalina.core.ApplicationContext.log Manager: list: Listing contexts for virtual host 'localhost'
06-Apr-2018 12:27:30.589 INFO [http-nio-80-exec-9] org.apache.catalina.core.ApplicationContext.log Manager: restart: Reloading web application '/'
06-Apr-2018 12:27:47.056 INFO [http-nio-80-exec-20] org.apache.catalina.core.ApplicationContext.log Manager: list: Listing contexts for virtual host 'localhost'
06-Apr-2018 12:27:47.056 INFO [http-nio-80-exec-23] org.apache.catalina.core.ApplicationContext.log Manager: restart: Reloading web application '/'
06-Apr-2018 12:28:31.432 INFO [http-nio-80-exec-1] org.apache.catalina.core.ApplicationContext.log Manager: list: Listing contexts for virtual host 'localhost'
06-Apr-2018 12:28:31.432 INFO [http-nio-80-exec-9] org.apache.catalina.core.ApplicationContext.log Manager: restart: Reloading web application '/'
06-Apr-2018 12:28:35.198 INFO [http-nio-80-exec-5] org.apache.catalina.core.ApplicationContext.log Manager: list: Listing contexts for virtual host 'localhost'
06-Apr-2018 12:28:35.198 INFO [http-nio-80-exec-19] org.apache.catalina.core.ApplicationContext.log Manager: restart: Reloading web application '/'
06-Apr-2018 12:30:07.918 INFO [http-nio-80-exec-26] org.apache.catalina.core.ApplicationContext.log Manager: list: Listing contexts for virtual host 'localhost'
06-Apr-2018 12:30:07.918 INFO [http-nio-80-exec-30] org.apache.catalina.core.ApplicationContext.log Manager: stop: Stopping web application '/'
06-Apr-2018 12:30:07.933 INFO [http-nio-80-exec-26] org.apache.catalina.core.ApplicationContext.log Manager: start: Starting web application '/'
06-Apr-2018 12:30:54.536 INFO [http-nio-80-exec-23] org.apache.catalina.core.ApplicationContext.log Manager: list: Listing contexts for virtual host 'localhost'
06-Apr-2018 12:30:54.551 INFO [http-nio-80-exec-25] org.apache.catalina.core.ApplicationContext.log Manager: list: Listing contexts for virtual host 'localhost'
06-Apr-2018 12:30:54.551 INFO [http-nio-80-exec-19] org.apache.catalina.core.ApplicationContext.log Manager: undeploy: Undeploying web application at '/'
06-Apr-2018 12:30:55.051 INFO [http-nio-80-exec-30] org.apache.catalina.core.ApplicationContext.log Manager: install: Installing context configuration at 'file:/C:/Users/jp972/AppData/Local/Temp/context5389555343129346467.xml'
06-Apr-2018 12:30:55.239 INFO [http-nio-80-exec-26] org.apache.catalina.core.ApplicationContext.log Manager: start: Starting web application '/'
06-Apr-2018 12:34:26.189 INFO [http-nio-80-exec-34] org.apache.catalina.core.ApplicationContext.log Manager: list: Listing contexts for virtual host 'localhost'
06-Apr-2018 12:35:20.995 INFO [http-nio-80-exec-39] org.apache.catalina.core.ApplicationContext.log Manager: list: Listing contexts for virtual host 'localhost'
06-Apr-2018 12:35:51.845 INFO [http-nio-80-exec-35] org.apache.catalina.core.ApplicationContext.log Manager: list: Listing contexts for virtual host 'localhost'
06-Apr-2018 12:36:03.904 INFO [http-nio-80-exec-41] org.apache.catalina.core.ApplicationContext.log Manager: list: Listing contexts for virtual host 'localhost'
06-Apr-2018 12:36:07.482 INFO [http-nio-80-exec-37] org.apache.catalina.core.ApplicationContext.log Manager: list: Listing contexts for virtual host 'localhost'
06-Apr-2018 12:37:40.682 INFO [http-nio-80-exec-39] org.apache.catalina.core.ApplicationContext.log Manager: list: Listing contexts for virtual host 'localhost'
06-Apr-2018 12:38:57.910 INFO [http-nio-80-exec-40] org.apache.catalina.core.ApplicationContext.log Manager: list: Listing contexts for virtual host 'localhost'
06-Apr-2018 12:46:44.223 INFO [http-nio-80-exec-41] org.apache.catalina.core.ApplicationContext.log Manager: list: Listing contexts for virtual host 'localhost'
06-Apr-2018 12:46:54.940 INFO [http-nio-80-exec-40] org.apache.catalina.core.ApplicationContext.log Manager: list: Listing contexts for virtual host 'localhost'
06-Apr-2018 12:53:06.992 INFO [http-nio-80-exec-39] org.apache.catalina.core.ApplicationContext.log Manager: list: Listing contexts for virtual host 'localhost'
06-Apr-2018 12:53:19.572 INFO [http-nio-80-exec-2] org.apache.catalina.core.ApplicationContext.log Manager: init: Associated with Deployer 'Catalina:type=Deployer,host=localhost'
06-Apr-2018 12:53:19.572 INFO [http-nio-80-exec-2] org.apache.catalina.core.ApplicationContext.log Manager: init: Global resources are available
06-Apr-2018 12:53:19.775 INFO [http-nio-80-exec-4] org.apache.catalina.core.ApplicationContext.log Manager: list: Listing contexts for virtual host 'localhost'
06-Apr-2018 12:53:19.775 INFO [http-nio-80-exec-6] org.apache.catalina.core.ApplicationContext.log Manager: list: Listing contexts for virtual host 'localhost'
06-Apr-2018 12:53:19.806 INFO [http-nio-80-exec-5] org.apache.catalina.core.ApplicationContext.log Manager: undeploy: Undeploying web application at '/'
06-Apr-2018 12:53:20.322 INFO [http-nio-80-exec-8] org.apache.catalina.core.ApplicationContext.log Manager: install: Installing context configuration at 'file:/C:/Users/jp972/AppData/Local/Temp/context3555932385088857920.xml'
06-Apr-2018 12:53:47.121 INFO [http-nio-80-exec-14] org.apache.catalina.core.ApplicationContext.log Manager: list: Listing contexts for virtual host 'localhost'
06-Apr-2018 12:54:08.299 INFO [http-nio-80-exec-2] org.apache.catalina.core.ApplicationContext.log Manager: init: Associated with Deployer 'Catalina:type=Deployer,host=localhost'
06-Apr-2018 12:54:08.299 INFO [http-nio-80-exec-2] org.apache.catalina.core.ApplicationContext.log Manager: init: Global resources are available
06-Apr-2018 12:54:08.518 INFO [http-nio-80-exec-3] org.apache.catalina.core.ApplicationContext.log Manager: list: Listing contexts for virtual host 'localhost'
06-Apr-2018 12:54:08.518 INFO [http-nio-80-exec-6] org.apache.catalina.core.ApplicationContext.log Manager: list: Listing contexts for virtual host 'localhost'
06-Apr-2018 12:54:08.565 INFO [http-nio-80-exec-4] org.apache.catalina.core.ApplicationContext.log Manager: undeploy: Undeploying web application at '/'
06-Apr-2018 12:54:09.081 INFO [http-nio-80-exec-8] org.apache.catalina.core.ApplicationContext.log Manager: install: Installing context configuration at 'file:/C:/Users/jp972/AppData/Local/Temp/context7166733599795785132.xml'
06-Apr-2018 12:54:35.640 INFO [http-nio-80-exec-14] org.apache.catalina.core.ApplicationContext.log Manager: list: Listing contexts for virtual host 'localhost'
06-Apr-2018 12:54:47.695 INFO [http-nio-80-exec-2] org.apache.catalina.core.ApplicationContext.log Manager: init: Associated with Deployer 'Catalina:type=Deployer,host=localhost'
06-Apr-2018 12:54:47.695 INFO [http-nio-80-exec-2] org.apache.catalina.core.ApplicationContext.log Manager: init: Global resources are available
06-Apr-2018 12:54:47.882 INFO [http-nio-80-exec-5] org.apache.catalina.core.ApplicationContext.log Manager: list: Listing contexts for virtual host 'localhost'
06-Apr-2018 12:54:47.898 INFO [http-nio-80-exec-3] org.apache.catalina.core.ApplicationContext.log Manager: list: Listing contexts for virtual host 'localhost'
06-Apr-2018 12:54:47.929 INFO [http-nio-80-exec-6] org.apache.catalina.core.ApplicationContext.log Manager: undeploy: Undeploying web application at '/'
06-Apr-2018 12:54:48.445 INFO [http-nio-80-exec-3] org.apache.catalina.core.ApplicationContext.log Manager: install: Installing context configuration at 'file:/C:/Users/jp972/AppData/Local/Temp/context2155347539080792063.xml'
06-Apr-2018 12:55:23.755 INFO [http-nio-80-exec-15] org.apache.catalina.core.ApplicationContext.log Manager: list: Listing contexts for virtual host 'localhost'
06-Apr-2018 12:59:52.224 INFO [http-nio-80-exec-11] org.apache.catalina.core.ApplicationContext.log Manager: list: Listing contexts for virtual host 'localhost'
06-Apr-2018 12:59:52.224 INFO [http-nio-80-exec-12] org.apache.catalina.core.ApplicationContext.log Manager: restart: Reloading web application '/'
06-Apr-2018 13:01:39.936 INFO [http-nio-80-exec-22] org.apache.catalina.core.ApplicationContext.log Manager: list: Listing contexts for virtual host 'localhost'
06-Apr-2018 13:01:39.936 INFO [http-nio-80-exec-18] org.apache.catalina.core.ApplicationContext.log Manager: restart: Reloading web application '/'
06-Apr-2018 13:01:50.140 INFO [http-nio-80-exec-19] org.apache.catalina.core.ApplicationContext.log Manager: list: Listing contexts for virtual host 'localhost'
06-Apr-2018 13:01:50.156 INFO [http-nio-80-exec-23] org.apache.catalina.core.ApplicationContext.log Manager: restart: Reloading web application '/'
06-Apr-2018 13:02:48.322 INFO [http-nio-80-exec-22] org.apache.catalina.core.ApplicationContext.log Manager: list: Listing contexts for virtual host 'localhost'
06-Apr-2018 13:02:48.322 INFO [http-nio-80-exec-14] org.apache.catalina.core.ApplicationContext.log Manager: restart: Reloading web application '/'
06-Apr-2018 13:03:19.187 INFO [http-nio-80-exec-25] org.apache.catalina.core.ApplicationContext.log Manager: list: Listing contexts for virtual host 'localhost'
06-Apr-2018 13:03:19.187 INFO [http-nio-80-exec-22] org.apache.catalina.core.ApplicationContext.log Manager: restart: Reloading web application '/'
06-Apr-2018 13:04:25.021 INFO [http-nio-80-exec-27] org.apache.catalina.core.ApplicationContext.log Manager: list: Listing contexts for virtual host 'localhost'
06-Apr-2018 13:04:25.021 INFO [http-nio-80-exec-14] org.apache.catalina.core.ApplicationContext.log Manager: restart: Reloading web application '/'
06-Apr-2018 13:04:31.843 INFO [http-nio-80-exec-25] org.apache.catalina.core.ApplicationContext.log Manager: list: Listing contexts for virtual host 'localhost'
06-Apr-2018 13:04:31.858 INFO [http-nio-80-exec-26] org.apache.catalina.core.ApplicationContext.log Manager: restart: Reloading web application '/'
06-Apr-2018 13:07:42.483 INFO [http-nio-80-exec-30] org.apache.catalina.core.ApplicationContext.log Manager: list: Listing contexts for virtual host 'localhost'
06-Apr-2018 13:07:42.483 INFO [http-nio-80-exec-14] org.apache.catalina.core.ApplicationContext.log Manager: restart: Reloading web application '/'
06-Apr-2018 13:08:54.006 INFO [http-nio-80-exec-32] org.apache.catalina.core.ApplicationContext.log Manager: list: Listing contexts for virtual host 'localhost'
06-Apr-2018 13:08:54.006 INFO [http-nio-80-exec-30] org.apache.catalina.core.ApplicationContext.log Manager: restart: Reloading web application '/'
06-Apr-2018 13:09:03.651 INFO [http-nio-80-exec-35] org.apache.catalina.core.ApplicationContext.log Manager: list: Listing contexts for virtual host 'localhost'
06-Apr-2018 13:09:03.666 INFO [http-nio-80-exec-31] org.apache.catalina.core.ApplicationContext.log Manager: restart: Reloading web application '/'
06-Apr-2018 13:09:34.279 INFO [http-nio-80-exec-23] org.apache.catalina.core.ApplicationContext.log Manager: list: Listing contexts for virtual host 'localhost'
06-Apr-2018 13:09:34.294 INFO [http-nio-80-exec-36] org.apache.catalina.core.ApplicationContext.log Manager: restart: Reloading web application '/'
06-Apr-2018 13:09:45.952 INFO [http-nio-80-exec-37] org.apache.catalina.core.ApplicationContext.log Manager: list: Listing contexts for virtual host 'localhost'
06-Apr-2018 13:09:45.952 INFO [http-nio-80-exec-31] org.apache.catalina.core.ApplicationContext.log Manager: restart: Reloading web application '/'
06-Apr-2018 13:10:04.313 INFO [http-nio-80-exec-37] org.apache.catalina.core.ApplicationContext.log Manager: list: Listing contexts for virtual host 'localhost'
06-Apr-2018 13:10:04.329 INFO [http-nio-80-exec-14] org.apache.catalina.core.ApplicationContext.log Manager: restart: Reloading web application '/'
06-Apr-2018 13:10:15.560 INFO [http-nio-80-exec-39] org.apache.catalina.core.ApplicationContext.log Manager: list: Listing contexts for virtual host 'localhost'
06-Apr-2018 13:10:15.575 INFO [http-nio-80-exec-27] org.apache.catalina.core.ApplicationContext.log Manager: restart: Reloading web application '/'
06-Apr-2018 13:10:59.423 INFO [http-nio-80-exec-40] org.apache.catalina.core.ApplicationContext.log Manager: list: Listing contexts for virtual host 'localhost'
06-Apr-2018 13:10:59.439 INFO [http-nio-80-exec-34] org.apache.catalina.core.ApplicationContext.log Manager: restart: Reloading web application '/'
06-Apr-2018 13:18:13.477 INFO [http-nio-80-exec-4] org.apache.catalina.core.ApplicationContext.log Manager: init: Associated with Deployer 'Catalina:type=Deployer,host=localhost'
06-Apr-2018 13:18:13.477 INFO [http-nio-80-exec-4] org.apache.catalina.core.ApplicationContext.log Manager: init: Global resources are available
06-Apr-2018 13:18:13.742 INFO [http-nio-80-exec-4] org.apache.catalina.core.ApplicationContext.log Manager: list: Listing contexts for virtual host 'localhost'
06-Apr-2018 13:18:13.758 INFO [http-nio-80-exec-5] org.apache.catalina.core.ApplicationContext.log Manager: list: Listing contexts for virtual host 'localhost'
06-Apr-2018 13:18:13.789 INFO [http-nio-80-exec-2] org.apache.catalina.core.ApplicationContext.log Manager: restart: Reloading web application '/'
06-Apr-2018 13:38:33.499 INFO [http-nio-80-exec-2] org.apache.catalina.core.ApplicationContext.log Manager: init: Associated with Deployer 'Catalina:type=Deployer,host=localhost'
06-Apr-2018 13:38:33.499 INFO [http-nio-80-exec-2] org.apache.catalina.core.ApplicationContext.log Manager: init: Global resources are available
06-Apr-2018 13:38:33.702 INFO [http-nio-80-exec-3] org.apache.catalina.core.ApplicationContext.log Manager: list: Listing contexts for virtual host 'localhost'
06-Apr-2018 13:38:33.702 INFO [http-nio-80-exec-5] org.apache.catalina.core.ApplicationContext.log Manager: list: Listing contexts for virtual host 'localhost'
06-Apr-2018 13:38:33.733 INFO [http-nio-80-exec-6] org.apache.catalina.core.ApplicationContext.log Manager: restart: Reloading web application '/'
06-Apr-2018 13:39:27.518 INFO [http-nio-80-exec-14] org.apache.catalina.core.ApplicationContext.log Manager: list: Listing contexts for virtual host 'localhost'
06-Apr-2018 13:39:27.518 INFO [http-nio-80-exec-1] org.apache.catalina.core.ApplicationContext.log Manager: restart: Reloading web application '/'
06-Apr-2018 13:39:55.493 INFO [http-nio-80-exec-16] org.apache.catalina.core.ApplicationContext.log Manager: list: Listing contexts for virtual host 'localhost'
06-Apr-2018 13:45:41.637 INFO [http-nio-80-exec-15] org.apache.catalina.core.ApplicationContext.log Manager: list: Listing contexts for virtual host 'localhost'
06-Apr-2018 13:45:41.637 INFO [http-nio-80-exec-16] org.apache.catalina.core.ApplicationContext.log Manager: restart: Reloading web application '/'
06-Apr-2018 13:50:46.835 INFO [http-nio-80-exec-4] org.apache.catalina.core.ApplicationContext.log Manager: init: Associated with Deployer 'Catalina:type=Deployer,host=localhost'
06-Apr-2018 13:50:46.835 INFO [http-nio-80-exec-4] org.apache.catalina.core.ApplicationContext.log Manager: init: Global resources are available
06-Apr-2018 13:50:47.022 INFO [http-nio-80-exec-2] org.apache.catalina.core.ApplicationContext.log Manager: list: Listing contexts for virtual host 'localhost'
06-Apr-2018 13:50:47.022 INFO [http-nio-80-exec-5] org.apache.catalina.core.ApplicationContext.log Manager: list: Listing contexts for virtual host 'localhost'
06-Apr-2018 13:50:47.069 INFO [http-nio-80-exec-8] org.apache.catalina.core.ApplicationContext.log Manager: restart: Reloading web application '/'
06-Apr-2018 13:52:34.198 INFO [http-nio-80-exec-2] org.apache.catalina.core.ApplicationContext.log Manager: list: Listing contexts for virtual host 'localhost'
06-Apr-2018 13:52:34.198 INFO [http-nio-80-exec-11] org.apache.catalina.core.ApplicationContext.log Manager: restart: Reloading web application '/'
06-Apr-2018 13:53:56.207 INFO [http-nio-80-exec-14] org.apache.catalina.core.ApplicationContext.log Manager: list: Listing contexts for virtual host 'localhost'
06-Apr-2018 13:53:56.207 INFO [http-nio-80-exec-17] org.apache.catalina.core.ApplicationContext.log Manager: restart: Reloading web application '/'
06-Apr-2018 13:54:17.736 INFO [http-nio-80-exec-12] org.apache.catalina.core.ApplicationContext.log Manager: list: Listing contexts for virtual host 'localhost'
06-Apr-2018 13:54:17.752 INFO [http-nio-80-exec-18] org.apache.catalina.core.ApplicationContext.log Manager: restart: Reloading web application '/'
06-Apr-2018 13:54:44.302 INFO [http-nio-80-exec-16] org.apache.catalina.core.ApplicationContext.log Manager: list: Listing contexts for virtual host 'localhost'
06-Apr-2018 13:54:44.302 INFO [http-nio-80-exec-19] org.apache.catalina.core.ApplicationContext.log Manager: stop: Stopping web application '/'
06-Apr-2018 13:54:44.318 INFO [http-nio-80-exec-2] org.apache.catalina.core.ApplicationContext.log Manager: start: Starting web application '/'
06-Apr-2018 13:56:46.596 INFO [http-nio-80-exec-14] org.apache.catalina.core.ApplicationContext.log Manager: list: Listing contexts for virtual host 'localhost'
06-Apr-2018 13:56:46.596 INFO [http-nio-80-exec-20] org.apache.catalina.core.ApplicationContext.log Manager: restart: Reloading web application '/'
06-Apr-2018 13:57:37.653 INFO [http-nio-80-exec-23] org.apache.catalina.core.ApplicationContext.log Manager: list: Listing contexts for virtual host 'localhost'
06-Apr-2018 13:57:37.653 INFO [http-nio-80-exec-12] org.apache.catalina.core.ApplicationContext.log Manager: restart: Reloading web application '/'
06-Apr-2018 13:58:00.241 INFO [http-nio-80-exec-18] org.apache.catalina.core.ApplicationContext.log Manager: list: Listing contexts for virtual host 'localhost'
06-Apr-2018 13:58:00.256 INFO [http-nio-80-exec-24] org.apache.catalina.core.ApplicationContext.log Manager: restart: Reloading web application '/'
06-Apr-2018 13:58:25.255 INFO [http-nio-80-exec-25] org.apache.catalina.core.ApplicationContext.log Manager: list: Listing contexts for virtual host 'localhost'
06-Apr-2018 13:58:25.270 INFO [http-nio-80-exec-23] org.apache.catalina.core.ApplicationContext.log Manager: restart: Reloading web application '/'
06-Apr-2018 14:18:14.855 INFO [http-nio-80-exec-26] org.apache.catalina.core.ApplicationContext.log Manager: list: Listing contexts for virtual host 'localhost'
06-Apr-2018 14:18:14.871 INFO [http-nio-80-exec-27] org.apache.catalina.core.ApplicationContext.log Manager: restart: Reloading web application '/'
06-Apr-2018 14:41:52.137 INFO [http-nio-80-exec-36] org.apache.catalina.core.ApplicationContext.log Manager: list: Listing contexts for virtual host 'localhost'
06-Apr-2018 14:44:02.973 INFO [http-nio-80-exec-40] org.apache.catalina.core.ApplicationContext.log Manager: list: Listing contexts for virtual host 'localhost'
06-Apr-2018 14:44:02.973 INFO [http-nio-80-exec-42] org.apache.catalina.core.ApplicationContext.log Manager: restart: Reloading web application '/'
06-Apr-2018 14:45:01.633 INFO [http-nio-80-exec-39] org.apache.catalina.core.ApplicationContext.log Manager: list: Listing contexts for virtual host 'localhost'
06-Apr-2018 14:45:01.633 INFO [http-nio-80-exec-41] org.apache.catalina.core.ApplicationContext.log Manager: restart: Reloading web application '/'
06-Apr-2018 14:45:05.712 INFO [http-nio-80-exec-39] org.apache.catalina.core.ApplicationContext.log Manager: list: Listing contexts for virtual host 'localhost'
06-Apr-2018 14:45:05.728 INFO [http-nio-80-exec-48] org.apache.catalina.core.ApplicationContext.log Manager: restart: Reloading web application '/'
06-Apr-2018 14:46:09.865 INFO [http-nio-80-exec-50] org.apache.catalina.core.ApplicationContext.log Manager: list: Listing contexts for virtual host 'localhost'
06-Apr-2018 14:46:09.881 INFO [http-nio-80-exec-47] org.apache.catalina.core.ApplicationContext.log Manager: restart: Reloading web application '/'
06-Apr-2018 14:51:08.277 INFO [http-nio-80-exec-52] org.apache.catalina.core.ApplicationContext.log Manager: list: Listing contexts for virtual host 'localhost'
06-Apr-2018 14:51:57.911 INFO [http-nio-80-exec-47] org.apache.catalina.core.ApplicationContext.log Manager: list: Listing contexts for virtual host 'localhost'
06-Apr-2018 14:51:57.911 INFO [http-nio-80-exec-45] org.apache.catalina.core.ApplicationContext.log Manager: restart: Reloading web application '/'
06-Apr-2018 14:52:10.655 INFO [http-nio-80-exec-57] org.apache.catalina.core.ApplicationContext.log Manager: list: Listing contexts for virtual host 'localhost'
06-Apr-2018 14:52:10.655 INFO [http-nio-80-exec-40] org.apache.catalina.core.ApplicationContext.log Manager: restart: Reloading web application '/'
06-Apr-2018 14:53:35.235 INFO [http-nio-80-exec-59] org.apache.catalina.core.ApplicationContext.log Manager: list: Listing contexts for virtual host 'localhost'
06-Apr-2018 14:53:35.250 INFO [http-nio-80-exec-53] org.apache.catalina.core.ApplicationContext.log Manager: restart: Reloading web application '/'
06-Apr-2018 14:55:33.005 INFO [http-nio-80-exec-47] org.apache.catalina.core.ApplicationContext.log Manager: list: Listing contexts for virtual host 'localhost'
06-Apr-2018 14:55:33.005 INFO [http-nio-80-exec-40] org.apache.catalina.core.ApplicationContext.log Manager: restart: Reloading web application '/'
06-Apr-2018 14:57:23.948 INFO [http-nio-80-exec-63] org.apache.catalina.core.ApplicationContext.log Manager: list: Listing contexts for virtual host 'localhost'
06-Apr-2018 14:57:23.948 INFO [http-nio-80-exec-59] org.apache.catalina.core.ApplicationContext.log Manager: restart: Reloading web application '/'
06-Apr-2018 14:58:02.305 INFO [http-nio-80-exec-64] org.apache.catalina.core.ApplicationContext.log Manager: list: Listing contexts for virtual host 'localhost'
06-Apr-2018 14:58:02.321 INFO [http-nio-80-exec-63] org.apache.catalina.core.ApplicationContext.log Manager: restart: Reloading web application '/'
06-Apr-2018 15:00:13.740 INFO [http-nio-80-exec-65] org.apache.catalina.core.ApplicationContext.log Manager: list: Listing contexts for virtual host 'localhost'
06-Apr-2018 15:03:30.079 INFO [http-nio-80-exec-66] org.apache.catalina.core.ApplicationContext.log Manager: list: Listing contexts for virtual host 'localhost'
06-Apr-2018 15:06:25.991 INFO [http-nio-80-exec-70] org.apache.catalina.core.ApplicationContext.log Manager: list: Listing contexts for virtual host 'localhost'
06-Apr-2018 15:06:25.991 INFO [http-nio-80-exec-65] org.apache.catalina.core.ApplicationContext.log Manager: restart: Reloading web application '/'
06-Apr-2018 15:06:53.588 INFO [http-nio-80-exec-75] org.apache.catalina.core.ApplicationContext.log Manager: list: Listing contexts for virtual host 'localhost'
06-Apr-2018 15:06:53.588 INFO [http-nio-80-exec-74] org.apache.catalina.core.ApplicationContext.log Manager: restart: Reloading web application '/'
06-Apr-2018 15:51:42.940 INFO [http-nio-80-exec-76] org.apache.catalina.core.ApplicationContext.log Manager: list: Listing contexts for virtual host 'localhost'
06-Apr-2018 15:52:22.874 INFO [http-nio-80-exec-83] org.apache.catalina.core.ApplicationContext.log Manager: list: Listing contexts for virtual host 'localhost'
06-Apr-2018 15:52:22.890 INFO [http-nio-80-exec-82] org.apache.catalina.core.ApplicationContext.log Manager: stop: Stopping web application '/'
06-Apr-2018 15:52:22.890 INFO [http-nio-80-exec-76] org.apache.catalina.core.ApplicationContext.log Manager: start: Starting web application '/'
06-Apr-2018 15:53:28.964 INFO [http-nio-80-exec-88] org.apache.catalina.core.ApplicationContext.log Manager: list: Listing contexts for virtual host 'localhost'
06-Apr-2018 15:53:39.716 INFO [http-nio-80-exec-2] org.apache.catalina.core.ApplicationContext.log Manager: init: Associated with Deployer 'Catalina:type=Deployer,host=localhost'
06-Apr-2018 15:53:39.716 INFO [http-nio-80-exec-2] org.apache.catalina.core.ApplicationContext.log Manager: init: Global resources are available
06-Apr-2018 15:53:39.904 INFO [http-nio-80-exec-4] org.apache.catalina.core.ApplicationContext.log Manager: list: Listing contexts for virtual host 'localhost'
06-Apr-2018 15:53:39.919 INFO [http-nio-80-exec-5] org.apache.catalina.core.ApplicationContext.log Manager: list: Listing contexts for virtual host 'localhost'
06-Apr-2018 15:53:39.951 INFO [http-nio-80-exec-8] org.apache.catalina.core.ApplicationContext.log Manager: undeploy: Undeploying web application at '/'
06-Apr-2018 15:53:40.466 INFO [http-nio-80-exec-6] org.apache.catalina.core.ApplicationContext.log Manager: install: Installing context configuration at 'file:/C:/Users/jp972/AppData/Local/Temp/context2797278423979891227.xml'
06-Apr-2018 15:55:16.242 INFO [http-nio-80-exec-15] org.apache.catalina.core.ApplicationContext.log Manager: list: Listing contexts for virtual host 'localhost'
06-Apr-2018 15:55:16.242 INFO [http-nio-80-exec-11] org.apache.catalina.core.ApplicationContext.log Manager: restart: Reloading web application '/'
06-Apr-2018 15:55:43.235 INFO [http-nio-80-exec-17] org.apache.catalina.core.ApplicationContext.log Manager: list: Listing contexts for virtual host 'localhost'
06-Apr-2018 15:55:43.235 INFO [http-nio-80-exec-6] org.apache.catalina.core.ApplicationContext.log Manager: restart: Reloading web application '/'
06-Apr-2018 15:55:54.980 INFO [http-nio-80-exec-14] org.apache.catalina.core.ApplicationContext.log Manager: list: Listing contexts for virtual host 'localhost'
06-Apr-2018 15:55:54.995 INFO [http-nio-80-exec-18] org.apache.catalina.core.ApplicationContext.log Manager: restart: Reloading web application '/'
06-Apr-2018 15:56:13.831 INFO [http-nio-80-exec-19] org.apache.catalina.core.ApplicationContext.log Manager: list: Listing contexts for virtual host 'localhost'
06-Apr-2018 15:56:13.831 INFO [http-nio-80-exec-4] org.apache.catalina.core.ApplicationContext.log Manager: restart: Reloading web application '/'
06-Apr-2018 15:56:26.667 INFO [http-nio-80-exec-20] org.apache.catalina.core.ApplicationContext.log Manager: list: Listing contexts for virtual host 'localhost'
06-Apr-2018 15:56:26.683 INFO [http-nio-80-exec-18] org.apache.catalina.core.ApplicationContext.log Manager: restart: Reloading web application '/'
06-Apr-2018 15:56:51.170 INFO [http-nio-80-exec-21] org.apache.catalina.core.ApplicationContext.log Manager: list: Listing contexts for virtual host 'localhost'
06-Apr-2018 15:56:51.170 INFO [http-nio-80-exec-1] org.apache.catalina.core.ApplicationContext.log Manager: restart: Reloading web application '/'
06-Apr-2018 15:57:02.323 INFO [http-nio-80-exec-22] org.apache.catalina.core.ApplicationContext.log Manager: list: Listing contexts for virtual host 'localhost'
06-Apr-2018 15:57:02.323 INFO [http-nio-80-exec-21] org.apache.catalina.core.ApplicationContext.log Manager: restart: Reloading web application '/'
06-Apr-2018 15:58:04.990 INFO [http-nio-80-exec-1] org.apache.catalina.core.ApplicationContext.log Manager: init: Associated with Deployer 'Catalina:type=Deployer,host=localhost'
06-Apr-2018 15:58:04.990 INFO [http-nio-80-exec-1] org.apache.catalina.core.ApplicationContext.log Manager: init: Global resources are available
06-Apr-2018 15:58:04.990 INFO [http-nio-80-exec-1] org.apache.catalina.core.ApplicationContext.log Manager: list: Listing contexts for virtual host 'localhost'
06-Apr-2018 15:58:05.006 INFO [http-nio-80-exec-2] org.apache.catalina.core.ApplicationContext.log Manager: list: Listing contexts for virtual host 'localhost'
06-Apr-2018 15:58:05.037 INFO [http-nio-80-exec-9] org.apache.catalina.core.ApplicationContext.log Manager: restart: Reloading web application '/'
06-Apr-2018 15:58:42.842 INFO [http-nio-80-exec-1] org.apache.catalina.core.ApplicationContext.log Manager: init: Associated with Deployer 'Catalina:type=Deployer,host=localhost'
06-Apr-2018 15:58:42.842 INFO [http-nio-80-exec-1] org.apache.catalina.core.ApplicationContext.log Manager: init: Global resources are available
06-Apr-2018 15:58:43.029 INFO [http-nio-80-exec-3] org.apache.catalina.core.ApplicationContext.log Manager: list: Listing contexts for virtual host 'localhost'
06-Apr-2018 15:58:43.029 INFO [http-nio-80-exec-4] org.apache.catalina.core.ApplicationContext.log Manager: list: Listing contexts for virtual host 'localhost'
06-Apr-2018 15:59:08.156 INFO [http-nio-80-exec-10] org.apache.catalina.core.ApplicationContext.log Manager: list: Listing contexts for virtual host 'localhost'
06-Apr-2018 15:59:08.156 INFO [http-nio-80-exec-8] org.apache.catalina.core.ApplicationContext.log Manager: restart: Reloading web application '/'
06-Apr-2018 16:00:22.765 INFO [http-nio-80-exec-11] org.apache.catalina.core.ApplicationContext.log Manager: list: Listing contexts for virtual host 'localhost'
06-Apr-2018 16:00:22.765 INFO [http-nio-80-exec-13] org.apache.catalina.core.ApplicationContext.log Manager: restart: Reloading web application '/'
06-Apr-2018 16:00:45.399 INFO [http-nio-80-exec-11] org.apache.catalina.core.ApplicationContext.log Manager: list: Listing contexts for virtual host 'localhost'
06-Apr-2018 16:00:45.399 INFO [http-nio-80-exec-14] org.apache.catalina.core.ApplicationContext.log Manager: restart: Reloading web application '/'
06-Apr-2018 16:01:00.319 INFO [http-nio-80-exec-11] org.apache.catalina.core.ApplicationContext.log Manager: list: Listing contexts for virtual host 'localhost'
06-Apr-2018 16:01:00.319 INFO [http-nio-80-exec-15] org.apache.catalina.core.ApplicationContext.log Manager: restart: Reloading web application '/'
06-Apr-2018 16:01:02.654 INFO [http-nio-80-exec-13] org.apache.catalina.core.ApplicationContext.log Manager: list: Listing contexts for virtual host 'localhost'
06-Apr-2018 16:01:02.670 INFO [http-nio-80-exec-16] org.apache.catalina.core.ApplicationContext.log Manager: restart: Reloading web application '/'
06-Apr-2018 16:01:21.633 INFO [http-nio-80-exec-17] org.apache.catalina.core.ApplicationContext.log Manager: list: Listing contexts for virtual host 'localhost'
06-Apr-2018 16:01:21.649 INFO [http-nio-80-exec-9] org.apache.catalina.core.ApplicationContext.log Manager: restart: Reloading web application '/'
06-Apr-2018 16:01:43.138 INFO [http-nio-80-exec-18] org.apache.catalina.core.ApplicationContext.log Manager: list: Listing contexts for virtual host 'localhost'
06-Apr-2018 16:01:43.154 INFO [http-nio-80-exec-16] org.apache.catalina.core.ApplicationContext.log Manager: stop: Stopping web application '/'
06-Apr-2018 16:01:43.154 INFO [http-nio-80-exec-11] org.apache.catalina.core.ApplicationContext.log Manager: start: Starting web application '/'
06-Apr-2018 16:01:52.169 INFO [http-nio-80-exec-19] org.apache.catalina.core.ApplicationContext.log Manager: list: Listing contexts for virtual host 'localhost'
06-Apr-2018 16:01:52.184 INFO [http-nio-80-exec-18] org.apache.catalina.core.ApplicationContext.log Manager: stop: Stopping web application '/'
06-Apr-2018 16:01:52.184 INFO [http-nio-80-exec-19] org.apache.catalina.core.ApplicationContext.log Manager: start: Starting web application '/'
06-Apr-2018 16:02:01.229 INFO [http-nio-80-exec-20] org.apache.catalina.core.ApplicationContext.log Manager: list: Listing contexts for virtual host 'localhost'
06-Apr-2018 16:02:01.245 INFO [http-nio-80-exec-16] org.apache.catalina.core.ApplicationContext.log Manager: stop: Stopping web application '/'
06-Apr-2018 16:02:01.245 INFO [http-nio-80-exec-11] org.apache.catalina.core.ApplicationContext.log Manager: start: Starting web application '/'
06-Apr-2018 16:02:20.725 INFO [http-nio-80-exec-21] org.apache.catalina.core.ApplicationContext.log Manager: list: Listing contexts for virtual host 'localhost'
06-Apr-2018 16:02:20.740 INFO [http-nio-80-exec-19] org.apache.catalina.core.ApplicationContext.log Manager: stop: Stopping web application '/'
06-Apr-2018 16:02:20.740 INFO [http-nio-80-exec-21] org.apache.catalina.core.ApplicationContext.log Manager: start: Starting web application '/'
06-Apr-2018 16:02:32.261 INFO [http-nio-80-exec-22] org.apache.catalina.core.ApplicationContext.log Manager: list: Listing contexts for virtual host 'localhost'
06-Apr-2018 16:02:32.276 INFO [http-nio-80-exec-20] org.apache.catalina.core.ApplicationContext.log Manager: stop: Stopping web application '/'
06-Apr-2018 16:02:32.276 INFO [http-nio-80-exec-21] org.apache.catalina.core.ApplicationContext.log Manager: start: Starting web application '/'
06-Apr-2018 16:03:28.938 INFO [http-nio-80-exec-23] org.apache.catalina.core.ApplicationContext.log Manager: list: Listing contexts for virtual host 'localhost'
06-Apr-2018 16:03:28.953 INFO [http-nio-80-exec-16] org.apache.catalina.core.ApplicationContext.log Manager: restart: Reloading web application '/'
06-Apr-2018 16:03:57.717 INFO [http-nio-80-exec-24] org.apache.catalina.core.ApplicationContext.log Manager: list: Listing contexts for virtual host 'localhost'
06-Apr-2018 16:03:57.717 INFO [http-nio-80-exec-12] org.apache.catalina.core.ApplicationContext.log Manager: restart: Reloading web application '/'
06-Apr-2018 16:16:01.375 INFO [http-nio-80-exec-34] org.apache.catalina.core.ApplicationContext.log Manager: list: Listing contexts for virtual host 'localhost'
06-Apr-2018 16:16:02.906 INFO [http-nio-80-exec-34] org.apache.catalina.core.ApplicationContext.log Manager: list: Listing contexts for virtual host 'localhost'
06-Apr-2018 16:16:03.766 INFO [http-nio-80-exec-25] org.apache.catalina.core.ApplicationContext.log Manager: list: Listing contexts for virtual host 'localhost'
06-Apr-2018 16:16:11.445 INFO [http-nio-80-exec-28] org.apache.catalina.core.ApplicationContext.log Manager: list: Listing contexts for virtual host 'localhost'
06-Apr-2018 16:17:04.307 INFO [http-nio-80-exec-32] org.apache.catalina.core.ApplicationContext.log Manager: list: Listing contexts for virtual host 'localhost'
06-Apr-2018 16:17:04.323 INFO [http-nio-80-exec-34] org.apache.catalina.core.ApplicationContext.log Manager: stop: Stopping web application '/'
06-Apr-2018 16:17:04.323 INFO [http-nio-80-exec-32] org.apache.catalina.core.ApplicationContext.log Manager: start: Starting web application '/'
06-Apr-2018 16:18:53.476 INFO [http-nio-80-exec-35] org.apache.catalina.core.ApplicationContext.log Manager: list: Listing contexts for virtual host 'localhost'
06-Apr-2018 16:18:53.492 INFO [http-nio-80-exec-37] org.apache.catalina.core.ApplicationContext.log Manager: restart: Reloading web application '/'
06-Apr-2018 16:23:21.213 INFO [http-nio-80-exec-37] org.apache.catalina.core.ApplicationContext.log Manager: list: Listing contexts for virtual host 'localhost'
06-Apr-2018 16:23:21.229 INFO [http-nio-80-exec-38] org.apache.catalina.core.ApplicationContext.log Manager: restart: Reloading web application '/'
06-Apr-2018 16:24:16.735 INFO [http-nio-80-exec-43] org.apache.catalina.core.ApplicationContext.log Manager: list: Listing contexts for virtual host 'localhost'
06-Apr-2018 16:24:16.735 INFO [http-nio-80-exec-39] org.apache.catalina.core.ApplicationContext.log Manager: restart: Reloading web application '/'
06-Apr-2018 16:24:54.158 INFO [http-nio-80-exec-44] org.apache.catalina.core.ApplicationContext.log Manager: list: Listing contexts for virtual host 'localhost'
06-Apr-2018 16:24:54.174 INFO [http-nio-80-exec-42] org.apache.catalina.core.ApplicationContext.log Manager: restart: Reloading web application '/'
06-Apr-2018 16:26:57.960 INFO [http-nio-80-exec-45] org.apache.catalina.core.ApplicationContext.log Manager: list: Listing contexts for virtual host 'localhost'
06-Apr-2018 16:26:57.960 INFO [http-nio-80-exec-47] org.apache.catalina.core.ApplicationContext.log Manager: restart: Reloading web application '/'
06-Apr-2018 16:27:43.323 INFO [http-nio-80-exec-2] org.apache.catalina.core.ApplicationContext.log Manager: init: Associated with Deployer 'Catalina:type=Deployer,host=localhost'
06-Apr-2018 16:27:43.323 INFO [http-nio-80-exec-2] org.apache.catalina.core.ApplicationContext.log Manager: init: Global resources are available
06-Apr-2018 16:27:44.682 INFO [http-nio-80-exec-5] org.apache.catalina.core.ApplicationContext.log Manager: list: Listing contexts for virtual host 'localhost'
06-Apr-2018 16:27:44.698 INFO [http-nio-80-exec-8] org.apache.catalina.core.ApplicationContext.log Manager: list: Listing contexts for virtual host 'localhost'
06-Apr-2018 16:27:44.698 INFO [http-nio-80-exec-7] org.apache.catalina.core.ApplicationContext.log Manager: undeploy: Undeploying web application at '/'
06-Apr-2018 16:27:45.276 INFO [http-nio-80-exec-5] org.apache.catalina.core.ApplicationContext.log Manager: install: Installing context configuration at 'file:/C:/Users/jp972/AppData/Local/Temp/context7127932842319420365.xml'
06-Apr-2018 16:27:45.542 INFO [http-nio-80-exec-6] org.apache.catalina.core.ApplicationContext.log Manager: start: Starting web application '/'
06-Apr-2018 16:29:41.206 INFO [http-nio-80-exec-4] org.apache.catalina.core.ApplicationContext.log Manager: init: Associated with Deployer 'Catalina:type=Deployer,host=localhost'
06-Apr-2018 16:29:41.206 INFO [http-nio-80-exec-4] org.apache.catalina.core.ApplicationContext.log Manager: init: Global resources are available
06-Apr-2018 16:29:41.643 INFO [http-nio-80-exec-3] org.apache.catalina.core.ApplicationContext.log Manager: list: Listing contexts for virtual host 'localhost'
06-Apr-2018 16:29:41.659 INFO [http-nio-80-exec-5] org.apache.catalina.core.ApplicationContext.log Manager: list: Listing contexts for virtual host 'localhost'
06-Apr-2018 16:29:41.675 INFO [http-nio-80-exec-2] org.apache.catalina.core.ApplicationContext.log Manager: undeploy: Undeploying web application at '/'
06-Apr-2018 16:29:42.315 INFO [http-nio-80-exec-6] org.apache.catalina.core.ApplicationContext.log Manager: install: Installing context configuration at 'file:/C:/Users/jp972/AppData/Local/Temp/context1461479661436092804.xml'
06-Apr-2018 16:29:42.565 INFO [http-nio-80-exec-3] org.apache.catalina.core.ApplicationContext.log Manager: start: Starting web application '/'
06-Apr-2018 16:31:25.788 INFO [http-nio-80-exec-2] org.apache.catalina.core.ApplicationContext.log Manager: init: Associated with Deployer 'Catalina:type=Deployer,host=localhost'
06-Apr-2018 16:31:25.788 INFO [http-nio-80-exec-2] org.apache.catalina.core.ApplicationContext.log Manager: init: Global resources are available
06-Apr-2018 16:31:26.038 INFO [http-nio-80-exec-9] org.apache.catalina.core.ApplicationContext.log Manager: list: Listing contexts for virtual host 'localhost'
06-Apr-2018 16:31:26.038 INFO [http-nio-80-exec-1] org.apache.catalina.core.ApplicationContext.log Manager: list: Listing contexts for virtual host 'localhost'
06-Apr-2018 16:31:26.066 INFO [http-nio-80-exec-3] org.apache.catalina.core.ApplicationContext.log Manager: restart: Reloading web application '/'
06-Apr-2018 16:38:01.940 INFO [http-nio-80-exec-17] org.apache.catalina.core.ApplicationContext.log Manager: list: Listing contexts for virtual host 'localhost'
06-Apr-2018 16:38:01.940 INFO [http-nio-80-exec-20] org.apache.catalina.core.ApplicationContext.log Manager: list: Listing contexts for virtual host 'localhost'
06-Apr-2018 16:38:01.956 INFO [http-nio-80-exec-12] org.apache.catalina.core.ApplicationContext.log Manager: undeploy: Undeploying web application at '/'
06-Apr-2018 16:38:04.773 INFO [http-nio-80-exec-17] org.apache.catalina.core.ApplicationContext.log Manager: install: Installing context configuration at 'file:/C:/Users/jp972/AppData/Local/Temp/context6351575397583342028.xml'
06-Apr-2018 16:38:05.132 INFO [http-nio-80-exec-19] org.apache.catalina.core.ApplicationContext.log Manager: start: Starting web application '/'
06-Apr-2018 16:50:26.680 INFO [http-nio-80-exec-30] org.apache.catalina.core.ApplicationContext.log Manager: list: Listing contexts for virtual host 'localhost'
06-Apr-2018 16:50:26.696 INFO [http-nio-80-exec-23] org.apache.catalina.core.ApplicationContext.log Manager: restart: Reloading web application '/'
06-Apr-2018 16:56:23.295 INFO [http-nio-80-exec-31] org.apache.catalina.core.ApplicationContext.log Manager: list: Listing contexts for virtual host 'localhost'
06-Apr-2018 16:56:23.295 INFO [http-nio-80-exec-32] org.apache.catalina.core.ApplicationContext.log Manager: restart: Reloading web application '/'
06-Apr-2018 17:09:28.935 INFO [http-nio-80-exec-3] org.apache.catalina.core.ApplicationContext.log Manager: init: Associated with Deployer 'Catalina:type=Deployer,host=localhost'
06-Apr-2018 17:09:28.935 INFO [http-nio-80-exec-3] org.apache.catalina.core.ApplicationContext.log Manager: init: Global resources are available
06-Apr-2018 17:09:29.607 INFO [http-nio-80-exec-6] org.apache.catalina.core.ApplicationContext.log Manager: list: Listing contexts for virtual host 'localhost'
06-Apr-2018 17:09:29.617 INFO [http-nio-80-exec-7] org.apache.catalina.core.ApplicationContext.log Manager: list: Listing contexts for virtual host 'localhost'
06-Apr-2018 17:09:29.719 INFO [http-nio-80-exec-9] org.apache.catalina.core.ApplicationContext.log Manager: restart: Reloading web application '/'
06-Apr-2018 17:13:32.236 INFO [http-nio-80-exec-11] org.apache.catalina.core.ApplicationContext.log Manager: list: Listing contexts for virtual host 'localhost'
06-Apr-2018 17:13:32.244 INFO [http-nio-80-exec-12] org.apache.catalina.core.ApplicationContext.log Manager: restart: Reloading web application '/'
06-Apr-2018 17:14:54.867 INFO [http-nio-80-exec-16] org.apache.catalina.core.ApplicationContext.log Manager: list: Listing contexts for virtual host 'localhost'
06-Apr-2018 17:14:54.876 INFO [http-nio-80-exec-22] org.apache.catalina.core.ApplicationContext.log Manager: restart: Reloading web application '/'
06-Apr-2018 17:15:33.578 INFO [http-nio-80-exec-17] org.apache.catalina.core.ApplicationContext.log Manager: list: Listing contexts for virtual host 'localhost'
06-Apr-2018 17:15:35.171 INFO [http-nio-80-exec-16] org.apache.catalina.core.ApplicationContext.log Manager: list: Listing contexts for virtual host 'localhost'
06-Apr-2018 17:15:36.692 INFO [http-nio-80-exec-22] org.apache.catalina.core.ApplicationContext.log Manager: list: Listing contexts for virtual host 'localhost'
06-Apr-2018 17:15:38.202 INFO [http-nio-80-exec-24] org.apache.catalina.core.ApplicationContext.log Manager: list: Listing contexts for virtual host 'localhost'
06-Apr-2018 17:15:39.993 INFO [http-nio-80-exec-21] org.apache.catalina.core.ApplicationContext.log Manager: list: Listing contexts for virtual host 'localhost'
06-Apr-2018 17:33:56.069 INFO [http-nio-80-exec-24] org.apache.catalina.core.ApplicationContext.log Manager: list: Listing contexts for virtual host 'localhost'
06-Apr-2018 17:33:56.363 INFO [http-nio-80-exec-27] org.apache.catalina.core.ApplicationContext.log Manager: list: Listing contexts for virtual host 'localhost'
06-Apr-2018 17:33:56.839 INFO [http-nio-80-exec-26] org.apache.catalina.core.ApplicationContext.log Manager: list: Listing contexts for virtual host 'localhost'
06-Apr-2018 17:33:57.688 INFO [http-nio-80-exec-32] org.apache.catalina.core.ApplicationContext.log Manager: list: Listing contexts for virtual host 'localhost'
06-Apr-2018 17:33:57.976 INFO [http-nio-80-exec-30] org.apache.catalina.core.ApplicationContext.log Manager: list: Listing contexts for virtual host 'localhost'
06-Apr-2018 19:26:05.973 INFO [http-nio-80-exec-4] org.apache.catalina.core.ApplicationContext.log Manager: init: Associated with Deployer 'Catalina:type=Deployer,host=localhost'
06-Apr-2018 19:26:05.973 INFO [http-nio-80-exec-4] org.apache.catalina.core.ApplicationContext.log Manager: init: Global resources are available
06-Apr-2018 19:26:06.520 INFO [http-nio-80-exec-9] org.apache.catalina.core.ApplicationContext.log Manager: list: Listing contexts for virtual host 'localhost'
06-Apr-2018 19:26:06.536 INFO [http-nio-80-exec-10] org.apache.catalina.core.ApplicationContext.log Manager: list: Listing contexts for virtual host 'localhost'
06-Apr-2018 19:26:06.567 INFO [http-nio-80-exec-5] org.apache.catalina.core.ApplicationContext.log Manager: restart: Reloading web application '/'
06-Apr-2018 19:30:54.010 INFO [http-nio-80-exec-18] org.apache.catalina.core.ApplicationContext.log Manager: list: Listing contexts for virtual host 'localhost'
06-Apr-2018 19:30:54.019 INFO [http-nio-80-exec-11] org.apache.catalina.core.ApplicationContext.log Manager: restart: Reloading web application '/'
06-Apr-2018 19:53:08.084 INFO [http-nio-80-exec-22] org.apache.catalina.core.ApplicationContext.log Manager: list: Listing contexts for virtual host 'localhost'
06-Apr-2018 19:53:08.095 INFO [http-nio-80-exec-23] org.apache.catalina.core.ApplicationContext.log Manager: restart: Reloading web application '/'
06-Apr-2018 19:58:04.164 INFO [http-nio-80-exec-31] org.apache.catalina.core.ApplicationContext.log Manager: list: Listing contexts for virtual host 'localhost'
06-Apr-2018 19:58:04.185 INFO [http-nio-80-exec-32] org.apache.catalina.core.ApplicationContext.log Manager: restart: Reloading web application '/'
06-Apr-2018 19:59:54.109 INFO [http-nio-80-exec-30] org.apache.catalina.core.ApplicationContext.log Manager: list: Listing contexts for virtual host 'localhost'
06-Apr-2018 19:59:54.124 INFO [http-nio-80-exec-35] org.apache.catalina.core.ApplicationContext.log Manager: restart: Reloading web application '/'
06-Apr-2018 20:06:15.340 INFO [http-nio-80-exec-38] org.apache.catalina.core.ApplicationContext.log Manager: list: Listing contexts for virtual host 'localhost'
06-Apr-2018 20:06:15.340 INFO [http-nio-80-exec-41] org.apache.catalina.core.ApplicationContext.log Manager: restart: Reloading web application '/'
06-Apr-2018 20:06:49.814 INFO [http-nio-80-exec-20] org.apache.catalina.core.ApplicationContext.log Manager: list: Listing contexts for virtual host 'localhost'
06-Apr-2018 20:06:49.829 INFO [http-nio-80-exec-45] org.apache.catalina.core.ApplicationContext.log Manager: restart: Reloading web application '/'
06-Apr-2018 20:11:39.286 INFO [http-nio-80-exec-48] org.apache.catalina.core.ApplicationContext.log Manager: list: Listing contexts for virtual host 'localhost'
06-Apr-2018 20:11:39.286 INFO [http-nio-80-exec-50] org.apache.catalina.core.ApplicationContext.log Manager: restart: Reloading web application '/'
06-Apr-2018 20:11:46.343 INFO [http-nio-80-exec-45] org.apache.catalina.core.ApplicationContext.log Manager: list: Listing contexts for virtual host 'localhost'
06-Apr-2018 20:11:46.358 INFO [http-nio-80-exec-20] org.apache.catalina.core.ApplicationContext.log Manager: restart: Reloading web application '/'
06-Apr-2018 20:11:46.577 INFO [http-nio-80-exec-47] org.apache.catalina.core.ApplicationContext.log Manager: list: Listing contexts for virtual host 'localhost'
06-Apr-2018 20:11:46.593 INFO [http-nio-80-exec-48] org.apache.catalina.core.ApplicationContext.log Manager: restart: Reloading web application '/'
06-Apr-2018 20:12:56.707 INFO [http-nio-80-exec-47] org.apache.catalina.core.ApplicationContext.log Manager: list: Listing contexts for virtual host 'localhost'
06-Apr-2018 20:12:56.707 INFO [http-nio-80-exec-50] org.apache.catalina.core.ApplicationContext.log Manager: restart: Reloading web application '/'
06-Apr-2018 20:14:41.368 INFO [http-nio-80-exec-53] org.apache.catalina.core.ApplicationContext.log Manager: list: Listing contexts for virtual host 'localhost'
06-Apr-2018 20:14:41.384 INFO [http-nio-80-exec-51] org.apache.catalina.core.ApplicationContext.log Manager: restart: Reloading web application '/'
06-Apr-2018 20:16:27.419 INFO [http-nio-80-exec-57] org.apache.catalina.core.ApplicationContext.log Manager: list: Listing contexts for virtual host 'localhost'
06-Apr-2018 20:16:27.434 INFO [http-nio-80-exec-41] org.apache.catalina.core.ApplicationContext.log Manager: restart: Reloading web application '/'
06-Apr-2018 20:35:48.223 INFO [http-nio-80-exec-3] org.apache.catalina.core.ApplicationContext.log Manager: init: Associated with Deployer 'Catalina:type=Deployer,host=localhost'
06-Apr-2018 20:35:48.223 INFO [http-nio-80-exec-3] org.apache.catalina.core.ApplicationContext.log Manager: init: Global resources are available
06-Apr-2018 20:35:48.426 INFO [http-nio-80-exec-9] org.apache.catalina.core.ApplicationContext.log Manager: list: Listing contexts for virtual host 'localhost'
06-Apr-2018 20:35:48.441 INFO [http-nio-80-exec-1] org.apache.catalina.core.ApplicationContext.log Manager: list: Listing contexts for virtual host 'localhost'
06-Apr-2018 20:35:48.441 INFO [http-nio-80-exec-7] org.apache.catalina.core.ApplicationContext.log Manager: undeploy: Undeploying web application at '/'
06-Apr-2018 20:35:49.004 INFO [http-nio-80-exec-9] org.apache.catalina.core.ApplicationContext.log Manager: install: Installing context configuration at 'file:/C:/Users/jp972/AppData/Local/Temp/context8838365310067236722.xml'
06-Apr-2018 20:35:49.317 INFO [http-nio-80-exec-4] org.apache.catalina.core.ApplicationContext.log Manager: start: Starting web application '/'
06-Apr-2018 20:54:21.727 INFO [http-nio-80-exec-20] org.apache.catalina.core.ApplicationContext.log Manager: list: Listing contexts for virtual host 'localhost'
06-Apr-2018 20:54:21.727 INFO [http-nio-80-exec-19] org.apache.catalina.core.ApplicationContext.log Manager: restart: Reloading web application '/'
06-Apr-2018 20:58:52.198 INFO [http-nio-80-exec-22] org.apache.catalina.core.ApplicationContext.log Manager: list: Listing contexts for virtual host 'localhost'
06-Apr-2018 20:58:52.198 INFO [http-nio-80-exec-21] org.apache.catalina.core.ApplicationContext.log Manager: list: Listing contexts for virtual host 'localhost'
06-Apr-2018 20:58:52.230 INFO [http-nio-80-exec-24] org.apache.catalina.core.ApplicationContext.log Manager: restart: Reloading web application '/'
06-Apr-2018 21:12:21.724 INFO [http-nio-80-exec-40] org.apache.catalina.core.ApplicationContext.log Manager: list: Listing contexts for virtual host 'localhost'
06-Apr-2018 21:12:21.724 INFO [http-nio-80-exec-31] org.apache.catalina.core.ApplicationContext.log Manager: restart: Reloading web application '/'
06-Apr-2018 21:29:04.904 INFO [http-nio-80-exec-46] org.apache.catalina.core.ApplicationContext.log Manager: list: Listing contexts for virtual host 'localhost'
06-Apr-2018 21:29:04.920 INFO [http-nio-80-exec-44] org.apache.catalina.core.ApplicationContext.log Manager: restart: Reloading web application '/'
06-Apr-2018 21:29:12.655 INFO [http-nio-80-exec-52] org.apache.catalina.core.ApplicationContext.log Manager: list: Listing contexts for virtual host 'localhost'
06-Apr-2018 21:29:12.655 INFO [http-nio-80-exec-57] org.apache.catalina.core.ApplicationContext.log Manager: restart: Reloading web application '/'
