03-Apr-2018 14:42:55.776 INFO [http-nio-80-exec-3] org.apache.catalina.core.ApplicationContext.log Manager: init: Associated with Deployer 'Catalina:type=Deployer,host=localhost'
03-Apr-2018 14:42:55.776 INFO [http-nio-80-exec-3] org.apache.catalina.core.ApplicationContext.log Manager: init: Global resources are available
03-Apr-2018 14:42:56.072 INFO [http-nio-80-exec-7] org.apache.catalina.core.ApplicationContext.log Manager: list: Listing contexts for virtual host 'localhost'
03-Apr-2018 14:42:56.076 INFO [http-nio-80-exec-6] org.apache.catalina.core.ApplicationContext.log Manager: list: Listing contexts for virtual host 'localhost'
03-Apr-2018 14:42:56.142 INFO [http-nio-80-exec-10] org.apache.catalina.core.ApplicationContext.log Manager: stop: Stopping web application '/'
03-Apr-2018 14:42:56.160 INFO [http-nio-80-exec-8] org.apache.catalina.core.ApplicationContext.log Manager: start: Starting web application '/'
03-Apr-2018 14:44:31.689 INFO [http-nio-80-exec-11] org.apache.catalina.core.ApplicationContext.log Manager: list: Listing contexts for virtual host 'localhost'
03-Apr-2018 14:44:31.700 INFO [http-nio-80-exec-12] org.apache.catalina.core.ApplicationContext.log Manager: restart: Reloading web application '/'
03-Apr-2018 15:08:53.482 INFO [http-nio-80-exec-24] org.apache.catalina.core.ApplicationContext.log Manager: list: Listing contexts for virtual host 'localhost'
03-Apr-2018 15:08:53.497 INFO [http-nio-80-exec-15] org.apache.catalina.core.ApplicationContext.log Manager: restart: Reloading web application '/'
03-Apr-2018 15:11:20.201 INFO [http-nio-80-exec-21] org.apache.catalina.core.ApplicationContext.log Manager: list: Listing contexts for virtual host 'localhost'
03-Apr-2018 15:11:20.217 INFO [http-nio-80-exec-25] org.apache.catalina.core.ApplicationContext.log Manager: restart: Reloading web application '/'
03-Apr-2018 15:11:56.660 INFO [http-nio-80-exec-29] org.apache.catalina.core.ApplicationContext.log Manager: list: Listing contexts for virtual host 'localhost'
03-Apr-2018 15:11:56.667 INFO [http-nio-80-exec-27] org.apache.catalina.core.ApplicationContext.log Manager: restart: Reloading web application '/'
03-Apr-2018 15:13:35.748 INFO [http-nio-80-exec-23] org.apache.catalina.core.ApplicationContext.log Manager: list: Listing contexts for virtual host 'localhost'
03-Apr-2018 15:13:35.748 INFO [http-nio-80-exec-29] org.apache.catalina.core.ApplicationContext.log Manager: restart: Reloading web application '/'
03-Apr-2018 15:17:46.554 INFO [http-nio-80-exec-33] org.apache.catalina.core.ApplicationContext.log Manager: list: Listing contexts for virtual host 'localhost'
03-Apr-2018 15:17:46.571 INFO [http-nio-80-exec-34] org.apache.catalina.core.ApplicationContext.log Manager: restart: Reloading web application '/'
03-Apr-2018 15:18:04.107 INFO [http-nio-80-exec-35] org.apache.catalina.core.ApplicationContext.log Manager: list: Listing contexts for virtual host 'localhost'
03-Apr-2018 15:18:04.107 INFO [http-nio-80-exec-28] org.apache.catalina.core.ApplicationContext.log Manager: restart: Reloading web application '/'
03-Apr-2018 15:18:23.660 INFO [http-nio-80-exec-35] org.apache.catalina.core.ApplicationContext.log Manager: list: Listing contexts for virtual host 'localhost'
03-Apr-2018 15:18:23.669 INFO [http-nio-80-exec-34] org.apache.catalina.core.ApplicationContext.log Manager: restart: Reloading web application '/'
03-Apr-2018 15:19:05.664 INFO [http-nio-80-exec-33] org.apache.catalina.core.ApplicationContext.log Manager: list: Listing contexts for virtual host 'localhost'
03-Apr-2018 15:19:05.672 INFO [http-nio-80-exec-28] org.apache.catalina.core.ApplicationContext.log Manager: restart: Reloading web application '/'
03-Apr-2018 15:20:06.623 INFO [http-nio-80-exec-33] org.apache.catalina.core.ApplicationContext.log Manager: list: Listing contexts for virtual host 'localhost'
03-Apr-2018 15:20:06.623 INFO [http-nio-80-exec-29] org.apache.catalina.core.ApplicationContext.log Manager: restart: Reloading web application '/'
03-Apr-2018 15:20:41.063 INFO [http-nio-80-exec-42] org.apache.catalina.core.ApplicationContext.log Manager: list: Listing contexts for virtual host 'localhost'
03-Apr-2018 15:20:41.063 INFO [http-nio-80-exec-30] org.apache.catalina.core.ApplicationContext.log Manager: restart: Reloading web application '/'
03-Apr-2018 15:21:23.873 INFO [http-nio-80-exec-28] org.apache.catalina.core.ApplicationContext.log Manager: list: Listing contexts for virtual host 'localhost'
03-Apr-2018 15:21:23.873 INFO [http-nio-80-exec-33] org.apache.catalina.core.ApplicationContext.log Manager: restart: Reloading web application '/'
03-Apr-2018 15:23:57.193 INFO [http-nio-80-exec-46] org.apache.catalina.core.ApplicationContext.log Manager: list: Listing contexts for virtual host 'localhost'
03-Apr-2018 15:23:57.201 INFO [http-nio-80-exec-40] org.apache.catalina.core.ApplicationContext.log Manager: restart: Reloading web application '/'
03-Apr-2018 15:27:38.045 INFO [http-nio-80-exec-48] org.apache.catalina.core.ApplicationContext.log Manager: list: Listing contexts for virtual host 'localhost'
03-Apr-2018 15:27:38.045 INFO [http-nio-80-exec-43] org.apache.catalina.core.ApplicationContext.log Manager: restart: Reloading web application '/'
03-Apr-2018 15:27:41.342 INFO [http-nio-80-exec-50] org.apache.catalina.core.ApplicationContext.log Manager: list: Listing contexts for virtual host 'localhost'
03-Apr-2018 15:27:41.342 INFO [http-nio-80-exec-48] org.apache.catalina.core.ApplicationContext.log Manager: restart: Reloading web application '/'
03-Apr-2018 15:32:08.953 INFO [http-nio-80-exec-52] org.apache.catalina.core.ApplicationContext.log Manager: list: Listing contexts for virtual host 'localhost'
03-Apr-2018 15:32:08.953 INFO [http-nio-80-exec-55] org.apache.catalina.core.ApplicationContext.log Manager: restart: Reloading web application '/'
03-Apr-2018 15:32:36.967 INFO [http-nio-80-exec-52] org.apache.catalina.core.ApplicationContext.log Manager: list: Listing contexts for virtual host 'localhost'
03-Apr-2018 15:32:36.967 INFO [http-nio-80-exec-60] org.apache.catalina.core.ApplicationContext.log Manager: restart: Reloading web application '/'
03-Apr-2018 15:38:15.898 INFO [http-nio-80-exec-62] org.apache.catalina.core.ApplicationContext.log Manager: list: Listing contexts for virtual host 'localhost'
03-Apr-2018 15:38:15.898 INFO [http-nio-80-exec-63] org.apache.catalina.core.ApplicationContext.log Manager: restart: Reloading web application '/'
