29-Mar-2018 12:12:18.714 INFO [http-nio-80-exec-3] org.apache.catalina.core.ApplicationContext.log Manager: init: Associated with Deployer 'Catalina:type=Deployer,host=localhost'
29-Mar-2018 12:12:18.714 INFO [http-nio-80-exec-3] org.apache.catalina.core.ApplicationContext.log Manager: init: Global resources are available
29-Mar-2018 12:12:19.105 INFO [http-nio-80-exec-7] org.apache.catalina.core.ApplicationContext.log Manager: list: Listing contexts for virtual host 'localhost'
29-Mar-2018 12:12:19.105 INFO [http-nio-80-exec-9] org.apache.catalina.core.ApplicationContext.log Manager: list: Listing contexts for virtual host 'localhost'
29-Mar-2018 12:12:19.151 INFO [http-nio-80-exec-8] org.apache.catalina.core.ApplicationContext.log Manager: restart: Reloading web application '/'
29-Mar-2018 14:09:36.045 INFO [http-nio-80-exec-6] org.apache.catalina.core.ApplicationContext.log Manager: init: Associated with Deployer 'Catalina:type=Deployer,host=localhost'
29-Mar-2018 14:09:36.045 INFO [http-nio-80-exec-6] org.apache.catalina.core.ApplicationContext.log Manager: init: Global resources are available
29-Mar-2018 14:09:36.354 INFO [http-nio-80-exec-4] org.apache.catalina.core.ApplicationContext.log Manager: list: Listing contexts for virtual host 'localhost'
29-Mar-2018 14:09:36.368 INFO [http-nio-80-exec-8] org.apache.catalina.core.ApplicationContext.log Manager: undeploy: Undeploying web application at '/'
29-Mar-2018 14:09:36.925 INFO [http-nio-80-exec-3] org.apache.catalina.core.ApplicationContext.log Manager: install: Installing context configuration at 'file:/C:/Users/Ale/AppData/Local/Temp/context5946447838030581517.xml'
29-Mar-2018 14:09:37.220 INFO [http-nio-80-exec-9] org.apache.catalina.core.ApplicationContext.log Manager: start: Starting web application '/'
29-Mar-2018 16:30:31.588 INFO [http-nio-80-exec-11] org.apache.catalina.core.ApplicationContext.log Manager: list: Listing contexts for virtual host 'localhost'
29-Mar-2018 16:30:32.971 INFO [http-nio-80-exec-12] org.apache.catalina.core.ApplicationContext.log Manager: list: Listing contexts for virtual host 'localhost'
29-Mar-2018 16:30:33.182 INFO [http-nio-80-exec-14] org.apache.catalina.core.ApplicationContext.log Manager: list: Listing contexts for virtual host 'localhost'
29-Mar-2018 16:30:33.541 INFO [http-nio-80-exec-15] org.apache.catalina.core.ApplicationContext.log Manager: list: Listing contexts for virtual host 'localhost'
29-Mar-2018 16:30:36.903 INFO [http-nio-80-exec-13] org.apache.catalina.core.ApplicationContext.log Manager: list: Listing contexts for virtual host 'localhost'
29-Mar-2018 16:31:15.428 INFO [http-nio-80-exec-3] org.apache.catalina.core.ApplicationContext.log Manager: init: Associated with Deployer 'Catalina:type=Deployer,host=localhost'
29-Mar-2018 16:31:15.428 INFO [http-nio-80-exec-3] org.apache.catalina.core.ApplicationContext.log Manager: init: Global resources are available
29-Mar-2018 16:31:15.437 INFO [http-nio-80-exec-3] org.apache.catalina.core.ApplicationContext.log Manager: list: Listing contexts for virtual host 'localhost'
29-Mar-2018 16:31:15.443 INFO [http-nio-80-exec-4] org.apache.catalina.core.ApplicationContext.log Manager: list: Listing contexts for virtual host 'localhost'
29-Mar-2018 16:33:26.072 INFO [http-nio-80-exec-1] org.apache.catalina.core.ApplicationContext.log Manager: list: Listing contexts for virtual host 'localhost'
29-Mar-2018 16:33:26.098 INFO [http-nio-80-exec-4] org.apache.catalina.core.ApplicationContext.log Manager: restart: Reloading web application '/'
29-Mar-2018 16:34:07.567 INFO [http-nio-80-exec-12] org.apache.catalina.core.ApplicationContext.log Manager: list: Listing contexts for virtual host 'localhost'
29-Mar-2018 16:34:07.584 INFO [http-nio-80-exec-6] org.apache.catalina.core.ApplicationContext.log Manager: restart: Reloading web application '/'
29-Mar-2018 16:47:03.840 INFO [http-nio-80-exec-22] org.apache.catalina.core.ApplicationContext.log Manager: list: Listing contexts for virtual host 'localhost'
29-Mar-2018 16:47:04.415 INFO [http-nio-80-exec-13] org.apache.catalina.core.ApplicationContext.log Manager: list: Listing contexts for virtual host 'localhost'
29-Mar-2018 16:47:28.307 INFO [http-nio-80-exec-17] org.apache.catalina.core.ApplicationContext.log Manager: list: Listing contexts for virtual host 'localhost'
29-Mar-2018 16:47:28.916 INFO [http-nio-80-exec-19] org.apache.catalina.core.ApplicationContext.log Manager: list: Listing contexts for virtual host 'localhost'
29-Mar-2018 16:51:28.880 INFO [http-nio-80-exec-15] org.apache.catalina.core.ApplicationContext.log Manager: list: Listing contexts for virtual host 'localhost'
29-Mar-2018 16:51:28.915 INFO [http-nio-80-exec-18] org.apache.catalina.core.ApplicationContext.log Manager: list: Listing contexts for virtual host 'localhost'
29-Mar-2018 16:51:28.941 INFO [http-nio-80-exec-13] org.apache.catalina.core.ApplicationContext.log Manager: list: Listing contexts for virtual host 'localhost'
29-Mar-2018 16:51:37.521 INFO [http-nio-80-exec-18] org.apache.catalina.core.ApplicationContext.log Manager: list: Listing contexts for virtual host 'localhost'
29-Mar-2018 16:51:37.560 INFO [http-nio-80-exec-13] org.apache.catalina.core.ApplicationContext.log Manager: list: Listing contexts for virtual host 'localhost'
