13-Mar-2018 08:30:26.787 INFO [http-nio-80-exec-3] org.apache.catalina.core.ApplicationContext.log Manager: init: Associated with Deployer 'Catalina:type=Deployer,host=localhost'
13-Mar-2018 08:30:26.787 INFO [http-nio-80-exec-3] org.apache.catalina.core.ApplicationContext.log Manager: init: Global resources are available
13-Mar-2018 08:30:26.990 INFO [http-nio-80-exec-2] org.apache.catalina.core.ApplicationContext.log Manager: list: Listing contexts for virtual host 'localhost'
13-Mar-2018 08:30:26.990 INFO [http-nio-80-exec-4] org.apache.catalina.core.ApplicationContext.log Manager: list: Listing contexts for virtual host 'localhost'
13-Mar-2018 08:30:27.303 INFO [http-nio-80-exec-5] org.apache.catalina.core.ApplicationContext.log Manager: restart: Reloading web application '/'
13-Mar-2018 10:50:07.292 INFO [http-nio-80-exec-4] org.apache.catalina.core.ApplicationContext.log Manager: init: Associated with Deployer 'Catalina:type=Deployer,host=localhost'
13-Mar-2018 10:50:07.292 INFO [http-nio-80-exec-4] org.apache.catalina.core.ApplicationContext.log Manager: init: Global resources are available
13-Mar-2018 10:50:07.914 INFO [http-nio-80-exec-7] org.apache.catalina.core.ApplicationContext.log Manager: list: Listing contexts for virtual host 'localhost'
13-Mar-2018 10:50:07.919 INFO [http-nio-80-exec-8] org.apache.catalina.core.ApplicationContext.log Manager: list: Listing contexts for virtual host 'localhost'
13-Mar-2018 10:50:07.980 INFO [http-nio-80-exec-10] org.apache.catalina.core.ApplicationContext.log Manager: stop: Stopping web application '/'
13-Mar-2018 10:50:08.045 INFO [http-nio-80-exec-1] org.apache.catalina.core.ApplicationContext.log Manager: start: Starting web application '/'
13-Mar-2018 10:57:49.214 INFO [http-nio-80-exec-20] org.apache.catalina.core.ApplicationContext.log Manager: list: Listing contexts for virtual host 'localhost'
13-Mar-2018 10:57:49.221 INFO [http-nio-80-exec-11] org.apache.catalina.core.ApplicationContext.log Manager: restart: Reloading web application '/'
13-Mar-2018 10:59:24.098 INFO [http-nio-80-exec-12] org.apache.catalina.core.ApplicationContext.log Manager: list: Listing contexts for virtual host 'localhost'
13-Mar-2018 10:59:24.104 INFO [http-nio-80-exec-23] org.apache.catalina.core.ApplicationContext.log Manager: restart: Reloading web application '/'
13-Mar-2018 11:00:25.990 INFO [http-nio-80-exec-24] org.apache.catalina.core.ApplicationContext.log Manager: list: Listing contexts for virtual host 'localhost'
13-Mar-2018 11:00:25.997 INFO [http-nio-80-exec-25] org.apache.catalina.core.ApplicationContext.log Manager: restart: Reloading web application '/'
13-Mar-2018 11:01:23.075 INFO [http-nio-80-exec-17] org.apache.catalina.core.ApplicationContext.log Manager: list: Listing contexts for virtual host 'localhost'
13-Mar-2018 11:01:23.082 INFO [http-nio-80-exec-24] org.apache.catalina.core.ApplicationContext.log Manager: restart: Reloading web application '/'
13-Mar-2018 11:01:29.460 INFO [http-nio-80-exec-27] org.apache.catalina.core.ApplicationContext.log Manager: list: Listing contexts for virtual host 'localhost'
13-Mar-2018 11:01:29.466 INFO [http-nio-80-exec-14] org.apache.catalina.core.ApplicationContext.log Manager: restart: Reloading web application '/'
13-Mar-2018 11:02:23.246 INFO [http-nio-80-exec-2] org.apache.catalina.core.ApplicationContext.log Manager: init: Associated with Deployer 'Catalina:type=Deployer,host=localhost'
13-Mar-2018 11:02:23.246 INFO [http-nio-80-exec-2] org.apache.catalina.core.ApplicationContext.log Manager: init: Global resources are available
13-Mar-2018 11:03:54.159 INFO [http-nio-80-exec-9] org.apache.catalina.core.ApplicationContext.log Manager: list: Listing contexts for virtual host 'localhost'
13-Mar-2018 11:03:54.167 INFO [http-nio-80-exec-1] org.apache.catalina.core.ApplicationContext.log Manager: restart: Reloading web application '/'
13-Mar-2018 11:04:04.503 INFO [http-nio-80-exec-6] org.apache.catalina.core.ApplicationContext.log Manager: list: Listing contexts for virtual host 'localhost'
13-Mar-2018 11:04:04.509 INFO [http-nio-80-exec-2] org.apache.catalina.core.ApplicationContext.log Manager: restart: Reloading web application '/'
13-Mar-2018 11:04:57.480 INFO [http-nio-80-exec-13] org.apache.catalina.core.ApplicationContext.log Manager: list: Listing contexts for virtual host 'localhost'
13-Mar-2018 11:04:57.486 INFO [http-nio-80-exec-7] org.apache.catalina.core.ApplicationContext.log Manager: restart: Reloading web application '/'
13-Mar-2018 11:05:43.562 INFO [http-nio-80-exec-6] org.apache.catalina.core.ApplicationContext.log Manager: list: Listing contexts for virtual host 'localhost'
13-Mar-2018 11:05:43.569 INFO [http-nio-80-exec-14] org.apache.catalina.core.ApplicationContext.log Manager: restart: Reloading web application '/'
13-Mar-2018 11:06:36.474 INFO [http-nio-80-exec-2] org.apache.catalina.core.ApplicationContext.log Manager: list: Listing contexts for virtual host 'localhost'
13-Mar-2018 11:06:36.481 INFO [http-nio-80-exec-4] org.apache.catalina.core.ApplicationContext.log Manager: restart: Reloading web application '/'
13-Mar-2018 11:08:10.001 INFO [http-nio-80-exec-12] org.apache.catalina.core.ApplicationContext.log Manager: list: Listing contexts for virtual host 'localhost'
13-Mar-2018 11:08:10.008 INFO [http-nio-80-exec-14] org.apache.catalina.core.ApplicationContext.log Manager: restart: Reloading web application '/'
13-Mar-2018 11:21:58.098 INFO [http-nio-80-exec-27] org.apache.catalina.core.ApplicationContext.log Manager: list: Listing contexts for virtual host 'localhost'
13-Mar-2018 11:21:58.106 INFO [http-nio-80-exec-18] org.apache.catalina.core.ApplicationContext.log Manager: stop: Stopping web application '/'
13-Mar-2018 11:21:58.120 INFO [http-nio-80-exec-20] org.apache.catalina.core.ApplicationContext.log Manager: start: Starting web application '/'
13-Mar-2018 11:38:17.940 INFO [http-nio-80-exec-37] org.apache.catalina.core.ApplicationContext.log Manager: list: Listing contexts for virtual host 'localhost'
13-Mar-2018 11:38:17.953 INFO [http-nio-80-exec-28] org.apache.catalina.core.ApplicationContext.log Manager: restart: Reloading web application '/'
13-Mar-2018 11:39:42.617 INFO [http-nio-80-exec-41] org.apache.catalina.core.ApplicationContext.log Manager: list: Listing contexts for virtual host 'localhost'
13-Mar-2018 11:39:42.628 INFO [http-nio-80-exec-32] org.apache.catalina.core.ApplicationContext.log Manager: restart: Reloading web application '/'
13-Mar-2018 11:41:49.697 INFO [http-nio-80-exec-39] org.apache.catalina.core.ApplicationContext.log Manager: list: Listing contexts for virtual host 'localhost'
13-Mar-2018 11:41:49.702 INFO [http-nio-80-exec-43] org.apache.catalina.core.ApplicationContext.log Manager: restart: Reloading web application '/'
13-Mar-2018 11:42:57.414 INFO [http-nio-80-exec-39] org.apache.catalina.core.ApplicationContext.log Manager: list: Listing contexts for virtual host 'localhost'
13-Mar-2018 11:42:57.425 INFO [http-nio-80-exec-47] org.apache.catalina.core.ApplicationContext.log Manager: restart: Reloading web application '/'
13-Mar-2018 11:44:15.140 INFO [http-nio-80-exec-41] org.apache.catalina.core.ApplicationContext.log Manager: list: Listing contexts for virtual host 'localhost'
13-Mar-2018 11:44:15.145 INFO [http-nio-80-exec-48] org.apache.catalina.core.ApplicationContext.log Manager: restart: Reloading web application '/'
13-Mar-2018 11:44:35.672 INFO [http-nio-80-exec-53] org.apache.catalina.core.ApplicationContext.log Manager: list: Listing contexts for virtual host 'localhost'
13-Mar-2018 11:44:35.680 INFO [http-nio-80-exec-54] org.apache.catalina.core.ApplicationContext.log Manager: restart: Reloading web application '/'
13-Mar-2018 11:50:15.272 INFO [http-nio-80-exec-2] org.apache.catalina.core.ApplicationContext.log Manager: init: Associated with Deployer 'Catalina:type=Deployer,host=localhost'
13-Mar-2018 11:50:15.273 INFO [http-nio-80-exec-2] org.apache.catalina.core.ApplicationContext.log Manager: init: Global resources are available
13-Mar-2018 11:50:16.787 INFO [http-nio-80-exec-5] org.apache.catalina.core.ApplicationContext.log Manager: list: Listing contexts for virtual host 'localhost'
13-Mar-2018 11:50:16.790 INFO [http-nio-80-exec-10] org.apache.catalina.core.ApplicationContext.log Manager: list: Listing contexts for virtual host 'localhost'
13-Mar-2018 11:50:16.808 INFO [http-nio-80-exec-8] org.apache.catalina.core.ApplicationContext.log Manager: undeploy: Undeploying web application at '/'
13-Mar-2018 11:50:17.403 INFO [http-nio-80-exec-10] org.apache.catalina.core.ApplicationContext.log Manager: install: Installing context configuration at 'file:/C:/Users/jp972/AppData/Local/Temp/context6609892489690807883.xml'
13-Mar-2018 11:50:17.713 INFO [http-nio-80-exec-5] org.apache.catalina.core.ApplicationContext.log Manager: start: Starting web application '/'
13-Mar-2018 11:52:03.333 INFO [http-nio-80-exec-1] org.apache.catalina.core.ApplicationContext.log Manager: init: Associated with Deployer 'Catalina:type=Deployer,host=localhost'
13-Mar-2018 11:52:03.333 INFO [http-nio-80-exec-1] org.apache.catalina.core.ApplicationContext.log Manager: init: Global resources are available
13-Mar-2018 11:52:03.733 INFO [http-nio-80-exec-6] org.apache.catalina.core.ApplicationContext.log Manager: list: Listing contexts for virtual host 'localhost'
13-Mar-2018 11:52:03.736 INFO [http-nio-80-exec-7] org.apache.catalina.core.ApplicationContext.log Manager: list: Listing contexts for virtual host 'localhost'
13-Mar-2018 11:52:03.749 INFO [http-nio-80-exec-8] org.apache.catalina.core.ApplicationContext.log Manager: undeploy: Undeploying web application at '/'
13-Mar-2018 11:52:04.276 INFO [http-nio-80-exec-4] org.apache.catalina.core.ApplicationContext.log Manager: install: Installing context configuration at 'file:/C:/Users/jp972/AppData/Local/Temp/context6390790931348338257.xml'
13-Mar-2018 11:52:04.546 INFO [http-nio-80-exec-1] org.apache.catalina.core.ApplicationContext.log Manager: start: Starting web application '/'
13-Mar-2018 11:52:37.551 INFO [http-nio-80-exec-2] org.apache.catalina.core.ApplicationContext.log Manager: init: Associated with Deployer 'Catalina:type=Deployer,host=localhost'
13-Mar-2018 11:52:37.551 INFO [http-nio-80-exec-2] org.apache.catalina.core.ApplicationContext.log Manager: init: Global resources are available
13-Mar-2018 11:52:37.868 INFO [http-nio-80-exec-1] org.apache.catalina.core.ApplicationContext.log Manager: list: Listing contexts for virtual host 'localhost'
13-Mar-2018 11:52:37.871 INFO [http-nio-80-exec-2] org.apache.catalina.core.ApplicationContext.log Manager: list: Listing contexts for virtual host 'localhost'
13-Mar-2018 11:52:37.879 INFO [http-nio-80-exec-3] org.apache.catalina.core.ApplicationContext.log Manager: undeploy: Undeploying web application at '/'
13-Mar-2018 11:52:38.399 INFO [http-nio-80-exec-6] org.apache.catalina.core.ApplicationContext.log Manager: install: Installing context configuration at 'file:/C:/Users/jp972/AppData/Local/Temp/context65083750232178484.xml'
13-Mar-2018 11:52:38.601 INFO [http-nio-80-exec-10] org.apache.catalina.core.ApplicationContext.log Manager: start: Starting web application '/'
13-Mar-2018 11:53:59.249 INFO [http-nio-80-exec-1] org.apache.catalina.core.ApplicationContext.log Manager: init: Associated with Deployer 'Catalina:type=Deployer,host=localhost'
13-Mar-2018 11:53:59.249 INFO [http-nio-80-exec-1] org.apache.catalina.core.ApplicationContext.log Manager: init: Global resources are available
13-Mar-2018 11:53:59.405 INFO [http-nio-80-exec-9] org.apache.catalina.core.ApplicationContext.log Manager: list: Listing contexts for virtual host 'localhost'
13-Mar-2018 11:53:59.408 INFO [http-nio-80-exec-2] org.apache.catalina.core.ApplicationContext.log Manager: list: Listing contexts for virtual host 'localhost'
13-Mar-2018 11:53:59.427 INFO [http-nio-80-exec-3] org.apache.catalina.core.ApplicationContext.log Manager: restart: Reloading web application '/'
13-Mar-2018 11:55:52.297 INFO [http-nio-80-exec-15] org.apache.catalina.core.ApplicationContext.log Manager: list: Listing contexts for virtual host 'localhost'
13-Mar-2018 11:55:52.303 INFO [http-nio-80-exec-16] org.apache.catalina.core.ApplicationContext.log Manager: list: Listing contexts for virtual host 'localhost'
13-Mar-2018 11:55:52.313 INFO [http-nio-80-exec-11] org.apache.catalina.core.ApplicationContext.log Manager: undeploy: Undeploying web application at '/'
13-Mar-2018 11:55:52.843 INFO [http-nio-80-exec-15] org.apache.catalina.core.ApplicationContext.log Manager: install: Installing context configuration at 'file:/C:/Users/jp972/AppData/Local/Temp/context2171739544894333971.xml'
13-Mar-2018 11:55:53.069 INFO [http-nio-80-exec-1] org.apache.catalina.core.ApplicationContext.log Manager: start: Starting web application '/'
13-Mar-2018 11:56:26.151 INFO [http-nio-80-exec-6] org.apache.catalina.core.ApplicationContext.log Manager: init: Associated with Deployer 'Catalina:type=Deployer,host=localhost'
13-Mar-2018 11:56:26.151 INFO [http-nio-80-exec-6] org.apache.catalina.core.ApplicationContext.log Manager: init: Global resources are available
13-Mar-2018 11:57:33.836 INFO [http-nio-80-exec-2] org.apache.catalina.core.ApplicationContext.log Manager: init: Associated with Deployer 'Catalina:type=Deployer,host=localhost'
13-Mar-2018 11:57:33.836 INFO [http-nio-80-exec-2] org.apache.catalina.core.ApplicationContext.log Manager: init: Global resources are available
13-Mar-2018 11:57:34.017 INFO [http-nio-80-exec-3] org.apache.catalina.core.ApplicationContext.log Manager: list: Listing contexts for virtual host 'localhost'
13-Mar-2018 11:57:34.020 INFO [http-nio-80-exec-4] org.apache.catalina.core.ApplicationContext.log Manager: list: Listing contexts for virtual host 'localhost'
13-Mar-2018 11:57:34.063 INFO [http-nio-80-exec-5] org.apache.catalina.core.ApplicationContext.log Manager: stop: Stopping web application '/'
13-Mar-2018 11:57:34.073 INFO [http-nio-80-exec-2] org.apache.catalina.core.ApplicationContext.log Manager: start: Starting web application '/'
13-Mar-2018 12:16:25.536 INFO [http-nio-80-exec-11] org.apache.catalina.core.ApplicationContext.log Manager: list: Listing contexts for virtual host 'localhost'
13-Mar-2018 12:16:25.546 INFO [http-nio-80-exec-12] org.apache.catalina.core.ApplicationContext.log Manager: restart: Reloading web application '/'
13-Mar-2018 12:28:32.208 INFO [http-nio-80-exec-30] org.apache.catalina.core.ApplicationContext.log Manager: list: Listing contexts for virtual host 'localhost'
13-Mar-2018 12:28:32.215 INFO [http-nio-80-exec-21] org.apache.catalina.core.ApplicationContext.log Manager: restart: Reloading web application '/'
13-Mar-2018 12:28:34.267 INFO [http-nio-80-exec-31] org.apache.catalina.core.ApplicationContext.log Manager: list: Listing contexts for virtual host 'localhost'
13-Mar-2018 12:28:34.272 INFO [http-nio-80-exec-26] org.apache.catalina.core.ApplicationContext.log Manager: restart: Reloading web application '/'
13-Mar-2018 12:31:03.242 INFO [http-nio-80-exec-33] org.apache.catalina.core.ApplicationContext.log Manager: list: Listing contexts for virtual host 'localhost'
13-Mar-2018 12:31:03.249 INFO [http-nio-80-exec-35] org.apache.catalina.core.ApplicationContext.log Manager: restart: Reloading web application '/'
13-Mar-2018 12:39:12.681 INFO [http-nio-80-exec-25] org.apache.catalina.core.ApplicationContext.log Manager: list: Listing contexts for virtual host 'localhost'
13-Mar-2018 12:39:12.688 INFO [http-nio-80-exec-36] org.apache.catalina.core.ApplicationContext.log Manager: restart: Reloading web application '/'
13-Mar-2018 12:39:38.866 INFO [http-nio-80-exec-45] org.apache.catalina.core.ApplicationContext.log Manager: list: Listing contexts for virtual host 'localhost'
13-Mar-2018 12:39:38.872 INFO [http-nio-80-exec-42] org.apache.catalina.core.ApplicationContext.log Manager: restart: Reloading web application '/'
13-Mar-2018 12:44:20.480 INFO [http-nio-80-exec-25] org.apache.catalina.core.ApplicationContext.log Manager: list: Listing contexts for virtual host 'localhost'
13-Mar-2018 12:44:20.488 INFO [http-nio-80-exec-46] org.apache.catalina.core.ApplicationContext.log Manager: restart: Reloading web application '/'
13-Mar-2018 12:44:46.852 INFO [http-nio-80-exec-2] org.apache.catalina.core.ApplicationContext.log Manager: init: Associated with Deployer 'Catalina:type=Deployer,host=localhost'
13-Mar-2018 12:44:46.852 INFO [http-nio-80-exec-2] org.apache.catalina.core.ApplicationContext.log Manager: init: Global resources are available
13-Mar-2018 12:45:15.704 INFO [http-nio-80-exec-3] org.apache.catalina.core.ApplicationContext.log Manager: list: Listing contexts for virtual host 'localhost'
13-Mar-2018 12:45:15.710 INFO [http-nio-80-exec-1] org.apache.catalina.core.ApplicationContext.log Manager: restart: Reloading web application '/'
13-Mar-2018 12:45:29.595 INFO [http-nio-80-exec-2] org.apache.catalina.core.ApplicationContext.log Manager: list: Listing contexts for virtual host 'localhost'
13-Mar-2018 12:45:29.606 INFO [http-nio-80-exec-12] org.apache.catalina.core.ApplicationContext.log Manager: restart: Reloading web application '/'
13-Mar-2018 12:45:42.293 INFO [http-nio-80-exec-13] org.apache.catalina.core.ApplicationContext.log Manager: list: Listing contexts for virtual host 'localhost'
13-Mar-2018 12:45:42.299 INFO [http-nio-80-exec-10] org.apache.catalina.core.ApplicationContext.log Manager: restart: Reloading web application '/'
13-Mar-2018 12:46:13.453 INFO [http-nio-80-exec-14] org.apache.catalina.core.ApplicationContext.log Manager: list: Listing contexts for virtual host 'localhost'
13-Mar-2018 12:46:13.458 INFO [http-nio-80-exec-2] org.apache.catalina.core.ApplicationContext.log Manager: restart: Reloading web application '/'
13-Mar-2018 12:46:30.857 INFO [http-nio-80-exec-15] org.apache.catalina.core.ApplicationContext.log Manager: list: Listing contexts for virtual host 'localhost'
13-Mar-2018 12:46:30.862 INFO [http-nio-80-exec-13] org.apache.catalina.core.ApplicationContext.log Manager: restart: Reloading web application '/'
13-Mar-2018 12:46:54.814 INFO [http-nio-80-exec-10] org.apache.catalina.core.ApplicationContext.log Manager: list: Listing contexts for virtual host 'localhost'
13-Mar-2018 12:46:54.819 INFO [http-nio-80-exec-16] org.apache.catalina.core.ApplicationContext.log Manager: restart: Reloading web application '/'
13-Mar-2018 12:51:13.141 INFO [http-nio-80-exec-17] org.apache.catalina.core.ApplicationContext.log Manager: list: Listing contexts for virtual host 'localhost'
13-Mar-2018 12:51:13.147 INFO [http-nio-80-exec-18] org.apache.catalina.core.ApplicationContext.log Manager: restart: Reloading web application '/'
13-Mar-2018 12:57:07.615 INFO [http-nio-80-exec-20] org.apache.catalina.core.ApplicationContext.log Manager: list: Listing contexts for virtual host 'localhost'
13-Mar-2018 12:57:07.623 INFO [http-nio-80-exec-22] org.apache.catalina.core.ApplicationContext.log Manager: restart: Reloading web application '/'
13-Mar-2018 12:58:31.704 INFO [http-nio-80-exec-29] org.apache.catalina.core.ApplicationContext.log Manager: list: Listing contexts for virtual host 'localhost'
13-Mar-2018 12:58:31.710 INFO [http-nio-80-exec-18] org.apache.catalina.core.ApplicationContext.log Manager: restart: Reloading web application '/'
13-Mar-2018 12:58:57.539 INFO [http-nio-80-exec-30] org.apache.catalina.core.ApplicationContext.log Manager: list: Listing contexts for virtual host 'localhost'
13-Mar-2018 12:58:57.546 INFO [http-nio-80-exec-22] org.apache.catalina.core.ApplicationContext.log Manager: restart: Reloading web application '/'
13-Mar-2018 13:03:51.091 INFO [http-nio-80-exec-28] org.apache.catalina.core.ApplicationContext.log Manager: list: Listing contexts for virtual host 'localhost'
13-Mar-2018 13:03:51.097 INFO [http-nio-80-exec-31] org.apache.catalina.core.ApplicationContext.log Manager: restart: Reloading web application '/'
13-Mar-2018 13:04:19.052 INFO [http-nio-80-exec-36] org.apache.catalina.core.ApplicationContext.log Manager: list: Listing contexts for virtual host 'localhost'
13-Mar-2018 13:04:19.059 INFO [http-nio-80-exec-32] org.apache.catalina.core.ApplicationContext.log Manager: restart: Reloading web application '/'
13-Mar-2018 13:05:39.123 INFO [http-nio-80-exec-34] org.apache.catalina.core.ApplicationContext.log Manager: list: Listing contexts for virtual host 'localhost'
13-Mar-2018 13:05:39.130 INFO [http-nio-80-exec-22] org.apache.catalina.core.ApplicationContext.log Manager: restart: Reloading web application '/'
13-Mar-2018 13:06:33.095 INFO [http-nio-80-exec-39] org.apache.catalina.core.ApplicationContext.log Manager: list: Listing contexts for virtual host 'localhost'
13-Mar-2018 13:08:39.664 INFO [http-nio-80-exec-34] org.apache.catalina.core.ApplicationContext.log Manager: list: Listing contexts for virtual host 'localhost'
13-Mar-2018 13:08:39.670 INFO [http-nio-80-exec-39] org.apache.catalina.core.ApplicationContext.log Manager: restart: Reloading web application '/'
13-Mar-2018 13:12:31.495 INFO [http-nio-80-exec-44] org.apache.catalina.core.ApplicationContext.log Manager: list: Listing contexts for virtual host 'localhost'
13-Mar-2018 13:12:31.502 INFO [http-nio-80-exec-41] org.apache.catalina.core.ApplicationContext.log Manager: restart: Reloading web application '/'
13-Mar-2018 13:24:12.571 INFO [http-nio-80-exec-47] org.apache.catalina.core.ApplicationContext.log Manager: list: Listing contexts for virtual host 'localhost'
13-Mar-2018 13:24:12.577 INFO [http-nio-80-exec-48] org.apache.catalina.core.ApplicationContext.log Manager: restart: Reloading web application '/'
13-Mar-2018 13:27:14.292 INFO [http-nio-80-exec-59] org.apache.catalina.core.ApplicationContext.log Manager: list: Listing contexts for virtual host 'localhost'
13-Mar-2018 13:27:14.297 INFO [http-nio-80-exec-61] org.apache.catalina.core.ApplicationContext.log Manager: restart: Reloading web application '/'
13-Mar-2018 13:27:25.315 INFO [http-nio-80-exec-55] org.apache.catalina.core.ApplicationContext.log Manager: list: Listing contexts for virtual host 'localhost'
13-Mar-2018 13:27:25.321 INFO [http-nio-80-exec-57] org.apache.catalina.core.ApplicationContext.log Manager: restart: Reloading web application '/'
13-Mar-2018 13:29:06.715 INFO [http-nio-80-exec-55] org.apache.catalina.core.ApplicationContext.log Manager: list: Listing contexts for virtual host 'localhost'
13-Mar-2018 13:29:06.720 INFO [http-nio-80-exec-47] org.apache.catalina.core.ApplicationContext.log Manager: restart: Reloading web application '/'
13-Mar-2018 14:26:26.325 INFO [http-nio-80-exec-4] org.apache.catalina.core.ApplicationContext.log Manager: init: Associated with Deployer 'Catalina:type=Deployer,host=localhost'
13-Mar-2018 14:26:26.326 INFO [http-nio-80-exec-4] org.apache.catalina.core.ApplicationContext.log Manager: init: Global resources are available
13-Mar-2018 14:26:26.582 INFO [http-nio-80-exec-6] org.apache.catalina.core.ApplicationContext.log Manager: list: Listing contexts for virtual host 'localhost'
13-Mar-2018 14:26:26.587 INFO [http-nio-80-exec-7] org.apache.catalina.core.ApplicationContext.log Manager: list: Listing contexts for virtual host 'localhost'
13-Mar-2018 14:26:26.629 INFO [http-nio-80-exec-8] org.apache.catalina.core.ApplicationContext.log Manager: restart: Reloading web application '/'
13-Mar-2018 14:31:52.254 INFO [http-nio-80-exec-11] org.apache.catalina.core.ApplicationContext.log Manager: list: Listing contexts for virtual host 'localhost'
13-Mar-2018 14:31:52.254 INFO [http-nio-80-exec-12] org.apache.catalina.core.ApplicationContext.log Manager: restart: Reloading web application '/'
13-Mar-2018 14:46:22.739 INFO [http-nio-80-exec-21] org.apache.catalina.core.ApplicationContext.log Manager: list: Listing contexts for virtual host 'localhost'
13-Mar-2018 14:46:22.739 INFO [http-nio-80-exec-22] org.apache.catalina.core.ApplicationContext.log Manager: restart: Reloading web application '/'
13-Mar-2018 14:46:47.286 INFO [http-nio-80-exec-32] org.apache.catalina.core.ApplicationContext.log Manager: list: Listing contexts for virtual host 'localhost'
13-Mar-2018 14:46:47.286 INFO [http-nio-80-exec-23] org.apache.catalina.core.ApplicationContext.log Manager: restart: Reloading web application '/'
13-Mar-2018 14:47:26.459 INFO [http-nio-80-exec-21] org.apache.catalina.core.ApplicationContext.log Manager: list: Listing contexts for virtual host 'localhost'
13-Mar-2018 14:47:26.459 INFO [http-nio-80-exec-27] org.apache.catalina.core.ApplicationContext.log Manager: restart: Reloading web application '/'
13-Mar-2018 14:47:41.849 INFO [http-nio-80-exec-33] org.apache.catalina.core.ApplicationContext.log Manager: list: Listing contexts for virtual host 'localhost'
13-Mar-2018 14:47:41.849 INFO [http-nio-80-exec-29] org.apache.catalina.core.ApplicationContext.log Manager: restart: Reloading web application '/'
13-Mar-2018 14:50:10.428 INFO [http-nio-80-exec-27] org.apache.catalina.core.ApplicationContext.log Manager: list: Listing contexts for virtual host 'localhost'
13-Mar-2018 14:50:10.428 INFO [http-nio-80-exec-23] org.apache.catalina.core.ApplicationContext.log Manager: restart: Reloading web application '/'
13-Mar-2018 14:56:04.959 INFO [http-nio-80-exec-39] org.apache.catalina.core.ApplicationContext.log Manager: list: Listing contexts for virtual host 'localhost'
13-Mar-2018 14:56:04.959 INFO [http-nio-80-exec-41] org.apache.catalina.core.ApplicationContext.log Manager: restart: Reloading web application '/'
13-Mar-2018 15:00:17.618 INFO [http-nio-80-exec-44] org.apache.catalina.core.ApplicationContext.log Manager: list: Listing contexts for virtual host 'localhost'
13-Mar-2018 15:00:17.618 INFO [http-nio-80-exec-45] org.apache.catalina.core.ApplicationContext.log Manager: restart: Reloading web application '/'
13-Mar-2018 15:00:46.778 INFO [http-nio-80-exec-38] org.apache.catalina.core.ApplicationContext.log Manager: list: Listing contexts for virtual host 'localhost'
13-Mar-2018 15:00:46.793 INFO [http-nio-80-exec-44] org.apache.catalina.core.ApplicationContext.log Manager: restart: Reloading web application '/'
13-Mar-2018 15:01:07.273 INFO [http-nio-80-exec-45] org.apache.catalina.core.ApplicationContext.log Manager: list: Listing contexts for virtual host 'localhost'
13-Mar-2018 15:01:07.289 INFO [http-nio-80-exec-48] org.apache.catalina.core.ApplicationContext.log Manager: restart: Reloading web application '/'
13-Mar-2018 15:01:19.802 INFO [http-nio-80-exec-45] org.apache.catalina.core.ApplicationContext.log Manager: list: Listing contexts for virtual host 'localhost'
13-Mar-2018 15:01:19.818 INFO [http-nio-80-exec-47] org.apache.catalina.core.ApplicationContext.log Manager: restart: Reloading web application '/'
13-Mar-2018 15:01:23.162 INFO [http-nio-80-exec-52] org.apache.catalina.core.ApplicationContext.log Manager: list: Listing contexts for virtual host 'localhost'
13-Mar-2018 15:01:23.177 INFO [http-nio-80-exec-51] org.apache.catalina.core.ApplicationContext.log Manager: restart: Reloading web application '/'
13-Mar-2018 15:01:42.053 INFO [http-nio-80-exec-24] org.apache.catalina.core.ApplicationContext.log Manager: list: Listing contexts for virtual host 'localhost'
13-Mar-2018 15:01:42.059 INFO [http-nio-80-exec-45] org.apache.catalina.core.ApplicationContext.log Manager: restart: Reloading web application '/'
13-Mar-2018 15:02:37.974 INFO [http-nio-80-exec-44] org.apache.catalina.core.ApplicationContext.log Manager: list: Listing contexts for virtual host 'localhost'
13-Mar-2018 15:02:37.974 INFO [http-nio-80-exec-51] org.apache.catalina.core.ApplicationContext.log Manager: restart: Reloading web application '/'
13-Mar-2018 15:03:05.475 INFO [http-nio-80-exec-55] org.apache.catalina.core.ApplicationContext.log Manager: list: Listing contexts for virtual host 'localhost'
13-Mar-2018 15:03:05.490 INFO [http-nio-80-exec-45] org.apache.catalina.core.ApplicationContext.log Manager: restart: Reloading web application '/'
13-Mar-2018 15:03:25.255 INFO [http-nio-80-exec-54] org.apache.catalina.core.ApplicationContext.log Manager: list: Listing contexts for virtual host 'localhost'
13-Mar-2018 15:03:25.271 INFO [http-nio-80-exec-44] org.apache.catalina.core.ApplicationContext.log Manager: restart: Reloading web application '/'
13-Mar-2018 15:03:38.537 INFO [http-nio-80-exec-54] org.apache.catalina.core.ApplicationContext.log Manager: list: Listing contexts for virtual host 'localhost'
13-Mar-2018 15:03:38.544 INFO [http-nio-80-exec-55] org.apache.catalina.core.ApplicationContext.log Manager: restart: Reloading web application '/'
13-Mar-2018 15:07:57.909 INFO [http-nio-80-exec-58] org.apache.catalina.core.ApplicationContext.log Manager: list: Listing contexts for virtual host 'localhost'
13-Mar-2018 15:07:57.909 INFO [http-nio-80-exec-59] org.apache.catalina.core.ApplicationContext.log Manager: restart: Reloading web application '/'
13-Mar-2018 15:08:02.615 INFO [http-nio-80-exec-63] org.apache.catalina.core.ApplicationContext.log Manager: list: Listing contexts for virtual host 'localhost'
13-Mar-2018 15:08:02.630 INFO [http-nio-80-exec-58] org.apache.catalina.core.ApplicationContext.log Manager: restart: Reloading web application '/'
13-Mar-2018 15:10:08.678 INFO [http-nio-80-exec-46] org.apache.catalina.core.ApplicationContext.log Manager: list: Listing contexts for virtual host 'localhost'
13-Mar-2018 15:10:08.678 INFO [http-nio-80-exec-66] org.apache.catalina.core.ApplicationContext.log Manager: restart: Reloading web application '/'
13-Mar-2018 15:10:45.741 INFO [http-nio-80-exec-65] org.apache.catalina.core.ApplicationContext.log Manager: list: Listing contexts for virtual host 'localhost'
13-Mar-2018 15:10:45.741 INFO [http-nio-80-exec-46] org.apache.catalina.core.ApplicationContext.log Manager: restart: Reloading web application '/'
13-Mar-2018 15:11:12.467 INFO [http-nio-80-exec-58] org.apache.catalina.core.ApplicationContext.log Manager: list: Listing contexts for virtual host 'localhost'
13-Mar-2018 15:11:12.467 INFO [http-nio-80-exec-67] org.apache.catalina.core.ApplicationContext.log Manager: restart: Reloading web application '/'
13-Mar-2018 15:11:29.314 INFO [http-nio-80-exec-69] org.apache.catalina.core.ApplicationContext.log Manager: list: Listing contexts for virtual host 'localhost'
13-Mar-2018 15:11:29.315 INFO [http-nio-80-exec-60] org.apache.catalina.core.ApplicationContext.log Manager: restart: Reloading web application '/'
13-Mar-2018 15:11:34.662 INFO [http-nio-80-exec-70] org.apache.catalina.core.ApplicationContext.log Manager: list: Listing contexts for virtual host 'localhost'
13-Mar-2018 15:11:34.677 INFO [http-nio-80-exec-69] org.apache.catalina.core.ApplicationContext.log Manager: restart: Reloading web application '/'
13-Mar-2018 15:12:14.847 INFO [http-nio-80-exec-68] org.apache.catalina.core.ApplicationContext.log Manager: list: Listing contexts for virtual host 'localhost'
13-Mar-2018 15:12:14.847 INFO [http-nio-80-exec-67] org.apache.catalina.core.ApplicationContext.log Manager: restart: Reloading web application '/'
13-Mar-2018 15:12:23.019 INFO [http-nio-80-exec-68] org.apache.catalina.core.ApplicationContext.log Manager: list: Listing contexts for virtual host 'localhost'
13-Mar-2018 15:12:23.019 INFO [http-nio-80-exec-65] org.apache.catalina.core.ApplicationContext.log Manager: restart: Reloading web application '/'
13-Mar-2018 15:12:40.734 INFO [http-nio-80-exec-73] org.apache.catalina.core.ApplicationContext.log Manager: list: Listing contexts for virtual host 'localhost'
13-Mar-2018 15:12:40.749 INFO [http-nio-80-exec-67] org.apache.catalina.core.ApplicationContext.log Manager: restart: Reloading web application '/'
13-Mar-2018 15:12:55.909 INFO [http-nio-80-exec-66] org.apache.catalina.core.ApplicationContext.log Manager: list: Listing contexts for virtual host 'localhost'
13-Mar-2018 15:12:55.925 INFO [http-nio-80-exec-74] org.apache.catalina.core.ApplicationContext.log Manager: restart: Reloading web application '/'
13-Mar-2018 15:13:12.599 INFO [http-nio-80-exec-75] org.apache.catalina.core.ApplicationContext.log Manager: list: Listing contexts for virtual host 'localhost'
13-Mar-2018 15:13:12.615 INFO [http-nio-80-exec-65] org.apache.catalina.core.ApplicationContext.log Manager: restart: Reloading web application '/'
13-Mar-2018 15:13:38.909 INFO [http-nio-80-exec-76] org.apache.catalina.core.ApplicationContext.log Manager: list: Listing contexts for virtual host 'localhost'
13-Mar-2018 15:13:38.909 INFO [http-nio-80-exec-73] org.apache.catalina.core.ApplicationContext.log Manager: restart: Reloading web application '/'
13-Mar-2018 15:14:34.162 INFO [http-nio-80-exec-72] org.apache.catalina.core.ApplicationContext.log Manager: list: Listing contexts for virtual host 'localhost'
13-Mar-2018 15:14:34.162 INFO [http-nio-80-exec-76] org.apache.catalina.core.ApplicationContext.log Manager: restart: Reloading web application '/'
13-Mar-2018 15:22:45.178 INFO [http-nio-80-exec-79] org.apache.catalina.core.ApplicationContext.log Manager: list: Listing contexts for virtual host 'localhost'
13-Mar-2018 15:22:45.178 INFO [http-nio-80-exec-80] org.apache.catalina.core.ApplicationContext.log Manager: restart: Reloading web application '/'
13-Mar-2018 15:23:03.332 INFO [http-nio-80-exec-87] org.apache.catalina.core.ApplicationContext.log Manager: list: Listing contexts for virtual host 'localhost'
13-Mar-2018 15:23:03.347 INFO [http-nio-80-exec-46] org.apache.catalina.core.ApplicationContext.log Manager: restart: Reloading web application '/'
13-Mar-2018 15:32:09.272 INFO [http-nio-80-exec-90] org.apache.catalina.core.ApplicationContext.log Manager: list: Listing contexts for virtual host 'localhost'
13-Mar-2018 15:32:09.272 INFO [http-nio-80-exec-92] org.apache.catalina.core.ApplicationContext.log Manager: list: Listing contexts for virtual host 'localhost'
13-Mar-2018 15:32:09.301 INFO [http-nio-80-exec-93] org.apache.catalina.core.ApplicationContext.log Manager: restart: Reloading web application '/'
13-Mar-2018 15:34:21.504 INFO [http-nio-80-exec-102] org.apache.catalina.core.ApplicationContext.log Manager: list: Listing contexts for virtual host 'localhost'
13-Mar-2018 15:37:09.241 INFO [http-nio-80-exec-3] org.apache.catalina.core.ApplicationContext.log Manager: init: Associated with Deployer 'Catalina:type=Deployer,host=localhost'
13-Mar-2018 15:37:09.241 INFO [http-nio-80-exec-3] org.apache.catalina.core.ApplicationContext.log Manager: init: Global resources are available
13-Mar-2018 15:37:09.425 INFO [http-nio-80-exec-9] org.apache.catalina.core.ApplicationContext.log Manager: list: Listing contexts for virtual host 'localhost'
13-Mar-2018 15:37:09.425 INFO [http-nio-80-exec-1] org.apache.catalina.core.ApplicationContext.log Manager: list: Listing contexts for virtual host 'localhost'
13-Mar-2018 15:39:21.791 INFO [http-nio-80-exec-4] org.apache.catalina.core.ApplicationContext.log Manager: list: Listing contexts for virtual host 'localhost'
13-Mar-2018 15:39:21.799 INFO [http-nio-80-exec-5] org.apache.catalina.core.ApplicationContext.log Manager: restart: Reloading web application '/'
13-Mar-2018 15:39:34.910 INFO [http-nio-80-exec-12] org.apache.catalina.core.ApplicationContext.log Manager: list: Listing contexts for virtual host 'localhost'
13-Mar-2018 15:39:34.926 INFO [http-nio-80-exec-9] org.apache.catalina.core.ApplicationContext.log Manager: restart: Reloading web application '/'
13-Mar-2018 15:39:45.550 INFO [http-nio-80-exec-13] org.apache.catalina.core.ApplicationContext.log Manager: list: Listing contexts for virtual host 'localhost'
13-Mar-2018 15:39:45.557 INFO [http-nio-80-exec-4] org.apache.catalina.core.ApplicationContext.log Manager: restart: Reloading web application '/'
13-Mar-2018 15:40:03.941 INFO [http-nio-80-exec-14] org.apache.catalina.core.ApplicationContext.log Manager: list: Listing contexts for virtual host 'localhost'
13-Mar-2018 15:40:03.957 INFO [http-nio-80-exec-7] org.apache.catalina.core.ApplicationContext.log Manager: restart: Reloading web application '/'
13-Mar-2018 21:27:04.445 INFO [http-nio-80-exec-2] org.apache.catalina.core.ApplicationContext.log Manager: init: Associated with Deployer 'Catalina:type=Deployer,host=localhost'
13-Mar-2018 21:27:04.445 INFO [http-nio-80-exec-2] org.apache.catalina.core.ApplicationContext.log Manager: init: Global resources are available
13-Mar-2018 21:27:04.985 INFO [http-nio-80-exec-8] org.apache.catalina.core.ApplicationContext.log Manager: list: Listing contexts for virtual host 'localhost'
13-Mar-2018 21:27:04.989 INFO [http-nio-80-exec-5] org.apache.catalina.core.ApplicationContext.log Manager: list: Listing contexts for virtual host 'localhost'
13-Mar-2018 21:27:05.035 INFO [http-nio-80-exec-10] org.apache.catalina.core.ApplicationContext.log Manager: stop: Stopping web application '/'
13-Mar-2018 21:27:05.110 INFO [http-nio-80-exec-8] org.apache.catalina.core.ApplicationContext.log Manager: start: Starting web application '/'
