04-Apr-2018 14:47:11.756 INFO [http-nio-80-exec-3] org.apache.catalina.core.ApplicationContext.log Manager: init: Associated with Deployer 'Catalina:type=Deployer,host=localhost'
04-Apr-2018 14:47:11.756 INFO [http-nio-80-exec-3] org.apache.catalina.core.ApplicationContext.log Manager: init: Global resources are available
04-Apr-2018 14:47:12.179 INFO [http-nio-80-exec-8] org.apache.catalina.core.ApplicationContext.log Manager: list: Listing contexts for virtual host 'localhost'
04-Apr-2018 14:47:12.184 INFO [http-nio-80-exec-10] org.apache.catalina.core.ApplicationContext.log Manager: list: Listing contexts for virtual host 'localhost'
04-Apr-2018 14:47:12.237 INFO [http-nio-80-exec-9] org.apache.catalina.core.ApplicationContext.log Manager: restart: Reloading web application '/'
04-Apr-2018 14:48:18.058 INFO [http-nio-80-exec-11] org.apache.catalina.core.ApplicationContext.log Manager: list: Listing contexts for virtual host 'localhost'
04-Apr-2018 14:48:19.598 INFO [http-nio-80-exec-11] org.apache.catalina.core.ApplicationContext.log Manager: list: Listing contexts for virtual host 'localhost'
04-Apr-2018 14:52:31.089 INFO [http-nio-80-exec-2] org.apache.catalina.core.ApplicationContext.log Manager: init: Associated with Deployer 'Catalina:type=Deployer,host=localhost'
04-Apr-2018 14:52:31.089 INFO [http-nio-80-exec-2] org.apache.catalina.core.ApplicationContext.log Manager: init: Global resources are available
04-Apr-2018 14:52:31.272 INFO [http-nio-80-exec-4] org.apache.catalina.core.ApplicationContext.log Manager: list: Listing contexts for virtual host 'localhost'
04-Apr-2018 14:52:31.275 INFO [http-nio-80-exec-3] org.apache.catalina.core.ApplicationContext.log Manager: list: Listing contexts for virtual host 'localhost'
04-Apr-2018 14:56:03.862 INFO [http-nio-80-exec-8] org.apache.catalina.core.ApplicationContext.log Manager: list: Listing contexts for virtual host 'localhost'
04-Apr-2018 14:56:03.871 INFO [http-nio-80-exec-10] org.apache.catalina.core.ApplicationContext.log Manager: restart: Reloading web application '/'
04-Apr-2018 14:56:20.840 INFO [http-nio-80-exec-6] org.apache.catalina.core.ApplicationContext.log Manager: list: Listing contexts for virtual host 'localhost'
04-Apr-2018 14:56:20.857 INFO [http-nio-80-exec-9] org.apache.catalina.core.ApplicationContext.log Manager: restart: Reloading web application '/'
04-Apr-2018 15:04:59.020 INFO [http-nio-80-exec-3] org.apache.catalina.core.ApplicationContext.log Manager: init: Associated with Deployer 'Catalina:type=Deployer,host=localhost'
04-Apr-2018 15:04:59.020 INFO [http-nio-80-exec-3] org.apache.catalina.core.ApplicationContext.log Manager: init: Global resources are available
04-Apr-2018 15:04:59.308 INFO [http-nio-80-exec-8] org.apache.catalina.core.ApplicationContext.log Manager: list: Listing contexts for virtual host 'localhost'
04-Apr-2018 15:04:59.313 INFO [http-nio-80-exec-7] org.apache.catalina.core.ApplicationContext.log Manager: list: Listing contexts for virtual host 'localhost'
04-Apr-2018 15:04:59.361 INFO [http-nio-80-exec-10] org.apache.catalina.core.ApplicationContext.log Manager: restart: Reloading web application '/'
04-Apr-2018 15:11:31.970 INFO [http-nio-80-exec-20] org.apache.catalina.core.ApplicationContext.log Manager: list: Listing contexts for virtual host 'localhost'
04-Apr-2018 15:11:31.995 INFO [http-nio-80-exec-11] org.apache.catalina.core.ApplicationContext.log Manager: restart: Reloading web application '/'
04-Apr-2018 15:21:20.555 INFO [http-nio-80-exec-30] org.apache.catalina.core.ApplicationContext.log Manager: list: Listing contexts for virtual host 'localhost'
04-Apr-2018 15:21:20.562 INFO [http-nio-80-exec-21] org.apache.catalina.core.ApplicationContext.log Manager: restart: Reloading web application '/'
04-Apr-2018 15:22:56.224 INFO [http-nio-80-exec-31] org.apache.catalina.core.ApplicationContext.log Manager: list: Listing contexts for virtual host 'localhost'
04-Apr-2018 15:22:56.247 INFO [http-nio-80-exec-33] org.apache.catalina.core.ApplicationContext.log Manager: restart: Reloading web application '/'
04-Apr-2018 15:24:26.147 INFO [http-nio-80-exec-24] org.apache.catalina.core.ApplicationContext.log Manager: list: Listing contexts for virtual host 'localhost'
04-Apr-2018 15:24:26.159 INFO [http-nio-80-exec-35] org.apache.catalina.core.ApplicationContext.log Manager: restart: Reloading web application '/'
04-Apr-2018 15:24:55.018 INFO [http-nio-80-exec-32] org.apache.catalina.core.ApplicationContext.log Manager: list: Listing contexts for virtual host 'localhost'
04-Apr-2018 15:24:55.040 INFO [http-nio-80-exec-29] org.apache.catalina.core.ApplicationContext.log Manager: restart: Reloading web application '/'
04-Apr-2018 15:26:39.929 INFO [http-nio-80-exec-40] org.apache.catalina.core.ApplicationContext.log Manager: list: Listing contexts for virtual host 'localhost'
04-Apr-2018 15:26:39.950 INFO [http-nio-80-exec-35] org.apache.catalina.core.ApplicationContext.log Manager: restart: Reloading web application '/'
04-Apr-2018 15:28:03.880 INFO [http-nio-80-exec-38] org.apache.catalina.core.ApplicationContext.log Manager: list: Listing contexts for virtual host 'localhost'
04-Apr-2018 15:28:03.902 INFO [http-nio-80-exec-39] org.apache.catalina.core.ApplicationContext.log Manager: restart: Reloading web application '/'
04-Apr-2018 15:28:20.479 INFO [http-nio-80-exec-40] org.apache.catalina.core.ApplicationContext.log Manager: list: Listing contexts for virtual host 'localhost'
04-Apr-2018 15:28:20.502 INFO [http-nio-80-exec-37] org.apache.catalina.core.ApplicationContext.log Manager: restart: Reloading web application '/'
04-Apr-2018 15:29:52.997 INFO [http-nio-80-exec-39] org.apache.catalina.core.ApplicationContext.log Manager: list: Listing contexts for virtual host 'localhost'
04-Apr-2018 15:29:53.011 INFO [http-nio-80-exec-40] org.apache.catalina.core.ApplicationContext.log Manager: restart: Reloading web application '/'
04-Apr-2018 15:30:03.728 INFO [http-nio-80-exec-39] org.apache.catalina.core.ApplicationContext.log Manager: list: Listing contexts for virtual host 'localhost'
04-Apr-2018 15:30:03.752 INFO [http-nio-80-exec-44] org.apache.catalina.core.ApplicationContext.log Manager: restart: Reloading web application '/'
04-Apr-2018 15:30:49.322 INFO [http-nio-80-exec-40] org.apache.catalina.core.ApplicationContext.log Manager: list: Listing contexts for virtual host 'localhost'
04-Apr-2018 15:30:49.344 INFO [http-nio-80-exec-39] org.apache.catalina.core.ApplicationContext.log Manager: restart: Reloading web application '/'
04-Apr-2018 15:31:09.238 INFO [http-nio-80-exec-35] org.apache.catalina.core.ApplicationContext.log Manager: list: Listing contexts for virtual host 'localhost'
04-Apr-2018 15:31:09.253 INFO [http-nio-80-exec-43] org.apache.catalina.core.ApplicationContext.log Manager: restart: Reloading web application '/'
04-Apr-2018 15:31:23.317 INFO [http-nio-80-exec-47] org.apache.catalina.core.ApplicationContext.log Manager: list: Listing contexts for virtual host 'localhost'
04-Apr-2018 15:31:23.325 INFO [http-nio-80-exec-44] org.apache.catalina.core.ApplicationContext.log Manager: restart: Reloading web application '/'
04-Apr-2018 15:31:33.147 INFO [http-nio-80-exec-43] org.apache.catalina.core.ApplicationContext.log Manager: list: Listing contexts for virtual host 'localhost'
04-Apr-2018 15:31:33.167 INFO [http-nio-80-exec-35] org.apache.catalina.core.ApplicationContext.log Manager: restart: Reloading web application '/'
04-Apr-2018 15:31:51.001 INFO [http-nio-80-exec-51] org.apache.catalina.core.ApplicationContext.log Manager: list: Listing contexts for virtual host 'localhost'
04-Apr-2018 15:31:51.009 INFO [http-nio-80-exec-44] org.apache.catalina.core.ApplicationContext.log Manager: restart: Reloading web application '/'
04-Apr-2018 15:32:04.521 INFO [http-nio-80-exec-50] org.apache.catalina.core.ApplicationContext.log Manager: list: Listing contexts for virtual host 'localhost'
04-Apr-2018 15:32:04.528 INFO [http-nio-80-exec-35] org.apache.catalina.core.ApplicationContext.log Manager: restart: Reloading web application '/'
04-Apr-2018 15:32:12.961 INFO [http-nio-80-exec-50] org.apache.catalina.core.ApplicationContext.log Manager: list: Listing contexts for virtual host 'localhost'
04-Apr-2018 15:32:12.983 INFO [http-nio-80-exec-44] org.apache.catalina.core.ApplicationContext.log Manager: restart: Reloading web application '/'
04-Apr-2018 15:32:33.372 INFO [http-nio-80-exec-35] org.apache.catalina.core.ApplicationContext.log Manager: list: Listing contexts for virtual host 'localhost'
04-Apr-2018 15:32:33.385 INFO [http-nio-80-exec-49] org.apache.catalina.core.ApplicationContext.log Manager: restart: Reloading web application '/'
04-Apr-2018 15:32:46.801 INFO [http-nio-80-exec-35] org.apache.catalina.core.ApplicationContext.log Manager: list: Listing contexts for virtual host 'localhost'
04-Apr-2018 15:32:46.810 INFO [http-nio-80-exec-46] org.apache.catalina.core.ApplicationContext.log Manager: restart: Reloading web application '/'
04-Apr-2018 15:33:40.053 INFO [http-nio-80-exec-52] org.apache.catalina.core.ApplicationContext.log Manager: list: Listing contexts for virtual host 'localhost'
04-Apr-2018 15:33:40.060 INFO [http-nio-80-exec-35] org.apache.catalina.core.ApplicationContext.log Manager: restart: Reloading web application '/'
04-Apr-2018 15:33:53.429 INFO [http-nio-80-exec-46] org.apache.catalina.core.ApplicationContext.log Manager: list: Listing contexts for virtual host 'localhost'
04-Apr-2018 15:33:53.437 INFO [http-nio-80-exec-49] org.apache.catalina.core.ApplicationContext.log Manager: restart: Reloading web application '/'
04-Apr-2018 15:33:54.956 INFO [http-nio-80-exec-27] org.apache.catalina.core.ApplicationContext.log Manager: list: Listing contexts for virtual host 'localhost'
04-Apr-2018 15:33:54.978 INFO [http-nio-80-exec-51] org.apache.catalina.core.ApplicationContext.log Manager: restart: Reloading web application '/'
04-Apr-2018 15:51:37.444 INFO [http-nio-80-exec-59] org.apache.catalina.core.ApplicationContext.log Manager: list: Listing contexts for virtual host 'localhost'
04-Apr-2018 15:51:37.444 INFO [http-nio-80-exec-60] org.apache.catalina.core.ApplicationContext.log Manager: restart: Reloading web application '/'
04-Apr-2018 15:52:03.053 INFO [http-nio-80-exec-62] org.apache.catalina.core.ApplicationContext.log Manager: list: Listing contexts for virtual host 'localhost'
04-Apr-2018 15:52:03.069 INFO [http-nio-80-exec-63] org.apache.catalina.core.ApplicationContext.log Manager: restart: Reloading web application '/'
04-Apr-2018 15:52:17.787 INFO [http-nio-80-exec-67] org.apache.catalina.core.ApplicationContext.log Manager: list: Listing contexts for virtual host 'localhost'
04-Apr-2018 15:52:17.802 INFO [http-nio-80-exec-59] org.apache.catalina.core.ApplicationContext.log Manager: restart: Reloading web application '/'
04-Apr-2018 15:52:42.788 INFO [http-nio-80-exec-65] org.apache.catalina.core.ApplicationContext.log Manager: list: Listing contexts for virtual host 'localhost'
04-Apr-2018 15:52:42.804 INFO [http-nio-80-exec-64] org.apache.catalina.core.ApplicationContext.log Manager: restart: Reloading web application '/'
04-Apr-2018 15:53:41.462 INFO [http-nio-80-exec-72] org.apache.catalina.core.ApplicationContext.log Manager: list: Listing contexts for virtual host 'localhost'
04-Apr-2018 15:53:41.462 INFO [http-nio-80-exec-59] org.apache.catalina.core.ApplicationContext.log Manager: restart: Reloading web application '/'
04-Apr-2018 15:54:20.847 INFO [http-nio-80-exec-66] org.apache.catalina.core.ApplicationContext.log Manager: list: Listing contexts for virtual host 'localhost'
04-Apr-2018 15:54:20.863 INFO [http-nio-80-exec-70] org.apache.catalina.core.ApplicationContext.log Manager: restart: Reloading web application '/'
04-Apr-2018 15:54:52.874 INFO [http-nio-80-exec-73] org.apache.catalina.core.ApplicationContext.log Manager: list: Listing contexts for virtual host 'localhost'
04-Apr-2018 15:54:52.889 INFO [http-nio-80-exec-59] org.apache.catalina.core.ApplicationContext.log Manager: restart: Reloading web application '/'
04-Apr-2018 15:55:49.992 INFO [http-nio-80-exec-64] org.apache.catalina.core.ApplicationContext.log Manager: list: Listing contexts for virtual host 'localhost'
04-Apr-2018 15:55:50.007 INFO [http-nio-80-exec-75] org.apache.catalina.core.ApplicationContext.log Manager: restart: Reloading web application '/'
04-Apr-2018 15:56:36.299 INFO [http-nio-80-exec-59] org.apache.catalina.core.ApplicationContext.log Manager: list: Listing contexts for virtual host 'localhost'
04-Apr-2018 15:56:36.299 INFO [http-nio-80-exec-76] org.apache.catalina.core.ApplicationContext.log Manager: restart: Reloading web application '/'
04-Apr-2018 15:58:41.708 INFO [http-nio-80-exec-73] org.apache.catalina.core.ApplicationContext.log Manager: list: Listing contexts for virtual host 'localhost'
04-Apr-2018 15:58:41.724 INFO [http-nio-80-exec-75] org.apache.catalina.core.ApplicationContext.log Manager: restart: Reloading web application '/'
04-Apr-2018 15:58:43.318 INFO [http-nio-80-exec-64] org.apache.catalina.core.ApplicationContext.log Manager: list: Listing contexts for virtual host 'localhost'
04-Apr-2018 15:58:43.333 INFO [http-nio-80-exec-63] org.apache.catalina.core.ApplicationContext.log Manager: restart: Reloading web application '/'
04-Apr-2018 15:59:15.680 INFO [http-nio-80-exec-64] org.apache.catalina.core.ApplicationContext.log Manager: list: Listing contexts for virtual host 'localhost'
04-Apr-2018 16:01:11.139 INFO [http-nio-80-exec-71] org.apache.catalina.core.ApplicationContext.log Manager: list: Listing contexts for virtual host 'localhost'
04-Apr-2018 16:06:55.777 INFO [http-nio-80-exec-83] org.apache.catalina.core.ApplicationContext.log Manager: list: Listing contexts for virtual host 'localhost'
04-Apr-2018 16:06:55.777 INFO [http-nio-80-exec-85] org.apache.catalina.core.ApplicationContext.log Manager: restart: Reloading web application '/'
04-Apr-2018 16:07:52.837 INFO [http-nio-80-exec-5] org.apache.catalina.core.ApplicationContext.log Manager: init: Associated with Deployer 'Catalina:type=Deployer,host=localhost'
04-Apr-2018 16:07:52.837 INFO [http-nio-80-exec-5] org.apache.catalina.core.ApplicationContext.log Manager: init: Global resources are available
04-Apr-2018 16:07:53.212 INFO [http-nio-80-exec-7] org.apache.catalina.core.ApplicationContext.log Manager: list: Listing contexts for virtual host 'localhost'
04-Apr-2018 16:07:53.212 INFO [http-nio-80-exec-8] org.apache.catalina.core.ApplicationContext.log Manager: list: Listing contexts for virtual host 'localhost'
04-Apr-2018 16:07:53.259 INFO [http-nio-80-exec-10] org.apache.catalina.core.ApplicationContext.log Manager: restart: Reloading web application '/'
04-Apr-2018 16:08:08.254 INFO [http-nio-80-exec-13] org.apache.catalina.core.ApplicationContext.log Manager: list: Listing contexts for virtual host 'localhost'
04-Apr-2018 16:08:08.269 INFO [http-nio-80-exec-2] org.apache.catalina.core.ApplicationContext.log Manager: restart: Reloading web application '/'
04-Apr-2018 16:08:58.864 INFO [http-nio-80-exec-15] org.apache.catalina.core.ApplicationContext.log Manager: list: Listing contexts for virtual host 'localhost'
04-Apr-2018 16:08:58.864 INFO [http-nio-80-exec-13] org.apache.catalina.core.ApplicationContext.log Manager: restart: Reloading web application '/'
04-Apr-2018 16:10:12.476 INFO [http-nio-80-exec-17] org.apache.catalina.core.ApplicationContext.log Manager: list: Listing contexts for virtual host 'localhost'
04-Apr-2018 16:10:12.476 INFO [http-nio-80-exec-2] org.apache.catalina.core.ApplicationContext.log Manager: restart: Reloading web application '/'
04-Apr-2018 16:10:22.300 INFO [http-nio-80-exec-15] org.apache.catalina.core.ApplicationContext.log Manager: list: Listing contexts for virtual host 'localhost'
04-Apr-2018 16:10:22.300 INFO [http-nio-80-exec-16] org.apache.catalina.core.ApplicationContext.log Manager: restart: Reloading web application '/'
04-Apr-2018 16:10:55.066 INFO [http-nio-80-exec-8] org.apache.catalina.core.ApplicationContext.log Manager: list: Listing contexts for virtual host 'localhost'
04-Apr-2018 16:10:55.066 INFO [http-nio-80-exec-14] org.apache.catalina.core.ApplicationContext.log Manager: restart: Reloading web application '/'
04-Apr-2018 16:11:27.260 INFO [http-nio-80-exec-6] org.apache.catalina.core.ApplicationContext.log Manager: list: Listing contexts for virtual host 'localhost'
04-Apr-2018 16:11:27.260 INFO [http-nio-80-exec-19] org.apache.catalina.core.ApplicationContext.log Manager: restart: Reloading web application '/'
04-Apr-2018 16:11:56.515 INFO [http-nio-80-exec-12] org.apache.catalina.core.ApplicationContext.log Manager: list: Listing contexts for virtual host 'localhost'
04-Apr-2018 16:11:56.515 INFO [http-nio-80-exec-6] org.apache.catalina.core.ApplicationContext.log Manager: restart: Reloading web application '/'
04-Apr-2018 16:12:19.283 INFO [http-nio-80-exec-21] org.apache.catalina.core.ApplicationContext.log Manager: list: Listing contexts for virtual host 'localhost'
04-Apr-2018 16:12:19.283 INFO [http-nio-80-exec-19] org.apache.catalina.core.ApplicationContext.log Manager: restart: Reloading web application '/'
04-Apr-2018 16:12:34.250 INFO [http-nio-80-exec-2] org.apache.catalina.core.ApplicationContext.log Manager: list: Listing contexts for virtual host 'localhost'
04-Apr-2018 16:12:34.250 INFO [http-nio-80-exec-21] org.apache.catalina.core.ApplicationContext.log Manager: restart: Reloading web application '/'
04-Apr-2018 16:13:26.952 INFO [http-nio-80-exec-23] org.apache.catalina.core.ApplicationContext.log Manager: list: Listing contexts for virtual host 'localhost'
04-Apr-2018 16:13:26.952 INFO [http-nio-80-exec-22] org.apache.catalina.core.ApplicationContext.log Manager: restart: Reloading web application '/'
04-Apr-2018 16:13:51.669 INFO [http-nio-80-exec-24] org.apache.catalina.core.ApplicationContext.log Manager: list: Listing contexts for virtual host 'localhost'
04-Apr-2018 16:13:51.669 INFO [http-nio-80-exec-21] org.apache.catalina.core.ApplicationContext.log Manager: restart: Reloading web application '/'
04-Apr-2018 16:14:16.877 INFO [http-nio-80-exec-19] org.apache.catalina.core.ApplicationContext.log Manager: list: Listing contexts for virtual host 'localhost'
04-Apr-2018 16:14:16.877 INFO [http-nio-80-exec-6] org.apache.catalina.core.ApplicationContext.log Manager: restart: Reloading web application '/'
04-Apr-2018 16:15:29.072 INFO [http-nio-80-exec-23] org.apache.catalina.core.ApplicationContext.log Manager: list: Listing contexts for virtual host 'localhost'
04-Apr-2018 16:15:29.088 INFO [http-nio-80-exec-25] org.apache.catalina.core.ApplicationContext.log Manager: restart: Reloading web application '/'
04-Apr-2018 16:15:33.604 INFO [http-nio-80-exec-21] org.apache.catalina.core.ApplicationContext.log Manager: list: Listing contexts for virtual host 'localhost'
04-Apr-2018 16:15:33.620 INFO [http-nio-80-exec-23] org.apache.catalina.core.ApplicationContext.log Manager: restart: Reloading web application '/'
04-Apr-2018 16:17:47.912 INFO [http-nio-80-exec-8] org.apache.catalina.core.ApplicationContext.log Manager: list: Listing contexts for virtual host 'localhost'
04-Apr-2018 16:17:47.928 INFO [http-nio-80-exec-32] org.apache.catalina.core.ApplicationContext.log Manager: restart: Reloading web application '/'
04-Apr-2018 16:19:39.388 INFO [http-nio-80-exec-27] org.apache.catalina.core.ApplicationContext.log Manager: list: Listing contexts for virtual host 'localhost'
04-Apr-2018 16:19:39.388 INFO [http-nio-80-exec-25] org.apache.catalina.core.ApplicationContext.log Manager: restart: Reloading web application '/'
04-Apr-2018 16:20:14.231 INFO [http-nio-80-exec-33] org.apache.catalina.core.ApplicationContext.log Manager: list: Listing contexts for virtual host 'localhost'
04-Apr-2018 16:20:14.231 INFO [http-nio-80-exec-31] org.apache.catalina.core.ApplicationContext.log Manager: restart: Reloading web application '/'
04-Apr-2018 16:23:25.232 INFO [http-nio-80-exec-37] org.apache.catalina.core.ApplicationContext.log Manager: list: Listing contexts for virtual host 'localhost'
04-Apr-2018 16:23:25.232 INFO [http-nio-80-exec-32] org.apache.catalina.core.ApplicationContext.log Manager: restart: Reloading web application '/'
04-Apr-2018 16:25:56.473 INFO [http-nio-80-exec-36] org.apache.catalina.core.ApplicationContext.log Manager: list: Listing contexts for virtual host 'localhost'
04-Apr-2018 16:25:56.473 INFO [http-nio-80-exec-31] org.apache.catalina.core.ApplicationContext.log Manager: restart: Reloading web application '/'
04-Apr-2018 16:30:28.403 INFO [http-nio-80-exec-45] org.apache.catalina.core.ApplicationContext.log Manager: list: Listing contexts for virtual host 'localhost'
04-Apr-2018 16:30:28.403 INFO [http-nio-80-exec-47] org.apache.catalina.core.ApplicationContext.log Manager: restart: Reloading web application '/'
04-Apr-2018 16:30:51.630 INFO [http-nio-80-exec-31] org.apache.catalina.core.ApplicationContext.log Manager: list: Listing contexts for virtual host 'localhost'
04-Apr-2018 16:30:51.645 INFO [http-nio-80-exec-45] org.apache.catalina.core.ApplicationContext.log Manager: restart: Reloading web application '/'
04-Apr-2018 16:30:59.109 INFO [http-nio-80-exec-47] org.apache.catalina.core.ApplicationContext.log Manager: list: Listing contexts for virtual host 'localhost'
04-Apr-2018 16:30:59.125 INFO [http-nio-80-exec-48] org.apache.catalina.core.ApplicationContext.log Manager: restart: Reloading web application '/'
04-Apr-2018 16:32:13.728 INFO [http-nio-80-exec-27] org.apache.catalina.core.ApplicationContext.log Manager: list: Listing contexts for virtual host 'localhost'
04-Apr-2018 16:32:13.728 INFO [http-nio-80-exec-45] org.apache.catalina.core.ApplicationContext.log Manager: restart: Reloading web application '/'
04-Apr-2018 16:33:19.937 INFO [http-nio-80-exec-50] org.apache.catalina.core.ApplicationContext.log Manager: list: Listing contexts for virtual host 'localhost'
04-Apr-2018 16:33:19.952 INFO [http-nio-80-exec-31] org.apache.catalina.core.ApplicationContext.log Manager: restart: Reloading web application '/'
04-Apr-2018 16:34:09.697 INFO [http-nio-80-exec-54] org.apache.catalina.core.ApplicationContext.log Manager: list: Listing contexts for virtual host 'localhost'
04-Apr-2018 16:34:09.697 INFO [http-nio-80-exec-50] org.apache.catalina.core.ApplicationContext.log Manager: restart: Reloading web application '/'
04-Apr-2018 16:34:15.151 INFO [http-nio-80-exec-45] org.apache.catalina.core.ApplicationContext.log Manager: list: Listing contexts for virtual host 'localhost'
04-Apr-2018 16:34:15.166 INFO [http-nio-80-exec-52] org.apache.catalina.core.ApplicationContext.log Manager: restart: Reloading web application '/'
04-Apr-2018 16:39:00.167 INFO [http-nio-80-exec-57] org.apache.catalina.core.ApplicationContext.log Manager: list: Listing contexts for virtual host 'localhost'
04-Apr-2018 16:39:00.183 INFO [http-nio-80-exec-58] org.apache.catalina.core.ApplicationContext.log Manager: restart: Reloading web application '/'
04-Apr-2018 16:39:37.456 INFO [http-nio-80-exec-2] org.apache.catalina.core.ApplicationContext.log Manager: init: Associated with Deployer 'Catalina:type=Deployer,host=localhost'
04-Apr-2018 16:39:37.456 INFO [http-nio-80-exec-2] org.apache.catalina.core.ApplicationContext.log Manager: init: Global resources are available
04-Apr-2018 16:39:37.612 INFO [http-nio-80-exec-2] org.apache.catalina.core.ApplicationContext.log Manager: list: Listing contexts for virtual host 'localhost'
04-Apr-2018 16:39:37.612 INFO [http-nio-80-exec-3] org.apache.catalina.core.ApplicationContext.log Manager: list: Listing contexts for virtual host 'localhost'
04-Apr-2018 16:39:37.643 INFO [http-nio-80-exec-6] org.apache.catalina.core.ApplicationContext.log Manager: restart: Reloading web application '/'
04-Apr-2018 16:40:42.268 INFO [http-nio-80-exec-8] org.apache.catalina.core.ApplicationContext.log Manager: list: Listing contexts for virtual host 'localhost'
04-Apr-2018 16:40:42.268 INFO [http-nio-80-exec-11] org.apache.catalina.core.ApplicationContext.log Manager: restart: Reloading web application '/'
04-Apr-2018 16:44:09.075 INFO [http-nio-80-exec-11] org.apache.catalina.core.ApplicationContext.log Manager: list: Listing contexts for virtual host 'localhost'
04-Apr-2018 16:44:09.075 INFO [http-nio-80-exec-16] org.apache.catalina.core.ApplicationContext.log Manager: restart: Reloading web application '/'
04-Apr-2018 16:46:24.981 INFO [http-nio-80-exec-20] org.apache.catalina.core.ApplicationContext.log Manager: list: Listing contexts for virtual host 'localhost'
04-Apr-2018 16:46:24.981 INFO [http-nio-80-exec-17] org.apache.catalina.core.ApplicationContext.log Manager: restart: Reloading web application '/'
04-Apr-2018 16:46:30.138 INFO [http-nio-80-exec-23] org.apache.catalina.core.ApplicationContext.log Manager: list: Listing contexts for virtual host 'localhost'
04-Apr-2018 16:46:30.138 INFO [http-nio-80-exec-1] org.apache.catalina.core.ApplicationContext.log Manager: restart: Reloading web application '/'
04-Apr-2018 16:47:11.571 INFO [http-nio-80-exec-24] org.apache.catalina.core.ApplicationContext.log Manager: list: Listing contexts for virtual host 'localhost'
04-Apr-2018 16:47:11.587 INFO [http-nio-80-exec-17] org.apache.catalina.core.ApplicationContext.log Manager: restart: Reloading web application '/'
04-Apr-2018 16:47:21.123 INFO [http-nio-80-exec-25] org.apache.catalina.core.ApplicationContext.log Manager: list: Listing contexts for virtual host 'localhost'
04-Apr-2018 16:47:21.139 INFO [http-nio-80-exec-1] org.apache.catalina.core.ApplicationContext.log Manager: restart: Reloading web application '/'
04-Apr-2018 16:47:47.076 INFO [http-nio-80-exec-26] org.apache.catalina.core.ApplicationContext.log Manager: list: Listing contexts for virtual host 'localhost'
04-Apr-2018 16:47:47.076 INFO [http-nio-80-exec-20] org.apache.catalina.core.ApplicationContext.log Manager: restart: Reloading web application '/'
04-Apr-2018 16:48:33.258 INFO [http-nio-80-exec-2] org.apache.catalina.core.ApplicationContext.log Manager: init: Associated with Deployer 'Catalina:type=Deployer,host=localhost'
04-Apr-2018 16:48:33.258 INFO [http-nio-80-exec-2] org.apache.catalina.core.ApplicationContext.log Manager: init: Global resources are available
04-Apr-2018 16:48:33.446 INFO [http-nio-80-exec-3] org.apache.catalina.core.ApplicationContext.log Manager: list: Listing contexts for virtual host 'localhost'
04-Apr-2018 16:48:33.446 INFO [http-nio-80-exec-4] org.apache.catalina.core.ApplicationContext.log Manager: list: Listing contexts for virtual host 'localhost'
04-Apr-2018 16:48:33.477 INFO [http-nio-80-exec-6] org.apache.catalina.core.ApplicationContext.log Manager: restart: Reloading web application '/'
04-Apr-2018 16:49:09.567 INFO [http-nio-80-exec-2] org.apache.catalina.core.ApplicationContext.log Manager: init: Associated with Deployer 'Catalina:type=Deployer,host=localhost'
04-Apr-2018 16:49:09.567 INFO [http-nio-80-exec-2] org.apache.catalina.core.ApplicationContext.log Manager: init: Global resources are available
04-Apr-2018 16:49:09.739 INFO [http-nio-80-exec-3] org.apache.catalina.core.ApplicationContext.log Manager: list: Listing contexts for virtual host 'localhost'
04-Apr-2018 16:49:09.739 INFO [http-nio-80-exec-5] org.apache.catalina.core.ApplicationContext.log Manager: list: Listing contexts for virtual host 'localhost'
04-Apr-2018 16:49:43.277 INFO [http-nio-80-exec-8] org.apache.catalina.core.ApplicationContext.log Manager: list: Listing contexts for virtual host 'localhost'
04-Apr-2018 16:49:43.277 INFO [http-nio-80-exec-10] org.apache.catalina.core.ApplicationContext.log Manager: restart: Reloading web application '/'
04-Apr-2018 16:56:37.273 INFO [http-nio-80-exec-8] org.apache.catalina.core.ApplicationContext.log Manager: list: Listing contexts for virtual host 'localhost'
04-Apr-2018 16:56:37.288 INFO [http-nio-80-exec-11] org.apache.catalina.core.ApplicationContext.log Manager: restart: Reloading web application '/'
04-Apr-2018 16:56:49.664 INFO [http-nio-80-exec-5] org.apache.catalina.core.ApplicationContext.log Manager: list: Listing contexts for virtual host 'localhost'
04-Apr-2018 16:56:49.664 INFO [http-nio-80-exec-16] org.apache.catalina.core.ApplicationContext.log Manager: restart: Reloading web application '/'
04-Apr-2018 17:06:48.848 INFO [http-nio-80-exec-28] org.apache.catalina.core.ApplicationContext.log Manager: list: Listing contexts for virtual host 'localhost'
04-Apr-2018 17:06:48.864 INFO [http-nio-80-exec-20] org.apache.catalina.core.ApplicationContext.log Manager: restart: Reloading web application '/'
04-Apr-2018 17:07:12.510 INFO [http-nio-80-exec-23] org.apache.catalina.core.ApplicationContext.log Manager: list: Listing contexts for virtual host 'localhost'
04-Apr-2018 17:07:12.525 INFO [http-nio-80-exec-27] org.apache.catalina.core.ApplicationContext.log Manager: restart: Reloading web application '/'
04-Apr-2018 17:08:06.353 INFO [http-nio-80-exec-31] org.apache.catalina.core.ApplicationContext.log Manager: list: Listing contexts for virtual host 'localhost'
04-Apr-2018 17:08:06.353 INFO [http-nio-80-exec-20] org.apache.catalina.core.ApplicationContext.log Manager: restart: Reloading web application '/'
04-Apr-2018 17:09:27.112 INFO [http-nio-80-exec-33] org.apache.catalina.core.ApplicationContext.log Manager: list: Listing contexts for virtual host 'localhost'
04-Apr-2018 17:09:27.112 INFO [http-nio-80-exec-31] org.apache.catalina.core.ApplicationContext.log Manager: restart: Reloading web application '/'
04-Apr-2018 17:11:20.629 INFO [http-nio-80-exec-35] org.apache.catalina.core.ApplicationContext.log Manager: list: Listing contexts for virtual host 'localhost'
04-Apr-2018 17:11:20.644 INFO [http-nio-80-exec-29] org.apache.catalina.core.ApplicationContext.log Manager: restart: Reloading web application '/'
04-Apr-2018 17:11:35.864 INFO [http-nio-80-exec-36] org.apache.catalina.core.ApplicationContext.log Manager: list: Listing contexts for virtual host 'localhost'
04-Apr-2018 17:11:35.880 INFO [http-nio-80-exec-31] org.apache.catalina.core.ApplicationContext.log Manager: restart: Reloading web application '/'
04-Apr-2018 17:11:39.505 INFO [http-nio-80-exec-36] org.apache.catalina.core.ApplicationContext.log Manager: list: Listing contexts for virtual host 'localhost'
04-Apr-2018 17:11:39.521 INFO [http-nio-80-exec-37] org.apache.catalina.core.ApplicationContext.log Manager: restart: Reloading web application '/'
04-Apr-2018 17:12:44.141 INFO [http-nio-80-exec-22] org.apache.catalina.core.ApplicationContext.log Manager: list: Listing contexts for virtual host 'localhost'
04-Apr-2018 17:12:44.157 INFO [http-nio-80-exec-39] org.apache.catalina.core.ApplicationContext.log Manager: restart: Reloading web application '/'
04-Apr-2018 17:13:40.754 INFO [http-nio-80-exec-31] org.apache.catalina.core.ApplicationContext.log Manager: list: Listing contexts for virtual host 'localhost'
04-Apr-2018 17:13:40.754 INFO [http-nio-80-exec-38] org.apache.catalina.core.ApplicationContext.log Manager: restart: Reloading web application '/'
04-Apr-2018 17:13:42.535 INFO [http-nio-80-exec-22] org.apache.catalina.core.ApplicationContext.log Manager: list: Listing contexts for virtual host 'localhost'
04-Apr-2018 17:13:42.551 INFO [http-nio-80-exec-31] org.apache.catalina.core.ApplicationContext.log Manager: restart: Reloading web application '/'
04-Apr-2018 17:20:16.763 INFO [http-nio-80-exec-41] org.apache.catalina.core.ApplicationContext.log Manager: list: Listing contexts for virtual host 'localhost'
04-Apr-2018 17:20:16.779 INFO [http-nio-80-exec-42] org.apache.catalina.core.ApplicationContext.log Manager: restart: Reloading web application '/'
04-Apr-2018 17:20:23.061 INFO [http-nio-80-exec-45] org.apache.catalina.core.ApplicationContext.log Manager: list: Listing contexts for virtual host 'localhost'
04-Apr-2018 17:20:23.077 INFO [http-nio-80-exec-49] org.apache.catalina.core.ApplicationContext.log Manager: restart: Reloading web application '/'
04-Apr-2018 17:23:44.732 INFO [http-nio-80-exec-46] org.apache.catalina.core.ApplicationContext.log Manager: list: Listing contexts for virtual host 'localhost'
04-Apr-2018 17:23:44.748 INFO [http-nio-80-exec-50] org.apache.catalina.core.ApplicationContext.log Manager: restart: Reloading web application '/'
04-Apr-2018 17:26:15.885 INFO [http-nio-80-exec-51] org.apache.catalina.core.ApplicationContext.log Manager: list: Listing contexts for virtual host 'localhost'
04-Apr-2018 17:26:15.900 INFO [http-nio-80-exec-54] org.apache.catalina.core.ApplicationContext.log Manager: restart: Reloading web application '/'
04-Apr-2018 17:27:08.602 INFO [http-nio-80-exec-57] org.apache.catalina.core.ApplicationContext.log Manager: list: Listing contexts for virtual host 'localhost'
04-Apr-2018 17:27:08.618 INFO [http-nio-80-exec-41] org.apache.catalina.core.ApplicationContext.log Manager: restart: Reloading web application '/'
04-Apr-2018 17:29:01.405 INFO [http-nio-80-exec-50] org.apache.catalina.core.ApplicationContext.log Manager: list: Listing contexts for virtual host 'localhost'
04-Apr-2018 17:29:01.421 INFO [http-nio-80-exec-59] org.apache.catalina.core.ApplicationContext.log Manager: restart: Reloading web application '/'
04-Apr-2018 17:31:11.143 INFO [http-nio-80-exec-60] org.apache.catalina.core.ApplicationContext.log Manager: list: Listing contexts for virtual host 'localhost'
04-Apr-2018 17:31:11.158 INFO [http-nio-80-exec-62] org.apache.catalina.core.ApplicationContext.log Manager: restart: Reloading web application '/'
04-Apr-2018 17:31:40.748 INFO [http-nio-80-exec-50] org.apache.catalina.core.ApplicationContext.log Manager: list: Listing contexts for virtual host 'localhost'
04-Apr-2018 17:31:40.748 INFO [http-nio-80-exec-58] org.apache.catalina.core.ApplicationContext.log Manager: restart: Reloading web application '/'
04-Apr-2018 17:35:32.743 INFO [http-nio-80-exec-65] org.apache.catalina.core.ApplicationContext.log Manager: list: Listing contexts for virtual host 'localhost'
04-Apr-2018 17:35:32.758 INFO [http-nio-80-exec-60] org.apache.catalina.core.ApplicationContext.log Manager: restart: Reloading web application '/'
04-Apr-2018 17:35:39.822 INFO [http-nio-80-exec-58] org.apache.catalina.core.ApplicationContext.log Manager: list: Listing contexts for virtual host 'localhost'
04-Apr-2018 17:35:39.822 INFO [http-nio-80-exec-63] org.apache.catalina.core.ApplicationContext.log Manager: restart: Reloading web application '/'
04-Apr-2018 17:36:20.827 INFO [http-nio-80-exec-70] org.apache.catalina.core.ApplicationContext.log Manager: list: Listing contexts for virtual host 'localhost'
04-Apr-2018 17:36:20.827 INFO [http-nio-80-exec-58] org.apache.catalina.core.ApplicationContext.log Manager: restart: Reloading web application '/'
04-Apr-2018 17:36:44.876 INFO [http-nio-80-exec-71] org.apache.catalina.core.ApplicationContext.log Manager: list: Listing contexts for virtual host 'localhost'
04-Apr-2018 17:36:44.891 INFO [http-nio-80-exec-57] org.apache.catalina.core.ApplicationContext.log Manager: restart: Reloading web application '/'
04-Apr-2018 17:37:22.387 INFO [http-nio-80-exec-58] org.apache.catalina.core.ApplicationContext.log Manager: list: Listing contexts for virtual host 'localhost'
04-Apr-2018 17:37:22.403 INFO [http-nio-80-exec-66] org.apache.catalina.core.ApplicationContext.log Manager: restart: Reloading web application '/'
04-Apr-2018 17:38:57.917 INFO [http-nio-80-exec-71] org.apache.catalina.core.ApplicationContext.log Manager: list: Listing contexts for virtual host 'localhost'
04-Apr-2018 17:38:57.932 INFO [http-nio-80-exec-58] org.apache.catalina.core.ApplicationContext.log Manager: restart: Reloading web application '/'
04-Apr-2018 17:39:07.092 INFO [http-nio-80-exec-66] org.apache.catalina.core.ApplicationContext.log Manager: list: Listing contexts for virtual host 'localhost'
04-Apr-2018 17:39:07.108 INFO [http-nio-80-exec-69] org.apache.catalina.core.ApplicationContext.log Manager: restart: Reloading web application '/'
04-Apr-2018 17:43:04.651 INFO [http-nio-80-exec-64] org.apache.catalina.core.ApplicationContext.log Manager: list: Listing contexts for virtual host 'localhost'
04-Apr-2018 17:43:04.666 INFO [http-nio-80-exec-76] org.apache.catalina.core.ApplicationContext.log Manager: restart: Reloading web application '/'
04-Apr-2018 17:43:09.964 INFO [http-nio-80-exec-69] org.apache.catalina.core.ApplicationContext.log Manager: list: Listing contexts for virtual host 'localhost'
04-Apr-2018 17:43:09.979 INFO [http-nio-80-exec-78] org.apache.catalina.core.ApplicationContext.log Manager: restart: Reloading web application '/'
04-Apr-2018 17:49:32.497 INFO [http-nio-80-exec-81] org.apache.catalina.core.ApplicationContext.log Manager: list: Listing contexts for virtual host 'localhost'
04-Apr-2018 17:51:35.776 INFO [http-nio-80-exec-87] org.apache.catalina.core.ApplicationContext.log Manager: list: Listing contexts for virtual host 'localhost'
04-Apr-2018 17:51:35.791 INFO [http-nio-80-exec-81] org.apache.catalina.core.ApplicationContext.log Manager: restart: Reloading web application '/'
04-Apr-2018 17:51:53.291 INFO [http-nio-80-exec-82] org.apache.catalina.core.ApplicationContext.log Manager: list: Listing contexts for virtual host 'localhost'
04-Apr-2018 17:52:15.495 INFO [http-nio-80-exec-87] org.apache.catalina.core.ApplicationContext.log Manager: list: Listing contexts for virtual host 'localhost'
04-Apr-2018 17:52:15.510 INFO [http-nio-80-exec-84] org.apache.catalina.core.ApplicationContext.log Manager: restart: Reloading web application '/'
04-Apr-2018 17:53:46.371 INFO [http-nio-80-exec-94] org.apache.catalina.core.ApplicationContext.log Manager: list: Listing contexts for virtual host 'localhost'
04-Apr-2018 17:53:46.387 INFO [http-nio-80-exec-83] org.apache.catalina.core.ApplicationContext.log Manager: restart: Reloading web application '/'
04-Apr-2018 17:54:14.536 INFO [http-nio-80-exec-97] org.apache.catalina.core.ApplicationContext.log Manager: list: Listing contexts for virtual host 'localhost'
04-Apr-2018 17:54:14.599 INFO [http-nio-80-exec-87] org.apache.catalina.core.ApplicationContext.log Manager: restart: Reloading web application '/'
04-Apr-2018 17:59:25.796 INFO [http-nio-80-exec-98] org.apache.catalina.core.ApplicationContext.log Manager: list: Listing contexts for virtual host 'localhost'
04-Apr-2018 17:59:25.811 INFO [http-nio-80-exec-99] org.apache.catalina.core.ApplicationContext.log Manager: restart: Reloading web application '/'
04-Apr-2018 18:01:48.093 INFO [http-nio-80-exec-106] org.apache.catalina.core.ApplicationContext.log Manager: list: Listing contexts for virtual host 'localhost'
04-Apr-2018 18:01:48.093 INFO [http-nio-80-exec-102] org.apache.catalina.core.ApplicationContext.log Manager: restart: Reloading web application '/'
04-Apr-2018 18:03:17.362 INFO [http-nio-80-exec-109] org.apache.catalina.core.ApplicationContext.log Manager: list: Listing contexts for virtual host 'localhost'
04-Apr-2018 18:03:17.424 INFO [http-nio-80-exec-111] org.apache.catalina.core.ApplicationContext.log Manager: restart: Reloading web application '/'
04-Apr-2018 18:07:23.806 INFO [http-nio-80-exec-5] org.apache.catalina.core.ApplicationContext.log Manager: init: Associated with Deployer 'Catalina:type=Deployer,host=localhost'
04-Apr-2018 18:07:23.806 INFO [http-nio-80-exec-5] org.apache.catalina.core.ApplicationContext.log Manager: init: Global resources are available
04-Apr-2018 18:07:23.994 INFO [http-nio-80-exec-2] org.apache.catalina.core.ApplicationContext.log Manager: list: Listing contexts for virtual host 'localhost'
04-Apr-2018 18:07:23.994 INFO [http-nio-80-exec-4] org.apache.catalina.core.ApplicationContext.log Manager: list: Listing contexts for virtual host 'localhost'
04-Apr-2018 18:07:24.025 INFO [http-nio-80-exec-6] org.apache.catalina.core.ApplicationContext.log Manager: restart: Reloading web application '/'
