12-Mar-2018 11:51:42.924 INFO [http-nio-8080-exec-5] org.apache.catalina.core.ApplicationContext.log Manager: init: Associated with Deployer 'Catalina:type=Deployer,host=localhost'
12-Mar-2018 11:51:42.924 INFO [http-nio-8080-exec-5] org.apache.catalina.core.ApplicationContext.log Manager: init: Global resources are available
12-Mar-2018 11:51:43.428 INFO [http-nio-8080-exec-6] org.apache.catalina.core.ApplicationContext.log Manager: list: Listing contexts for virtual host 'localhost'
12-Mar-2018 11:51:43.432 INFO [http-nio-8080-exec-7] org.apache.catalina.core.ApplicationContext.log Manager: list: Listing contexts for virtual host 'localhost'
12-Mar-2018 11:51:43.467 INFO [http-nio-8080-exec-8] org.apache.catalina.core.ApplicationContext.log Manager: restart: Reloading web application '/'
12-Mar-2018 11:57:01.873 INFO [http-nio-8080-exec-2] org.apache.catalina.core.ApplicationContext.log Manager: init: Associated with Deployer 'Catalina:type=Deployer,host=localhost'
12-Mar-2018 11:57:01.873 INFO [http-nio-8080-exec-2] org.apache.catalina.core.ApplicationContext.log Manager: init: Global resources are available
12-Mar-2018 11:57:02.029 INFO [http-nio-8080-exec-9] org.apache.catalina.core.ApplicationContext.log Manager: list: Listing contexts for virtual host 'localhost'
12-Mar-2018 11:57:02.029 INFO [http-nio-8080-exec-1] org.apache.catalina.core.ApplicationContext.log Manager: list: Listing contexts for virtual host 'localhost'
12-Mar-2018 11:57:02.045 INFO [http-nio-8080-exec-4] org.apache.catalina.core.ApplicationContext.log Manager: restart: Reloading web application '/'
12-Mar-2018 11:57:41.516 INFO [http-nio-8080-exec-17] org.apache.catalina.core.ApplicationContext.log Manager: list: Listing contexts for virtual host 'localhost'
12-Mar-2018 11:57:41.516 INFO [http-nio-8080-exec-3] org.apache.catalina.core.ApplicationContext.log Manager: restart: Reloading web application '/'
12-Mar-2018 11:58:34.107 INFO [http-nio-8080-exec-19] org.apache.catalina.core.ApplicationContext.log Manager: list: Listing contexts for virtual host 'localhost'
12-Mar-2018 11:58:34.107 INFO [http-nio-8080-exec-1] org.apache.catalina.core.ApplicationContext.log Manager: restart: Reloading web application '/'
12-Mar-2018 11:58:52.905 INFO [http-nio-8080-exec-17] org.apache.catalina.core.ApplicationContext.log Manager: list: Listing contexts for virtual host 'localhost'
12-Mar-2018 11:58:52.905 INFO [http-nio-8080-exec-13] org.apache.catalina.core.ApplicationContext.log Manager: restart: Reloading web application '/'
12-Mar-2018 11:59:02.431 INFO [http-nio-8080-exec-21] org.apache.catalina.core.ApplicationContext.log Manager: list: Listing contexts for virtual host 'localhost'
12-Mar-2018 11:59:02.431 INFO [http-nio-8080-exec-1] org.apache.catalina.core.ApplicationContext.log Manager: restart: Reloading web application '/'
12-Mar-2018 12:00:28.454 INFO [http-nio-8080-exec-25] org.apache.catalina.core.ApplicationContext.log Manager: list: Listing contexts for virtual host 'localhost'
12-Mar-2018 12:00:28.454 INFO [http-nio-8080-exec-21] org.apache.catalina.core.ApplicationContext.log Manager: restart: Reloading web application '/'
12-Mar-2018 12:01:25.763 INFO [http-nio-8080-exec-1] org.apache.catalina.core.ApplicationContext.log Manager: list: Listing contexts for virtual host 'localhost'
12-Mar-2018 12:01:25.763 INFO [http-nio-8080-exec-17] org.apache.catalina.core.ApplicationContext.log Manager: restart: Reloading web application '/'
12-Mar-2018 12:01:33.305 INFO [http-nio-8080-exec-28] org.apache.catalina.core.ApplicationContext.log Manager: list: Listing contexts for virtual host 'localhost'
12-Mar-2018 12:01:33.305 INFO [http-nio-8080-exec-24] org.apache.catalina.core.ApplicationContext.log Manager: restart: Reloading web application '/'
12-Mar-2018 12:01:44.600 INFO [http-nio-8080-exec-28] org.apache.catalina.core.ApplicationContext.log Manager: list: Listing contexts for virtual host 'localhost'
12-Mar-2018 12:01:44.615 INFO [http-nio-8080-exec-16] org.apache.catalina.core.ApplicationContext.log Manager: restart: Reloading web application '/'
12-Mar-2018 12:03:57.979 INFO [http-nio-8080-exec-33] org.apache.catalina.core.ApplicationContext.log Manager: list: Listing contexts for virtual host 'localhost'
12-Mar-2018 12:03:57.979 INFO [http-nio-8080-exec-34] org.apache.catalina.core.ApplicationContext.log Manager: restart: Reloading web application '/'
12-Mar-2018 12:04:22.420 INFO [http-nio-8080-exec-37] org.apache.catalina.core.ApplicationContext.log Manager: list: Listing contexts for virtual host 'localhost'
12-Mar-2018 12:04:22.420 INFO [http-nio-8080-exec-33] org.apache.catalina.core.ApplicationContext.log Manager: restart: Reloading web application '/'
12-Mar-2018 12:05:33.071 INFO [http-nio-8080-exec-38] org.apache.catalina.core.ApplicationContext.log Manager: list: Listing contexts for virtual host 'localhost'
12-Mar-2018 12:05:33.087 INFO [http-nio-8080-exec-42] org.apache.catalina.core.ApplicationContext.log Manager: restart: Reloading web application '/'
12-Mar-2018 12:10:13.440 INFO [http-nio-8080-exec-43] org.apache.catalina.core.ApplicationContext.log Manager: list: Listing contexts for virtual host 'localhost'
12-Mar-2018 12:10:13.440 INFO [http-nio-8080-exec-44] org.apache.catalina.core.ApplicationContext.log Manager: restart: Reloading web application '/'
12-Mar-2018 12:10:41.885 INFO [http-nio-8080-exec-50] org.apache.catalina.core.ApplicationContext.log Manager: list: Listing contexts for virtual host 'localhost'
12-Mar-2018 12:10:41.885 INFO [http-nio-8080-exec-43] org.apache.catalina.core.ApplicationContext.log Manager: restart: Reloading web application '/'
12-Mar-2018 12:12:45.343 INFO [http-nio-8080-exec-57] org.apache.catalina.core.ApplicationContext.log Manager: list: Listing contexts for virtual host 'localhost'
12-Mar-2018 12:12:45.343 INFO [http-nio-8080-exec-47] org.apache.catalina.core.ApplicationContext.log Manager: restart: Reloading web application '/'
12-Mar-2018 12:12:53.289 INFO [http-nio-8080-exec-43] org.apache.catalina.core.ApplicationContext.log Manager: list: Listing contexts for virtual host 'localhost'
12-Mar-2018 12:12:53.289 INFO [http-nio-8080-exec-56] org.apache.catalina.core.ApplicationContext.log Manager: restart: Reloading web application '/'
12-Mar-2018 12:13:14.861 INFO [http-nio-8080-exec-55] org.apache.catalina.core.ApplicationContext.log Manager: list: Listing contexts for virtual host 'localhost'
12-Mar-2018 12:13:14.861 INFO [http-nio-8080-exec-58] org.apache.catalina.core.ApplicationContext.log Manager: restart: Reloading web application '/'
12-Mar-2018 12:13:54.577 INFO [http-nio-8080-exec-53] org.apache.catalina.core.ApplicationContext.log Manager: list: Listing contexts for virtual host 'localhost'
12-Mar-2018 12:13:54.593 INFO [http-nio-8080-exec-56] org.apache.catalina.core.ApplicationContext.log Manager: restart: Reloading web application '/'
12-Mar-2018 12:14:35.415 INFO [http-nio-8080-exec-58] org.apache.catalina.core.ApplicationContext.log Manager: list: Listing contexts for virtual host 'localhost'
12-Mar-2018 12:14:35.431 INFO [http-nio-8080-exec-53] org.apache.catalina.core.ApplicationContext.log Manager: restart: Reloading web application '/'
12-Mar-2018 12:14:46.010 INFO [http-nio-8080-exec-61] org.apache.catalina.core.ApplicationContext.log Manager: list: Listing contexts for virtual host 'localhost'
12-Mar-2018 12:14:46.010 INFO [http-nio-8080-exec-58] org.apache.catalina.core.ApplicationContext.log Manager: restart: Reloading web application '/'
12-Mar-2018 12:15:01.000 INFO [http-nio-8080-exec-56] org.apache.catalina.core.ApplicationContext.log Manager: list: Listing contexts for virtual host 'localhost'
12-Mar-2018 12:15:01.015 INFO [http-nio-8080-exec-53] org.apache.catalina.core.ApplicationContext.log Manager: restart: Reloading web application '/'
12-Mar-2018 12:15:13.420 INFO [http-nio-8080-exec-56] org.apache.catalina.core.ApplicationContext.log Manager: list: Listing contexts for virtual host 'localhost'
12-Mar-2018 12:15:13.420 INFO [http-nio-8080-exec-61] org.apache.catalina.core.ApplicationContext.log Manager: restart: Reloading web application '/'
12-Mar-2018 12:16:41.277 INFO [http-nio-8080-exec-67] org.apache.catalina.core.ApplicationContext.log Manager: list: Listing contexts for virtual host 'localhost'
12-Mar-2018 12:16:41.277 INFO [http-nio-8080-exec-45] org.apache.catalina.core.ApplicationContext.log Manager: restart: Reloading web application '/'
12-Mar-2018 12:31:18.979 INFO [http-nio-8080-exec-2] org.apache.catalina.core.ApplicationContext.log Manager: init: Associated with Deployer 'Catalina:type=Deployer,host=localhost'
12-Mar-2018 12:31:18.979 INFO [http-nio-8080-exec-2] org.apache.catalina.core.ApplicationContext.log Manager: init: Global resources are available
12-Mar-2018 12:31:19.104 INFO [http-nio-8080-exec-10] org.apache.catalina.core.ApplicationContext.log Manager: list: Listing contexts for virtual host 'localhost'
12-Mar-2018 12:31:19.120 INFO [http-nio-8080-exec-1] org.apache.catalina.core.ApplicationContext.log Manager: list: Listing contexts for virtual host 'localhost'
12-Mar-2018 12:31:19.136 INFO [http-nio-8080-exec-3] org.apache.catalina.core.ApplicationContext.log Manager: restart: Reloading web application '/'
12-Mar-2018 12:35:05.288 INFO [http-nio-8080-exec-15] org.apache.catalina.core.ApplicationContext.log Manager: list: Listing contexts for virtual host 'localhost'
12-Mar-2018 12:35:05.288 INFO [http-nio-8080-exec-16] org.apache.catalina.core.ApplicationContext.log Manager: list: Listing contexts for virtual host 'localhost'
12-Mar-2018 12:38:56.416 INFO [http-nio-8080-exec-2] org.apache.catalina.core.ApplicationContext.log Manager: init: Associated with Deployer 'Catalina:type=Deployer,host=localhost'
12-Mar-2018 12:38:56.416 INFO [http-nio-8080-exec-2] org.apache.catalina.core.ApplicationContext.log Manager: init: Global resources are available
12-Mar-2018 12:38:56.525 INFO [http-nio-8080-exec-2] org.apache.catalina.core.ApplicationContext.log Manager: list: Listing contexts for virtual host 'localhost'
12-Mar-2018 12:38:56.525 INFO [http-nio-8080-exec-4] org.apache.catalina.core.ApplicationContext.log Manager: list: Listing contexts for virtual host 'localhost'
12-Mar-2018 12:44:52.626 INFO [http-nio-80-exec-4] org.apache.catalina.core.ApplicationContext.log Manager: init: Associated with Deployer 'Catalina:type=Deployer,host=localhost'
12-Mar-2018 12:44:52.626 INFO [http-nio-80-exec-4] org.apache.catalina.core.ApplicationContext.log Manager: init: Global resources are available
12-Mar-2018 12:44:52.735 INFO [http-nio-80-exec-5] org.apache.catalina.core.ApplicationContext.log Manager: list: Listing contexts for virtual host 'localhost'
12-Mar-2018 12:44:52.735 INFO [http-nio-80-exec-6] org.apache.catalina.core.ApplicationContext.log Manager: list: Listing contexts for virtual host 'localhost'
12-Mar-2018 12:44:52.751 INFO [http-nio-80-exec-8] org.apache.catalina.core.ApplicationContext.log Manager: undeploy: Undeploying web application at '/'
12-Mar-2018 12:44:53.542 INFO [http-nio-80-exec-1] org.apache.catalina.core.ApplicationContext.log Manager: install: Installing context configuration at 'file:/C:/Users/jp972/AppData/Local/Temp/context5151529921507347863.xml'
12-Mar-2018 12:44:53.745 INFO [http-nio-80-exec-4] org.apache.catalina.core.ApplicationContext.log Manager: start: Starting web application '/'
12-Mar-2018 12:46:32.111 INFO [http-nio-80-exec-9] org.apache.catalina.core.ApplicationContext.log Manager: list: Listing contexts for virtual host 'localhost'
12-Mar-2018 12:46:32.111 INFO [http-nio-80-exec-11] org.apache.catalina.core.ApplicationContext.log Manager: stop: Stopping web application '/'
12-Mar-2018 12:46:32.127 INFO [http-nio-80-exec-17] org.apache.catalina.core.ApplicationContext.log Manager: start: Starting web application '/'
12-Mar-2018 12:47:01.635 INFO [http-nio-80-exec-3] org.apache.catalina.core.ApplicationContext.log Manager: init: Associated with Deployer 'Catalina:type=Deployer,host=localhost'
12-Mar-2018 12:47:01.635 INFO [http-nio-80-exec-3] org.apache.catalina.core.ApplicationContext.log Manager: init: Global resources are available
12-Mar-2018 12:47:01.807 INFO [http-nio-80-exec-2] org.apache.catalina.core.ApplicationContext.log Manager: list: Listing contexts for virtual host 'localhost'
12-Mar-2018 12:47:01.807 INFO [http-nio-80-exec-4] org.apache.catalina.core.ApplicationContext.log Manager: list: Listing contexts for virtual host 'localhost'
12-Mar-2018 12:47:01.823 INFO [http-nio-80-exec-5] org.apache.catalina.core.ApplicationContext.log Manager: stop: Stopping web application '/'
12-Mar-2018 12:47:01.838 INFO [http-nio-80-exec-2] org.apache.catalina.core.ApplicationContext.log Manager: start: Starting web application '/'
12-Mar-2018 12:48:37.091 INFO [http-nio-80-exec-15] org.apache.catalina.core.ApplicationContext.log Manager: list: Listing contexts for virtual host 'localhost'
12-Mar-2018 12:48:37.107 INFO [http-nio-80-exec-11] org.apache.catalina.core.ApplicationContext.log Manager: stop: Stopping web application '/'
12-Mar-2018 12:48:37.107 INFO [http-nio-80-exec-2] org.apache.catalina.core.ApplicationContext.log Manager: start: Starting web application '/'
12-Mar-2018 12:48:37.263 SEVERE [http-nio-80-exec-2] org.apache.catalina.core.ApplicationContext.log FAIL - Application at context path [/] could not be started
 org.apache.catalina.LifecycleException: Failed to start component [StandardEngine[Catalina].StandardHost[localhost].StandardContext[]]
	at org.apache.catalina.util.LifecycleBase.handleSubClassException(LifecycleBase.java:441)
	at org.apache.catalina.util.LifecycleBase.start(LifecycleBase.java:198)
	at org.apache.catalina.manager.ManagerServlet.start(ManagerServlet.java:1381)
	at org.apache.catalina.manager.ManagerServlet.doGet(ManagerServlet.java:366)
	at javax.servlet.http.HttpServlet.service(HttpServlet.java:634)
	at javax.servlet.http.HttpServlet.service(HttpServlet.java:741)
	at org.apache.catalina.core.ApplicationFilterChain.internalDoFilter(ApplicationFilterChain.java:231)
	at org.apache.catalina.core.ApplicationFilterChain.doFilter(ApplicationFilterChain.java:166)
	at org.apache.tomcat.websocket.server.WsFilter.doFilter(WsFilter.java:53)
	at org.apache.catalina.core.ApplicationFilterChain.internalDoFilter(ApplicationFilterChain.java:193)
	at org.apache.catalina.core.ApplicationFilterChain.doFilter(ApplicationFilterChain.java:166)
	at org.apache.catalina.core.StandardWrapperValve.invoke(StandardWrapperValve.java:199)
	at org.apache.catalina.core.StandardContextValve.invoke(StandardContextValve.java:96)
	at org.apache.catalina.authenticator.AuthenticatorBase.invoke(AuthenticatorBase.java:611)
	at org.apache.catalina.core.StandardHostValve.invoke(StandardHostValve.java:137)
	at org.apache.catalina.valves.ErrorReportValve.invoke(ErrorReportValve.java:81)
	at org.apache.catalina.valves.AbstractAccessLogValve.invoke(AbstractAccessLogValve.java:651)
	at org.apache.catalina.core.StandardEngineValve.invoke(StandardEngineValve.java:87)
	at org.apache.catalina.connector.CoyoteAdapter.service(CoyoteAdapter.java:342)
	at org.apache.coyote.http11.Http11Processor.service(Http11Processor.java:409)
	at org.apache.coyote.AbstractProcessorLight.process(AbstractProcessorLight.java:66)
	at org.apache.coyote.AbstractProtocol$ConnectionHandler.process(AbstractProtocol.java:754)
	at org.apache.tomcat.util.net.NioEndpoint$SocketProcessor.doRun(NioEndpoint.java:1376)
	at org.apache.tomcat.util.net.SocketProcessorBase.run(SocketProcessorBase.java:49)
	at java.util.concurrent.ThreadPoolExecutor.runWorker(ThreadPoolExecutor.java:1149)
	at java.util.concurrent.ThreadPoolExecutor$Worker.run(ThreadPoolExecutor.java:624)
	at org.apache.tomcat.util.threads.TaskThread$WrappingRunnable.run(TaskThread.java:61)
	at java.lang.Thread.run(Thread.java:748)
Caused by: java.lang.IllegalArgumentException: Invalid <url-pattern> [*] in security constraint
	at org.apache.catalina.core.StandardContext.addConstraint(StandardContext.java:2807)
	at org.apache.catalina.startup.ContextConfig.configureContext(ContextConfig.java:1326)
	at org.apache.catalina.startup.ContextConfig.webConfig(ContextConfig.java:1196)
	at org.apache.catalina.startup.ContextConfig.configureStart(ContextConfig.java:774)
	at org.apache.catalina.startup.ContextConfig.lifecycleEvent(ContextConfig.java:299)
	at org.apache.catalina.util.LifecycleBase.fireLifecycleEvent(LifecycleBase.java:123)
	at org.apache.catalina.core.StandardContext.startInternal(StandardContext.java:4997)
	at org.apache.catalina.util.LifecycleBase.start(LifecycleBase.java:183)
	... 26 more

12-Mar-2018 12:51:31.947 INFO [http-nio-80-exec-25] org.apache.catalina.core.ApplicationContext.log Manager: list: Listing contexts for virtual host 'localhost'
12-Mar-2018 12:51:31.947 INFO [http-nio-80-exec-20] org.apache.catalina.core.ApplicationContext.log Manager: list: Listing contexts for virtual host 'localhost'
12-Mar-2018 12:51:31.963 INFO [http-nio-80-exec-23] org.apache.catalina.core.ApplicationContext.log Manager: undeploy: Undeploying web application at '/'
12-Mar-2018 12:51:32.479 INFO [http-nio-80-exec-24] org.apache.catalina.core.ApplicationContext.log Manager: install: Installing context configuration at 'file:/C:/Users/jp972/AppData/Local/Temp/context5245492363244281611.xml'
12-Mar-2018 12:51:55.742 INFO [http-nio-80-exec-24] org.apache.catalina.core.ApplicationContext.log Manager: list: Listing contexts for virtual host 'localhost'
12-Mar-2018 12:51:55.742 INFO [http-nio-80-exec-26] org.apache.catalina.core.ApplicationContext.log Manager: list: Listing contexts for virtual host 'localhost'
12-Mar-2018 12:51:55.758 INFO [http-nio-80-exec-20] org.apache.catalina.core.ApplicationContext.log Manager: undeploy: Undeploying web application at '/'
12-Mar-2018 12:51:56.273 INFO [http-nio-80-exec-24] org.apache.catalina.core.ApplicationContext.log Manager: install: Installing context configuration at 'file:/C:/Users/jp972/AppData/Local/Temp/context7625147871945775073.xml'
12-Mar-2018 12:52:02.477 INFO [http-nio-80-exec-24] org.apache.catalina.core.ApplicationContext.log Manager: list: Listing contexts for virtual host 'localhost'
12-Mar-2018 12:52:02.477 INFO [http-nio-80-exec-25] org.apache.catalina.core.ApplicationContext.log Manager: list: Listing contexts for virtual host 'localhost'
12-Mar-2018 12:52:02.493 INFO [http-nio-80-exec-23] org.apache.catalina.core.ApplicationContext.log Manager: undeploy: Undeploying web application at '/'
12-Mar-2018 12:52:03.081 INFO [http-nio-80-exec-24] org.apache.catalina.core.ApplicationContext.log Manager: install: Installing context configuration at 'file:/C:/Users/jp972/AppData/Local/Temp/context5801482696774578980.xml'
12-Mar-2018 12:52:30.284 INFO [http-nio-80-exec-24] org.apache.catalina.core.ApplicationContext.log Manager: list: Listing contexts for virtual host 'localhost'
12-Mar-2018 12:52:30.284 INFO [http-nio-80-exec-29] org.apache.catalina.core.ApplicationContext.log Manager: list: Listing contexts for virtual host 'localhost'
12-Mar-2018 12:52:30.300 INFO [http-nio-80-exec-30] org.apache.catalina.core.ApplicationContext.log Manager: undeploy: Undeploying web application at '/'
12-Mar-2018 12:52:30.800 INFO [http-nio-80-exec-21] org.apache.catalina.core.ApplicationContext.log Manager: install: Installing context configuration at 'file:/C:/Users/jp972/AppData/Local/Temp/context8139507073395733355.xml'
12-Mar-2018 12:52:34.724 INFO [http-nio-80-exec-30] org.apache.catalina.core.ApplicationContext.log Manager: list: Listing contexts for virtual host 'localhost'
12-Mar-2018 12:52:34.724 INFO [http-nio-80-exec-13] org.apache.catalina.core.ApplicationContext.log Manager: list: Listing contexts for virtual host 'localhost'
12-Mar-2018 12:52:34.739 INFO [http-nio-80-exec-31] org.apache.catalina.core.ApplicationContext.log Manager: undeploy: Undeploying web application at '/'
12-Mar-2018 12:52:35.255 INFO [http-nio-80-exec-21] org.apache.catalina.core.ApplicationContext.log Manager: install: Installing context configuration at 'file:/C:/Users/jp972/AppData/Local/Temp/context8858156018473474519.xml'
12-Mar-2018 12:53:33.215 INFO [http-nio-80-exec-21] org.apache.catalina.core.ApplicationContext.log Manager: list: Listing contexts for virtual host 'localhost'
12-Mar-2018 12:53:33.217 INFO [http-nio-80-exec-13] org.apache.catalina.core.ApplicationContext.log Manager: list: Listing contexts for virtual host 'localhost'
12-Mar-2018 12:53:33.233 INFO [http-nio-80-exec-24] org.apache.catalina.core.ApplicationContext.log Manager: undeploy: Undeploying web application at '/'
12-Mar-2018 12:53:33.743 INFO [http-nio-80-exec-35] org.apache.catalina.core.ApplicationContext.log Manager: install: Installing context configuration at 'file:/C:/Users/jp972/AppData/Local/Temp/context2960104457197558406.xml'
12-Mar-2018 12:53:41.398 INFO [http-nio-80-exec-35] org.apache.catalina.core.ApplicationContext.log Manager: list: Listing contexts for virtual host 'localhost'
12-Mar-2018 12:53:41.398 INFO [http-nio-80-exec-31] org.apache.catalina.core.ApplicationContext.log Manager: list: Listing contexts for virtual host 'localhost'
12-Mar-2018 12:53:41.398 INFO [http-nio-80-exec-33] org.apache.catalina.core.ApplicationContext.log Manager: undeploy: Undeploying web application at '/'
12-Mar-2018 12:53:41.923 INFO [http-nio-80-exec-24] org.apache.catalina.core.ApplicationContext.log Manager: install: Installing context configuration at 'file:/C:/Users/jp972/AppData/Local/Temp/context1028652349719295696.xml'
12-Mar-2018 12:55:17.153 INFO [http-nio-80-exec-2] org.apache.catalina.core.ApplicationContext.log Manager: init: Associated with Deployer 'Catalina:type=Deployer,host=localhost'
12-Mar-2018 12:55:17.153 INFO [http-nio-80-exec-2] org.apache.catalina.core.ApplicationContext.log Manager: init: Global resources are available
12-Mar-2018 12:55:17.325 INFO [http-nio-80-exec-3] org.apache.catalina.core.ApplicationContext.log Manager: list: Listing contexts for virtual host 'localhost'
12-Mar-2018 12:55:17.325 INFO [http-nio-80-exec-4] org.apache.catalina.core.ApplicationContext.log Manager: list: Listing contexts for virtual host 'localhost'
12-Mar-2018 12:55:17.357 INFO [http-nio-80-exec-5] org.apache.catalina.core.ApplicationContext.log Manager: stop: Stopping web application '/'
12-Mar-2018 12:55:17.357 INFO [http-nio-80-exec-6] org.apache.catalina.core.ApplicationContext.log Manager: start: Starting web application '/'
12-Mar-2018 12:55:50.629 INFO [http-nio-80-exec-8] org.apache.catalina.core.ApplicationContext.log Manager: list: Listing contexts for virtual host 'localhost'
12-Mar-2018 12:55:50.645 INFO [http-nio-80-exec-11] org.apache.catalina.core.ApplicationContext.log Manager: list: Listing contexts for virtual host 'localhost'
12-Mar-2018 12:55:50.645 INFO [http-nio-80-exec-9] org.apache.catalina.core.ApplicationContext.log Manager: undeploy: Undeploying web application at '/'
12-Mar-2018 12:55:51.161 INFO [http-nio-80-exec-12] org.apache.catalina.core.ApplicationContext.log Manager: install: Installing context configuration at 'file:/C:/Users/jp972/AppData/Local/Temp/context1981814983874275530.xml'
12-Mar-2018 12:55:51.411 INFO [http-nio-80-exec-4] org.apache.catalina.core.ApplicationContext.log Manager: start: Starting web application '/'
12-Mar-2018 12:57:16.478 INFO [http-nio-80-exec-2] org.apache.catalina.core.ApplicationContext.log Manager: init: Associated with Deployer 'Catalina:type=Deployer,host=localhost'
12-Mar-2018 12:57:16.478 INFO [http-nio-80-exec-2] org.apache.catalina.core.ApplicationContext.log Manager: init: Global resources are available
12-Mar-2018 12:57:16.618 INFO [http-nio-80-exec-2] org.apache.catalina.core.ApplicationContext.log Manager: list: Listing contexts for virtual host 'localhost'
12-Mar-2018 12:57:16.634 INFO [http-nio-80-exec-3] org.apache.catalina.core.ApplicationContext.log Manager: list: Listing contexts for virtual host 'localhost'
12-Mar-2018 12:58:02.400 INFO [http-nio-80-exec-1] org.apache.catalina.core.ApplicationContext.log Manager: list: Listing contexts for virtual host 'localhost'
12-Mar-2018 12:58:54.560 INFO [http-nio-80-exec-2] org.apache.catalina.core.ApplicationContext.log Manager: init: Associated with Deployer 'Catalina:type=Deployer,host=localhost'
12-Mar-2018 12:58:54.560 INFO [http-nio-80-exec-2] org.apache.catalina.core.ApplicationContext.log Manager: init: Global resources are available
12-Mar-2018 12:58:54.732 INFO [http-nio-80-exec-10] org.apache.catalina.core.ApplicationContext.log Manager: list: Listing contexts for virtual host 'localhost'
12-Mar-2018 12:58:54.748 INFO [http-nio-80-exec-1] org.apache.catalina.core.ApplicationContext.log Manager: list: Listing contexts for virtual host 'localhost'
12-Mar-2018 13:00:31.506 INFO [http-nio-80-exec-4] org.apache.catalina.core.ApplicationContext.log Manager: list: Listing contexts for virtual host 'localhost'
12-Mar-2018 13:00:33.008 INFO [http-nio-80-exec-5] org.apache.catalina.core.ApplicationContext.log Manager: list: Listing contexts for virtual host 'localhost'
12-Mar-2018 13:01:03.444 INFO [http-nio-80-exec-10] org.apache.catalina.core.ApplicationContext.log Manager: list: Listing contexts for virtual host 'localhost'
12-Mar-2018 13:01:25.424 INFO [http-nio-80-exec-10] org.apache.catalina.core.ApplicationContext.log Manager: list: Listing contexts for virtual host 'localhost'
12-Mar-2018 13:35:03.615 INFO [http-nio-80-exec-1] org.apache.catalina.core.ApplicationContext.log Manager: list: Listing contexts for virtual host 'localhost'
12-Mar-2018 13:35:03.631 INFO [http-nio-80-exec-3] org.apache.catalina.core.ApplicationContext.log Manager: stop: Stopping web application '/'
12-Mar-2018 13:35:03.647 INFO [http-nio-80-exec-2] org.apache.catalina.core.ApplicationContext.log Manager: start: Starting web application '/'
12-Mar-2018 13:35:31.701 INFO [http-nio-80-exec-7] org.apache.catalina.core.ApplicationContext.log Manager: list: Listing contexts for virtual host 'localhost'
12-Mar-2018 13:46:36.325 INFO [http-nio-80-exec-12] org.apache.catalina.core.ApplicationContext.log Manager: list: Listing contexts for virtual host 'localhost'
12-Mar-2018 13:46:41.216 INFO [http-nio-80-exec-14] org.apache.catalina.core.ApplicationContext.log Manager: list: Listing contexts for virtual host 'localhost'
12-Mar-2018 13:46:45.318 INFO [http-nio-80-exec-18] org.apache.catalina.core.ApplicationContext.log Manager: list: Listing contexts for virtual host 'localhost'
12-Mar-2018 13:46:45.349 INFO [http-nio-80-exec-18] org.apache.catalina.core.ApplicationContext.log Manager: list: Listing contexts for virtual host 'localhost'
12-Mar-2018 13:47:17.137 INFO [http-nio-80-exec-13] org.apache.catalina.core.ApplicationContext.log Manager: list: Listing contexts for virtual host 'localhost'
12-Mar-2018 13:54:37.239 INFO [http-nio-80-exec-12] org.apache.catalina.core.ApplicationContext.log Manager: list: Listing contexts for virtual host 'localhost'
12-Mar-2018 13:54:46.356 INFO [http-nio-80-exec-15] org.apache.catalina.core.ApplicationContext.log Manager: list: Listing contexts for virtual host 'localhost'
12-Mar-2018 13:58:13.777 INFO [http-nio-80-exec-17] org.apache.catalina.core.ApplicationContext.log Manager: list: Listing contexts for virtual host 'localhost'
12-Mar-2018 13:58:19.590 INFO [http-nio-80-exec-13] org.apache.catalina.core.ApplicationContext.log Manager: list: Listing contexts for virtual host 'localhost'
12-Mar-2018 13:58:23.894 INFO [http-nio-80-exec-19] org.apache.catalina.core.ApplicationContext.log Manager: list: Listing contexts for virtual host 'localhost'
12-Mar-2018 13:58:25.090 INFO [http-nio-80-exec-20] org.apache.catalina.core.ApplicationContext.log Manager: list: Listing contexts for virtual host 'localhost'
12-Mar-2018 14:01:28.146 INFO [http-nio-80-exec-19] org.apache.catalina.core.ApplicationContext.log Manager: list: Listing contexts for virtual host 'localhost'
12-Mar-2018 14:01:40.412 INFO [http-nio-80-exec-15] org.apache.catalina.core.ApplicationContext.log Manager: list: Listing contexts for virtual host 'localhost'
12-Mar-2018 14:02:34.355 INFO [http-nio-80-exec-20] org.apache.catalina.core.ApplicationContext.log Manager: list: Listing contexts for virtual host 'localhost'
12-Mar-2018 14:02:34.371 INFO [http-nio-80-exec-12] org.apache.catalina.core.ApplicationContext.log Manager: stop: Stopping web application '/'
12-Mar-2018 14:02:34.402 INFO [http-nio-80-exec-18] org.apache.catalina.core.ApplicationContext.log Manager: start: Starting web application '/'
12-Mar-2018 14:03:16.150 INFO [http-nio-80-exec-17] org.apache.catalina.core.ApplicationContext.log Manager: list: Listing contexts for virtual host 'localhost'
12-Mar-2018 14:03:44.715 INFO [http-nio-80-exec-13] org.apache.catalina.core.ApplicationContext.log Manager: list: Listing contexts for virtual host 'localhost'
12-Mar-2018 14:03:44.730 INFO [http-nio-80-exec-15] org.apache.catalina.core.ApplicationContext.log Manager: stop: Stopping web application '/'
12-Mar-2018 14:03:44.730 INFO [http-nio-80-exec-22] org.apache.catalina.core.ApplicationContext.log Manager: start: Starting web application '/'
12-Mar-2018 14:05:07.004 INFO [http-nio-80-exec-21] org.apache.catalina.core.ApplicationContext.log Manager: list: Listing contexts for virtual host 'localhost'
12-Mar-2018 14:05:15.848 INFO [http-nio-80-exec-22] org.apache.catalina.core.ApplicationContext.log Manager: list: Listing contexts for virtual host 'localhost'
12-Mar-2018 14:08:39.202 INFO [http-nio-80-exec-26] org.apache.catalina.core.ApplicationContext.log Manager: list: Listing contexts for virtual host 'localhost'
12-Mar-2018 14:08:40.718 INFO [http-nio-80-exec-24] org.apache.catalina.core.ApplicationContext.log Manager: list: Listing contexts for virtual host 'localhost'
12-Mar-2018 14:08:41.249 INFO [http-nio-80-exec-21] org.apache.catalina.core.ApplicationContext.log Manager: list: Listing contexts for virtual host 'localhost'
12-Mar-2018 14:08:42.218 INFO [http-nio-80-exec-29] org.apache.catalina.core.ApplicationContext.log Manager: list: Listing contexts for virtual host 'localhost'
12-Mar-2018 14:21:42.213 INFO [http-nio-80-exec-27] org.apache.catalina.core.ApplicationContext.log Manager: list: Listing contexts for virtual host 'localhost'
12-Mar-2018 14:21:42.229 INFO [http-nio-80-exec-26] org.apache.catalina.core.ApplicationContext.log Manager: restart: Reloading web application '/'
12-Mar-2018 14:22:27.031 INFO [http-nio-80-exec-27] org.apache.catalina.core.ApplicationContext.log Manager: list: Listing contexts for virtual host 'localhost'
12-Mar-2018 14:22:27.047 INFO [http-nio-80-exec-32] org.apache.catalina.core.ApplicationContext.log Manager: restart: Reloading web application '/'
12-Mar-2018 14:22:30.985 INFO [http-nio-80-exec-30] org.apache.catalina.core.ApplicationContext.log Manager: list: Listing contexts for virtual host 'localhost'
12-Mar-2018 14:22:31.000 INFO [http-nio-80-exec-27] org.apache.catalina.core.ApplicationContext.log Manager: restart: Reloading web application '/'
12-Mar-2018 14:23:00.031 INFO [http-nio-80-exec-34] org.apache.catalina.core.ApplicationContext.log Manager: list: Listing contexts for virtual host 'localhost'
12-Mar-2018 14:23:00.031 INFO [http-nio-80-exec-32] org.apache.catalina.core.ApplicationContext.log Manager: restart: Reloading web application '/'
12-Mar-2018 14:23:51.622 INFO [http-nio-80-exec-27] org.apache.catalina.core.ApplicationContext.log Manager: list: Listing contexts for virtual host 'localhost'
12-Mar-2018 14:23:51.638 INFO [http-nio-80-exec-25] org.apache.catalina.core.ApplicationContext.log Manager: restart: Reloading web application '/'
12-Mar-2018 14:27:36.548 INFO [http-nio-80-exec-32] org.apache.catalina.core.ApplicationContext.log Manager: list: Listing contexts for virtual host 'localhost'
12-Mar-2018 14:27:36.564 INFO [http-nio-80-exec-43] org.apache.catalina.core.ApplicationContext.log Manager: restart: Reloading web application '/'
12-Mar-2018 14:27:58.547 INFO [http-nio-80-exec-42] org.apache.catalina.core.ApplicationContext.log Manager: list: Listing contexts for virtual host 'localhost'
12-Mar-2018 14:27:58.563 INFO [http-nio-80-exec-41] org.apache.catalina.core.ApplicationContext.log Manager: restart: Reloading web application '/'
12-Mar-2018 14:28:21.032 INFO [http-nio-80-exec-44] org.apache.catalina.core.ApplicationContext.log Manager: list: Listing contexts for virtual host 'localhost'
12-Mar-2018 14:28:21.032 INFO [http-nio-80-exec-42] org.apache.catalina.core.ApplicationContext.log Manager: restart: Reloading web application '/'
12-Mar-2018 14:28:57.799 INFO [http-nio-80-exec-44] org.apache.catalina.core.ApplicationContext.log Manager: list: Listing contexts for virtual host 'localhost'
12-Mar-2018 14:30:15.864 INFO [http-nio-80-exec-45] org.apache.catalina.core.ApplicationContext.log Manager: list: Listing contexts for virtual host 'localhost'
12-Mar-2018 14:30:15.880 INFO [http-nio-80-exec-48] org.apache.catalina.core.ApplicationContext.log Manager: restart: Reloading web application '/'
12-Mar-2018 14:30:55.742 INFO [http-nio-80-exec-42] org.apache.catalina.core.ApplicationContext.log Manager: list: Listing contexts for virtual host 'localhost'
12-Mar-2018 14:30:55.742 INFO [http-nio-80-exec-32] org.apache.catalina.core.ApplicationContext.log Manager: restart: Reloading web application '/'
12-Mar-2018 14:31:24.005 INFO [http-nio-80-exec-44] org.apache.catalina.core.ApplicationContext.log Manager: list: Listing contexts for virtual host 'localhost'
12-Mar-2018 14:31:24.020 INFO [http-nio-80-exec-28] org.apache.catalina.core.ApplicationContext.log Manager: restart: Reloading web application '/'
12-Mar-2018 14:31:46.934 INFO [http-nio-80-exec-42] org.apache.catalina.core.ApplicationContext.log Manager: list: Listing contexts for virtual host 'localhost'
12-Mar-2018 14:31:46.950 INFO [http-nio-80-exec-44] org.apache.catalina.core.ApplicationContext.log Manager: restart: Reloading web application '/'
12-Mar-2018 14:31:54.357 INFO [http-nio-80-exec-50] org.apache.catalina.core.ApplicationContext.log Manager: list: Listing contexts for virtual host 'localhost'
12-Mar-2018 14:31:54.373 INFO [http-nio-80-exec-48] org.apache.catalina.core.ApplicationContext.log Manager: restart: Reloading web application '/'
12-Mar-2018 14:33:22.109 INFO [http-nio-80-exec-50] org.apache.catalina.core.ApplicationContext.log Manager: list: Listing contexts for virtual host 'localhost'
12-Mar-2018 14:33:22.125 INFO [http-nio-80-exec-42] org.apache.catalina.core.ApplicationContext.log Manager: restart: Reloading web application '/'
12-Mar-2018 14:34:20.126 INFO [http-nio-80-exec-53] org.apache.catalina.core.ApplicationContext.log Manager: list: Listing contexts for virtual host 'localhost'
12-Mar-2018 14:34:20.141 INFO [http-nio-80-exec-44] org.apache.catalina.core.ApplicationContext.log Manager: restart: Reloading web application '/'
12-Mar-2018 14:34:46.777 INFO [http-nio-80-exec-42] org.apache.catalina.core.ApplicationContext.log Manager: list: Listing contexts for virtual host 'localhost'
12-Mar-2018 14:34:46.792 INFO [http-nio-80-exec-53] org.apache.catalina.core.ApplicationContext.log Manager: restart: Reloading web application '/'
12-Mar-2018 14:35:07.896 INFO [http-nio-80-exec-42] org.apache.catalina.core.ApplicationContext.log Manager: list: Listing contexts for virtual host 'localhost'
12-Mar-2018 14:35:07.912 INFO [http-nio-80-exec-44] org.apache.catalina.core.ApplicationContext.log Manager: restart: Reloading web application '/'
12-Mar-2018 14:35:15.838 INFO [http-nio-80-exec-53] org.apache.catalina.core.ApplicationContext.log Manager: list: Listing contexts for virtual host 'localhost'
12-Mar-2018 14:35:15.838 INFO [http-nio-80-exec-28] org.apache.catalina.core.ApplicationContext.log Manager: restart: Reloading web application '/'
12-Mar-2018 14:37:19.135 INFO [http-nio-80-exec-62] org.apache.catalina.core.ApplicationContext.log Manager: list: Listing contexts for virtual host 'localhost'
12-Mar-2018 14:37:19.150 INFO [http-nio-80-exec-63] org.apache.catalina.core.ApplicationContext.log Manager: restart: Reloading web application '/'
12-Mar-2018 14:37:49.877 INFO [http-nio-80-exec-65] org.apache.catalina.core.ApplicationContext.log Manager: list: Listing contexts for virtual host 'localhost'
12-Mar-2018 14:37:49.877 INFO [http-nio-80-exec-62] org.apache.catalina.core.ApplicationContext.log Manager: restart: Reloading web application '/'
12-Mar-2018 14:38:16.163 INFO [http-nio-80-exec-63] org.apache.catalina.core.ApplicationContext.log Manager: list: Listing contexts for virtual host 'localhost'
12-Mar-2018 14:38:16.179 INFO [http-nio-80-exec-67] org.apache.catalina.core.ApplicationContext.log Manager: restart: Reloading web application '/'
12-Mar-2018 14:38:35.657 INFO [http-nio-80-exec-70] org.apache.catalina.core.ApplicationContext.log Manager: list: Listing contexts for virtual host 'localhost'
12-Mar-2018 14:38:35.657 INFO [http-nio-80-exec-57] org.apache.catalina.core.ApplicationContext.log Manager: restart: Reloading web application '/'
12-Mar-2018 14:38:49.495 INFO [http-nio-80-exec-72] org.apache.catalina.core.ApplicationContext.log Manager: list: Listing contexts for virtual host 'localhost'
12-Mar-2018 14:38:49.495 INFO [http-nio-80-exec-63] org.apache.catalina.core.ApplicationContext.log Manager: restart: Reloading web application '/'
12-Mar-2018 14:39:14.975 INFO [http-nio-80-exec-71] org.apache.catalina.core.ApplicationContext.log Manager: list: Listing contexts for virtual host 'localhost'
12-Mar-2018 14:39:14.975 INFO [http-nio-80-exec-73] org.apache.catalina.core.ApplicationContext.log Manager: restart: Reloading web application '/'
12-Mar-2018 14:40:25.803 INFO [http-nio-80-exec-60] org.apache.catalina.core.ApplicationContext.log Manager: list: Listing contexts for virtual host 'localhost'
12-Mar-2018 14:40:25.819 INFO [http-nio-80-exec-71] org.apache.catalina.core.ApplicationContext.log Manager: restart: Reloading web application '/'
12-Mar-2018 14:40:40.580 INFO [http-nio-80-exec-73] org.apache.catalina.core.ApplicationContext.log Manager: list: Listing contexts for virtual host 'localhost'
12-Mar-2018 14:40:40.595 INFO [http-nio-80-exec-60] org.apache.catalina.core.ApplicationContext.log Manager: restart: Reloading web application '/'
12-Mar-2018 14:41:33.409 INFO [http-nio-80-exec-77] org.apache.catalina.core.ApplicationContext.log Manager: list: Listing contexts for virtual host 'localhost'
12-Mar-2018 14:41:33.425 INFO [http-nio-80-exec-73] org.apache.catalina.core.ApplicationContext.log Manager: restart: Reloading web application '/'
12-Mar-2018 14:42:00.855 INFO [http-nio-80-exec-71] org.apache.catalina.core.ApplicationContext.log Manager: list: Listing contexts for virtual host 'localhost'
12-Mar-2018 14:42:00.855 INFO [http-nio-80-exec-77] org.apache.catalina.core.ApplicationContext.log Manager: restart: Reloading web application '/'
12-Mar-2018 14:42:11.279 INFO [http-nio-80-exec-73] org.apache.catalina.core.ApplicationContext.log Manager: list: Listing contexts for virtual host 'localhost'
12-Mar-2018 14:42:11.295 INFO [http-nio-80-exec-64] org.apache.catalina.core.ApplicationContext.log Manager: restart: Reloading web application '/'
12-Mar-2018 14:42:27.699 INFO [http-nio-80-exec-73] org.apache.catalina.core.ApplicationContext.log Manager: list: Listing contexts for virtual host 'localhost'
12-Mar-2018 14:42:27.699 INFO [http-nio-80-exec-81] org.apache.catalina.core.ApplicationContext.log Manager: restart: Reloading web application '/'
12-Mar-2018 14:43:28.524 INFO [http-nio-80-exec-73] org.apache.catalina.core.ApplicationContext.log Manager: list: Listing contexts for virtual host 'localhost'
12-Mar-2018 14:43:28.539 INFO [http-nio-80-exec-61] org.apache.catalina.core.ApplicationContext.log Manager: restart: Reloading web application '/'
12-Mar-2018 14:43:36.325 INFO [http-nio-80-exec-79] org.apache.catalina.core.ApplicationContext.log Manager: list: Listing contexts for virtual host 'localhost'
12-Mar-2018 14:43:36.325 INFO [http-nio-80-exec-60] org.apache.catalina.core.ApplicationContext.log Manager: restart: Reloading web application '/'
12-Mar-2018 14:44:54.232 INFO [http-nio-80-exec-84] org.apache.catalina.core.ApplicationContext.log Manager: list: Listing contexts for virtual host 'localhost'
12-Mar-2018 14:44:54.247 INFO [http-nio-80-exec-73] org.apache.catalina.core.ApplicationContext.log Manager: restart: Reloading web application '/'
12-Mar-2018 14:48:42.012 INFO [http-nio-80-exec-88] org.apache.catalina.core.ApplicationContext.log Manager: list: Listing contexts for virtual host 'localhost'
12-Mar-2018 14:48:42.027 INFO [http-nio-80-exec-57] org.apache.catalina.core.ApplicationContext.log Manager: restart: Reloading web application '/'
12-Mar-2018 14:49:16.029 INFO [http-nio-80-exec-73] org.apache.catalina.core.ApplicationContext.log Manager: list: Listing contexts for virtual host 'localhost'
12-Mar-2018 14:49:16.045 INFO [http-nio-80-exec-84] org.apache.catalina.core.ApplicationContext.log Manager: restart: Reloading web application '/'
12-Mar-2018 14:53:36.818 INFO [http-nio-80-exec-94] org.apache.catalina.core.ApplicationContext.log Manager: list: Listing contexts for virtual host 'localhost'
12-Mar-2018 14:53:36.834 INFO [http-nio-80-exec-96] org.apache.catalina.core.ApplicationContext.log Manager: restart: Reloading web application '/'
12-Mar-2018 14:56:14.350 INFO [http-nio-80-exec-98] org.apache.catalina.core.ApplicationContext.log Manager: list: Listing contexts for virtual host 'localhost'
12-Mar-2018 14:56:14.365 INFO [http-nio-80-exec-95] org.apache.catalina.core.ApplicationContext.log Manager: restart: Reloading web application '/'
12-Mar-2018 14:58:41.366 INFO [http-nio-80-exec-98] org.apache.catalina.core.ApplicationContext.log Manager: list: Listing contexts for virtual host 'localhost'
12-Mar-2018 14:58:41.387 INFO [http-nio-80-exec-102] org.apache.catalina.core.ApplicationContext.log Manager: restart: Reloading web application '/'
12-Mar-2018 15:00:45.637 INFO [http-nio-80-exec-96] org.apache.catalina.core.ApplicationContext.log Manager: list: Listing contexts for virtual host 'localhost'
12-Mar-2018 15:00:45.653 INFO [http-nio-80-exec-105] org.apache.catalina.core.ApplicationContext.log Manager: restart: Reloading web application '/'
12-Mar-2018 15:01:34.528 INFO [http-nio-80-exec-102] org.apache.catalina.core.ApplicationContext.log Manager: list: Listing contexts for virtual host 'localhost'
12-Mar-2018 15:01:34.528 INFO [http-nio-80-exec-96] org.apache.catalina.core.ApplicationContext.log Manager: restart: Reloading web application '/'
12-Mar-2018 15:03:19.981 INFO [http-nio-80-exec-103] org.apache.catalina.core.ApplicationContext.log Manager: list: Listing contexts for virtual host 'localhost'
12-Mar-2018 15:03:19.981 INFO [http-nio-80-exec-102] org.apache.catalina.core.ApplicationContext.log Manager: restart: Reloading web application '/'
12-Mar-2018 15:10:49.598 INFO [http-nio-80-exec-110] org.apache.catalina.core.ApplicationContext.log Manager: list: Listing contexts for virtual host 'localhost'
12-Mar-2018 15:10:49.614 INFO [http-nio-80-exec-111] org.apache.catalina.core.ApplicationContext.log Manager: restart: Reloading web application '/'
12-Mar-2018 15:11:28.622 INFO [http-nio-80-exec-109] org.apache.catalina.core.ApplicationContext.log Manager: list: Listing contexts for virtual host 'localhost'
12-Mar-2018 15:11:28.638 INFO [http-nio-80-exec-103] org.apache.catalina.core.ApplicationContext.log Manager: restart: Reloading web application '/'
12-Mar-2018 15:11:50.257 INFO [http-nio-80-exec-109] org.apache.catalina.core.ApplicationContext.log Manager: list: Listing contexts for virtual host 'localhost'
12-Mar-2018 15:11:50.257 INFO [http-nio-80-exec-112] org.apache.catalina.core.ApplicationContext.log Manager: restart: Reloading web application '/'
12-Mar-2018 15:12:16.207 INFO [http-nio-80-exec-118] org.apache.catalina.core.ApplicationContext.log Manager: list: Listing contexts for virtual host 'localhost'
12-Mar-2018 15:12:16.212 INFO [http-nio-80-exec-109] org.apache.catalina.core.ApplicationContext.log Manager: restart: Reloading web application '/'
12-Mar-2018 15:13:35.304 INFO [http-nio-80-exec-119] org.apache.catalina.core.ApplicationContext.log Manager: list: Listing contexts for virtual host 'localhost'
12-Mar-2018 15:13:35.319 INFO [http-nio-80-exec-118] org.apache.catalina.core.ApplicationContext.log Manager: restart: Reloading web application '/'
12-Mar-2018 15:14:05.045 INFO [http-nio-80-exec-120] org.apache.catalina.core.ApplicationContext.log Manager: list: Listing contexts for virtual host 'localhost'
12-Mar-2018 15:14:05.060 INFO [http-nio-80-exec-112] org.apache.catalina.core.ApplicationContext.log Manager: restart: Reloading web application '/'
12-Mar-2018 15:14:47.654 INFO [http-nio-80-exec-2] org.apache.catalina.core.ApplicationContext.log Manager: init: Associated with Deployer 'Catalina:type=Deployer,host=localhost'
12-Mar-2018 15:14:47.654 INFO [http-nio-80-exec-2] org.apache.catalina.core.ApplicationContext.log Manager: init: Global resources are available
12-Mar-2018 15:14:47.788 INFO [http-nio-80-exec-3] org.apache.catalina.core.ApplicationContext.log Manager: list: Listing contexts for virtual host 'localhost'
12-Mar-2018 15:14:47.788 INFO [http-nio-80-exec-4] org.apache.catalina.core.ApplicationContext.log Manager: list: Listing contexts for virtual host 'localhost'
12-Mar-2018 15:14:47.820 INFO [http-nio-80-exec-5] org.apache.catalina.core.ApplicationContext.log Manager: stop: Stopping web application '/'
12-Mar-2018 15:14:47.835 INFO [http-nio-80-exec-7] org.apache.catalina.core.ApplicationContext.log Manager: start: Starting web application '/'
12-Mar-2018 15:18:47.606 INFO [http-nio-80-exec-9] org.apache.catalina.core.ApplicationContext.log Manager: list: Listing contexts for virtual host 'localhost'
12-Mar-2018 15:18:47.606 INFO [http-nio-80-exec-11] org.apache.catalina.core.ApplicationContext.log Manager: restart: Reloading web application '/'
12-Mar-2018 15:19:46.891 INFO [http-nio-80-exec-18] org.apache.catalina.core.ApplicationContext.log Manager: list: Listing contexts for virtual host 'localhost'
12-Mar-2018 15:19:46.891 INFO [http-nio-80-exec-7] org.apache.catalina.core.ApplicationContext.log Manager: restart: Reloading web application '/'
12-Mar-2018 15:20:15.435 INFO [http-nio-80-exec-19] org.apache.catalina.core.ApplicationContext.log Manager: list: Listing contexts for virtual host 'localhost'
12-Mar-2018 15:20:15.435 INFO [http-nio-80-exec-14] org.apache.catalina.core.ApplicationContext.log Manager: restart: Reloading web application '/'
12-Mar-2018 15:20:59.288 INFO [http-nio-80-exec-16] org.apache.catalina.core.ApplicationContext.log Manager: list: Listing contexts for virtual host 'localhost'
12-Mar-2018 15:20:59.288 INFO [http-nio-80-exec-20] org.apache.catalina.core.ApplicationContext.log Manager: restart: Reloading web application '/'
12-Mar-2018 15:21:27.047 INFO [http-nio-80-exec-21] org.apache.catalina.core.ApplicationContext.log Manager: list: Listing contexts for virtual host 'localhost'
12-Mar-2018 15:21:27.047 INFO [http-nio-80-exec-19] org.apache.catalina.core.ApplicationContext.log Manager: restart: Reloading web application '/'
12-Mar-2018 15:21:44.579 INFO [http-nio-80-exec-22] org.apache.catalina.core.ApplicationContext.log Manager: list: Listing contexts for virtual host 'localhost'
12-Mar-2018 15:21:44.579 INFO [http-nio-80-exec-17] org.apache.catalina.core.ApplicationContext.log Manager: restart: Reloading web application '/'
12-Mar-2018 15:22:13.869 INFO [http-nio-80-exec-23] org.apache.catalina.core.ApplicationContext.log Manager: list: Listing contexts for virtual host 'localhost'
12-Mar-2018 15:22:13.889 INFO [http-nio-80-exec-22] org.apache.catalina.core.ApplicationContext.log Manager: restart: Reloading web application '/'
12-Mar-2018 15:22:27.170 INFO [http-nio-80-exec-24] org.apache.catalina.core.ApplicationContext.log Manager: list: Listing contexts for virtual host 'localhost'
12-Mar-2018 15:22:27.185 INFO [http-nio-80-exec-19] org.apache.catalina.core.ApplicationContext.log Manager: restart: Reloading web application '/'
12-Mar-2018 15:22:39.805 INFO [http-nio-80-exec-25] org.apache.catalina.core.ApplicationContext.log Manager: list: Listing contexts for virtual host 'localhost'
12-Mar-2018 15:22:39.820 INFO [http-nio-80-exec-24] org.apache.catalina.core.ApplicationContext.log Manager: restart: Reloading web application '/'
12-Mar-2018 15:22:50.919 INFO [http-nio-80-exec-26] org.apache.catalina.core.ApplicationContext.log Manager: list: Listing contexts for virtual host 'localhost'
12-Mar-2018 15:22:50.935 INFO [http-nio-80-exec-20] org.apache.catalina.core.ApplicationContext.log Manager: restart: Reloading web application '/'
12-Mar-2018 15:23:01.091 INFO [http-nio-80-exec-27] org.apache.catalina.core.ApplicationContext.log Manager: list: Listing contexts for virtual host 'localhost'
12-Mar-2018 15:23:01.106 INFO [http-nio-80-exec-19] org.apache.catalina.core.ApplicationContext.log Manager: restart: Reloading web application '/'
12-Mar-2018 15:23:30.742 INFO [http-nio-80-exec-28] org.apache.catalina.core.ApplicationContext.log Manager: list: Listing contexts for virtual host 'localhost'
12-Mar-2018 15:23:30.742 INFO [http-nio-80-exec-27] org.apache.catalina.core.ApplicationContext.log Manager: restart: Reloading web application '/'
12-Mar-2018 15:23:39.742 INFO [http-nio-80-exec-29] org.apache.catalina.core.ApplicationContext.log Manager: list: Listing contexts for virtual host 'localhost'
12-Mar-2018 15:23:39.758 INFO [http-nio-80-exec-19] org.apache.catalina.core.ApplicationContext.log Manager: restart: Reloading web application '/'
12-Mar-2018 15:23:50.701 INFO [http-nio-80-exec-30] org.apache.catalina.core.ApplicationContext.log Manager: list: Listing contexts for virtual host 'localhost'
12-Mar-2018 15:23:50.722 INFO [http-nio-80-exec-20] org.apache.catalina.core.ApplicationContext.log Manager: restart: Reloading web application '/'
12-Mar-2018 15:24:29.452 INFO [http-nio-80-exec-31] org.apache.catalina.core.ApplicationContext.log Manager: list: Listing contexts for virtual host 'localhost'
12-Mar-2018 15:24:29.467 INFO [http-nio-80-exec-27] org.apache.catalina.core.ApplicationContext.log Manager: restart: Reloading web application '/'
12-Mar-2018 15:24:41.436 INFO [http-nio-80-exec-32] org.apache.catalina.core.ApplicationContext.log Manager: list: Listing contexts for virtual host 'localhost'
12-Mar-2018 15:24:41.436 INFO [http-nio-80-exec-19] org.apache.catalina.core.ApplicationContext.log Manager: restart: Reloading web application '/'
12-Mar-2018 15:24:58.638 INFO [http-nio-80-exec-33] org.apache.catalina.core.ApplicationContext.log Manager: list: Listing contexts for virtual host 'localhost'
12-Mar-2018 15:24:58.654 INFO [http-nio-80-exec-32] org.apache.catalina.core.ApplicationContext.log Manager: restart: Reloading web application '/'
12-Mar-2018 15:25:14.029 INFO [http-nio-80-exec-33] org.apache.catalina.core.ApplicationContext.log Manager: list: Listing contexts for virtual host 'localhost'
12-Mar-2018 15:25:14.045 INFO [http-nio-80-exec-26] org.apache.catalina.core.ApplicationContext.log Manager: restart: Reloading web application '/'
12-Mar-2018 15:25:33.185 INFO [http-nio-80-exec-21] org.apache.catalina.core.ApplicationContext.log Manager: list: Listing contexts for virtual host 'localhost'
12-Mar-2018 15:25:33.201 INFO [http-nio-80-exec-35] org.apache.catalina.core.ApplicationContext.log Manager: restart: Reloading web application '/'
12-Mar-2018 15:25:42.618 INFO [http-nio-80-exec-36] org.apache.catalina.core.ApplicationContext.log Manager: list: Listing contexts for virtual host 'localhost'
12-Mar-2018 15:25:42.634 INFO [http-nio-80-exec-19] org.apache.catalina.core.ApplicationContext.log Manager: restart: Reloading web application '/'
12-Mar-2018 15:26:57.227 INFO [http-nio-80-exec-38] org.apache.catalina.core.ApplicationContext.log Manager: list: Listing contexts for virtual host 'localhost'
12-Mar-2018 15:26:57.227 INFO [http-nio-80-exec-33] org.apache.catalina.core.ApplicationContext.log Manager: restart: Reloading web application '/'
12-Mar-2018 15:29:10.013 INFO [http-nio-80-exec-39] org.apache.catalina.core.ApplicationContext.log Manager: list: Listing contexts for virtual host 'localhost'
12-Mar-2018 15:29:10.013 INFO [http-nio-80-exec-19] org.apache.catalina.core.ApplicationContext.log Manager: restart: Reloading web application '/'
12-Mar-2018 15:30:21.123 INFO [http-nio-80-exec-43] org.apache.catalina.core.ApplicationContext.log Manager: list: Listing contexts for virtual host 'localhost'
12-Mar-2018 15:30:21.139 INFO [http-nio-80-exec-38] org.apache.catalina.core.ApplicationContext.log Manager: restart: Reloading web application '/'
12-Mar-2018 15:30:59.368 INFO [http-nio-80-exec-44] org.apache.catalina.core.ApplicationContext.log Manager: list: Listing contexts for virtual host 'localhost'
12-Mar-2018 15:30:59.386 INFO [http-nio-80-exec-39] org.apache.catalina.core.ApplicationContext.log Manager: restart: Reloading web application '/'
12-Mar-2018 15:32:39.545 INFO [http-nio-80-exec-46] org.apache.catalina.core.ApplicationContext.log Manager: list: Listing contexts for virtual host 'localhost'
12-Mar-2018 15:32:39.560 INFO [http-nio-80-exec-21] org.apache.catalina.core.ApplicationContext.log Manager: restart: Reloading web application '/'
12-Mar-2018 15:35:10.852 INFO [http-nio-80-exec-39] org.apache.catalina.core.ApplicationContext.log Manager: list: Listing contexts for virtual host 'localhost'
12-Mar-2018 15:35:10.852 INFO [http-nio-80-exec-31] org.apache.catalina.core.ApplicationContext.log Manager: restart: Reloading web application '/'
12-Mar-2018 15:37:01.243 INFO [http-nio-80-exec-39] org.apache.catalina.core.ApplicationContext.log Manager: list: Listing contexts for virtual host 'localhost'
12-Mar-2018 15:37:01.258 INFO [http-nio-80-exec-48] org.apache.catalina.core.ApplicationContext.log Manager: restart: Reloading web application '/'
12-Mar-2018 15:37:50.744 INFO [http-nio-80-exec-51] org.apache.catalina.core.ApplicationContext.log Manager: list: Listing contexts for virtual host 'localhost'
12-Mar-2018 15:37:50.760 INFO [http-nio-80-exec-39] org.apache.catalina.core.ApplicationContext.log Manager: restart: Reloading web application '/'
12-Mar-2018 15:40:15.935 INFO [http-nio-80-exec-53] org.apache.catalina.core.ApplicationContext.log Manager: list: Listing contexts for virtual host 'localhost'
12-Mar-2018 15:40:15.951 INFO [http-nio-80-exec-42] org.apache.catalina.core.ApplicationContext.log Manager: restart: Reloading web application '/'
12-Mar-2018 15:40:24.061 INFO [http-nio-80-exec-39] org.apache.catalina.core.ApplicationContext.log Manager: list: Listing contexts for virtual host 'localhost'
12-Mar-2018 15:40:24.061 INFO [http-nio-80-exec-54] org.apache.catalina.core.ApplicationContext.log Manager: restart: Reloading web application '/'
12-Mar-2018 15:41:38.453 INFO [http-nio-80-exec-51] org.apache.catalina.core.ApplicationContext.log Manager: list: Listing contexts for virtual host 'localhost'
12-Mar-2018 15:41:38.468 INFO [http-nio-80-exec-49] org.apache.catalina.core.ApplicationContext.log Manager: restart: Reloading web application '/'
12-Mar-2018 15:41:54.129 INFO [http-nio-80-exec-38] org.apache.catalina.core.ApplicationContext.log Manager: list: Listing contexts for virtual host 'localhost'
12-Mar-2018 15:41:54.144 INFO [http-nio-80-exec-42] org.apache.catalina.core.ApplicationContext.log Manager: restart: Reloading web application '/'
12-Mar-2018 15:43:37.968 INFO [http-nio-80-exec-50] org.apache.catalina.core.ApplicationContext.log Manager: list: Listing contexts for virtual host 'localhost'
12-Mar-2018 15:43:37.983 INFO [http-nio-80-exec-54] org.apache.catalina.core.ApplicationContext.log Manager: restart: Reloading web application '/'
12-Mar-2018 15:43:49.155 INFO [http-nio-80-exec-55] org.apache.catalina.core.ApplicationContext.log Manager: list: Listing contexts for virtual host 'localhost'
12-Mar-2018 15:43:49.174 INFO [http-nio-80-exec-61] org.apache.catalina.core.ApplicationContext.log Manager: restart: Reloading web application '/'
12-Mar-2018 15:45:10.077 INFO [http-nio-80-exec-42] org.apache.catalina.core.ApplicationContext.log Manager: list: Listing contexts for virtual host 'localhost'
12-Mar-2018 15:45:10.093 INFO [http-nio-80-exec-62] org.apache.catalina.core.ApplicationContext.log Manager: restart: Reloading web application '/'
12-Mar-2018 15:45:44.337 INFO [http-nio-80-exec-42] org.apache.catalina.core.ApplicationContext.log Manager: list: Listing contexts for virtual host 'localhost'
12-Mar-2018 15:45:44.353 INFO [http-nio-80-exec-60] org.apache.catalina.core.ApplicationContext.log Manager: restart: Reloading web application '/'
12-Mar-2018 15:45:57.290 INFO [http-nio-80-exec-55] org.apache.catalina.core.ApplicationContext.log Manager: list: Listing contexts for virtual host 'localhost'
12-Mar-2018 15:45:57.305 INFO [http-nio-80-exec-62] org.apache.catalina.core.ApplicationContext.log Manager: restart: Reloading web application '/'
12-Mar-2018 15:46:23.171 INFO [http-nio-80-exec-66] org.apache.catalina.core.ApplicationContext.log Manager: list: Listing contexts for virtual host 'localhost'
12-Mar-2018 15:46:23.186 INFO [http-nio-80-exec-60] org.apache.catalina.core.ApplicationContext.log Manager: restart: Reloading web application '/'
12-Mar-2018 15:46:23.697 INFO [http-nio-80-exec-64] org.apache.catalina.core.ApplicationContext.log Manager: list: Listing contexts for virtual host 'localhost'
12-Mar-2018 15:46:23.703 INFO [http-nio-80-exec-42] org.apache.catalina.core.ApplicationContext.log Manager: restart: Reloading web application '/'
12-Mar-2018 15:46:52.139 INFO [http-nio-80-exec-60] org.apache.catalina.core.ApplicationContext.log Manager: list: Listing contexts for virtual host 'localhost'
12-Mar-2018 15:46:52.155 INFO [http-nio-80-exec-67] org.apache.catalina.core.ApplicationContext.log Manager: restart: Reloading web application '/'
12-Mar-2018 15:47:16.124 INFO [http-nio-80-exec-2] org.apache.catalina.core.ApplicationContext.log Manager: init: Associated with Deployer 'Catalina:type=Deployer,host=localhost'
12-Mar-2018 15:47:16.124 INFO [http-nio-80-exec-2] org.apache.catalina.core.ApplicationContext.log Manager: init: Global resources are available
12-Mar-2018 15:47:16.275 INFO [http-nio-80-exec-9] org.apache.catalina.core.ApplicationContext.log Manager: list: Listing contexts for virtual host 'localhost'
12-Mar-2018 15:47:16.275 INFO [http-nio-80-exec-1] org.apache.catalina.core.ApplicationContext.log Manager: list: Listing contexts for virtual host 'localhost'
12-Mar-2018 15:47:16.306 INFO [http-nio-80-exec-3] org.apache.catalina.core.ApplicationContext.log Manager: restart: Reloading web application '/'
12-Mar-2018 15:48:16.868 INFO [http-nio-80-exec-7] org.apache.catalina.core.ApplicationContext.log Manager: list: Listing contexts for virtual host 'localhost'
12-Mar-2018 15:48:16.884 INFO [http-nio-80-exec-11] org.apache.catalina.core.ApplicationContext.log Manager: restart: Reloading web application '/'
12-Mar-2018 15:48:31.920 INFO [http-nio-80-exec-12] org.apache.catalina.core.ApplicationContext.log Manager: list: Listing contexts for virtual host 'localhost'
12-Mar-2018 15:48:31.920 INFO [http-nio-80-exec-15] org.apache.catalina.core.ApplicationContext.log Manager: restart: Reloading web application '/'
12-Mar-2018 15:49:10.030 INFO [http-nio-80-exec-16] org.apache.catalina.core.ApplicationContext.log Manager: list: Listing contexts for virtual host 'localhost'
12-Mar-2018 15:49:10.046 INFO [http-nio-80-exec-4] org.apache.catalina.core.ApplicationContext.log Manager: restart: Reloading web application '/'
12-Mar-2018 15:49:36.498 INFO [http-nio-80-exec-17] org.apache.catalina.core.ApplicationContext.log Manager: list: Listing contexts for virtual host 'localhost'
12-Mar-2018 15:49:36.514 INFO [http-nio-80-exec-11] org.apache.catalina.core.ApplicationContext.log Manager: restart: Reloading web application '/'
12-Mar-2018 15:49:59.728 INFO [http-nio-80-exec-10] org.apache.catalina.core.ApplicationContext.log Manager: list: Listing contexts for virtual host 'localhost'
12-Mar-2018 15:49:59.728 INFO [http-nio-80-exec-18] org.apache.catalina.core.ApplicationContext.log Manager: restart: Reloading web application '/'
12-Mar-2018 15:50:21.790 INFO [http-nio-80-exec-19] org.apache.catalina.core.ApplicationContext.log Manager: list: Listing contexts for virtual host 'localhost'
12-Mar-2018 15:50:21.806 INFO [http-nio-80-exec-15] org.apache.catalina.core.ApplicationContext.log Manager: restart: Reloading web application '/'
12-Mar-2018 15:50:54.275 INFO [http-nio-80-exec-20] org.apache.catalina.core.ApplicationContext.log Manager: list: Listing contexts for virtual host 'localhost'
12-Mar-2018 15:50:54.291 INFO [http-nio-80-exec-7] org.apache.catalina.core.ApplicationContext.log Manager: restart: Reloading web application '/'
12-Mar-2018 15:52:50.353 INFO [http-nio-80-exec-22] org.apache.catalina.core.ApplicationContext.log Manager: list: Listing contexts for virtual host 'localhost'
12-Mar-2018 15:52:50.369 INFO [http-nio-80-exec-13] org.apache.catalina.core.ApplicationContext.log Manager: restart: Reloading web application '/'
12-Mar-2018 15:53:58.644 INFO [http-nio-80-exec-24] org.apache.catalina.core.ApplicationContext.log Manager: list: Listing contexts for virtual host 'localhost'
12-Mar-2018 15:53:58.644 INFO [http-nio-80-exec-14] org.apache.catalina.core.ApplicationContext.log Manager: restart: Reloading web application '/'
12-Mar-2018 15:54:13.132 INFO [http-nio-80-exec-24] org.apache.catalina.core.ApplicationContext.log Manager: list: Listing contexts for virtual host 'localhost'
12-Mar-2018 15:54:13.148 INFO [http-nio-80-exec-25] org.apache.catalina.core.ApplicationContext.log Manager: restart: Reloading web application '/'
12-Mar-2018 15:55:18.014 INFO [http-nio-80-exec-27] org.apache.catalina.core.ApplicationContext.log Manager: list: Listing contexts for virtual host 'localhost'
12-Mar-2018 15:55:18.014 INFO [http-nio-80-exec-4] org.apache.catalina.core.ApplicationContext.log Manager: restart: Reloading web application '/'
12-Mar-2018 15:55:49.171 INFO [http-nio-80-exec-25] org.apache.catalina.core.ApplicationContext.log Manager: list: Listing contexts for virtual host 'localhost'
12-Mar-2018 15:55:49.171 INFO [http-nio-80-exec-15] org.apache.catalina.core.ApplicationContext.log Manager: restart: Reloading web application '/'
12-Mar-2018 15:56:18.906 INFO [http-nio-80-exec-29] org.apache.catalina.core.ApplicationContext.log Manager: list: Listing contexts for virtual host 'localhost'
12-Mar-2018 15:56:18.922 INFO [http-nio-80-exec-24] org.apache.catalina.core.ApplicationContext.log Manager: restart: Reloading web application '/'
12-Mar-2018 15:56:45.838 INFO [http-nio-80-exec-30] org.apache.catalina.core.ApplicationContext.log Manager: list: Listing contexts for virtual host 'localhost'
12-Mar-2018 15:56:45.853 INFO [http-nio-80-exec-15] org.apache.catalina.core.ApplicationContext.log Manager: restart: Reloading web application '/'
12-Mar-2018 15:57:25.775 INFO [http-nio-80-exec-31] org.apache.catalina.core.ApplicationContext.log Manager: list: Listing contexts for virtual host 'localhost'
12-Mar-2018 15:57:25.791 INFO [http-nio-80-exec-25] org.apache.catalina.core.ApplicationContext.log Manager: restart: Reloading web application '/'
12-Mar-2018 15:58:00.030 INFO [http-nio-80-exec-32] org.apache.catalina.core.ApplicationContext.log Manager: list: Listing contexts for virtual host 'localhost'
12-Mar-2018 15:58:00.046 INFO [http-nio-80-exec-31] org.apache.catalina.core.ApplicationContext.log Manager: restart: Reloading web application '/'
12-Mar-2018 15:58:18.390 INFO [http-nio-80-exec-33] org.apache.catalina.core.ApplicationContext.log Manager: list: Listing contexts for virtual host 'localhost'
12-Mar-2018 15:58:18.390 INFO [http-nio-80-exec-4] org.apache.catalina.core.ApplicationContext.log Manager: restart: Reloading web application '/'
12-Mar-2018 15:58:36.354 INFO [http-nio-80-exec-34] org.apache.catalina.core.ApplicationContext.log Manager: list: Listing contexts for virtual host 'localhost'
12-Mar-2018 15:58:36.370 INFO [http-nio-80-exec-31] org.apache.catalina.core.ApplicationContext.log Manager: restart: Reloading web application '/'
12-Mar-2018 15:59:11.015 INFO [http-nio-80-exec-35] org.apache.catalina.core.ApplicationContext.log Manager: list: Listing contexts for virtual host 'localhost'
12-Mar-2018 15:59:11.031 INFO [http-nio-80-exec-11] org.apache.catalina.core.ApplicationContext.log Manager: restart: Reloading web application '/'
12-Mar-2018 15:59:28.369 INFO [http-nio-80-exec-36] org.apache.catalina.core.ApplicationContext.log Manager: list: Listing contexts for virtual host 'localhost'
12-Mar-2018 15:59:28.388 INFO [http-nio-80-exec-35] org.apache.catalina.core.ApplicationContext.log Manager: restart: Reloading web application '/'
12-Mar-2018 15:59:41.385 INFO [http-nio-80-exec-37] org.apache.catalina.core.ApplicationContext.log Manager: list: Listing contexts for virtual host 'localhost'
12-Mar-2018 15:59:41.390 INFO [http-nio-80-exec-4] org.apache.catalina.core.ApplicationContext.log Manager: restart: Reloading web application '/'
12-Mar-2018 15:59:55.154 INFO [http-nio-80-exec-38] org.apache.catalina.core.ApplicationContext.log Manager: list: Listing contexts for virtual host 'localhost'
12-Mar-2018 15:59:55.169 INFO [http-nio-80-exec-35] org.apache.catalina.core.ApplicationContext.log Manager: restart: Reloading web application '/'
12-Mar-2018 16:00:20.077 INFO [http-nio-80-exec-39] org.apache.catalina.core.ApplicationContext.log Manager: list: Listing contexts for virtual host 'localhost'
12-Mar-2018 16:00:20.093 INFO [http-nio-80-exec-36] org.apache.catalina.core.ApplicationContext.log Manager: restart: Reloading web application '/'
12-Mar-2018 16:30:21.142 INFO [http-nio-80-exec-40] org.apache.catalina.core.ApplicationContext.log Manager: list: Listing contexts for virtual host 'localhost'
12-Mar-2018 16:30:21.158 INFO [http-nio-80-exec-41] org.apache.catalina.core.ApplicationContext.log Manager: restart: Reloading web application '/'
12-Mar-2018 16:31:05.501 INFO [http-nio-80-exec-42] org.apache.catalina.core.ApplicationContext.log Manager: list: Listing contexts for virtual host 'localhost'
12-Mar-2018 16:31:05.517 INFO [http-nio-80-exec-51] org.apache.catalina.core.ApplicationContext.log Manager: restart: Reloading web application '/'
12-Mar-2018 16:31:43.840 INFO [http-nio-80-exec-50] org.apache.catalina.core.ApplicationContext.log Manager: list: Listing contexts for virtual host 'localhost'
12-Mar-2018 16:31:43.856 INFO [http-nio-80-exec-43] org.apache.catalina.core.ApplicationContext.log Manager: restart: Reloading web application '/'
12-Mar-2018 16:32:13.907 INFO [http-nio-80-exec-53] org.apache.catalina.core.ApplicationContext.log Manager: list: Listing contexts for virtual host 'localhost'
12-Mar-2018 16:32:13.923 INFO [http-nio-80-exec-46] org.apache.catalina.core.ApplicationContext.log Manager: restart: Reloading web application '/'
12-Mar-2018 16:33:34.777 INFO [http-nio-80-exec-55] org.apache.catalina.core.ApplicationContext.log Manager: list: Listing contexts for virtual host 'localhost'
12-Mar-2018 16:33:34.793 INFO [http-nio-80-exec-43] org.apache.catalina.core.ApplicationContext.log Manager: restart: Reloading web application '/'
12-Mar-2018 16:33:36.855 INFO [http-nio-80-exec-53] org.apache.catalina.core.ApplicationContext.log Manager: list: Listing contexts for virtual host 'localhost'
12-Mar-2018 16:33:36.855 INFO [http-nio-80-exec-54] org.apache.catalina.core.ApplicationContext.log Manager: list: Listing contexts for virtual host 'localhost'
12-Mar-2018 16:33:36.886 INFO [http-nio-80-exec-55] org.apache.catalina.core.ApplicationContext.log Manager: restart: Reloading web application '/'
12-Mar-2018 16:33:59.844 INFO [http-nio-80-exec-59] org.apache.catalina.core.ApplicationContext.log Manager: list: Listing contexts for virtual host 'localhost'
12-Mar-2018 16:33:59.860 INFO [http-nio-80-exec-54] org.apache.catalina.core.ApplicationContext.log Manager: restart: Reloading web application '/'
12-Mar-2018 16:34:24.754 INFO [http-nio-80-exec-43] org.apache.catalina.core.ApplicationContext.log Manager: list: Listing contexts for virtual host 'localhost'
12-Mar-2018 16:34:24.759 INFO [http-nio-80-exec-55] org.apache.catalina.core.ApplicationContext.log Manager: restart: Reloading web application '/'
12-Mar-2018 16:35:07.130 INFO [http-nio-80-exec-61] org.apache.catalina.core.ApplicationContext.log Manager: list: Listing contexts for virtual host 'localhost'
12-Mar-2018 16:35:07.145 INFO [http-nio-80-exec-59] org.apache.catalina.core.ApplicationContext.log Manager: restart: Reloading web application '/'
12-Mar-2018 16:35:29.372 INFO [http-nio-80-exec-61] org.apache.catalina.core.ApplicationContext.log Manager: list: Listing contexts for virtual host 'localhost'
12-Mar-2018 16:35:29.391 INFO [http-nio-80-exec-43] org.apache.catalina.core.ApplicationContext.log Manager: restart: Reloading web application '/'
12-Mar-2018 16:39:40.158 INFO [http-nio-80-exec-65] org.apache.catalina.core.ApplicationContext.log Manager: list: Listing contexts for virtual host 'localhost'
12-Mar-2018 16:39:40.173 INFO [http-nio-80-exec-67] org.apache.catalina.core.ApplicationContext.log Manager: restart: Reloading web application '/'
12-Mar-2018 16:40:43.673 INFO [http-nio-80-exec-69] org.apache.catalina.core.ApplicationContext.log Manager: list: Listing contexts for virtual host 'localhost'
12-Mar-2018 16:42:01.923 INFO [http-nio-80-exec-70] org.apache.catalina.core.ApplicationContext.log Manager: list: Listing contexts for virtual host 'localhost'
12-Mar-2018 16:42:01.938 INFO [http-nio-80-exec-72] org.apache.catalina.core.ApplicationContext.log Manager: restart: Reloading web application '/'
12-Mar-2018 16:42:57.939 INFO [http-nio-80-exec-73] org.apache.catalina.core.ApplicationContext.log Manager: list: Listing contexts for virtual host 'localhost'
12-Mar-2018 16:42:57.955 INFO [http-nio-80-exec-69] org.apache.catalina.core.ApplicationContext.log Manager: restart: Reloading web application '/'
