14-Mar-2018 09:22:12.423 INFO [http-nio-80-exec-4] org.apache.catalina.core.ApplicationContext.log Manager: init: Associated with Deployer 'Catalina:type=Deployer,host=localhost'
14-Mar-2018 09:22:12.423 INFO [http-nio-80-exec-4] org.apache.catalina.core.ApplicationContext.log Manager: init: Global resources are available
14-Mar-2018 09:22:12.880 INFO [http-nio-80-exec-7] org.apache.catalina.core.ApplicationContext.log Manager: list: Listing contexts for virtual host 'localhost'
14-Mar-2018 09:22:12.880 INFO [http-nio-80-exec-8] org.apache.catalina.core.ApplicationContext.log Manager: list: Listing contexts for virtual host 'localhost'
14-Mar-2018 09:22:12.927 INFO [http-nio-80-exec-9] org.apache.catalina.core.ApplicationContext.log Manager: stop: Stopping web application '/'
14-Mar-2018 09:22:13.005 INFO [http-nio-80-exec-10] org.apache.catalina.core.ApplicationContext.log Manager: start: Starting web application '/'
14-Mar-2018 09:25:19.424 INFO [http-nio-80-exec-6] org.apache.catalina.core.ApplicationContext.log Manager: list: Listing contexts for virtual host 'localhost'
14-Mar-2018 09:25:19.424 INFO [http-nio-80-exec-11] org.apache.catalina.core.ApplicationContext.log Manager: restart: Reloading web application '/'
14-Mar-2018 09:30:13.638 INFO [http-nio-80-exec-19] org.apache.catalina.core.ApplicationContext.log Manager: list: Listing contexts for virtual host 'localhost'
14-Mar-2018 09:30:13.638 INFO [http-nio-80-exec-20] org.apache.catalina.core.ApplicationContext.log Manager: restart: Reloading web application '/'
14-Mar-2018 09:30:55.275 INFO [http-nio-80-exec-23] org.apache.catalina.core.ApplicationContext.log Manager: list: Listing contexts for virtual host 'localhost'
14-Mar-2018 09:30:55.275 INFO [http-nio-80-exec-18] org.apache.catalina.core.ApplicationContext.log Manager: restart: Reloading web application '/'
14-Mar-2018 09:31:32.954 INFO [http-nio-80-exec-20] org.apache.catalina.core.ApplicationContext.log Manager: list: Listing contexts for virtual host 'localhost'
14-Mar-2018 09:31:32.954 INFO [http-nio-80-exec-16] org.apache.catalina.core.ApplicationContext.log Manager: restart: Reloading web application '/'
14-Mar-2018 09:33:13.007 INFO [http-nio-80-exec-18] org.apache.catalina.core.ApplicationContext.log Manager: list: Listing contexts for virtual host 'localhost'
14-Mar-2018 09:33:13.007 INFO [http-nio-80-exec-11] org.apache.catalina.core.ApplicationContext.log Manager: restart: Reloading web application '/'
14-Mar-2018 09:33:41.901 INFO [http-nio-80-exec-16] org.apache.catalina.core.ApplicationContext.log Manager: list: Listing contexts for virtual host 'localhost'
14-Mar-2018 09:33:41.901 INFO [http-nio-80-exec-25] org.apache.catalina.core.ApplicationContext.log Manager: restart: Reloading web application '/'
14-Mar-2018 09:36:04.140 INFO [http-nio-80-exec-26] org.apache.catalina.core.ApplicationContext.log Manager: list: Listing contexts for virtual host 'localhost'
14-Mar-2018 09:36:04.140 INFO [http-nio-80-exec-20] org.apache.catalina.core.ApplicationContext.log Manager: restart: Reloading web application '/'
14-Mar-2018 09:38:39.517 INFO [http-nio-80-exec-29] org.apache.catalina.core.ApplicationContext.log Manager: list: Listing contexts for virtual host 'localhost'
14-Mar-2018 09:38:39.517 INFO [http-nio-80-exec-25] org.apache.catalina.core.ApplicationContext.log Manager: restart: Reloading web application '/'
14-Mar-2018 09:39:39.368 INFO [http-nio-80-exec-16] org.apache.catalina.core.ApplicationContext.log Manager: list: Listing contexts for virtual host 'localhost'
14-Mar-2018 09:39:39.368 INFO [http-nio-80-exec-20] org.apache.catalina.core.ApplicationContext.log Manager: restart: Reloading web application '/'
14-Mar-2018 09:45:10.859 INFO [http-nio-80-exec-38] org.apache.catalina.core.ApplicationContext.log Manager: list: Listing contexts for virtual host 'localhost'
14-Mar-2018 09:45:10.859 INFO [http-nio-80-exec-37] org.apache.catalina.core.ApplicationContext.log Manager: restart: Reloading web application '/'
14-Mar-2018 09:46:36.724 INFO [http-nio-80-exec-36] org.apache.catalina.core.ApplicationContext.log Manager: list: Listing contexts for virtual host 'localhost'
14-Mar-2018 09:46:36.739 INFO [http-nio-80-exec-20] org.apache.catalina.core.ApplicationContext.log Manager: restart: Reloading web application '/'
14-Mar-2018 09:48:44.017 INFO [http-nio-80-exec-35] org.apache.catalina.core.ApplicationContext.log Manager: list: Listing contexts for virtual host 'localhost'
14-Mar-2018 09:48:44.017 INFO [http-nio-80-exec-40] org.apache.catalina.core.ApplicationContext.log Manager: restart: Reloading web application '/'
14-Mar-2018 09:49:37.434 INFO [http-nio-80-exec-20] org.apache.catalina.core.ApplicationContext.log Manager: list: Listing contexts for virtual host 'localhost'
14-Mar-2018 09:49:37.434 INFO [http-nio-80-exec-41] org.apache.catalina.core.ApplicationContext.log Manager: restart: Reloading web application '/'
14-Mar-2018 09:50:39.115 INFO [http-nio-80-exec-40] org.apache.catalina.core.ApplicationContext.log Manager: list: Listing contexts for virtual host 'localhost'
14-Mar-2018 09:50:39.458 INFO [http-nio-80-exec-47] org.apache.catalina.core.ApplicationContext.log Manager: list: Listing contexts for virtual host 'localhost'
14-Mar-2018 09:50:42.480 INFO [http-nio-80-exec-20] org.apache.catalina.core.ApplicationContext.log Manager: list: Listing contexts for virtual host 'localhost'
14-Mar-2018 09:50:42.480 INFO [http-nio-80-exec-40] org.apache.catalina.core.ApplicationContext.log Manager: restart: Reloading web application '/'
14-Mar-2018 09:50:50.710 INFO [http-nio-80-exec-41] org.apache.catalina.core.ApplicationContext.log Manager: list: Listing contexts for virtual host 'localhost'
14-Mar-2018 09:50:50.710 INFO [http-nio-80-exec-40] org.apache.catalina.core.ApplicationContext.log Manager: list: Listing contexts for virtual host 'localhost'
14-Mar-2018 09:50:50.726 INFO [http-nio-80-exec-31] org.apache.catalina.core.ApplicationContext.log Manager: restart: Reloading web application '/'
14-Mar-2018 09:58:32.053 INFO [http-nio-80-exec-53] org.apache.catalina.core.ApplicationContext.log Manager: list: Listing contexts for virtual host 'localhost'
14-Mar-2018 09:58:32.053 INFO [http-nio-80-exec-54] org.apache.catalina.core.ApplicationContext.log Manager: restart: Reloading web application '/'
14-Mar-2018 09:58:48.099 INFO [http-nio-80-exec-54] org.apache.catalina.core.ApplicationContext.log Manager: list: Listing contexts for virtual host 'localhost'
14-Mar-2018 09:58:48.099 INFO [http-nio-80-exec-53] org.apache.catalina.core.ApplicationContext.log Manager: list: Listing contexts for virtual host 'localhost'
14-Mar-2018 09:58:48.130 INFO [http-nio-80-exec-56] org.apache.catalina.core.ApplicationContext.log Manager: restart: Reloading web application '/'
14-Mar-2018 09:59:41.102 INFO [http-nio-80-exec-54] org.apache.catalina.core.ApplicationContext.log Manager: list: Listing contexts for virtual host 'localhost'
14-Mar-2018 09:59:41.118 INFO [http-nio-80-exec-52] org.apache.catalina.core.ApplicationContext.log Manager: restart: Reloading web application '/'
14-Mar-2018 10:01:31.206 INFO [http-nio-80-exec-59] org.apache.catalina.core.ApplicationContext.log Manager: list: Listing contexts for virtual host 'localhost'
14-Mar-2018 10:01:31.221 INFO [http-nio-80-exec-58] org.apache.catalina.core.ApplicationContext.log Manager: restart: Reloading web application '/'
14-Mar-2018 10:01:42.379 INFO [http-nio-80-exec-52] org.apache.catalina.core.ApplicationContext.log Manager: list: Listing contexts for virtual host 'localhost'
14-Mar-2018 10:01:42.394 INFO [http-nio-80-exec-64] org.apache.catalina.core.ApplicationContext.log Manager: restart: Reloading web application '/'
14-Mar-2018 10:13:51.908 INFO [http-nio-80-exec-69] org.apache.catalina.core.ApplicationContext.log Manager: list: Listing contexts for virtual host 'localhost'
14-Mar-2018 10:13:51.908 INFO [http-nio-80-exec-70] org.apache.catalina.core.ApplicationContext.log Manager: restart: Reloading web application '/'
14-Mar-2018 10:15:22.159 INFO [http-nio-80-exec-81] org.apache.catalina.core.ApplicationContext.log Manager: list: Listing contexts for virtual host 'localhost'
14-Mar-2018 10:15:22.166 INFO [http-nio-80-exec-69] org.apache.catalina.core.ApplicationContext.log Manager: restart: Reloading web application '/'
14-Mar-2018 10:15:33.905 INFO [http-nio-80-exec-75] org.apache.catalina.core.ApplicationContext.log Manager: list: Listing contexts for virtual host 'localhost'
14-Mar-2018 10:15:33.905 INFO [http-nio-80-exec-78] org.apache.catalina.core.ApplicationContext.log Manager: restart: Reloading web application '/'
14-Mar-2018 10:15:52.626 INFO [http-nio-80-exec-82] org.apache.catalina.core.ApplicationContext.log Manager: list: Listing contexts for virtual host 'localhost'
14-Mar-2018 10:15:52.635 INFO [http-nio-80-exec-69] org.apache.catalina.core.ApplicationContext.log Manager: restart: Reloading web application '/'
14-Mar-2018 10:16:52.786 INFO [http-nio-80-exec-79] org.apache.catalina.core.ApplicationContext.log Manager: list: Listing contexts for virtual host 'localhost'
14-Mar-2018 10:16:52.802 INFO [http-nio-80-exec-80] org.apache.catalina.core.ApplicationContext.log Manager: restart: Reloading web application '/'
14-Mar-2018 10:17:33.169 INFO [http-nio-80-exec-69] org.apache.catalina.core.ApplicationContext.log Manager: list: Listing contexts for virtual host 'localhost'
14-Mar-2018 10:17:33.173 INFO [http-nio-80-exec-79] org.apache.catalina.core.ApplicationContext.log Manager: restart: Reloading web application '/'
14-Mar-2018 10:17:55.374 INFO [http-nio-80-exec-81] org.apache.catalina.core.ApplicationContext.log Manager: list: Listing contexts for virtual host 'localhost'
14-Mar-2018 10:17:55.389 INFO [http-nio-80-exec-80] org.apache.catalina.core.ApplicationContext.log Manager: restart: Reloading web application '/'
14-Mar-2018 10:19:35.030 INFO [http-nio-80-exec-81] org.apache.catalina.core.ApplicationContext.log Manager: list: Listing contexts for virtual host 'localhost'
14-Mar-2018 10:19:35.030 INFO [http-nio-80-exec-72] org.apache.catalina.core.ApplicationContext.log Manager: restart: Reloading web application '/'
14-Mar-2018 10:20:33.765 INFO [http-nio-80-exec-80] org.apache.catalina.core.ApplicationContext.log Manager: list: Listing contexts for virtual host 'localhost'
14-Mar-2018 10:20:33.781 INFO [http-nio-80-exec-83] org.apache.catalina.core.ApplicationContext.log Manager: undeploy: Undeploying web application at '/'
14-Mar-2018 10:21:00.430 INFO [http-nio-80-exec-3] org.apache.catalina.core.ApplicationContext.log Manager: init: Associated with Deployer 'Catalina:type=Deployer,host=localhost'
14-Mar-2018 10:21:00.430 INFO [http-nio-80-exec-3] org.apache.catalina.core.ApplicationContext.log Manager: init: Global resources are available
14-Mar-2018 10:21:00.575 INFO [http-nio-80-exec-10] org.apache.catalina.core.ApplicationContext.log Manager: list: Listing contexts for virtual host 'localhost'
14-Mar-2018 10:21:00.579 INFO [http-nio-80-exec-1] org.apache.catalina.core.ApplicationContext.log Manager: list: Listing contexts for virtual host 'localhost'
14-Mar-2018 10:21:00.636 INFO [http-nio-80-exec-2] org.apache.catalina.core.ApplicationContext.log Manager: install: Installing context configuration at 'file:/C:/Users/jp972/AppData/Local/Temp/context6142170343999426350.xml'
14-Mar-2018 10:21:00.924 INFO [http-nio-80-exec-3] org.apache.catalina.core.ApplicationContext.log Manager: start: Starting web application '/'
14-Mar-2018 10:21:41.812 INFO [http-nio-80-exec-6] org.apache.catalina.core.ApplicationContext.log Manager: list: Listing contexts for virtual host 'localhost'
14-Mar-2018 10:21:41.812 INFO [http-nio-80-exec-8] org.apache.catalina.core.ApplicationContext.log Manager: restart: Reloading web application '/'
14-Mar-2018 10:23:06.110 INFO [http-nio-80-exec-6] org.apache.catalina.core.ApplicationContext.log Manager: list: Listing contexts for virtual host 'localhost'
14-Mar-2018 10:23:06.116 INFO [http-nio-80-exec-11] org.apache.catalina.core.ApplicationContext.log Manager: restart: Reloading web application '/'
14-Mar-2018 10:25:01.436 INFO [http-nio-80-exec-15] org.apache.catalina.core.ApplicationContext.log Manager: list: Listing contexts for virtual host 'localhost'
14-Mar-2018 10:25:01.452 INFO [http-nio-80-exec-13] org.apache.catalina.core.ApplicationContext.log Manager: restart: Reloading web application '/'
14-Mar-2018 10:25:14.095 INFO [http-nio-80-exec-4] org.apache.catalina.core.ApplicationContext.log Manager: list: Listing contexts for virtual host 'localhost'
14-Mar-2018 10:25:14.101 INFO [http-nio-80-exec-16] org.apache.catalina.core.ApplicationContext.log Manager: restart: Reloading web application '/'
14-Mar-2018 10:26:28.797 INFO [http-nio-80-exec-18] org.apache.catalina.core.ApplicationContext.log Manager: list: Listing contexts for virtual host 'localhost'
14-Mar-2018 10:26:28.812 INFO [http-nio-80-exec-11] org.apache.catalina.core.ApplicationContext.log Manager: restart: Reloading web application '/'
14-Mar-2018 10:27:13.130 INFO [http-nio-80-exec-19] org.apache.catalina.core.ApplicationContext.log Manager: list: Listing contexts for virtual host 'localhost'
14-Mar-2018 10:27:13.136 INFO [http-nio-80-exec-13] org.apache.catalina.core.ApplicationContext.log Manager: restart: Reloading web application '/'
14-Mar-2018 10:28:01.375 INFO [http-nio-80-exec-20] org.apache.catalina.core.ApplicationContext.log Manager: list: Listing contexts for virtual host 'localhost'
14-Mar-2018 10:28:01.375 INFO [http-nio-80-exec-11] org.apache.catalina.core.ApplicationContext.log Manager: restart: Reloading web application '/'
14-Mar-2018 10:28:37.281 INFO [http-nio-80-exec-16] org.apache.catalina.core.ApplicationContext.log Manager: list: Listing contexts for virtual host 'localhost'
14-Mar-2018 10:28:37.281 INFO [http-nio-80-exec-21] org.apache.catalina.core.ApplicationContext.log Manager: restart: Reloading web application '/'
14-Mar-2018 10:32:37.484 INFO [http-nio-80-exec-21] org.apache.catalina.core.ApplicationContext.log Manager: list: Listing contexts for virtual host 'localhost'
14-Mar-2018 10:32:37.499 INFO [http-nio-80-exec-22] org.apache.catalina.core.ApplicationContext.log Manager: restart: Reloading web application '/'
14-Mar-2018 10:34:35.843 INFO [http-nio-80-exec-27] org.apache.catalina.core.ApplicationContext.log Manager: list: Listing contexts for virtual host 'localhost'
14-Mar-2018 10:34:35.859 INFO [http-nio-80-exec-14] org.apache.catalina.core.ApplicationContext.log Manager: restart: Reloading web application '/'
14-Mar-2018 10:34:54.359 INFO [http-nio-80-exec-22] org.apache.catalina.core.ApplicationContext.log Manager: list: Listing contexts for virtual host 'localhost'
14-Mar-2018 10:34:54.374 INFO [http-nio-80-exec-28] org.apache.catalina.core.ApplicationContext.log Manager: restart: Reloading web application '/'
14-Mar-2018 10:36:10.797 INFO [http-nio-80-exec-30] org.apache.catalina.core.ApplicationContext.log Manager: list: Listing contexts for virtual host 'localhost'
14-Mar-2018 10:36:23.595 INFO [http-nio-80-exec-29] org.apache.catalina.core.ApplicationContext.log Manager: list: Listing contexts for virtual host 'localhost'
14-Mar-2018 10:59:37.812 INFO [http-nio-80-exec-30] org.apache.catalina.core.ApplicationContext.log Manager: list: Listing contexts for virtual host 'localhost'
14-Mar-2018 10:59:51.921 INFO [http-nio-80-exec-33] org.apache.catalina.core.ApplicationContext.log Manager: list: Listing contexts for virtual host 'localhost'
14-Mar-2018 11:00:00.067 INFO [http-nio-80-exec-38] org.apache.catalina.core.ApplicationContext.log Manager: list: Listing contexts for virtual host 'localhost'
14-Mar-2018 11:00:00.082 INFO [http-nio-80-exec-30] org.apache.catalina.core.ApplicationContext.log Manager: restart: Reloading web application '/'
14-Mar-2018 11:00:54.375 INFO [http-nio-80-exec-31] org.apache.catalina.core.ApplicationContext.log Manager: list: Listing contexts for virtual host 'localhost'
14-Mar-2018 11:00:54.375 INFO [http-nio-80-exec-34] org.apache.catalina.core.ApplicationContext.log Manager: list: Listing contexts for virtual host 'localhost'
14-Mar-2018 11:00:54.390 INFO [http-nio-80-exec-36] org.apache.catalina.core.ApplicationContext.log Manager: restart: Reloading web application '/'
14-Mar-2018 11:09:05.016 INFO [http-nio-80-exec-41] org.apache.catalina.core.ApplicationContext.log Manager: list: Listing contexts for virtual host 'localhost'
14-Mar-2018 11:09:15.514 INFO [http-nio-80-exec-45] org.apache.catalina.core.ApplicationContext.log Manager: list: Listing contexts for virtual host 'localhost'
14-Mar-2018 11:11:01.501 INFO [http-nio-80-exec-41] org.apache.catalina.core.ApplicationContext.log Manager: list: Listing contexts for virtual host 'localhost'
14-Mar-2018 11:11:01.516 INFO [http-nio-80-exec-44] org.apache.catalina.core.ApplicationContext.log Manager: restart: Reloading web application '/'
14-Mar-2018 11:48:36.445 INFO [http-nio-80-exec-4] org.apache.catalina.core.ApplicationContext.log Manager: init: Associated with Deployer 'Catalina:type=Deployer,host=localhost'
14-Mar-2018 11:48:36.445 INFO [http-nio-80-exec-4] org.apache.catalina.core.ApplicationContext.log Manager: init: Global resources are available
14-Mar-2018 11:48:36.726 INFO [http-nio-80-exec-5] org.apache.catalina.core.ApplicationContext.log Manager: list: Listing contexts for virtual host 'localhost'
14-Mar-2018 11:48:36.726 INFO [http-nio-80-exec-7] org.apache.catalina.core.ApplicationContext.log Manager: list: Listing contexts for virtual host 'localhost'
14-Mar-2018 11:48:36.758 INFO [http-nio-80-exec-8] org.apache.catalina.core.ApplicationContext.log Manager: restart: Reloading web application '/'
14-Mar-2018 11:55:21.248 INFO [http-nio-80-exec-11] org.apache.catalina.core.ApplicationContext.log Manager: list: Listing contexts for virtual host 'localhost'
14-Mar-2018 11:55:25.342 INFO [http-nio-80-exec-15] org.apache.catalina.core.ApplicationContext.log Manager: list: Listing contexts for virtual host 'localhost'
14-Mar-2018 11:58:34.131 INFO [http-nio-80-exec-20] org.apache.catalina.core.ApplicationContext.log Manager: list: Listing contexts for virtual host 'localhost'
14-Mar-2018 12:03:53.476 INFO [http-nio-80-exec-18] org.apache.catalina.core.ApplicationContext.log Manager: list: Listing contexts for virtual host 'localhost'
14-Mar-2018 12:07:43.555 INFO [http-nio-80-exec-12] org.apache.catalina.core.ApplicationContext.log Manager: list: Listing contexts for virtual host 'localhost'
14-Mar-2018 12:07:43.901 INFO [http-nio-80-exec-14] org.apache.catalina.core.ApplicationContext.log Manager: list: Listing contexts for virtual host 'localhost'
14-Mar-2018 12:10:42.476 INFO [http-nio-80-exec-11] org.apache.catalina.core.ApplicationContext.log Manager: list: Listing contexts for virtual host 'localhost'
14-Mar-2018 12:10:42.492 INFO [http-nio-80-exec-15] org.apache.catalina.core.ApplicationContext.log Manager: restart: Reloading web application '/'
14-Mar-2018 12:10:42.835 INFO [http-nio-80-exec-20] org.apache.catalina.core.ApplicationContext.log Manager: list: Listing contexts for virtual host 'localhost'
14-Mar-2018 12:10:42.851 INFO [http-nio-80-exec-12] org.apache.catalina.core.ApplicationContext.log Manager: restart: Reloading web application '/'
14-Mar-2018 12:11:04.616 INFO [http-nio-80-exec-18] org.apache.catalina.core.ApplicationContext.log Manager: list: Listing contexts for virtual host 'localhost'
14-Mar-2018 12:11:04.616 INFO [http-nio-80-exec-20] org.apache.catalina.core.ApplicationContext.log Manager: restart: Reloading web application '/'
14-Mar-2018 12:14:51.277 INFO [http-nio-80-exec-24] org.apache.catalina.core.ApplicationContext.log Manager: list: Listing contexts for virtual host 'localhost'
14-Mar-2018 12:14:51.283 INFO [http-nio-80-exec-12] org.apache.catalina.core.ApplicationContext.log Manager: restart: Reloading web application '/'
14-Mar-2018 12:15:18.039 INFO [http-nio-80-exec-24] org.apache.catalina.core.ApplicationContext.log Manager: list: Listing contexts for virtual host 'localhost'
14-Mar-2018 12:15:18.054 INFO [http-nio-80-exec-23] org.apache.catalina.core.ApplicationContext.log Manager: restart: Reloading web application '/'
14-Mar-2018 12:22:42.746 INFO [http-nio-80-exec-29] org.apache.catalina.core.ApplicationContext.log Manager: list: Listing contexts for virtual host 'localhost'
14-Mar-2018 12:22:42.751 INFO [http-nio-80-exec-30] org.apache.catalina.core.ApplicationContext.log Manager: stop: Stopping web application '/'
14-Mar-2018 12:22:42.761 INFO [http-nio-80-exec-18] org.apache.catalina.core.ApplicationContext.log Manager: start: Starting web application '/'
14-Mar-2018 12:23:36.024 INFO [http-nio-80-exec-36] org.apache.catalina.core.ApplicationContext.log Manager: list: Listing contexts for virtual host 'localhost'
14-Mar-2018 12:23:36.024 INFO [http-nio-80-exec-31] org.apache.catalina.core.ApplicationContext.log Manager: stop: Stopping web application '/'
14-Mar-2018 12:23:36.024 INFO [http-nio-80-exec-33] org.apache.catalina.core.ApplicationContext.log Manager: start: Starting web application '/'
14-Mar-2018 12:27:27.805 INFO [http-nio-80-exec-37] org.apache.catalina.core.ApplicationContext.log Manager: list: Listing contexts for virtual host 'localhost'
14-Mar-2018 12:27:27.805 INFO [http-nio-80-exec-40] org.apache.catalina.core.ApplicationContext.log Manager: stop: Stopping web application '/'
14-Mar-2018 12:27:27.821 INFO [http-nio-80-exec-39] org.apache.catalina.core.ApplicationContext.log Manager: start: Starting web application '/'
14-Mar-2018 12:27:35.961 INFO [http-nio-80-exec-3] org.apache.catalina.core.ApplicationContext.log Manager: init: Associated with Deployer 'Catalina:type=Deployer,host=localhost'
14-Mar-2018 12:27:35.961 INFO [http-nio-80-exec-3] org.apache.catalina.core.ApplicationContext.log Manager: init: Global resources are available
14-Mar-2018 12:27:36.133 INFO [http-nio-80-exec-10] org.apache.catalina.core.ApplicationContext.log Manager: list: Listing contexts for virtual host 'localhost'
14-Mar-2018 12:27:36.133 INFO [http-nio-80-exec-1] org.apache.catalina.core.ApplicationContext.log Manager: list: Listing contexts for virtual host 'localhost'
14-Mar-2018 12:27:36.149 INFO [http-nio-80-exec-3] org.apache.catalina.core.ApplicationContext.log Manager: stop: Stopping web application '/'
14-Mar-2018 12:27:36.164 INFO [http-nio-80-exec-8] org.apache.catalina.core.ApplicationContext.log Manager: start: Starting web application '/'
14-Mar-2018 12:28:26.178 INFO [http-nio-80-exec-2] org.apache.catalina.core.ApplicationContext.log Manager: init: Associated with Deployer 'Catalina:type=Deployer,host=localhost'
14-Mar-2018 12:28:26.178 INFO [http-nio-80-exec-2] org.apache.catalina.core.ApplicationContext.log Manager: init: Global resources are available
14-Mar-2018 12:28:26.408 INFO [http-nio-80-exec-3] org.apache.catalina.core.ApplicationContext.log Manager: list: Listing contexts for virtual host 'localhost'
14-Mar-2018 12:28:26.412 INFO [http-nio-80-exec-2] org.apache.catalina.core.ApplicationContext.log Manager: list: Listing contexts for virtual host 'localhost'
14-Mar-2018 12:29:10.201 INFO [http-nio-80-exec-3] org.apache.catalina.core.ApplicationContext.log Manager: init: Associated with Deployer 'Catalina:type=Deployer,host=localhost'
14-Mar-2018 12:29:10.201 INFO [http-nio-80-exec-3] org.apache.catalina.core.ApplicationContext.log Manager: init: Global resources are available
14-Mar-2018 12:29:10.336 INFO [http-nio-80-exec-10] org.apache.catalina.core.ApplicationContext.log Manager: list: Listing contexts for virtual host 'localhost'
14-Mar-2018 12:29:10.336 INFO [http-nio-80-exec-1] org.apache.catalina.core.ApplicationContext.log Manager: list: Listing contexts for virtual host 'localhost'
14-Mar-2018 12:30:20.726 INFO [http-nio-80-exec-2] org.apache.catalina.core.ApplicationContext.log Manager: init: Associated with Deployer 'Catalina:type=Deployer,host=localhost'
14-Mar-2018 12:30:20.726 INFO [http-nio-80-exec-2] org.apache.catalina.core.ApplicationContext.log Manager: init: Global resources are available
14-Mar-2018 12:30:20.852 INFO [http-nio-80-exec-9] org.apache.catalina.core.ApplicationContext.log Manager: list: Listing contexts for virtual host 'localhost'
14-Mar-2018 12:30:20.852 INFO [http-nio-80-exec-1] org.apache.catalina.core.ApplicationContext.log Manager: list: Listing contexts for virtual host 'localhost'
14-Mar-2018 12:31:26.239 INFO [http-nio-80-exec-2] org.apache.catalina.core.ApplicationContext.log Manager: init: Associated with Deployer 'Catalina:type=Deployer,host=localhost'
14-Mar-2018 12:31:26.239 INFO [http-nio-80-exec-2] org.apache.catalina.core.ApplicationContext.log Manager: init: Global resources are available
14-Mar-2018 12:31:26.368 INFO [http-nio-80-exec-9] org.apache.catalina.core.ApplicationContext.log Manager: list: Listing contexts for virtual host 'localhost'
14-Mar-2018 12:31:26.368 INFO [http-nio-80-exec-1] org.apache.catalina.core.ApplicationContext.log Manager: list: Listing contexts for virtual host 'localhost'
14-Mar-2018 12:38:40.103 INFO [http-nio-80-exec-2] org.apache.catalina.core.ApplicationContext.log Manager: init: Associated with Deployer 'Catalina:type=Deployer,host=localhost'
14-Mar-2018 12:38:40.103 INFO [http-nio-80-exec-2] org.apache.catalina.core.ApplicationContext.log Manager: init: Global resources are available
14-Mar-2018 12:38:40.252 INFO [http-nio-80-exec-8] org.apache.catalina.core.ApplicationContext.log Manager: list: Listing contexts for virtual host 'localhost'
14-Mar-2018 12:38:40.255 INFO [http-nio-80-exec-1] org.apache.catalina.core.ApplicationContext.log Manager: list: Listing contexts for virtual host 'localhost'
14-Mar-2018 12:38:59.961 INFO [http-nio-80-exec-2] org.apache.catalina.core.ApplicationContext.log Manager: init: Associated with Deployer 'Catalina:type=Deployer,host=localhost'
14-Mar-2018 12:38:59.961 INFO [http-nio-80-exec-2] org.apache.catalina.core.ApplicationContext.log Manager: init: Global resources are available
14-Mar-2018 12:39:00.086 INFO [http-nio-80-exec-8] org.apache.catalina.core.ApplicationContext.log Manager: list: Listing contexts for virtual host 'localhost'
14-Mar-2018 12:39:00.102 INFO [http-nio-80-exec-1] org.apache.catalina.core.ApplicationContext.log Manager: list: Listing contexts for virtual host 'localhost'
14-Mar-2018 12:52:53.104 INFO [http-nio-80-exec-1] org.apache.catalina.core.ApplicationContext.log Manager: init: Associated with Deployer 'Catalina:type=Deployer,host=localhost'
14-Mar-2018 12:52:53.104 INFO [http-nio-80-exec-1] org.apache.catalina.core.ApplicationContext.log Manager: init: Global resources are available
14-Mar-2018 12:52:53.104 INFO [http-nio-80-exec-1] org.apache.catalina.core.ApplicationContext.log Manager: list: Listing contexts for virtual host 'localhost'
14-Mar-2018 12:52:53.120 INFO [http-nio-80-exec-3] org.apache.catalina.core.ApplicationContext.log Manager: list: Listing contexts for virtual host 'localhost'
14-Mar-2018 12:53:44.950 INFO [http-nio-80-exec-1] org.apache.catalina.core.ApplicationContext.log Manager: init: Associated with Deployer 'Catalina:type=Deployer,host=localhost'
14-Mar-2018 12:53:44.950 INFO [http-nio-80-exec-1] org.apache.catalina.core.ApplicationContext.log Manager: init: Global resources are available
14-Mar-2018 12:53:45.075 INFO [http-nio-80-exec-10] org.apache.catalina.core.ApplicationContext.log Manager: list: Listing contexts for virtual host 'localhost'
14-Mar-2018 12:53:45.075 INFO [http-nio-80-exec-2] org.apache.catalina.core.ApplicationContext.log Manager: list: Listing contexts for virtual host 'localhost'
14-Mar-2018 12:56:27.979 INFO [http-nio-80-exec-5] org.apache.catalina.core.ApplicationContext.log Manager: init: Associated with Deployer 'Catalina:type=Deployer,host=localhost'
14-Mar-2018 12:56:27.979 INFO [http-nio-80-exec-5] org.apache.catalina.core.ApplicationContext.log Manager: init: Global resources are available
14-Mar-2018 12:56:28.089 INFO [http-nio-80-exec-10] org.apache.catalina.core.ApplicationContext.log Manager: list: Listing contexts for virtual host 'localhost'
14-Mar-2018 12:56:28.089 INFO [http-nio-80-exec-1] org.apache.catalina.core.ApplicationContext.log Manager: list: Listing contexts for virtual host 'localhost'
14-Mar-2018 12:57:07.491 INFO [http-nio-80-exec-1] org.apache.catalina.core.ApplicationContext.log Manager: init: Associated with Deployer 'Catalina:type=Deployer,host=localhost'
14-Mar-2018 12:57:07.491 INFO [http-nio-80-exec-1] org.apache.catalina.core.ApplicationContext.log Manager: init: Global resources are available
14-Mar-2018 12:57:07.601 INFO [http-nio-80-exec-9] org.apache.catalina.core.ApplicationContext.log Manager: list: Listing contexts for virtual host 'localhost'
14-Mar-2018 12:57:07.601 INFO [http-nio-80-exec-2] org.apache.catalina.core.ApplicationContext.log Manager: list: Listing contexts for virtual host 'localhost'
14-Mar-2018 13:05:54.149 INFO [http-nio-80-exec-5] org.apache.catalina.core.ApplicationContext.log Manager: list: Listing contexts for virtual host 'localhost'
14-Mar-2018 13:05:54.149 INFO [http-nio-80-exec-3] org.apache.catalina.core.ApplicationContext.log Manager: stop: Stopping web application '/'
14-Mar-2018 13:05:54.165 INFO [http-nio-80-exec-9] org.apache.catalina.core.ApplicationContext.log Manager: start: Starting web application '/'
14-Mar-2018 13:06:01.234 INFO [http-nio-80-exec-2] org.apache.catalina.core.ApplicationContext.log Manager: init: Associated with Deployer 'Catalina:type=Deployer,host=localhost'
14-Mar-2018 13:06:01.234 INFO [http-nio-80-exec-2] org.apache.catalina.core.ApplicationContext.log Manager: init: Global resources are available
14-Mar-2018 13:06:01.350 INFO [http-nio-80-exec-9] org.apache.catalina.core.ApplicationContext.log Manager: list: Listing contexts for virtual host 'localhost'
14-Mar-2018 13:06:01.350 INFO [http-nio-80-exec-1] org.apache.catalina.core.ApplicationContext.log Manager: list: Listing contexts for virtual host 'localhost'
14-Mar-2018 13:06:01.382 INFO [http-nio-80-exec-3] org.apache.catalina.core.ApplicationContext.log Manager: stop: Stopping web application '/'
14-Mar-2018 13:06:01.382 INFO [http-nio-80-exec-4] org.apache.catalina.core.ApplicationContext.log Manager: start: Starting web application '/'
14-Mar-2018 13:08:31.899 INFO [http-nio-80-exec-14] org.apache.catalina.core.ApplicationContext.log Manager: list: Listing contexts for virtual host 'localhost'
14-Mar-2018 13:08:31.899 INFO [http-nio-80-exec-15] org.apache.catalina.core.ApplicationContext.log Manager: restart: Reloading web application '/'
14-Mar-2018 13:09:01.702 INFO [http-nio-80-exec-22] org.apache.catalina.core.ApplicationContext.log Manager: list: Listing contexts for virtual host 'localhost'
14-Mar-2018 13:09:01.709 INFO [http-nio-80-exec-14] org.apache.catalina.core.ApplicationContext.log Manager: stop: Stopping web application '/'
14-Mar-2018 13:09:01.729 INFO [http-nio-80-exec-20] org.apache.catalina.core.ApplicationContext.log Manager: start: Starting web application '/'
14-Mar-2018 13:09:45.932 INFO [http-nio-80-exec-28] org.apache.catalina.core.ApplicationContext.log Manager: list: Listing contexts for virtual host 'localhost'
14-Mar-2018 13:09:45.932 INFO [http-nio-80-exec-20] org.apache.catalina.core.ApplicationContext.log Manager: restart: Reloading web application '/'
14-Mar-2018 13:09:50.694 INFO [http-nio-80-exec-26] org.apache.catalina.core.ApplicationContext.log Manager: list: Listing contexts for virtual host 'localhost'
14-Mar-2018 13:09:50.701 INFO [http-nio-80-exec-29] org.apache.catalina.core.ApplicationContext.log Manager: restart: Reloading web application '/'
14-Mar-2018 13:10:19.462 INFO [http-nio-80-exec-34] org.apache.catalina.core.ApplicationContext.log Manager: list: Listing contexts for virtual host 'localhost'
14-Mar-2018 13:10:19.462 INFO [http-nio-80-exec-24] org.apache.catalina.core.ApplicationContext.log Manager: restart: Reloading web application '/'
14-Mar-2018 13:11:43.603 INFO [http-nio-80-exec-2] org.apache.catalina.core.ApplicationContext.log Manager: init: Associated with Deployer 'Catalina:type=Deployer,host=localhost'
14-Mar-2018 13:11:43.603 INFO [http-nio-80-exec-2] org.apache.catalina.core.ApplicationContext.log Manager: init: Global resources are available
14-Mar-2018 13:11:43.732 INFO [http-nio-80-exec-9] org.apache.catalina.core.ApplicationContext.log Manager: list: Listing contexts for virtual host 'localhost'
14-Mar-2018 13:11:43.735 INFO [http-nio-80-exec-1] org.apache.catalina.core.ApplicationContext.log Manager: list: Listing contexts for virtual host 'localhost'
14-Mar-2018 13:11:43.755 INFO [http-nio-80-exec-3] org.apache.catalina.core.ApplicationContext.log Manager: stop: Stopping web application '/'
14-Mar-2018 13:11:43.769 INFO [http-nio-80-exec-7] org.apache.catalina.core.ApplicationContext.log Manager: start: Starting web application '/'
14-Mar-2018 13:12:45.885 INFO [http-nio-80-exec-9] org.apache.catalina.core.ApplicationContext.log Manager: list: Listing contexts for virtual host 'localhost'
14-Mar-2018 13:12:45.885 INFO [http-nio-80-exec-12] org.apache.catalina.core.ApplicationContext.log Manager: restart: Reloading web application '/'
14-Mar-2018 13:18:32.187 INFO [http-nio-80-exec-11] org.apache.catalina.core.ApplicationContext.log Manager: list: Listing contexts for virtual host 'localhost'
14-Mar-2018 13:18:32.194 INFO [http-nio-80-exec-17] org.apache.catalina.core.ApplicationContext.log Manager: restart: Reloading web application '/'
14-Mar-2018 13:18:48.963 INFO [http-nio-80-exec-22] org.apache.catalina.core.ApplicationContext.log Manager: list: Listing contexts for virtual host 'localhost'
14-Mar-2018 13:18:48.963 INFO [http-nio-80-exec-23] org.apache.catalina.core.ApplicationContext.log Manager: restart: Reloading web application '/'
14-Mar-2018 13:18:59.353 INFO [http-nio-80-exec-24] org.apache.catalina.core.ApplicationContext.log Manager: list: Listing contexts for virtual host 'localhost'
14-Mar-2018 13:18:59.368 INFO [http-nio-80-exec-12] org.apache.catalina.core.ApplicationContext.log Manager: restart: Reloading web application '/'
14-Mar-2018 13:19:52.088 INFO [http-nio-80-exec-25] org.apache.catalina.core.ApplicationContext.log Manager: list: Listing contexts for virtual host 'localhost'
14-Mar-2018 13:19:52.103 INFO [http-nio-80-exec-17] org.apache.catalina.core.ApplicationContext.log Manager: restart: Reloading web application '/'
14-Mar-2018 13:20:07.763 INFO [http-nio-80-exec-23] org.apache.catalina.core.ApplicationContext.log Manager: list: Listing contexts for virtual host 'localhost'
14-Mar-2018 13:20:07.769 INFO [http-nio-80-exec-26] org.apache.catalina.core.ApplicationContext.log Manager: restart: Reloading web application '/'
14-Mar-2018 13:21:07.747 INFO [http-nio-80-exec-27] org.apache.catalina.core.ApplicationContext.log Manager: list: Listing contexts for virtual host 'localhost'
14-Mar-2018 13:21:07.754 INFO [http-nio-80-exec-9] org.apache.catalina.core.ApplicationContext.log Manager: stop: Stopping web application '/'
14-Mar-2018 13:21:07.768 INFO [http-nio-80-exec-20] org.apache.catalina.core.ApplicationContext.log Manager: start: Starting web application '/'
14-Mar-2018 13:22:50.773 INFO [http-nio-80-exec-3] org.apache.catalina.core.ApplicationContext.log Manager: init: Associated with Deployer 'Catalina:type=Deployer,host=localhost'
14-Mar-2018 13:22:50.774 INFO [http-nio-80-exec-3] org.apache.catalina.core.ApplicationContext.log Manager: init: Global resources are available
14-Mar-2018 13:22:50.900 INFO [http-nio-80-exec-10] org.apache.catalina.core.ApplicationContext.log Manager: list: Listing contexts for virtual host 'localhost'
14-Mar-2018 13:22:50.900 INFO [http-nio-80-exec-1] org.apache.catalina.core.ApplicationContext.log Manager: list: Listing contexts for virtual host 'localhost'
14-Mar-2018 13:22:50.931 INFO [http-nio-80-exec-3] org.apache.catalina.core.ApplicationContext.log Manager: stop: Stopping web application '/'
14-Mar-2018 13:22:50.947 INFO [http-nio-80-exec-2] org.apache.catalina.core.ApplicationContext.log Manager: start: Starting web application '/'
14-Mar-2018 13:23:43.231 INFO [http-nio-80-exec-2] org.apache.catalina.core.ApplicationContext.log Manager: init: Associated with Deployer 'Catalina:type=Deployer,host=localhost'
14-Mar-2018 13:23:43.231 INFO [http-nio-80-exec-2] org.apache.catalina.core.ApplicationContext.log Manager: init: Global resources are available
14-Mar-2018 13:23:43.384 INFO [http-nio-80-exec-9] org.apache.catalina.core.ApplicationContext.log Manager: list: Listing contexts for virtual host 'localhost'
14-Mar-2018 13:23:43.384 INFO [http-nio-80-exec-1] org.apache.catalina.core.ApplicationContext.log Manager: list: Listing contexts for virtual host 'localhost'
14-Mar-2018 13:28:04.135 INFO [http-nio-80-exec-4] org.apache.catalina.core.ApplicationContext.log Manager: list: Listing contexts for virtual host 'localhost'
14-Mar-2018 13:28:04.135 INFO [http-nio-80-exec-5] org.apache.catalina.core.ApplicationContext.log Manager: restart: Reloading web application '/'
14-Mar-2018 13:30:31.431 INFO [http-nio-80-exec-3] org.apache.catalina.core.ApplicationContext.log Manager: list: Listing contexts for virtual host 'localhost'
14-Mar-2018 13:30:31.431 INFO [http-nio-80-exec-11] org.apache.catalina.core.ApplicationContext.log Manager: restart: Reloading web application '/'
14-Mar-2018 14:03:31.709 INFO [http-nio-80-exec-24] org.apache.catalina.core.ApplicationContext.log Manager: list: Listing contexts for virtual host 'localhost'
14-Mar-2018 14:04:33.154 INFO [http-nio-80-exec-18] org.apache.catalina.core.ApplicationContext.log Manager: list: Listing contexts for virtual host 'localhost'
14-Mar-2018 14:04:41.386 INFO [http-nio-80-exec-3] org.apache.catalina.core.ApplicationContext.log Manager: init: Associated with Deployer 'Catalina:type=Deployer,host=localhost'
14-Mar-2018 14:04:41.386 INFO [http-nio-80-exec-3] org.apache.catalina.core.ApplicationContext.log Manager: init: Global resources are available
14-Mar-2018 14:04:41.542 INFO [http-nio-80-exec-9] org.apache.catalina.core.ApplicationContext.log Manager: list: Listing contexts for virtual host 'localhost'
14-Mar-2018 14:04:41.558 INFO [http-nio-80-exec-1] org.apache.catalina.core.ApplicationContext.log Manager: list: Listing contexts for virtual host 'localhost'
14-Mar-2018 14:04:41.605 INFO [http-nio-80-exec-3] org.apache.catalina.core.ApplicationContext.log Manager: restart: Reloading web application '/'
14-Mar-2018 14:05:52.159 INFO [http-nio-80-exec-4] org.apache.catalina.core.ApplicationContext.log Manager: list: Listing contexts for virtual host 'localhost'
14-Mar-2018 14:05:52.159 INFO [http-nio-80-exec-11] org.apache.catalina.core.ApplicationContext.log Manager: restart: Reloading web application '/'
14-Mar-2018 14:42:46.744 INFO [http-nio-80-exec-5] org.apache.catalina.core.ApplicationContext.log Manager: init: Associated with Deployer 'Catalina:type=Deployer,host=localhost'
14-Mar-2018 14:42:46.744 INFO [http-nio-80-exec-5] org.apache.catalina.core.ApplicationContext.log Manager: init: Global resources are available
14-Mar-2018 14:42:47.494 INFO [http-nio-80-exec-7] org.apache.catalina.core.ApplicationContext.log Manager: list: Listing contexts for virtual host 'localhost'
14-Mar-2018 14:42:47.509 INFO [http-nio-80-exec-8] org.apache.catalina.core.ApplicationContext.log Manager: list: Listing contexts for virtual host 'localhost'
14-Mar-2018 14:42:47.556 INFO [http-nio-80-exec-9] org.apache.catalina.core.ApplicationContext.log Manager: restart: Reloading web application '/'
14-Mar-2018 14:44:22.573 INFO [http-nio-80-exec-15] org.apache.catalina.core.ApplicationContext.log Manager: list: Listing contexts for virtual host 'localhost'
14-Mar-2018 14:44:22.979 INFO [http-nio-80-exec-11] org.apache.catalina.core.ApplicationContext.log Manager: list: Listing contexts for virtual host 'localhost'
14-Mar-2018 14:46:35.831 INFO [http-nio-80-exec-11] org.apache.catalina.core.ApplicationContext.log Manager: list: Listing contexts for virtual host 'localhost'
14-Mar-2018 14:46:35.831 INFO [http-nio-80-exec-12] org.apache.catalina.core.ApplicationContext.log Manager: restart: Reloading web application '/'
14-Mar-2018 14:46:54.624 INFO [http-nio-80-exec-14] org.apache.catalina.core.ApplicationContext.log Manager: list: Listing contexts for virtual host 'localhost'
14-Mar-2018 14:46:54.640 INFO [http-nio-80-exec-11] org.apache.catalina.core.ApplicationContext.log Manager: restart: Reloading web application '/'
14-Mar-2018 14:48:11.649 INFO [http-nio-80-exec-19] org.apache.catalina.core.ApplicationContext.log Manager: list: Listing contexts for virtual host 'localhost'
14-Mar-2018 14:48:11.649 INFO [http-nio-80-exec-14] org.apache.catalina.core.ApplicationContext.log Manager: restart: Reloading web application '/'
14-Mar-2018 14:52:55.348 INFO [http-nio-80-exec-23] org.apache.catalina.core.ApplicationContext.log Manager: list: Listing contexts for virtual host 'localhost'
14-Mar-2018 14:52:55.348 INFO [http-nio-80-exec-24] org.apache.catalina.core.ApplicationContext.log Manager: restart: Reloading web application '/'
14-Mar-2018 15:00:41.325 INFO [http-nio-80-exec-28] org.apache.catalina.core.ApplicationContext.log Manager: list: Listing contexts for virtual host 'localhost'
14-Mar-2018 15:00:41.341 INFO [http-nio-80-exec-29] org.apache.catalina.core.ApplicationContext.log Manager: restart: Reloading web application '/'
14-Mar-2018 15:00:58.202 INFO [http-nio-80-exec-32] org.apache.catalina.core.ApplicationContext.log Manager: list: Listing contexts for virtual host 'localhost'
14-Mar-2018 15:00:58.218 INFO [http-nio-80-exec-28] org.apache.catalina.core.ApplicationContext.log Manager: restart: Reloading web application '/'
14-Mar-2018 15:01:46.874 INFO [http-nio-80-exec-29] org.apache.catalina.core.ApplicationContext.log Manager: list: Listing contexts for virtual host 'localhost'
14-Mar-2018 15:01:46.889 INFO [http-nio-80-exec-32] org.apache.catalina.core.ApplicationContext.log Manager: restart: Reloading web application '/'
14-Mar-2018 15:03:31.225 INFO [http-nio-80-exec-30] org.apache.catalina.core.ApplicationContext.log Manager: list: Listing contexts for virtual host 'localhost'
14-Mar-2018 15:03:31.241 INFO [http-nio-80-exec-37] org.apache.catalina.core.ApplicationContext.log Manager: restart: Reloading web application '/'
14-Mar-2018 15:04:13.283 INFO [http-nio-80-exec-28] org.apache.catalina.core.ApplicationContext.log Manager: list: Listing contexts for virtual host 'localhost'
14-Mar-2018 15:04:13.299 INFO [http-nio-80-exec-31] org.apache.catalina.core.ApplicationContext.log Manager: restart: Reloading web application '/'
14-Mar-2018 15:05:28.902 INFO [http-nio-80-exec-43] org.apache.catalina.core.ApplicationContext.log Manager: list: Listing contexts for virtual host 'localhost'
14-Mar-2018 15:05:28.902 INFO [http-nio-80-exec-33] org.apache.catalina.core.ApplicationContext.log Manager: restart: Reloading web application '/'
14-Mar-2018 15:05:41.512 INFO [http-nio-80-exec-32] org.apache.catalina.core.ApplicationContext.log Manager: list: Listing contexts for virtual host 'localhost'
14-Mar-2018 15:05:41.528 INFO [http-nio-80-exec-41] org.apache.catalina.core.ApplicationContext.log Manager: restart: Reloading web application '/'
14-Mar-2018 15:06:03.530 INFO [http-nio-80-exec-44] org.apache.catalina.core.ApplicationContext.log Manager: list: Listing contexts for virtual host 'localhost'
14-Mar-2018 15:06:03.546 INFO [http-nio-80-exec-37] org.apache.catalina.core.ApplicationContext.log Manager: restart: Reloading web application '/'
14-Mar-2018 15:06:53.818 INFO [http-nio-80-exec-28] org.apache.catalina.core.ApplicationContext.log Manager: list: Listing contexts for virtual host 'localhost'
14-Mar-2018 15:07:09.401 INFO [http-nio-80-exec-46] org.apache.catalina.core.ApplicationContext.log Manager: list: Listing contexts for virtual host 'localhost'
14-Mar-2018 15:08:59.559 INFO [http-nio-80-exec-46] org.apache.catalina.core.ApplicationContext.log Manager: list: Listing contexts for virtual host 'localhost'
14-Mar-2018 15:09:59.439 INFO [http-nio-80-exec-32] org.apache.catalina.core.ApplicationContext.log Manager: list: Listing contexts for virtual host 'localhost'
14-Mar-2018 15:09:59.455 INFO [http-nio-80-exec-47] org.apache.catalina.core.ApplicationContext.log Manager: restart: Reloading web application '/'
14-Mar-2018 15:10:13.116 INFO [http-nio-80-exec-37] org.apache.catalina.core.ApplicationContext.log Manager: list: Listing contexts for virtual host 'localhost'
14-Mar-2018 15:10:13.131 INFO [http-nio-80-exec-51] org.apache.catalina.core.ApplicationContext.log Manager: restart: Reloading web application '/'
14-Mar-2018 15:10:21.867 INFO [http-nio-80-exec-46] org.apache.catalina.core.ApplicationContext.log Manager: list: Listing contexts for virtual host 'localhost'
14-Mar-2018 15:10:21.882 INFO [http-nio-80-exec-49] org.apache.catalina.core.ApplicationContext.log Manager: restart: Reloading web application '/'
14-Mar-2018 15:11:37.120 INFO [http-nio-80-exec-52] org.apache.catalina.core.ApplicationContext.log Manager: list: Listing contexts for virtual host 'localhost'
14-Mar-2018 15:11:37.136 INFO [http-nio-80-exec-46] org.apache.catalina.core.ApplicationContext.log Manager: restart: Reloading web application '/'
14-Mar-2018 15:11:41.067 INFO [http-nio-80-exec-50] org.apache.catalina.core.ApplicationContext.log Manager: list: Listing contexts for virtual host 'localhost'
14-Mar-2018 15:11:41.083 INFO [http-nio-80-exec-47] org.apache.catalina.core.ApplicationContext.log Manager: restart: Reloading web application '/'
14-Mar-2018 15:12:34.626 INFO [http-nio-80-exec-46] org.apache.catalina.core.ApplicationContext.log Manager: list: Listing contexts for virtual host 'localhost'
14-Mar-2018 15:12:34.642 INFO [http-nio-80-exec-56] org.apache.catalina.core.ApplicationContext.log Manager: restart: Reloading web application '/'
14-Mar-2018 15:13:08.773 INFO [http-nio-80-exec-47] org.apache.catalina.core.ApplicationContext.log Manager: list: Listing contexts for virtual host 'localhost'
14-Mar-2018 15:13:08.789 INFO [http-nio-80-exec-52] org.apache.catalina.core.ApplicationContext.log Manager: restart: Reloading web application '/'
14-Mar-2018 15:14:29.288 INFO [http-nio-80-exec-49] org.apache.catalina.core.ApplicationContext.log Manager: list: Listing contexts for virtual host 'localhost'
14-Mar-2018 15:14:29.303 INFO [http-nio-80-exec-46] org.apache.catalina.core.ApplicationContext.log Manager: restart: Reloading web application '/'
14-Mar-2018 15:16:17.610 INFO [http-nio-80-exec-60] org.apache.catalina.core.ApplicationContext.log Manager: list: Listing contexts for virtual host 'localhost'
14-Mar-2018 15:16:17.625 INFO [http-nio-80-exec-52] org.apache.catalina.core.ApplicationContext.log Manager: restart: Reloading web application '/'
14-Mar-2018 15:17:42.551 INFO [http-nio-80-exec-2] org.apache.catalina.core.ApplicationContext.log Manager: init: Associated with Deployer 'Catalina:type=Deployer,host=localhost'
14-Mar-2018 15:17:42.551 INFO [http-nio-80-exec-2] org.apache.catalina.core.ApplicationContext.log Manager: init: Global resources are available
14-Mar-2018 15:17:42.676 INFO [http-nio-80-exec-2] org.apache.catalina.core.ApplicationContext.log Manager: list: Listing contexts for virtual host 'localhost'
14-Mar-2018 15:17:42.676 INFO [http-nio-80-exec-4] org.apache.catalina.core.ApplicationContext.log Manager: list: Listing contexts for virtual host 'localhost'
14-Mar-2018 15:17:42.708 INFO [http-nio-80-exec-5] org.apache.catalina.core.ApplicationContext.log Manager: restart: Reloading web application '/'
14-Mar-2018 15:17:42.708 SEVERE [http-nio-80-exec-5] org.apache.catalina.core.ApplicationContext.log Manager: ManagerServlet.reload[/]
 java.lang.IllegalStateException: Context with name [] has not yet been started
	at org.apache.catalina.core.StandardContext.reload(StandardContext.java:3683)
	at org.apache.catalina.manager.ManagerServlet.reload(ManagerServlet.java:1080)
	at org.apache.catalina.manager.ManagerServlet.doGet(ManagerServlet.java:354)
	at javax.servlet.http.HttpServlet.service(HttpServlet.java:634)
	at javax.servlet.http.HttpServlet.service(HttpServlet.java:741)
	at org.apache.catalina.core.ApplicationFilterChain.internalDoFilter(ApplicationFilterChain.java:231)
	at org.apache.catalina.core.ApplicationFilterChain.doFilter(ApplicationFilterChain.java:166)
	at org.apache.tomcat.websocket.server.WsFilter.doFilter(WsFilter.java:53)
	at org.apache.catalina.core.ApplicationFilterChain.internalDoFilter(ApplicationFilterChain.java:193)
	at org.apache.catalina.core.ApplicationFilterChain.doFilter(ApplicationFilterChain.java:166)
	at org.apache.catalina.core.StandardWrapperValve.invoke(StandardWrapperValve.java:199)
	at org.apache.catalina.core.StandardContextValve.invoke(StandardContextValve.java:96)
	at org.apache.catalina.authenticator.AuthenticatorBase.invoke(AuthenticatorBase.java:611)
	at org.apache.catalina.core.StandardHostValve.invoke(StandardHostValve.java:137)
	at org.apache.catalina.valves.ErrorReportValve.invoke(ErrorReportValve.java:81)
	at org.apache.catalina.valves.AbstractAccessLogValve.invoke(AbstractAccessLogValve.java:651)
	at org.apache.catalina.core.StandardEngineValve.invoke(StandardEngineValve.java:87)
	at org.apache.catalina.connector.CoyoteAdapter.service(CoyoteAdapter.java:342)
	at org.apache.coyote.http11.Http11Processor.service(Http11Processor.java:409)
	at org.apache.coyote.AbstractProcessorLight.process(AbstractProcessorLight.java:66)
	at org.apache.coyote.AbstractProtocol$ConnectionHandler.process(AbstractProtocol.java:754)
	at org.apache.tomcat.util.net.NioEndpoint$SocketProcessor.doRun(NioEndpoint.java:1376)
	at org.apache.tomcat.util.net.SocketProcessorBase.run(SocketProcessorBase.java:49)
	at java.util.concurrent.ThreadPoolExecutor.runWorker(ThreadPoolExecutor.java:1149)
	at java.util.concurrent.ThreadPoolExecutor$Worker.run(ThreadPoolExecutor.java:624)
	at org.apache.tomcat.util.threads.TaskThread$WrappingRunnable.run(TaskThread.java:61)
	at java.lang.Thread.run(Thread.java:748)

14-Mar-2018 15:18:24.152 INFO [http-nio-80-exec-3] org.apache.catalina.core.ApplicationContext.log Manager: init: Associated with Deployer 'Catalina:type=Deployer,host=localhost'
14-Mar-2018 15:18:24.152 INFO [http-nio-80-exec-3] org.apache.catalina.core.ApplicationContext.log Manager: init: Global resources are available
14-Mar-2018 15:18:24.277 INFO [http-nio-80-exec-10] org.apache.catalina.core.ApplicationContext.log Manager: list: Listing contexts for virtual host 'localhost'
14-Mar-2018 15:18:24.277 INFO [http-nio-80-exec-1] org.apache.catalina.core.ApplicationContext.log Manager: list: Listing contexts for virtual host 'localhost'
14-Mar-2018 15:18:24.293 INFO [http-nio-80-exec-2] org.apache.catalina.core.ApplicationContext.log Manager: restart: Reloading web application '/'
14-Mar-2018 15:18:24.293 SEVERE [http-nio-80-exec-2] org.apache.catalina.core.ApplicationContext.log Manager: ManagerServlet.reload[/]
 java.lang.IllegalStateException: Context with name [] has not yet been started
	at org.apache.catalina.core.StandardContext.reload(StandardContext.java:3683)
	at org.apache.catalina.manager.ManagerServlet.reload(ManagerServlet.java:1080)
	at org.apache.catalina.manager.ManagerServlet.doGet(ManagerServlet.java:354)
	at javax.servlet.http.HttpServlet.service(HttpServlet.java:634)
	at javax.servlet.http.HttpServlet.service(HttpServlet.java:741)
	at org.apache.catalina.core.ApplicationFilterChain.internalDoFilter(ApplicationFilterChain.java:231)
	at org.apache.catalina.core.ApplicationFilterChain.doFilter(ApplicationFilterChain.java:166)
	at org.apache.tomcat.websocket.server.WsFilter.doFilter(WsFilter.java:53)
	at org.apache.catalina.core.ApplicationFilterChain.internalDoFilter(ApplicationFilterChain.java:193)
	at org.apache.catalina.core.ApplicationFilterChain.doFilter(ApplicationFilterChain.java:166)
	at org.apache.catalina.core.StandardWrapperValve.invoke(StandardWrapperValve.java:199)
	at org.apache.catalina.core.StandardContextValve.invoke(StandardContextValve.java:96)
	at org.apache.catalina.authenticator.AuthenticatorBase.invoke(AuthenticatorBase.java:611)
	at org.apache.catalina.core.StandardHostValve.invoke(StandardHostValve.java:137)
	at org.apache.catalina.valves.ErrorReportValve.invoke(ErrorReportValve.java:81)
	at org.apache.catalina.valves.AbstractAccessLogValve.invoke(AbstractAccessLogValve.java:651)
	at org.apache.catalina.core.StandardEngineValve.invoke(StandardEngineValve.java:87)
	at org.apache.catalina.connector.CoyoteAdapter.service(CoyoteAdapter.java:342)
	at org.apache.coyote.http11.Http11Processor.service(Http11Processor.java:409)
	at org.apache.coyote.AbstractProcessorLight.process(AbstractProcessorLight.java:66)
	at org.apache.coyote.AbstractProtocol$ConnectionHandler.process(AbstractProtocol.java:754)
	at org.apache.tomcat.util.net.NioEndpoint$SocketProcessor.doRun(NioEndpoint.java:1376)
	at org.apache.tomcat.util.net.SocketProcessorBase.run(SocketProcessorBase.java:49)
	at java.util.concurrent.ThreadPoolExecutor.runWorker(ThreadPoolExecutor.java:1149)
	at java.util.concurrent.ThreadPoolExecutor$Worker.run(ThreadPoolExecutor.java:624)
	at org.apache.tomcat.util.threads.TaskThread$WrappingRunnable.run(TaskThread.java:61)
	at java.lang.Thread.run(Thread.java:748)

14-Mar-2018 15:19:07.631 INFO [http-nio-80-exec-2] org.apache.catalina.core.ApplicationContext.log Manager: init: Associated with Deployer 'Catalina:type=Deployer,host=localhost'
14-Mar-2018 15:19:07.631 INFO [http-nio-80-exec-2] org.apache.catalina.core.ApplicationContext.log Manager: init: Global resources are available
14-Mar-2018 15:19:07.725 INFO [http-nio-80-exec-9] org.apache.catalina.core.ApplicationContext.log Manager: list: Listing contexts for virtual host 'localhost'
14-Mar-2018 15:19:07.741 INFO [http-nio-80-exec-1] org.apache.catalina.core.ApplicationContext.log Manager: list: Listing contexts for virtual host 'localhost'
14-Mar-2018 15:19:07.756 INFO [http-nio-80-exec-3] org.apache.catalina.core.ApplicationContext.log Manager: restart: Reloading web application '/'
14-Mar-2018 15:19:07.756 SEVERE [http-nio-80-exec-3] org.apache.catalina.core.ApplicationContext.log Manager: ManagerServlet.reload[/]
 java.lang.IllegalStateException: Context with name [] has not yet been started
	at org.apache.catalina.core.StandardContext.reload(StandardContext.java:3683)
	at org.apache.catalina.manager.ManagerServlet.reload(ManagerServlet.java:1080)
	at org.apache.catalina.manager.ManagerServlet.doGet(ManagerServlet.java:354)
	at javax.servlet.http.HttpServlet.service(HttpServlet.java:634)
	at javax.servlet.http.HttpServlet.service(HttpServlet.java:741)
	at org.apache.catalina.core.ApplicationFilterChain.internalDoFilter(ApplicationFilterChain.java:231)
	at org.apache.catalina.core.ApplicationFilterChain.doFilter(ApplicationFilterChain.java:166)
	at org.apache.tomcat.websocket.server.WsFilter.doFilter(WsFilter.java:53)
	at org.apache.catalina.core.ApplicationFilterChain.internalDoFilter(ApplicationFilterChain.java:193)
	at org.apache.catalina.core.ApplicationFilterChain.doFilter(ApplicationFilterChain.java:166)
	at org.apache.catalina.core.StandardWrapperValve.invoke(StandardWrapperValve.java:199)
	at org.apache.catalina.core.StandardContextValve.invoke(StandardContextValve.java:96)
	at org.apache.catalina.authenticator.AuthenticatorBase.invoke(AuthenticatorBase.java:611)
	at org.apache.catalina.core.StandardHostValve.invoke(StandardHostValve.java:137)
	at org.apache.catalina.valves.ErrorReportValve.invoke(ErrorReportValve.java:81)
	at org.apache.catalina.valves.AbstractAccessLogValve.invoke(AbstractAccessLogValve.java:651)
	at org.apache.catalina.core.StandardEngineValve.invoke(StandardEngineValve.java:87)
	at org.apache.catalina.connector.CoyoteAdapter.service(CoyoteAdapter.java:342)
	at org.apache.coyote.http11.Http11Processor.service(Http11Processor.java:409)
	at org.apache.coyote.AbstractProcessorLight.process(AbstractProcessorLight.java:66)
	at org.apache.coyote.AbstractProtocol$ConnectionHandler.process(AbstractProtocol.java:754)
	at org.apache.tomcat.util.net.NioEndpoint$SocketProcessor.doRun(NioEndpoint.java:1376)
	at org.apache.tomcat.util.net.SocketProcessorBase.run(SocketProcessorBase.java:49)
	at java.util.concurrent.ThreadPoolExecutor.runWorker(ThreadPoolExecutor.java:1149)
	at java.util.concurrent.ThreadPoolExecutor$Worker.run(ThreadPoolExecutor.java:624)
	at org.apache.tomcat.util.threads.TaskThread$WrappingRunnable.run(TaskThread.java:61)
	at java.lang.Thread.run(Thread.java:748)

14-Mar-2018 15:20:08.393 INFO [http-nio-80-exec-2] org.apache.catalina.core.ApplicationContext.log Manager: list: Listing contexts for virtual host 'localhost'
14-Mar-2018 15:20:08.393 INFO [http-nio-80-exec-4] org.apache.catalina.core.ApplicationContext.log Manager: restart: Reloading web application '/'
14-Mar-2018 15:20:08.393 SEVERE [http-nio-80-exec-4] org.apache.catalina.core.ApplicationContext.log Manager: ManagerServlet.reload[/]
 java.lang.IllegalStateException: Context with name [] has not yet been started
	at org.apache.catalina.core.StandardContext.reload(StandardContext.java:3683)
	at org.apache.catalina.manager.ManagerServlet.reload(ManagerServlet.java:1080)
	at org.apache.catalina.manager.ManagerServlet.doGet(ManagerServlet.java:354)
	at javax.servlet.http.HttpServlet.service(HttpServlet.java:634)
	at javax.servlet.http.HttpServlet.service(HttpServlet.java:741)
	at org.apache.catalina.core.ApplicationFilterChain.internalDoFilter(ApplicationFilterChain.java:231)
	at org.apache.catalina.core.ApplicationFilterChain.doFilter(ApplicationFilterChain.java:166)
	at org.apache.tomcat.websocket.server.WsFilter.doFilter(WsFilter.java:53)
	at org.apache.catalina.core.ApplicationFilterChain.internalDoFilter(ApplicationFilterChain.java:193)
	at org.apache.catalina.core.ApplicationFilterChain.doFilter(ApplicationFilterChain.java:166)
	at org.apache.catalina.core.StandardWrapperValve.invoke(StandardWrapperValve.java:199)
	at org.apache.catalina.core.StandardContextValve.invoke(StandardContextValve.java:96)
	at org.apache.catalina.authenticator.AuthenticatorBase.invoke(AuthenticatorBase.java:611)
	at org.apache.catalina.core.StandardHostValve.invoke(StandardHostValve.java:137)
	at org.apache.catalina.valves.ErrorReportValve.invoke(ErrorReportValve.java:81)
	at org.apache.catalina.valves.AbstractAccessLogValve.invoke(AbstractAccessLogValve.java:651)
	at org.apache.catalina.core.StandardEngineValve.invoke(StandardEngineValve.java:87)
	at org.apache.catalina.connector.CoyoteAdapter.service(CoyoteAdapter.java:342)
	at org.apache.coyote.http11.Http11Processor.service(Http11Processor.java:409)
	at org.apache.coyote.AbstractProcessorLight.process(AbstractProcessorLight.java:66)
	at org.apache.coyote.AbstractProtocol$ConnectionHandler.process(AbstractProtocol.java:754)
	at org.apache.tomcat.util.net.NioEndpoint$SocketProcessor.doRun(NioEndpoint.java:1376)
	at org.apache.tomcat.util.net.SocketProcessorBase.run(SocketProcessorBase.java:49)
	at java.util.concurrent.ThreadPoolExecutor.runWorker(ThreadPoolExecutor.java:1149)
	at java.util.concurrent.ThreadPoolExecutor$Worker.run(ThreadPoolExecutor.java:624)
	at org.apache.tomcat.util.threads.TaskThread$WrappingRunnable.run(TaskThread.java:61)
	at java.lang.Thread.run(Thread.java:748)

14-Mar-2018 15:20:16.310 INFO [http-nio-80-exec-2] org.apache.catalina.core.ApplicationContext.log Manager: init: Associated with Deployer 'Catalina:type=Deployer,host=localhost'
14-Mar-2018 15:20:16.310 INFO [http-nio-80-exec-2] org.apache.catalina.core.ApplicationContext.log Manager: init: Global resources are available
14-Mar-2018 15:20:16.482 INFO [http-nio-80-exec-9] org.apache.catalina.core.ApplicationContext.log Manager: list: Listing contexts for virtual host 'localhost'
14-Mar-2018 15:20:16.482 INFO [http-nio-80-exec-1] org.apache.catalina.core.ApplicationContext.log Manager: list: Listing contexts for virtual host 'localhost'
14-Mar-2018 15:20:16.497 INFO [http-nio-80-exec-2] org.apache.catalina.core.ApplicationContext.log Manager: restart: Reloading web application '/'
14-Mar-2018 15:22:03.905 INFO [http-nio-80-exec-4] org.apache.catalina.core.ApplicationContext.log Manager: list: Listing contexts for virtual host 'localhost'
14-Mar-2018 15:22:03.920 INFO [http-nio-80-exec-11] org.apache.catalina.core.ApplicationContext.log Manager: list: Listing contexts for virtual host 'localhost'
14-Mar-2018 15:22:03.920 INFO [http-nio-80-exec-5] org.apache.catalina.core.ApplicationContext.log Manager: undeploy: Undeploying web application at '/'
14-Mar-2018 15:22:04.741 INFO [http-nio-80-exec-16] org.apache.catalina.core.ApplicationContext.log Manager: install: Installing context configuration at 'file:/C:/Users/jp972/AppData/Local/Temp/context311796646572900211.xml'
14-Mar-2018 15:22:04.913 INFO [http-nio-80-exec-14] org.apache.catalina.core.ApplicationContext.log Manager: start: Starting web application '/'
14-Mar-2018 15:24:42.450 INFO [http-nio-80-exec-11] org.apache.catalina.core.ApplicationContext.log Manager: list: Listing contexts for virtual host 'localhost'
14-Mar-2018 15:24:42.465 INFO [http-nio-80-exec-17] org.apache.catalina.core.ApplicationContext.log Manager: restart: Reloading web application '/'
14-Mar-2018 15:25:55.325 INFO [http-nio-80-exec-14] org.apache.catalina.core.ApplicationContext.log Manager: list: Listing contexts for virtual host 'localhost'
14-Mar-2018 15:25:55.325 INFO [http-nio-80-exec-22] org.apache.catalina.core.ApplicationContext.log Manager: restart: Reloading web application '/'
14-Mar-2018 15:26:25.327 INFO [http-nio-80-exec-23] org.apache.catalina.core.ApplicationContext.log Manager: list: Listing contexts for virtual host 'localhost'
14-Mar-2018 15:26:25.342 INFO [http-nio-80-exec-9] org.apache.catalina.core.ApplicationContext.log Manager: restart: Reloading web application '/'
14-Mar-2018 15:26:31.093 INFO [http-nio-80-exec-5] org.apache.catalina.core.ApplicationContext.log Manager: list: Listing contexts for virtual host 'localhost'
14-Mar-2018 15:26:31.109 INFO [http-nio-80-exec-21] org.apache.catalina.core.ApplicationContext.log Manager: restart: Reloading web application '/'
14-Mar-2018 15:27:21.490 INFO [http-nio-80-exec-25] org.apache.catalina.core.ApplicationContext.log Manager: list: Listing contexts for virtual host 'localhost'
14-Mar-2018 15:27:21.490 INFO [http-nio-80-exec-9] org.apache.catalina.core.ApplicationContext.log Manager: restart: Reloading web application '/'
14-Mar-2018 15:30:50.878 INFO [http-nio-80-exec-14] org.apache.catalina.core.ApplicationContext.log Manager: list: Listing contexts for virtual host 'localhost'
14-Mar-2018 15:30:50.894 INFO [http-nio-80-exec-26] org.apache.catalina.core.ApplicationContext.log Manager: restart: Reloading web application '/'
14-Mar-2018 15:31:44.235 INFO [http-nio-80-exec-11] org.apache.catalina.core.ApplicationContext.log Manager: list: Listing contexts for virtual host 'localhost'
14-Mar-2018 15:31:44.235 INFO [http-nio-80-exec-30] org.apache.catalina.core.ApplicationContext.log Manager: restart: Reloading web application '/'
14-Mar-2018 15:32:24.720 INFO [http-nio-80-exec-31] org.apache.catalina.core.ApplicationContext.log Manager: list: Listing contexts for virtual host 'localhost'
14-Mar-2018 15:32:24.736 INFO [http-nio-80-exec-27] org.apache.catalina.core.ApplicationContext.log Manager: restart: Reloading web application '/'
14-Mar-2018 15:32:46.241 INFO [http-nio-80-exec-21] org.apache.catalina.core.ApplicationContext.log Manager: list: Listing contexts for virtual host 'localhost'
14-Mar-2018 15:32:46.241 INFO [http-nio-80-exec-28] org.apache.catalina.core.ApplicationContext.log Manager: restart: Reloading web application '/'
14-Mar-2018 15:34:24.707 INFO [http-nio-80-exec-21] org.apache.catalina.core.ApplicationContext.log Manager: list: Listing contexts for virtual host 'localhost'
14-Mar-2018 15:34:24.723 INFO [http-nio-80-exec-11] org.apache.catalina.core.ApplicationContext.log Manager: restart: Reloading web application '/'
14-Mar-2018 15:36:48.870 INFO [http-nio-80-exec-37] org.apache.catalina.core.ApplicationContext.log Manager: list: Listing contexts for virtual host 'localhost'
14-Mar-2018 15:36:48.870 INFO [http-nio-80-exec-33] org.apache.catalina.core.ApplicationContext.log Manager: restart: Reloading web application '/'
14-Mar-2018 15:37:50.672 INFO [http-nio-80-exec-39] org.apache.catalina.core.ApplicationContext.log Manager: list: Listing contexts for virtual host 'localhost'
14-Mar-2018 15:37:50.687 INFO [http-nio-80-exec-25] org.apache.catalina.core.ApplicationContext.log Manager: restart: Reloading web application '/'
14-Mar-2018 15:38:51.128 INFO [http-nio-80-exec-39] org.apache.catalina.core.ApplicationContext.log Manager: list: Listing contexts for virtual host 'localhost'
14-Mar-2018 15:38:51.128 INFO [http-nio-80-exec-37] org.apache.catalina.core.ApplicationContext.log Manager: restart: Reloading web application '/'
14-Mar-2018 15:39:31.491 INFO [http-nio-80-exec-34] org.apache.catalina.core.ApplicationContext.log Manager: list: Listing contexts for virtual host 'localhost'
14-Mar-2018 15:39:31.491 INFO [http-nio-80-exec-39] org.apache.catalina.core.ApplicationContext.log Manager: restart: Reloading web application '/'
14-Mar-2018 15:40:23.394 INFO [http-nio-80-exec-42] org.apache.catalina.core.ApplicationContext.log Manager: list: Listing contexts for virtual host 'localhost'
14-Mar-2018 15:40:23.409 INFO [http-nio-80-exec-37] org.apache.catalina.core.ApplicationContext.log Manager: restart: Reloading web application '/'
14-Mar-2018 15:40:41.184 INFO [http-nio-80-exec-43] org.apache.catalina.core.ApplicationContext.log Manager: list: Listing contexts for virtual host 'localhost'
14-Mar-2018 15:40:41.199 INFO [http-nio-80-exec-39] org.apache.catalina.core.ApplicationContext.log Manager: restart: Reloading web application '/'
14-Mar-2018 15:43:43.031 INFO [http-nio-80-exec-44] org.apache.catalina.core.ApplicationContext.log Manager: list: Listing contexts for virtual host 'localhost'
14-Mar-2018 15:43:43.047 INFO [http-nio-80-exec-45] org.apache.catalina.core.ApplicationContext.log Manager: restart: Reloading web application '/'
14-Mar-2018 15:51:55.065 INFO [http-nio-80-exec-48] org.apache.catalina.core.ApplicationContext.log Manager: list: Listing contexts for virtual host 'localhost'
14-Mar-2018 15:52:02.177 INFO [http-nio-80-exec-53] org.apache.catalina.core.ApplicationContext.log Manager: list: Listing contexts for virtual host 'localhost'
14-Mar-2018 15:52:11.646 INFO [http-nio-80-exec-49] org.apache.catalina.core.ApplicationContext.log Manager: list: Listing contexts for virtual host 'localhost'
14-Mar-2018 15:52:35.642 INFO [http-nio-80-exec-57] org.apache.catalina.core.ApplicationContext.log Manager: list: Listing contexts for virtual host 'localhost'
14-Mar-2018 16:01:10.636 INFO [http-nio-80-exec-4] org.apache.catalina.core.ApplicationContext.log Manager: init: Associated with Deployer 'Catalina:type=Deployer,host=localhost'
14-Mar-2018 16:01:10.636 INFO [http-nio-80-exec-4] org.apache.catalina.core.ApplicationContext.log Manager: init: Global resources are available
14-Mar-2018 16:01:10.932 INFO [http-nio-80-exec-6] org.apache.catalina.core.ApplicationContext.log Manager: list: Listing contexts for virtual host 'localhost'
14-Mar-2018 16:01:10.948 INFO [http-nio-80-exec-7] org.apache.catalina.core.ApplicationContext.log Manager: list: Listing contexts for virtual host 'localhost'
14-Mar-2018 16:01:10.979 INFO [http-nio-80-exec-9] org.apache.catalina.core.ApplicationContext.log Manager: restart: Reloading web application '/'
14-Mar-2018 16:02:57.075 INFO [http-nio-80-exec-15] org.apache.catalina.core.ApplicationContext.log Manager: list: Listing contexts for virtual host 'localhost'
14-Mar-2018 16:03:02.379 INFO [http-nio-80-exec-17] org.apache.catalina.core.ApplicationContext.log Manager: list: Listing contexts for virtual host 'localhost'
14-Mar-2018 16:05:19.805 INFO [http-nio-80-exec-15] org.apache.catalina.core.ApplicationContext.log Manager: list: Listing contexts for virtual host 'localhost'
14-Mar-2018 16:09:58.397 INFO [http-nio-80-exec-18] org.apache.catalina.core.ApplicationContext.log Manager: list: Listing contexts for virtual host 'localhost'
14-Mar-2018 16:09:58.397 INFO [http-nio-80-exec-19] org.apache.catalina.core.ApplicationContext.log Manager: restart: Reloading web application '/'
14-Mar-2018 16:10:10.765 INFO [http-nio-80-exec-13] org.apache.catalina.core.ApplicationContext.log Manager: list: Listing contexts for virtual host 'localhost'
14-Mar-2018 16:10:10.765 INFO [http-nio-80-exec-16] org.apache.catalina.core.ApplicationContext.log Manager: restart: Reloading web application '/'
14-Mar-2018 16:10:17.487 INFO [http-nio-80-exec-12] org.apache.catalina.core.ApplicationContext.log Manager: list: Listing contexts for virtual host 'localhost'
14-Mar-2018 16:10:17.487 INFO [http-nio-80-exec-14] org.apache.catalina.core.ApplicationContext.log Manager: restart: Reloading web application '/'
14-Mar-2018 16:10:27.461 INFO [http-nio-80-exec-24] org.apache.catalina.core.ApplicationContext.log Manager: list: Listing contexts for virtual host 'localhost'
14-Mar-2018 16:10:27.461 INFO [http-nio-80-exec-22] org.apache.catalina.core.ApplicationContext.log Manager: restart: Reloading web application '/'
14-Mar-2018 16:10:43.588 INFO [http-nio-80-exec-11] org.apache.catalina.core.ApplicationContext.log Manager: list: Listing contexts for virtual host 'localhost'
14-Mar-2018 16:10:43.588 INFO [http-nio-80-exec-21] org.apache.catalina.core.ApplicationContext.log Manager: restart: Reloading web application '/'
14-Mar-2018 16:10:48.988 INFO [http-nio-80-exec-11] org.apache.catalina.core.ApplicationContext.log Manager: list: Listing contexts for virtual host 'localhost'
14-Mar-2018 16:10:48.988 INFO [http-nio-80-exec-24] org.apache.catalina.core.ApplicationContext.log Manager: restart: Reloading web application '/'
14-Mar-2018 16:10:56.791 INFO [http-nio-80-exec-11] org.apache.catalina.core.ApplicationContext.log Manager: list: Listing contexts for virtual host 'localhost'
14-Mar-2018 16:10:56.791 INFO [http-nio-80-exec-21] org.apache.catalina.core.ApplicationContext.log Manager: restart: Reloading web application '/'
14-Mar-2018 17:11:39.535 INFO [http-nio-80-exec-2] org.apache.catalina.core.ApplicationContext.log Manager: init: Associated with Deployer 'Catalina:type=Deployer,host=localhost'
14-Mar-2018 17:11:39.535 INFO [http-nio-80-exec-2] org.apache.catalina.core.ApplicationContext.log Manager: init: Global resources are available
14-Mar-2018 17:11:39.722 INFO [http-nio-80-exec-10] org.apache.catalina.core.ApplicationContext.log Manager: list: Listing contexts for virtual host 'localhost'
14-Mar-2018 17:11:39.722 INFO [http-nio-80-exec-1] org.apache.catalina.core.ApplicationContext.log Manager: list: Listing contexts for virtual host 'localhost'
14-Mar-2018 17:11:39.753 INFO [http-nio-80-exec-2] org.apache.catalina.core.ApplicationContext.log Manager: restart: Reloading web application '/'
14-Mar-2018 17:31:02.455 INFO [http-nio-80-exec-20] org.apache.catalina.core.ApplicationContext.log Manager: list: Listing contexts for virtual host 'localhost'
14-Mar-2018 17:31:02.471 INFO [http-nio-80-exec-13] org.apache.catalina.core.ApplicationContext.log Manager: restart: Reloading web application '/'
14-Mar-2018 17:33:10.059 INFO [http-nio-80-exec-21] org.apache.catalina.core.ApplicationContext.log Manager: list: Listing contexts for virtual host 'localhost'
14-Mar-2018 17:33:10.059 INFO [http-nio-80-exec-22] org.apache.catalina.core.ApplicationContext.log Manager: restart: Reloading web application '/'
14-Mar-2018 17:37:32.278 INFO [http-nio-80-exec-27] org.apache.catalina.core.ApplicationContext.log Manager: list: Listing contexts for virtual host 'localhost'
14-Mar-2018 17:37:32.278 INFO [http-nio-80-exec-29] org.apache.catalina.core.ApplicationContext.log Manager: restart: Reloading web application '/'
14-Mar-2018 18:34:19.149 INFO [http-nio-80-exec-6] org.apache.catalina.core.ApplicationContext.log Manager: init: Associated with Deployer 'Catalina:type=Deployer,host=localhost'
14-Mar-2018 18:34:19.149 INFO [http-nio-80-exec-6] org.apache.catalina.core.ApplicationContext.log Manager: init: Global resources are available
14-Mar-2018 18:34:19.782 INFO [http-nio-80-exec-7] org.apache.catalina.core.ApplicationContext.log Manager: list: Listing contexts for virtual host 'localhost'
14-Mar-2018 18:34:19.786 INFO [http-nio-80-exec-8] org.apache.catalina.core.ApplicationContext.log Manager: list: Listing contexts for virtual host 'localhost'
14-Mar-2018 18:34:19.820 INFO [http-nio-80-exec-10] org.apache.catalina.core.ApplicationContext.log Manager: restart: Reloading web application '/'
