16-Feb-2018 22:23:58.251 SEVERE [main] org.apache.catalina.startup.Catalina.initDirs Cannot find specified temporary folder at [C:\Users\Devon\Documents\NetBeansProjects\Filehost\FSManager\conf\temp]
16-Feb-2018 22:23:58.804 INFO [main] org.apache.catalina.startup.VersionLoggerListener.log Server version:        Apache Tomcat/9.0.2
16-Feb-2018 22:23:58.804 INFO [main] org.apache.catalina.startup.VersionLoggerListener.log Server built:          Nov 25 2017 21:08:02 UTC
16-Feb-2018 22:23:58.804 INFO [main] org.apache.catalina.startup.VersionLoggerListener.log Server number:         9.0.2.0
16-Feb-2018 22:23:58.804 INFO [main] org.apache.catalina.startup.VersionLoggerListener.log OS Name:               Windows 10
16-Feb-2018 22:23:58.804 INFO [main] org.apache.catalina.startup.VersionLoggerListener.log OS Version:            10.0
16-Feb-2018 22:23:58.805 INFO [main] org.apache.catalina.startup.VersionLoggerListener.log Architecture:          amd64
16-Feb-2018 22:23:58.805 INFO [main] org.apache.catalina.startup.VersionLoggerListener.log Java Home:             C:\Program Files\Java\jdk1.8.0_144\jre
16-Feb-2018 22:23:58.805 INFO [main] org.apache.catalina.startup.VersionLoggerListener.log JVM Version:           1.8.0_144-b01
16-Feb-2018 22:23:58.805 INFO [main] org.apache.catalina.startup.VersionLoggerListener.log JVM Vendor:            Oracle Corporation
16-Feb-2018 22:23:58.805 INFO [main] org.apache.catalina.startup.VersionLoggerListener.log CATALINA_BASE:         C:\Users\Devon\Documents\NetBeansProjects\Filehost\FSManager\conf
16-Feb-2018 22:23:58.805 INFO [main] org.apache.catalina.startup.VersionLoggerListener.log CATALINA_HOME:         C:\Program Files\Apache Software Foundation\Tomcat 9.0
16-Feb-2018 22:23:58.806 INFO [main] org.apache.catalina.startup.VersionLoggerListener.log Command line argument: -Djava.util.logging.config.file=C:\Users\Devon\Documents\NetBeansProjects\Filehost\FSManager\conf\conf\logging.properties
16-Feb-2018 22:23:58.806 INFO [main] org.apache.catalina.startup.VersionLoggerListener.log Command line argument: -Djava.util.logging.manager=org.apache.juli.ClassLoaderLogManager
16-Feb-2018 22:23:58.806 INFO [main] org.apache.catalina.startup.VersionLoggerListener.log Command line argument: -Dhttp.nonProxyHosts=localhost|127.0.0.1|Devon-Laptop
16-Feb-2018 22:23:58.806 INFO [main] org.apache.catalina.startup.VersionLoggerListener.log Command line argument: -Djdk.tls.ephemeralDHKeySize=2048
16-Feb-2018 22:23:58.806 INFO [main] org.apache.catalina.startup.VersionLoggerListener.log Command line argument: -Djava.protocol.handler.pkgs=org.apache.catalina.webresources
16-Feb-2018 22:23:58.806 INFO [main] org.apache.catalina.startup.VersionLoggerListener.log Command line argument: -Dignore.endorsed.dirs=
16-Feb-2018 22:23:58.808 INFO [main] org.apache.catalina.startup.VersionLoggerListener.log Command line argument: -Dcatalina.base=C:\Users\Devon\Documents\NetBeansProjects\Filehost\FSManager\conf
16-Feb-2018 22:23:58.809 INFO [main] org.apache.catalina.startup.VersionLoggerListener.log Command line argument: -Dcatalina.home=C:\Program Files\Apache Software Foundation\Tomcat 9.0
16-Feb-2018 22:23:58.809 INFO [main] org.apache.catalina.startup.VersionLoggerListener.log Command line argument: -Djava.io.tmpdir=C:\Users\Devon\Documents\NetBeansProjects\Filehost\FSManager\conf\temp
16-Feb-2018 22:23:58.809 INFO [main] org.apache.catalina.core.AprLifecycleListener.lifecycleEvent The APR based Apache Tomcat Native library which allows optimal performance in production environments was not found on the java.library.path: [C:\Program Files\Java\jdk1.8.0_144\bin;C:\WINDOWS\Sun\Java\bin;C:\WINDOWS\system32;C:\WINDOWS;C:\ProgramData\Oracle\Java\javapath;C:\Program Files (x86)\Intel\iCLS Client\;C:\Program Files\Intel\iCLS Client\;C:\WINDOWS\system32;C:\WINDOWS;C:\WINDOWS\System32\Wbem;C:\WINDOWS\System32\WindowsPowerShell\v1.0\;C:\Program Files\Intel\Intel(R) Management Engine Components\DAL;C:\Program Files (x86)\Intel\Intel(R) Management Engine Components\DAL;C:\Program Files\Intel\Intel(R) Management Engine Components\IPT;C:\Program Files (x86)\Intel\Intel(R) Management Engine Components\IPT;C:\Program Files (x86)\pgmodeler;C:\Program Files\Java\jdk1.8.0_144\bin;C:\Program Files (x86)\NVIDIA Corporation\PhysX\Common;C:\WINDOWS\system32;C:\WINDOWS;C:\WINDOWS\System32\Wbem;C:\WINDOWS\System32\WindowsPowerShell\v1.0\;C:\Users\Devon\.dnx\bin;C:\Program Files\Microsoft DNX\Dnvm\;C:\Program Files (x86)\Windows Kits\8.1\Windows Performance Toolkit\;C:\Program Files\Microsoft SQL Server\120\Tools\Binn\;C:\Program Files\Microsoft SQL Server\130\Tools\Binn\;C:\Program Files\MySQL\MySQL Utilities 1.6\;C:\Program Files\Git\cmd;C:\Program Files (x86)\Skype\Phone\;C:\CooCox\CoIDE_V2Beta\gcc\bin;C:\CooCox\CoIDE_V2Beta\bin;C:\Users\Devon\AppData\Local\Microsoft\WindowsApps;C:\Users\Devon\AppData\Local\GitHubDesktop\bin;.]
16-Feb-2018 22:23:59.102 INFO [main] org.apache.coyote.AbstractProtocol.init Initializing ProtocolHandler ["http-nio-8080"]
16-Feb-2018 22:23:59.331 INFO [main] org.apache.tomcat.util.net.NioSelectorPool.getSharedSelector Using a shared selector for servlet write/read
16-Feb-2018 22:23:59.345 INFO [main] org.apache.coyote.AbstractProtocol.init Initializing ProtocolHandler ["ajp-nio-8009"]
16-Feb-2018 22:23:59.350 INFO [main] org.apache.tomcat.util.net.NioSelectorPool.getSharedSelector Using a shared selector for servlet write/read
16-Feb-2018 22:23:59.350 INFO [main] org.apache.catalina.startup.Catalina.load Initialization processed in 1102 ms
16-Feb-2018 22:23:59.406 INFO [main] org.apache.catalina.core.StandardService.startInternal Starting service [Catalina]
16-Feb-2018 22:23:59.407 INFO [main] org.apache.catalina.core.StandardEngine.startInternal Starting Servlet Engine: Apache Tomcat/9.0.2
16-Feb-2018 22:23:59.425 INFO [main] org.apache.catalina.startup.HostConfig.deployDescriptor Deploying configuration descriptor [C:\Users\Devon\Documents\NetBeansProjects\Filehost\FSManager\conf\conf\Catalina\localhost\FSManager.xml]
16-Feb-2018 22:23:59.949 INFO [main] org.apache.catalina.startup.HostConfig.deployDescriptor Deployment of configuration descriptor [C:\Users\Devon\Documents\NetBeansProjects\Filehost\FSManager\conf\conf\Catalina\localhost\FSManager.xml] has finished in [524] ms
16-Feb-2018 22:23:59.951 INFO [main] org.apache.catalina.startup.HostConfig.deployDescriptor Deploying configuration descriptor [C:\Users\Devon\Documents\NetBeansProjects\Filehost\FSManager\conf\conf\Catalina\localhost\manager.xml]
16-Feb-2018 22:24:00.045 INFO [main] org.apache.catalina.startup.HostConfig.deployDescriptor Deployment of configuration descriptor [C:\Users\Devon\Documents\NetBeansProjects\Filehost\FSManager\conf\conf\Catalina\localhost\manager.xml] has finished in [94] ms
16-Feb-2018 22:24:00.045 INFO [main] org.apache.catalina.startup.HostConfig.deployDescriptor Deploying configuration descriptor [C:\Users\Devon\Documents\NetBeansProjects\Filehost\FSManager\conf\conf\Catalina\localhost\ROOT.xml]
16-Feb-2018 22:24:00.394 INFO [main] org.apache.jasper.servlet.TldScanner.scanJars At least one JAR was scanned for TLDs yet contained no TLDs. Enable debug logging for this logger for a complete list of JARs that were scanned but no TLDs were found in them. Skipping unneeded JARs during scanning can improve startup time and JSP compilation time.
16-Feb-2018 22:24:00.412 INFO [main] org.apache.catalina.startup.HostConfig.deployDescriptor Deployment of configuration descriptor [C:\Users\Devon\Documents\NetBeansProjects\Filehost\FSManager\conf\conf\Catalina\localhost\ROOT.xml] has finished in [367] ms
16-Feb-2018 22:24:00.415 INFO [main] org.apache.coyote.AbstractProtocol.start Starting ProtocolHandler ["http-nio-8080"]
16-Feb-2018 22:24:00.427 INFO [main] org.apache.coyote.AbstractProtocol.start Starting ProtocolHandler ["ajp-nio-8009"]
16-Feb-2018 22:24:00.432 INFO [main] org.apache.catalina.startup.Catalina.start Server startup in 1082 ms
16-Feb-2018 22:24:06.474 INFO [http-nio-8080-exec-7] org.apache.catalina.startup.HostConfig.undeploy Undeploying context []
16-Feb-2018 22:24:06.523 INFO [http-nio-8080-exec-1] org.apache.catalina.startup.HostConfig.deployDescriptor Deploying configuration descriptor [C:\Users\Devon\Documents\NetBeansProjects\Filehost\FSManager\conf\conf\Catalina\localhost\ROOT.xml]
16-Feb-2018 22:24:06.524 WARNING [http-nio-8080-exec-1] org.apache.catalina.core.StandardContext.setPath A context path must either be an empty string or start with a '/' and do not end with a '/'. The path [/] does not meet these criteria and has been changed to []
16-Feb-2018 22:24:06.757 INFO [http-nio-8080-exec-1] org.apache.jasper.servlet.TldScanner.scanJars At least one JAR was scanned for TLDs yet contained no TLDs. Enable debug logging for this logger for a complete list of JARs that were scanned but no TLDs were found in them. Skipping unneeded JARs during scanning can improve startup time and JSP compilation time.
16-Feb-2018 22:24:06.759 INFO [http-nio-8080-exec-1] org.apache.catalina.startup.HostConfig.deployDescriptor Deployment of configuration descriptor [C:\Users\Devon\Documents\NetBeansProjects\Filehost\FSManager\conf\conf\Catalina\localhost\ROOT.xml] has finished in [236] ms
16-Feb-2018 22:24:06.764 INFO [http-nio-8080-exec-6] org.apache.catalina.util.LifecycleBase.start The start() method was called on component [StandardEngine[Catalina].StandardHost[localhost].StandardContext[]] after start() had already been called. The second call will be ignored.
16-Feb-2018 22:25:36.435 INFO [http-nio-8080-exec-11] org.apache.catalina.core.StandardContext.reload Reloading Context with name [] has started
16-Feb-2018 22:25:36.876 INFO [http-nio-8080-exec-11] org.apache.jasper.servlet.TldScanner.scanJars At least one JAR was scanned for TLDs yet contained no TLDs. Enable debug logging for this logger for a complete list of JARs that were scanned but no TLDs were found in them. Skipping unneeded JARs during scanning can improve startup time and JSP compilation time.
16-Feb-2018 22:25:36.907 INFO [http-nio-8080-exec-11] org.apache.catalina.core.StandardContext.reload Reloading Context with name [] is completed
16-Feb-2018 22:25:37.058 INFO [http-nio-8080-exec-15] org.apache.catalina.core.StandardContext.reload Reloading Context with name [/FSManager] has started
16-Feb-2018 22:25:37.178 INFO [http-nio-8080-exec-15] org.apache.catalina.core.StandardContext.reload Reloading Context with name [/FSManager] is completed
16-Feb-2018 22:25:37.283 INFO [http-nio-8080-exec-11] org.apache.catalina.core.StandardContext.reload Reloading Context with name [] has started
16-Feb-2018 22:25:37.872 INFO [http-nio-8080-exec-11] org.apache.catalina.core.StandardContext.reload Reloading Context with name [] is completed
16-Feb-2018 22:41:57.133 INFO [http-nio-8080-exec-20] org.apache.catalina.core.StandardContext.reload Reloading Context with name [] has started
16-Feb-2018 22:41:57.424 INFO [http-nio-8080-exec-20] org.apache.catalina.core.StandardContext.reload Reloading Context with name [] is completed
16-Feb-2018 22:48:12.904 INFO [http-nio-8080-exec-31] org.apache.catalina.core.StandardContext.reload Reloading Context with name [] has started
16-Feb-2018 22:48:13.098 INFO [http-nio-8080-exec-31] org.apache.catalina.core.StandardContext.reload Reloading Context with name [] is completed
